23856
23855
23855
23854
23854
23853
23852
23851
23850
23850
23850
23849
23848
23848
23847
23846
23845
23845
23845
23844
23843
23843
23842
23842
23841
23840
23839
23839
23838
23837
23837
23836
23835
23834
23833
23833
23832
23832
23832
23831
23830
23829
23828
23827
23826
23825
23824
23823
23823
23822
23821
23820
23819
23819
23818
23818
23817
23817
23816
23815
23814
23813
23812
23811
23810
23809
23809
23808
23807
23806
23805
23805
23804
23804
23803
23803
23802
23801
23801
23800
23799
23798
23797
23797
23796
23796
23795
23794
23794
23793
23793
23793
23792
23791
23791
23791
23790
23789
23788
23788
23787
23787
23786
23785
23784
23783
23783
23782
23782
23781
23780
23780
23780
23780
23780
23779
23779
23778
23778
23777
23777
23777
23776
23775
23774
23773
23772
23772
23772
23772
23772
23771
23770
23770
23769
23769
23769
23768
23767
23767
23766
23765
23764
23764
23764
23763
23762
23761
23760
23760
23759
23758
23757
23757
23757
23756
23755
23754
23753
23752
23752
23751
23750
23749
23748
23747
23746
23745
23745
23745
23745
23744
23743
23742
23741
23740
23740
23739
23738
23737
23736
23736
23735
23734
23733
23732
23731
23730
23729
23728
23727
23726
23726
23725
23724
23724
23723
23722
23721
23720
23719
23718
23717
23716
23716
23715
23715
23714
23713
23712
23711
23710
23709
23709
23708
23707
23707
23706
23705
23704
23703
23702
23701
23700
23700
23699
23698
23697
23696
23695
23694
23693
23692
23692
23691
23690
23689
23689
23688
23687
23687
23686
23685
23684
23684
23683
23682
23682
23681
23681
23680
23679
23678
23677
23676
23675
23674
23673
23672
23671
23670
23669
23668
23667
23666
23666
23665
23664
23663
23663
23663
23662
23661
23661
23661
23661
23660
23659
23659
23658
23657
23656
23656
23655
23654
23653
23652
23652
23651
23651
23651
23650
23649
23649
23648
23647
23646
23645
23645
23645
23644
23644
23643
23643
23642
23641
23641
23640
23640
23639
23638
23637
23636
23636
23635
23635
23634
23633
23632
23631
23630
23630
23629
23629
23628
23627
23626
23625
23624
23624
23624
23623
23622
23622
23621
23621
23621
23620
23620
23619
23618
23618
23617
23617
23616
23616
23615
23615
23615
23614
23613
23612
23612
23611
23610
23609
23608
23608
23608
23607
23606
23605
23604
23603
23603
23602
23601
23600
23600
23599
23598
23597
23596
23595
23594
23594
23593
23593
23592
23591
23590
23590
23590
23589
23588
23587
23586
23586
23585
23584
23584
23583
23582
23581
23580
23580
23579
23578
23577
23577
23577
23577
23576
23575
23575
23574
23573
23572
23571
23570
23569
23568
23567
23566
23565
23565
23564
23564
23564
23563
23562
23561
23560
23559
23559
23558
23558
23557
23556
23555
23554
23553
23552
23551
23551
23550
23550
23549
23548
23548
23548
23547
23546
23546
23546
23546
23545
23545
23545
23544
23543
23542
23541
23540
23539
23538
23538
23537
23536
23535
23534
23533
23532
23532
23531
23530
23530
23529
23528
23528
23527
23526
23525
23524
23524
23523
23523
23523
23523
23523
23522
23521
23520
23519
23518
23518
23517
23517
23516
23516
23515
23514
23513
23513
23513
23512
23511
23510
23509
23509
23508
23507
23507
23506
23505
23505
23505
23504
23503
23502
23502
23501
23500
23499
23498
23498
23498
23497
23497
23496
23495
23494
23493
23492
23492
23491
23490
23489
23489
23488
23487
23486
23485
23485
23484
23483
23483
23482
23482
23481
23480
23481
23480
23479
23478
23477
23476
23475
23474
23473
23472
23472
23471
23470
23469
23469
23468
23467
23466
23465
23464
23463
23462
23462
23462
23462
23462
23461
23460
23459
23458
23457
23456
23455
23454
23453
23453
23453
23452
23451
23450
23450
23449
23448
23447
23447
23447
23447
23447
23446
23445
23444
23443
23442
23441
23441
23440
23439
23438
23437
23436
23435
23434
23434
23434
23433
23433
23432
23432
23431
23430
23429
23428
23428
23427
23426
23425
23424
23423
23423
23422
23421
23420
23419
23418
23417
23416
23415
23414
23413
23413
23412
23411
23411
23410
23410
23410
23409
23409
23408
23408
23407
23406
23405
23404
23403
23402
23401
23401
23401
23401
23400
23399
23399
23398
23398
23398
23397
23396
23395
23395
23395
23395
23394
23393
23393
23392
23391
23390
23389
23388
23387
23386
23385
23384
23383
23382
23382
23381
23380
23379
23378
23377
23376
23375
23374
23373
23373
23372
23372
23371
23370
23369
23369
23369
23368
23367
23367
23366
23365
23364
23363
23362
23362
23361
23360
23360
23360
23359
23358
23357
23356
23355
23355
23355
23354
23353
23352
23351
23351
23350
23350
23349
23348
23347
23346
23345
23344
23343
23342
23342
23341
23340
23339
23338
23338
23337
23337
23336
23335
23334
23333
23333
23332
23331
23331
23330
23329
23328
23327
23326
23326
23325
23325
23324
23323
23323
23323
23323
23323
23323
23323
23323
23323
23322
23322
23321
23320
23320
23319
23318
23317
23317
23316
23315
23315
23314
23314
23313
23313
23313
23312
23312
23311
23310
23309
23308
23307
23307
23306
23306
23305
23304
23304
23303
23302
23302
23302
23301
23300
23299
23298
23297
23296
23295
23295
23294
23294
23293
23293
23292
23292
23292
23292
23292
23292
23292
23291
23290
23290
23289
23288
23288
23287
23286
23285
23285
23284
23283
23282
23281
23280
23279
23279
23278
23277
23276
23275
23275
23274
23274
23274
23273
23272
23272
23272
23271
23270
23269
23268
23267
23267
23266
23266
23265
23265
23264
23263
23262
23261
23260
23259
23258
23257
23256
23256
23256
23255
23254
23254
23253
23252
23251
23250
23249
23248
23247
23246
23245
23244
23243
23242
23242
23241
23240
23239
23238
23237
23236
23235
23234
23234
23234
23233
23232
23231
23230
23229
23229
23228
23228
23227
23226
23226
23225
23225
23225
23224
23224
23223
23222
23221
23220
23219
23218
23217
23217
23216
23215
23214
23213
23212
23211
23210
23209
23208
23207
23206
23205
23204
23203
23202
23202
23201
23200
23200
23200
23199
23198
23197
23196
23195
23194
23193
23192
23191
23190
23189
23189
23188
23187
23186
23185
23184
23184
23183
23183
23183
23183
23183
23182
23181
23180
23180
23179
23178
23177
