35754
35754
35753
35752
35751
35750
35750
35750
35749
35749
35748
35748
35747
35747
35746
35745
35744
35743
35742
35742
35742
35741
35740
35739
35738
35737
35736
35735
35735
35734
35734
35733
35732
35732
35732
35732
35731
35730
35729
35729
35728
35727
35726
35726
35725
35724
35723
35722
35721
35721
35721
35721
35721
35720
35719
35720
35720
35719
35718
35717
35716
35715
35714
35713
35712
35711
35711
35711
35711
35710
35710
35709
35709
35709
35709
35708
35707
35706
35705
35704
35704
35703
35703
35702
35701
35701
35700
35699
35699
35699
35698
35697
35696
35696
35695
35694
35693
35692
35691
35690
35689
35688
35687
35687
35687
35687
35686
35685
35684
35683
35682
35681
35681
35680
35680
35679
35678
35677
35677
35676
35676
35675
35674
35673
35673
35673
35673
35673
35673
35673
35672
35671
35670
35669
35668
35667
35667
35667
35666
35665
35664
35663
35663
35662
35662
35661
35660
35660
35659
35659
35659
35659
35658
35657
35657
35657
35657
35656
35655
35654
35653
35652
35652
35652
35652
35651
35651
35651
35650
35649
35649
35649
35648
35647
35646
35645
35644
35644
35643
35642
35642
35641
35641
35640
35639
35639
35638
35637
35636
35636
35635
35635
35634
35633
35632
35632
35631
35631
35630
35629
35629
35629
35628
35627
35626
35625
35625
35625
35624
35624
35623
35622
35621
35620
35619
35619
35619
35618
35617
35616
35616
35615
35614
35614
35613
35612
35612
35612
35612
35611
35611
35611
35610
35609
35608
35607
35606
35606
35606
35605
35605
35605
35605
35604
35604
35603
35603
35602
35601
35600
35599
35598
35597
35596
35595
35594
35593
35593
35593
35592
35591
35591
35590
35590
35589
35589
35588
35588
35588
35588
35587
35586
35585
35584
35584
35584
35583
35582
35581
35580
35579
35578
35577
35577
35577
35577
35576
35576
35576
35576
35576
35576
35576
35576
35576
35575
35574
35573
35572
35571
35570
35570
35569
35568
35568
35567
35566
35565
35564
35563
35563
35562
35561
35560
35559
35558
35557
35557
35557
35557
35556
35555
35554
35553
35553
35552
35551
35550
35549
35549
35548
35547
35547
35546
35545
35544
35543
35542
35541
35541
35540
35539
35539
35539
35538
35537
35537
35537
35537
35537
35536
35535
35535
35534
35533
35532
35531
35530
35529
35528
35527
35527
35527
35526
35525
35525
35524
35523
35522
35522
35522
35521
35521
35520
35519
35518
35517
35517
35517
35517
35516
35516
35515
35514
35513
35512
35511
35511
35511
35510
35510
35509
35508
35507
35506
35505
35504
35503
35502
35501
35500
35499
35498
35497
35497
35497
35496
35496
35495
35494
35493
35492
35492
35491
35490
35489
35489
35489
35489
35488
35487
35486
35486
35485
35484
35483
35483
35482
35481
35480
35479
35478
35478
35477
35476
35475
35475
35475
35474
35474
35474
35474
35473
35472
35472
35471
35470
35469
35468
35467
35466
35465
35464
35463
35462
35461
35460
35459
35458
35457
35456
35455
35454
35454
35454
35454
35453
35453
35452
35451
35450
35450
35450
35450
35449
35448
35447
35446
35445
35444
35443
35443
35442
35441
35441
35440
35439
35439
35438
35437
35436
35436
35435
35434
35433
35432
35431
35430
35430
35429
35428
35427
35426
35426
35425
35424
35423
35423
35423
35423
35422
35422
35421
35420
35420
35419
35418
35417
35416
35415
35414
35414
35413
35412
35411
35410
35409
35409
35408
35407
35406
35405
35405
35404
35403
35402
35402
35402
35401
35400
35400
35399
35398
35397
35397
35397
35397
35396
35395
35394
35393
35392
35391
35390
35389
35388
35387
35386
35386
35386
35385
35384
35383
35383
35383
35383
35383
35382
35381
35380
35379
35378
35377
35377
35376
35376
35376
35375
35374
35373
35372
35371
35371
35370
35369
35369
35368
35367
35366
35365
35365
35364
35363
35362
35361
35361
35360
35359
35358
35358
35357
35357
35356
35356
35355
35354
35353
35353
35352
35351
35350
35349
35349
35348
35347
35346
35345
35345
35344
35343
35342
35341
35340
35339
35338
35337
35337
35337
35336
35335
35334
35333
35332
35332
35331
35330
35329
35328
35327
35326
35326
35326
35325
35325
35324
35323
35322
35322
35321
35320
35319
35318
35318
35318
35317
35316
35315
35314
35314
35313
35312
35312
35311
35311
35310
35309
35309
35308
35308
35308
35307
35306
35306
35306
35306
35305
35304
35303
35302
35301
35300
35299
35298
35298
35297
35296
35295
35295
35295
35294
35294
35293
35292
35291
35291
35291
35291
35290
35289
35289
35288
35287
35287
35287
35286
35286
35285
35284
35284
35284
35283
35282
35282
35282
35281
35280
35279
35278
35278
35277
35276
35275
35274
35274
35273
35274
35273
35273
35272
35271
35270
35269
35268
35267
35266
35265
35264
35264
35263
35262
35261
35260
35259
35258
35257
35256
35255
35254
35253
35252
35251
35250
35249
35249
35248
35247
35246
35246
35245
35244
35243
35243
35242
35242
35242
35241
35240
35240
35240
35239
35239
35238
35237
35236
35235
35234
35233
35233
35232
35231
35230
35229
35228
35227
35226
35225
35224
35223
35222
35221
35221
35220
35220
35220
35220
35220
35220
35220
35219
35218
35218
35217
35216
35215
35216
35215
35215
35215
35214
35213
35212
35211
35210
35209
35208
35207
35206
35205
35204
35203
35202
35201
35201
35200
35199
35198
35197
35196
35196
35196
35195
35194
35194
35193
35192
35191
35191
35190
35190
35189
35188
35187
35186
35185
35185
35184
35183
35183
35182
35181
35181
35181
35181
35180
35179
35179
35178
35177
35176
35175
35174
35173
35172
35171
35170
35169
35169
35168
35168
35167
35166
35165
35164
35163
35162
35162
35161
35160
35159
35158
35158
35157
35156
35155
35154
35154
35153
35152
35152
35152
35151
35151
35151
35150
35150
35149
35149
35148
35148
35147
35146
35146
35145
35144
35143
35142
35141
35140
35139
35138
35138
35137
35136
35136
35136
35135
35134
35134
35133
35132
35132
35131
35130
35130
35129
35128
35128
35127
35127
35126
35126
35125
35124
35123
35122
35122
35121
35121
35120
35119
35119
35118
35117
35116
35116
35115
35114
35113
35112
35111
35110
35110
35109
35108
35108
35107
35107
35106
35105
35105
35105
35105
35105
35104
35104
35104
35103
35102
35101
35100
35099
35098
35097
35096
35095
35095
35094
35094
35093
35093
35092
35092
35091
35090
35090
35089
35088
35088
35087
35087
35086
35085
35084
35083
35082
35081
35080
35079
35079
35078
35077
35076
35075
35075
35074
35073
35073
35073
35072
35071
35070
35069
35069
35068
35068
35068
35067
35067
35067
35067
35066
35065
35064
35063
35062
35061
35060
35059
35058
35057
35057
35057
35057
35056
35055
35054
35053
35052
35052
35051
35051
35050
35049
35048
35047
35046
35045
35044
35043
35043
35042
35041
35041
35040
35039
35039
35038
35037
35037
35036
35035
35035
35035
35035
35035
35034
35033
35033
35032
35031
35030
35029
35028
35027
35026
35025
35025
35024
35023
35023
35022
35022
35022
35021
35020
35019
35018
35018
35017
35016
35015
35014
35013
35013
35012
35011
35010
35009
35009
35008
35007
35006
35005
35004
35004
35003
35003
35002
35002
35001
35000
34999
34998
34997
34996
34996
34995
34995
34994
34993
34992
34991
34991
34991
34990
34989
34988
34987
34986
34985
34985
34984
34984
34983
34983
34982
34982
34982
34981
34981
34981
34981
34981
34980
34979
34979
34979
34978
34977
34977
34976
34976
34975
34974
34973
34972
34972
34971
34970
34969
34968
34968
34967
34967
34966
34965
34964
34963
34962
34961
34960
34960
34959
34959
34958
34957
34956
34955
34955
34955
34955
34954
34953
34953
34953
34952
34951
34950
34950
34949
34948
34947
34946
34945
34944
34943
34943
34942
34941
34941
34940
34939
34938
34937
34937
34936
34935
34935
34934
34933
34932
34931
34931
34930
34929
34929
34928
34927
34926
34925
34925
34925
34925
34924
34923
34923
34922
34921
34921
34921
34920
34919
34918
34917
34917
34916
34915
34914
34913
34912
34912
34911
34910
34910
34909
34908
34907
34907
34906
34906
34905
34904
34904
34904
34904
34903
34903
34902
34901
34900
34899
34898
34897
34896
34895
34894
34894
34893
34892
34891
34890
34889
34889
34888
34888
34887
34887
34886
34885
34884
34884
34883
34883
34883
34882
34882
34881
34880
34879
34878
34878
34877
34876
34875
34874
34873
34872
34872
34871
34870
34869
34869
34869
34869
34869
34869
34868
34868
34867
34866
34865
34865
34864
34863
34862
34862
34861
34861
34860
34859
34858
34857
34856
34855
34854
34853
34852
34852
34851
34850
34849
34849
34848
34847
34846
34845
34844
34843
34843
34843
34842
34842
34842
34841
34840
34840
34839
34838
34838
34837
34837
34837
34837
34836
34836
34835
34834
34834
34834
34833
34832
34831
34830
34829
34828
34827
34826
34826
34826
34825
34824
34824
34823
34823
34822
34821
34820
34820
34819
34819
34818
34817
34816
34816
34815
34815
34815
34815
34816
34816
34815
34814
34813
34813
34812
34812
34812
34811
34811
34810
34809
34808
34807
34806
34805
34804
34804
34803
34802
34802
34802
34802
34801
34800
34799
34799
34798
34797
34797
34796
34796
34795
34794
34793
34793
34792
34791
34790
34789
34788
34787
34786
34785
34784
34783
34782
34781
34780
