54574
54574
54573
54573
54573
54572
54572
54572
54571
54570
54569
54568
54568
54567
54566
54566
54566
54566
54565
54565
54564
54564
54564
54564
54563
54562
54561
54560
54559
54558
54557
54556
54555
54554
54553
54552
54551
54550
54549
54549
54548
54548
54547
54546
54545
54544
54543
54542
54541
54541
54541
54540
54539
54539
54538
54538
54537
54536
54535
54534
54534
54534
54533
54532
54531
54530
54530
54529
54528
54527
54526
54525
54524
54523
54522
54522
54522
54521
54520
54520
54520
54519
54519
54518
54518
54517
54517
54516
54515
54514
54513
54512
54511
54511
54510
54509
54508
54507
54507
54506
54505
54505
54504
54503
54502
54502
54501
54500
54499
54498
54497
54497
54496
54495
54495
54494
54493
54492
54492
54491
54490
54489
54489
54489
54488
54488
54488
54487
54486
54485
54484
54483
54482
54481
54481
54480
54479
54478
54478
54477
54476
54475
54474
54474
54473
54472
54472
54471
54470
54469
54468
54467
54466
54465
54464
54464
54463
54463
54462
54462
54461
54460
54459
54458
54457
54456
54455
54454
54454
54453
54452
54451
54450
54450
54449
54448
54448
54447
54446
54446
54445
54444
54443
54442
54441
54441
54440
54440
54439
54438
54437
54437
54437
54436
54436
54435
54434
54433
54432
54431
54430
54429
54428
54428
54428
54427
54427
54426
54426
54425
54424
54424
54424
54423
54422
54421
54420
54419
54418
54417
54416
54415
54415
54414
54413
54413
54412
54412
54412
54411
54410
54409
54409
54408
54407
54406
54406
54405
54404
54403
54402
54401
54400
54400
54399
54399
54398
54397
54396
54395
54394
54394
54394
54393
54392
54392
54391
54390
54390
54389
54389
54388
54387
54386
54385
54385
54384
54383
54383
54383
54382
54382
54382
54381
54380
54379
54378
54377
54377
54376
54376
54375
54375
54374
54373
54373
54373
54373
54372
54371
54370
54369
54369
54369
54368
54368
54367
54367
54367
54366
54366
54366
54365
54364
54363
54362
54361
54360
54359
54359
54358
54358
54357
54357
54356
54355
54354
54354
54353
54353
54353
54353
54352
54352
54351
54351
54350
54350
54349
54348
54347
54346
54345
54345
54345
54344
54343
54342
54342
54341
54341
54341
54340
54339
54339
54338
54337
54337
54337
54336
54336
54335
54335
54334
54334
54334
54333
54332
54332
54331
54330
54330
54329
54329
54328
54327
54326
54325
54324
54323
54322
54321
54320
54320
54320
54319
54318
54317
54316
54315
54314
54314
54313
54313
54312
54312
54311
54310
54309
54308
54307
54307
54307
54306
54305
54305
54304
54304
54303
54302
54302
54301
54300
54299
54298
54297
54297
54296
54295
54294
54293
54292
54291
54291
54290
54289
54288
54287
54286
54285
54284
54283
54282
54281
54281
54281
54280
54279
54278
54277
54276
54276
54275
54274
54274
54273
54272
54271
54270
54269
54269
54269
54268
54268
54267
54267
54266
54265
54264
54264
54263
54263
54262
54261
54260
54259
54258
54257
54256
54255
54254
54253
54253
54253
54253
54253
54253
54252
54252
54251
54251
54251
54250
54250
54249
54248
54247
54246
54246
54246
54246
54245
54245
54244
54244
54243
54242
54241
54241
54240
54239
54238
54237
54237
54236
54236
54236
54235
54235
54235
54235
54234
54233
54233
54233
54232
54231
54230
54229
54229
54228
54228
54227
54227
54226
54226
54225
54224
54223
54222
54221
54221
54221
54221
54221
54220
54219
54218
54217
54216
54215
54215
54214
54213
54213
54212
54211
54211
54210
54209
54208
54208
54207
54206
54206
54205
54205
54205
54204
54204
54203
54202
54201
54200
54199
54199
54198
54198
54198
54197
54197
54196
54195
54195
54194
54193
54192
54191
54190
54190
54190
54189
54188
54187
54186
54186
54186
54185
54185
54185
54185
54184
54183
54182
54182
54181
54180
54180
54180
54180
54180
54179
54178
54177
54176
54175
54174
54173
54172
54171
54170
54170
54170
54170
54170
54169
54169
54169
54168
54168
54168
54168
54167
54167
54166
54165
54165
54165
54164
54164
54163
54162
54161
54160
54159
54158
54157
54157
54156
54155
54155
54155
54155
54154
54154
54153
54153
54153
54153
54152
54152
54151
54150
54149
54149
54149
54148
54147
54146
54145
54144
54143
54143
54142
54142
54141
54141
54140
54139
54139
54139
54138
54138
54137
54136
54135
54134
54134
54134
54133
54133
54132
54132
54131
54130
54129
54128
54128
54128
54127
54126
54126
54125
54125
54125
54124
54123
54123
54122
54121
54120
54119
54118
54117
54116
54115
54115
54114
54113
54112
54111
54110
54110
54109
54108
54108
54108
54108
54108
54107
54106
54106
54106
54105
54105
54105
54104
54103
54103
54102
54101
54101
54100
54099
54098
54097
54096
54095
54094
54094
54094
54093
54092
54092
54091
54091
54090
54090
54090
54089
54088
54087
54086
54086
54086
54085
54084
54083
54082
54081
54080
54079
54079
54079
54078
54078
54077
54076
54075
54074
54074
54074
54073
54072
54071
54070
54070
54069
54069
54068
54068
54067
54067
54066
54066
54065
54064
54063
54063
54063
54062
54062
54061
54060
54059
54058
54058
54058
54057
54056
54055
54055
54054
54053
54052
54051
54050
54050
54050
54049
54049
54049
54048
54047
54046
54045
54044
54043
54043
54043
54042
54042
54041
54041
54041
54040
54040
54040
54039
54038
54037
54036
54036
54035
54035
54034
54033
54032
54032
54031
54030
54030
54029
54028
54027
54027
54026
54026
54025
54024
54023
54022
54021
54020
54019
54019
54019
54018
54017
54016
54016
54016
54016
54016
54016
54015
54014
54013
54012
54012
54012
54011
54011
54010
54010
54009
54008
54008
54007
54006
54005
54004
54003
54003
54002
54002
54002
54001
54000
53999
53998
53998
53998
53997
53996
53995
53994
53993
53993
53992
53991
53990
53989
53988
53988
53988
53988
53988
53987
53986
53985
53985
53984
53983
53982
53981
53981
53980
53979
53978
53977
53976
53975
53974
53974
53974
53974
53973
53972
53972
53971
53971
53970
53969
53968
53968
53967
53966
53966
53965
53965
53964
53964
53963
53962
53961
53961
53961
53961
53961
53961
53961
53961
53960
53959
53959
53958
53958
53957
53956
53955
53955
53954
53953
53952
53951
53950
53949
53948
53947
53947
53946
53945
53944
53943
53943
53942
53942
53942
53941
53940
53939
53939
53939
53939
53938
53937
53937
53937
53937
53936
53935
53934
53934
53934
53934
53933
53932
53931
53931
53930
53929
53929
53928
53927
53927
53926
53925
53924
53923
53922
53921
53920
53919
53919
53918
53917
53916
53915
53915
53915
53915
53914
53913
53913
53912
53911
53910
53909
53908
53907
53906
53905
53905
53904
53904
53903
53902
53901
53901
53900
53900
53899
53898
53897
53896
53895
53895
53894
53894
53894
53894
53893
53892
53892
53892
53891
53890
53890
53890
53889
53888
53887
53887
53886
53886
53885
53884
53884
53883
53882
53881
53880
53879
53879
53879
53879
53878
53877
53876
53875
53875
53874
53874
53873
53872
53871
53870
53869
53868
53867
53866
53866
53865
53864
53863
53863
53862
53862
53861
53860
53860
53860
53859
53859
53858
53857
53856
53856
53855
53855
53855
53854
53854
53853
53852
53851
53851
53850
53850
53850
53849
53849
53849
53848
53848
53848
53847
53846
53845
53844
53843
53842
53842
53841
53841
53840
53840
53839
53838
53838
53838
53838
53837
53836
53835
53834
53834
53833
53833
53832
53832
53831
53830
53829
53828
53827
53827
53826
53825
53825
53825
53825
53824
53823
53823
53822
53822
53821
53820
53819
53819
53819
53818
53817
53816
53815
53814
53813
53813
53812
53812
53811
53810
53809
53808
53807
53807
53806
53806
53806
53805
53804
53803
53802
53801
53800
53799
53798
53797
53796
53795
53794
53794
53793
53793
53792
53791
53790
53789
53788
53788
53787
53787
53787
53786
53785
53784
53783
53783
53782
53781
53780
53780
53779
53778
53778
53778
53778
53777
53777
53777
53777
53776
53776
53776
53775
53774
53773
53773
53773
53773
53773
53773
53772
53771
53770
53769
53769
53768
53768
53768
53767
53766
53766
53765
53765
53764
53763
53764
53763
53763
53762
53761
53760
53759
53758
53757
53756
53755
53754
53753
53752
53751
53751
53750
53749
53749
53748
53747
53746
53745
53744
53743
53742
53741
53740
53739
53738
53737
53737
53736
53735
53734
53734
53733
53732
53731
53731
53730
53729
53729
53728
53727
53726
53725
53724
53723
53723
53722
53721
53720
53719
53718
53717
53716
53716
53715
53715
53715
53715
53714
53714
53714
53713
53712
53711
53711
53710
53710
53709
53709
53709
53708
53708
53708
53708
53708
53707
53706
53705
53704
53704
53703
53703
53702
53702
53701
53700
53699
53699
53699
53698
53697
53696
53695
53694
53693
53692
53691
53690
53689
53688
53687
53687
53686
53685
53684
53683
53682
53681
53681
53681
53680
53679
53678
53677
53676
53675
53675
53674
53673
53673
53673
53672
53671
53670
53670
53670
53670
53670
53669
53669
53669
53668
53667
53667
53667
53667
53666
53665
53664
53664
53663
53663
53663
53662
53661
53661
53661
53660
53659
53659
53659
53658
53657
53656
53655
53654
53654
53654
53654
53654
53654
53653
53652
53651
53650
53649
53648
53647
53647
53647
53646
53645
53644
53643
53643
53642
53642
53641
53640
53639
53638
53638
53637
53637
53637
53636
53636
53635
53634
53634
53633
53632
53631
53630
53629
53628
53628
53628
53627
53626
53625
53625
53624
53623
53622
53621
53620
53619
53618
53618
53617
53617
53617
53616
53615
53615
53615
53614
53613
53612
53611
53610
53609
53609
53608
53607
53607
53606
53605
53605
53605
53605
53604
53604
53603
53603
53602
53601
53600
53599
53598
53597
53597
53596
53595
53595
53595
53594
53594
53593
53592
53591
53590
53590
53589
53588
53587
53586
53586
53586
53585
53585
53584
53583
53583
53582
53582
53582
53581
53580
53580
53579
53578
53577
53576
53575
53574
53573
53573
53573
53572
53571
53570
53570
53570
53569
53568
53568
53567
53566
53565
53564
53563
53563
53562
53562
53562
53561
53561
53560
53559
53559
53558
53557
53556
53555
53554
53553
53552
53552
53551
53550
53549
53548
53547
53547
53546
53545
53544
53543
53542
53541
53540
53539
53538
53537
53536
53536
53535
53534
53533
53533
53532
53531
53531
53531
53530
53530
53529
53528
53527
53526
53525
53525
53524
53523
53522
53521
53520
53519
53518
53518
53517
53517
53516
53515
53514
53513
53512
53512
53511
53510
53509
53508
53507
53506
53506
53505
53504
53503
53502
53502
53501
53500
53499
53499
53499
53499
53499
53498
53498
53497
53498
53498
53497
53497
53497
53496
53495
53494
53494
53493
53492
53491
53490
53490
53490
53489
53488
53487
53487
53486
53485
53485
53484
53484
53483
53482
53481
53481
53481
53480
53479
53478
53478
53477
53477
53476
53475
53474
53473
53472
53471
53471
53470
53470
53470
53469
53469
53468
53467
53467
53466
53465
53466
53466
53465
53465
53465
53465
53464
53463
53463
53462
53461
53460
53459
53458
53457
53457
53456
53455
53454
53453
53452
53452
53451
53450
53449
53448
53448
53447
53446
53445
53444
53443
53443
53442
53441
53441
53440
53440
53439
53438
53438
53438
53437
53436
53436
53435
53434
53434
53434
53433
53432
53432
53432
53432
53431
53430
53429
53428
53427
53427
53427
53426
53425
53424
53423
53422
53421
53420
53419
53418
53417
53417
53416
53416
53416
53415
53414
53413
53413
53412
53411
53410
53409
53408
53408
53408
53408
53408
53407
53407
53406
53406
53405
53404
53404
53403
53403
53402
53402
53402
53401
53400
53400
53400
53400
53399
53398
53397
53396
53395
53394
53393
53393
53392
53391
53390
53390
53390
53389
53388
53387
53386
53386
53385
53384
53383
53383
53383
53383
53382
53381
53381
53380
53379
53378
53377
53376
53375
53375
53375
53375
53374
53374
53373
53372
53371
53370
53369
53368
53368
53367
53367
53367
53366
53365
53364
53363
53363
53363
53362
53361
53360
53359
53359
53358
53357
53357
53357
53357
53356
53356
53355
53354
53353
53352
53351
53351
53350
53350
53349
53348
53347
53347
53347
53346
53346
53346
53345
53344
53344
53344
53344
53343
53342
53342
53342
53341
53340
53339
53339
53339
53338
53338
53338
53338
53338
53337
53336
53336
53336
53335
53334
53333
53333
53332
53331
53330
53329
53329
53328
53328
53327
53326
53326
53325
53324
53323
53322
53321
53320
53320
53319
53318
53317
53317
53316
53315
53314
53314
53314
53313
53312
53311
53311
53311
53311
53311
53311
53311
53310
53309
53309
53308
53307
53306
53305
53305
53304
53303
53303
53303
53302
53301
53300
53300
53299
53298
53298
53297
53296
53295
53294
53294
53293
53292
53291
53291
53291
53291
53290
53289
53289
53288
53287
53286
53286
53285
53284
53284
53283
53282
53281
53281
53280
53279
53279
53278
53277
53277
53276
53276
53275
53274
53273
53273
53273
53273
53273
53272
53271
53270
53270
53269
53268
53267
53267
53267
53266
53265
53265
53264
53264
53263
53262
53261
53260
53259
53258
53257
53257
53256
53255
53254
53253
53253
53253
53253
53252
53251
53251
53250
53249
53249
53248
53247
53247
53246
53245
53244
53243
53242
53242
53242
53241
53241
53241
53241
53241
53240
53240
53239
53238
53238
53237
53236
53235
53234
53233
