81811
81810
81809
81808
81807
81807
81806
81806
81806
81805
81805
81804
81803
81803
81802
81802
81801
81800
81799
81798
81797
81797
81796
81795
81795
81794
81793
81792
81791
81791
81790
81789
81789
81788
81787
81786
81785
81784
81783
81782
81781
81780
81780
81779
81778
81777
81777
81776
81775
81774
81774
81773
81772
81772
81772
81771
81770
81769
81769
81768
81767
81766
81765
81765
81765
81764
81764
81763
81762
81761
81760
81759
81758
81758
81758
81757
81756
81756
81755
81754
81753
81753
81752
81751
81750
81750
81749
81748
81747
81746
81745
81745
81744
81743
81742
81741
81740
81739
81738
81737
81737
81736
81735
81734
81734
81734
81734
81733
81732
81731
81731
81731
81730
81730
81729
81728
81728
81727
81726
81725
81724
81723
81722
81721
81720
81719
81718
81718
81717
81717
81716
81716
81715
81714
81713
81712
81711
81710
81710
81709
81709
81709
81708
81707
81707
81706
81705
81704
81703
81702
81701
81701
81700
81700
81699
81699
81698
81697
81696
81696
81695
81694
81693
81693
81693
81692
81692
81692
81691
81691
81690
81689
81688
81687
81686
81686
81685
81684
81683
81682
81681
81680
81679
81679
81679
81679
81679
81679
81678
81677
81676
81676
81675
81675
81674
81674
81674
81673
81672
81671
81670
81669
81668
81667
81666
81666
81665
81664
81663
81663
81662
81662
81661
81661
81660
81660
81659
81658
81657
81656
81655
81654
81653
81653
81652
81651
81650
81649
81648
81648
81647
81646
81646
81645
81645
81645
81645
81644
81644
81643
81642
81641
81640
81640
81639
81638
81637
81636
81636
81635
81635
81634
81633
81632
81631
81630
81630
81629
81629
81628
81627
81627
81626
81625
81624
81624
81623
81622
81622
81621
81620
81619
81618
81617
81617
81616
81616
81615
81614
81613
81612
81611
81611
81610
81610
81609
81608
81607
81607
81606
81605
81605
81605
81604
81604
81603
81602
81601
81600
81599
81598
81598
81597
81597
81596
81595
81594
81594
81593
81592
81591
81590
81589
81588
81588
81587
81586
81585
81584
81584
81584
81583
81582
81581
81580
81580
81579
81578
81577
81577
81577
81576
81576
81575
81574
81574
81574
81573
81572
81572
81571
81570
81569
81569
81568
81567
81566
81566
81565
81564
81563
81563
81562
81562
81561
81560
81560
81559
81558
81558
81558
81557
81556
81555
81555
81554
81553
81553
81553
81553
81552
81551
81550
81549
81549
81548
81547
81546
81545
81544
81543
81543
81542
81541
81540
81539
81538
81537
81536
81535
81534
81534
81533
81532
81531
81530
81529
81529
81529
81528
81528
81528
81528
81527
81527
81527
81526
81525
81525
81524
81523
81522
81521
81520
81519
81518
81517
81516
81515
81514
81513
81512
81511
81510
81509
81508
81507
81506
81506
81505
81504
81503
81502
81501
81500
81500
81499
81499
81498
81497
81497
81496
81495
81494
81493
81492
81491
81490
81489
81488
81488
81487
81486
81486
81485
81484
81483
81482
81482
81481
81480
81479
81478
81477
81476
81475
81474
81473
81472
81472
81471
81470
81470
81469
81468
81467
81466
81465
81464
81464
81464
81463
81463
81462
81461
81461
81460
81459
81459
81458
81458
81457
81456
81455
81455
81454
81453
81452
81452
81451
81451
81451
81450
81450
81449
81448
81447
81446
81446
81446
81445
81444
81443
81442
81442
81441
81440
81439
81438
81437
81436
81436
81435
81435
81435
81435
81434
81434
81433
81433
81432
81431
81430
81429
81429
81428
81427
81426
81426
81426
81425
81424
81423
81423
81422
81421
81420
81419
81418
81417
81417
81416
81415
81415
81414
81414
81413
81412
81411
81411
81411
81410
81410
81409
81408
81407
81406
81405
81404
81404
81403
81403
81402
81402
81401
81401
81400
81399
81399
81398
81397
81397
81396
81396
81395
81395
81394
81394
81393
81392
81391
81391
81390
81390
81389
81388
81388
81388
81387
81386
81385
81385
81384
81384
81384
81384
81384
81384
81383
81382
81381
81380
81379
81379
81379
81378
81378
81377
81377
81376
81376
81375
81374
81374
81374
81373
81372
81371
81371
81370
81370
81369
81368
81367
81367
81366
81365
81365
81364
81363
81362
81361
81361
81360
81359
81359
81358
81357
81356
81355
81355
81354
81354
81353
81352
81352
81351
81351
81350
81349
81348
81347
81346
81346
81345
81344
81343
81342
81341
81341
81341
81341
81341
81340
81340
81340
81339
81338
81337
81336
81335
81334
81333
81332
81332
81331
81330
81329
81328
81328
81327
81327
81327
81327
81326
81326
81326
81325
81324
81323
81323
81323
81322
81322
81321
81320
81319
81318
81317
81316
81315
81314
81314
81314
81314
81313
81313
81312
81312
81312
81312
81311
81310
81310
81309
81309
81308
81308
81307
81306
81305
81304
81303
81302
81302
81302
81301
81300
81299
81298
81297
81296
81296
81295
81294
81293
81293
81292
81291
81291
81290
81289
81289
81289
81288
81287
81287
81286
81285
81284
81284
81283
81282
81281
81280
81279
81278
81277
81277
81276
81276
81275
81275
81275
81274
81273
81272
81271
81270
81269
81269
81268
81267
81267
81266
81265
81264
81263
81262
81261
81260
81260
81259
81259
81258
81257
81256
81255
81254
81253
81252
81252
81252
81251
81251
81250
81250
81250
81250
81249
81248
81247
81246
81245
81245
81245
81244
81243
81242
81241
81240
81239
81238
81238
81238
81238
81237
81236
81236
81235
81234
81233
81232
81231
81230
81229
81228
81227
81227
81227
81226
81226
81225
81224
81223
81222
81221
81220
81219
81218
81218
81217
81216
81215
81214
81214
81213
81212
81211
81210
81209
81208
81207
81206
81205
81204
81203
81203
81202
81201
81200
81199
81198
81197
81196
81195
81195
81195
81195
81194
81193
81192
81191
81190
81189
81189
81188
81187
81186
81185
81185
81184
81184
81184
81183
81183
81182
81182
81182
81181
81180
81180
81180
81179
81179
81179
81179
81178
81178
81177
81176
81175
81174
81173
81173
81173
81172
81171
81170
81169
81169
81169
81169
81168
81168
81167
81166
81165
81164
81163
81163
81163
81163
81163
81163
81162
81161
81161
81161
81160
81159
81158
81157
81157
81156
81156
81155
81154
81153
81152
81151
81150
81149
81148
81147
81146
81146
81145
81144
81143
81142
81141
81140
81139
81139
81139
81138
81137
81137
81136
81136
81135
81134
81133
81132
81131
81130
81129
81128
81127
81126
81126
81125
81124
81123
81122
81121
81120
81119
81119
81118
81118
81117
81117
81116
81115
81114
81114
81113
81113
81112
81111
81110
81110
81109
81108
81107
81106
81105
81104
81104
81103
81102
81102
81101
81101
81101
81100
81099
81098
81097
81096
81095
81094
81094
81094
81093
81092
81092
81092
81091
81091
81090
81090
81089
81089
81089
81088
81087
81086
81085
81084
81083
81082
81081
81080
81079
81078
81078
81077
81076
81076
81075
81075
81074
81074
81073
81073
81072
81071
81071
81070
81070
81069
81068
81067
81066
81065
81064
81063
81062
81061
81061
81060
81060
81060
81059
81058
81057
81057
81057
81056
81056
81056
81055
81055
81054
81054
81054
81054
81054
81053
81052
81052
81051
81050
81050
81049
81049
81048
81048
81047
81047
81046
81045
81044
81044
81043
81043
81043
81042
81041
81040
81039
81038
81038
81037
81037
81036
81035
81035
81035
81034
81033
81032
81032
81031
81030
81030
81029
81028
81027
81026
81025
81024
81024
81023
81022
81021
81020
81019
81018
81017
81017
81017
81016
81016
81016
81015
81014
81014
81013
81012
81011
81010
81009
81008
81007
81007
81006
81006
81006
81005
81005
81004
81004
81003
81002
81002
81002
81002
81001
81000
80999
80999
80998
80998
80997
80996
80995
80994
80993
80992
80992
80992
80991
80990
80989
80988
80988
80987
80986
80986
80985
80985
80984
80983
80983
80982
80981
80980
80979
80979
80978
80977
80977
80976
80975
80974
80974
80973
80972
80971
80971
80971
80971
80970
80970
80969
80968
80967
80967
80966
80966
80966
80965
80965
80964
80963
80962
80961
80960
80960
80959
80959
80958
80957
80956
80955
80955
80954
80953
80952
80952
80951
80950
80949
80948
80947
80946
80945
80944
80943
80942
80942
80942
80942
80942
80942
80941
80941
80941
80940
80939
80938
80937
80937
80936
80936
80936
80936
80935
80934
80933
80932
80932
80931
80930
80930
80929
80928
80927
80927
80926
80925
80924
80924
80924
80923
80923
80923
80922
80921
80920
80919
80918
80917
80916
80916
80915
80914
80914
80913
80912
80911
80911
80910
80909
80909
80908
80908
80907
80906
80905
80904
80903
80902
80901
80900
80899
80899
80898
80897
80896
80895
80894
80893
80892
80891
80890
80890
80889
80888
80888
80887
80887
80886
80885
80884
80883
80883
80883
80883
80882
80882
80882
80882
80882
80881
80880
80879
80878
80877
80876
80876
80876
80876
80875
80875
80876
80876
80875
80875
80874
80874
80874
80874
80873
80873
80872
80871
80870
80870
80870
80869
80869
80868
80867
80866
80865
80865
80864
80863
80862
80862
80861
80861
80861
80861
80860
80860
80860
80859
80859
80858
80857
80856
80855
80854
80853
80852
80851
80850
80849
80848
80847
80846
80845
80844
80843
80843
80842
80841
80841
80840
80839
80838
80837
80836
80835
80834
80834
80833
80832
80832
80832
80831
80831
80830
80829
80828
80827
80827
80826
80826
80825
80824
80823
80822
80821
80821
80820
80820
80819
80818
80817
80816
80815
80814
80813
80812
80812
80812
80811
80810
80809
80808
80807
80807
80806
80805
80805
80804
80804
80804
80803
80803
80803
80802
80801
80800
80799
80798
80797
80797
80796
80795
80794
80793
80792
80791
80790
80790
80789
80788
80787
80786
80785
80784
80784
80783
80783
80783
80783
80782
80781
80780
80780
80779
80778
80778
80777
80776
80775
80774
80773
80772
80771
80770
80769
80768
80768
80767
80766
80765
80764
80764
80764
80763
80762
80761
80760
80759
80758
80757
80756
80755
80755
80754
80753
80753
80752
80751
80751
80750
80750
80750
80749
80749
80749
80748
80747
80746
80745
80744
80744
80744
80743
80743
80742
80742
80741
80740
80739
80739
80738
80737
80736
80736
80735
80735
80735
80734
80734
80733
80732
80732
80731
80730
80729
80728
80728
80727
80726
80725
80724
80723
80722
80721
80720
80719
80718
80718
80718
80717
80716
80715
80714
80714
80714
80713
80712
80711
80710
80709
80708
80707
80707
80706
80706
80706
80705
80704
80703
80703
80702
80702
80701
80700
80699
80698
80697
80696
80695
80694
80693
80693
80692
80692
80691
80691
80690
80689
80688
80687
80686
80685
80684
80683
80682
80681
80680
80679
80678
80677
80676
80675
80674
80673
80673
80672
80671
80670
80669
80668
80667
80666
80666
80665
80664
80663
80662
80662
80661
80661
80660
80660
80659
80659
80658
80657
80656
80655
80654
80654
80653
80652
80651
80650
80649
80648
80647
80646
80645
80644
80643
80642
80641
80640
80639
80638
80638
80637
80636
80635
80634
80633
80632
80632
80631
80630
80630
80630
80629
80628
80627
80628
80627
80626
80625
80624
80623
80623
80622
80621
80620
80619
80619
80619
80619
80618
80617
80616
80615
80614
80613
80612
80611
80610
80609
80609
80609
80608
80608
80607
80606
80605
80605
80605
80604
80603
80602
80601
80600
80600
80599
80598
80598
80598
80598
80598
80597
80596
80595
80594
80593
80593
80592
80591
80590
80589
80589
80588
80588
80587
80586
80585
80584
80583
80583
80582
80581
80581
80580
80579
80578
80577
80576
80576
80575
80574
80574
80574
80574
80573
80573
80572
80571
80571
80570
80569
80568
80567
80567
80566
80565
80565
80564
80563
80562
80561
80560
80560
80560
80560
80559
80558
80557
80556
80555
80554
80553
80553
80552
80551
80550
80549
80548
80547
80546
80545
80545
80544
80543
80543
80542
80542
80542
80542
80542
80541
80540
80539
80538
80537
80536
80535
80534
80533
80532
80531
80530
80529
80528
80527
80526
80525
80525
80524
80523
80522
80521
80521
80521
80520
80519
80519
80519
80519
80518
80517
80516
80516
80516
80516
80516
80515
80514
80514
80513
80512
80511
80510
80509
80508
80507
80506
80505
80504
80503
80503
80502
80501
80500
80499
80499
80498
80497
80497
80496
80495
80495
80495
80494
80493
80493
80492
80491
80490
80489
80488
80487
80486
80485
80484
80483
80482
80482
80481
80481
80481
80480
80479
80479
80478
80477
80476
80475
80474
80474
80473
80472
80472
80472
80471
80470
80469
80469
80468
80467
80466
80465
80465
80464
80463
80462
80462
80461
80460
80459
80459
80458
80457
80457
80457
80457
80457
80457
80457
80456
80455
80454
80453
80453
80453
80452
80451
80451
80450
80449
80449
80448
80447
80446
80445
80445
80444
80443
80442
80442
80442
80441
80440
80439
80438
80438
80437
80437
80437
80437
80436
80435
80434
80433
80432
80432
80431
80430
80429
80429
80429
80428
80427
80427
80426
80425
80425
80425
80425
80424
80423
80422
80421
80420
80420
80419
80419
80418
80417
80417
80416
80416
80415
80415
80414
80413
80412
80411
80410
80409
80408
80407
80406
80406
80405
80404
80403
80402
80401
80401
80400
80399
80398
80397
80397
80396
80395
80394
80393
80392
80391
80391
80390
80389
80388
80387
80386
80385
80384
80383
80382
80381
80381
80380
80379
80379
80378
80378
80377
80376
80375
80375
80374
80373
80373
80372
80371
80370
80369
80369
80368
80367
80366
80365
80365
80364
80363
80363
80363
80362
80361
80360
80360
80359
80359
80359
80358
80357
80356
80356
80355
80354
80353
80352
80352
80351
80351
80350
80349
80348
80347
80347
80346
80346
80345
80345
80344
80343
80343
80343
80342
80341
80340
80339
80338
80338
80337
80336
80335
80335
80334
80333
80332
80332
80331
80330
80329
80328
80327
80326
80325
80325
80324
80324
80323
80323
80322
80321
80320
80320
80320
80319
80318
80317
80316
80316
80315
80314
80313
80312
80311
80310
80309
80308
80307
80306
80306
80305
80304
80304
80304
80303
80302
80302
80301
80300
80300
80299
80298
80298
80297
80296
80295
80294
80293
80293
80292
80292
80292
80292
80292
80292
80291
80290
80289
80289
80288
80287
80286
80285
80285
80284
80284
80283
80282
80282
80281
80281
80281
80281
80281
80280
80280
80279
80278
80277
80276
80275
80274
80273
80272
80272
80271
80271
80271
80270
80270
80269
80268
80267
80266
80265
80265
80265
80264
80264
80263
80262
80261
80260
80259
80258
80257
80256
80255
80254
80253
80252
80251
80250
80249
80248
80247
80247
80246
80245
80245
80245
80244
80243
80242
80241
80240
80240
80240
80239
80238
80238
80238
80237
80236
80235
80235
80234
80233
80232
80232
80231
80230
80229
80228
80227
80227
80226
80225
80224
80223
80222
80221
80221
80221
80220
80219
80219
80219
80219
80218
80217
80216
80215
80215
80214
80213
80212
80211
80211
80210
80209
80208
80207
80206
80205
80204
80204
80203
80203
80202
80201
80200
80200
80200
80200
80199
80198
80198
80197
80196
80195
80194
80193
80193
80192
80191
80190
80189
80188
80188
80187
80186
80185
80185
80184
80183
80182
80181
80180
80179
80179
80179
80178
80177
80176
80176
80175
80175
80174
80173
80172
80172
80171
80171
80171
80170
80170
80169
80168
80168
80167
80166
80165
80164
80163
80162
80162
80162
80161
80160
80159
80159
80158
80158
80157
80156
80155
80154
80154
80153
80152
80151
80150
80150
80149
80148
80147
80146
80146
80145
80144
80143
80143
80143
80142
80142
80141
80140
80139
80138
80138
80138
80137
80136
80135
80135
80134
80133
80133
80132
80131
80130
80130
80129
80129
80128
80128
80128
80128
80128
80128
80127
80126
80126
80125
80125
80124
80123
80122
80121
80121
80120
80119
80119
80118
80118
80117
80116
80115
80114
80114
80113
80112
80111
80110
80109
80109
80108
80107
80106
80105
80104
80103
80103
80102
80101
80100
80099
80098
80097
80096
80096
80095
80094
80093
80093
80093
80092
80091
80090
80090
80089
80088
80087
80086
80085
80085
80084
80083
80082
80082
80081
80081
80080
80079
80079
80078
80078
80078
80077
80077
80076
80075
80074
80073
80072
80071
80070
80069
80069
80068
80067
80067
80066
80066
80065
80065
80064
80063
80062
80061
80060
80060
80060
80060
80059
80058
80057
80056
80055
80054
80053
80052
80051
80051
80050
80049
80048
80047
80047
80047
80047
80047
80046
80046
80045
80044
80043
80042
80042
80041
80041
80040
80039
80038
80037
80036
80036
80036
80036
80035
80035
80034
80033
80033
80032
80031
80030
80029
80028
80028
80027
80027
80026
80025
80025
80024
80023
80022
80022
80021
80020
80020
80019
80018
80017
80016
80015
80014
80013
80013
80012
80011
80010
80009
80009
80008
80007
80007
80006
80005
80004
80003
80002
80002
80001
80001
80001
80000
79999
79999
79999
79998
79997
79996
79995
79994
79994
79993
79993
79993
79992
79991
79990
79989
79988
79987
79986
79985
79985
79984
79983
79983
79982
79981
79980
79979
79978
79977
79976
79975
79975
79974
79973
79972
79971
79970
79969
79968
79967
79966
79965
79964
79963
79962
79961
79960
79959
79959
79958
79958
79957
79957
79957
79956
79955
79954
79953
79952
79952
79951
79951
79950
79950
79950
79949
79948
79947
79946
79945
79944
79943
79942
79941
79940
79940
79939
79939
79938
79938
79937
79936
79935
79934
79934
79933
79933
79932
79932
79931
79930
79930
79930
79929
79928
79927
79926
79926
79926
79926
79925
79924
79924
79924
79923
79922
79921
79920
79920
79920
79920
79919
79918
79917
79916
79915
79914
79914
79913
79912
79912
79911
79911
79911
79910
79909
79908
79907
79906
79906
79905
79904
79904
79904
79904
79903
79903
79902
79901
79901
79900
79899
79898
79897
79896
79895
79895
79894
79893
79893
79893
79892
79891
79891
79890
79890
79889
79889
79888
79888
79887
79887
79887
79887
79886
79885
79885
79884
79883
79883
79882
79881
79881
79881
79881
79880
79879
79878
79877
79876
79875
79875
79874
79873
79872
79872
79872
79872
79871
79870
79869
79868
79867
79866
79866
79865
79864
79863
79863
79863
79862
79862
79862
79861
79861
79861
79860
79859
79858
79858
79857
79856
79855
79854
79853
79852
79852
79852
79851
79850
79849
79848
79847
79846
79845
79844
79843
79843
79842
79841
79840
79840
79840
79840
79839
79838
79837
79836
79836
79835
79835
79834
79833
79832
79831
79830
79829
79829
79829
79829
79828
79828
79827
79826
79825
79825
79825
79824
79823
79822
79821
79821
79820
79819
79818
79817
79817
79816
79815
79814
79814
79813
79813
79812
79811
79811
79810
79809
79809
79809
79808
79808
79808
79807
79807
79806
79806
79807
79806
79806
79805
79805
79804
79804
79803
79802
79801
79800
79799
79799
79798
79798
79798
79797
79796
79795
79794
79793
79792
79792
79791
79790
79789
79788
79787
79786
79786
79785
79785
79784
79783
79783
79782
79781
79780
79779
79779
79778
79778
79777
79776
79776
79775
79775
79774
79774
79773
79772
79771
79770
79769
79768
79768
79768
79767
79766
79765
79764
79763
79762
79761
79760
79759
79758
79757
79756
79755
79754
79753
79752
79751
79750
79749
79749
79748
79748
79747
79747
79746
79745
79744
79743
79743
79742
79741
79740
79739
79738
79737
79736
79735
79734
79733
79732
79731
79730
79729
79729
79729
79728
79727
79726
79725
79724
79724
79724
79724
79723
79723
79722
79722
79721
79721
79720
79719
79718
79717
79717
79717
79717
79717
79716
79715
79715
79714
79714
79713
79712
79711
79710
79710
79710
79710
79709
79709
79708
79707
79706
79705
79704
79703
79702
79701
79700
79699
79699
79699
79698
79698
79697
79697
79696
79696
79696
79695
79694
79694
79693
79692
79692
79691
79690
79689
79689
79689
79688
79687
79687
79687
79687
79687
79686
79685
79685
79684
79683
79682
79681
79681
79681
79681
79680
79679
79678
79678
79678
79678
79678
79677
79676
79676
79675
79674
79674
79673
79673
79672
79671
79670
79670
79669
79668
79667
79667
79666
79665
79665
79664
79663
79662
79661
79660
79659
79658
79657
79656
79655
79655
79654
79653
79652
79652
79651
79650
79649
79648
79647
79646
79645
79644
79643
79642
79642
79642
79641
79640
79639
79640
79639
79638
79638
79637
79636
79636
79635
79634
79633
79632
79632
79631
79631
79630
79629
79628
79627
79626
79625
79624
79623
79623
79622
79621
79620
79620
79619
79618
79617
79616
79616
79615
79614
79614
79614
79613
79612
79611
79611
79611
79611
79610
79609
79609
79608
79607
79607
79606
79605
79604
79604
79604
79603
79603
79603
79602
79601
79600
79600
79600
79599
79598
79597
79596
79595
79595
79594
79593
79592
79592
79591
79590
79590
79589
79589
79589
79588
79588
79587
79587
79587
79586
79585
79585
79584
79583
79582
79581
79580
79579
79579
79578
79577
79576
79575
79574
79573
79573
79573
79573
79573
79572
79572
79572
79571
79570
79569
79569
79568
79568
79567
79566
79566
79565
79564
79563
79562
79561
79561
79560
79560
79559
79559
79558
79558
79557
79556
79556
79556
79556
79555
79554
79553
79553
79552
79551
79550
79549
79548
79548
79547
79546
79546
79546
79545
79544
79543
79542
79541
79540
79539
79538
79537
79536
79535
79534
79533
79532
79531
79530
79529
79528
79528
79528
79527
79527
79526
79525
79525
79525
79524
79524
79523
79522
79522
79522
79521
79521
79520
79520
79520
79519
79518
79517
79517
79516
79515
79514
79513
79512
79511
79510
79509
79508
79507
79506
79506
79505
79504
79503
79502
79501
79500
79500
79500
79500
79499
79498
79497
79496
79495
79494
79493
79492
79491
79491
79491
79490
79489
79489
79488
79487
79487
79486
79485
79484
79483
79482
79482
79481
79480
79480
79479
79478
79477
79477
79476
79475
79474
79473
79472
79471
79470
79470
79469
79468
