102643
102642
102641
102641
102640
102639
102638
102637
102637
102636
102636
102635
102635
102634
102633
102632
102632
102631
102631
102630
102629
102629
102629
102629
102628
102628
102628
102627
102627
102626
102625
102624
102623
102622
102621
102620
102619
102618
102617
102616
102615
102614
102613
102612
102611
102610
102610
102609
102608
102608
102607
102606
102605
102605
102605
102604
102603
102602
102602
102601
102600
102599
102598
102598
102598
102598
102597
102596
102595
102594
102593
102592
102591
102590
102590
102589
102589
102588
102587
102586
102585
102584
102584
102583
102583
102583
102582
102582
102581
102580
102579
102578
102578
102577
102576
102575
102575
102574
102573
102572
102572
102572
102571
102571
102570
102570
102570
102569
102568
102567
102566
102565
102564
102564
102563
102563
102562
102562
102561
102560
102560
102560
102559
102558
102558
102557
102557
102557
102556
102555
102555
102554
102554
102553
102552
102552
102551
102550
102550
102549
102548
102548
102547
102546
102545
102545
102544
102543
102542
102541
102541
102540
102539
102538
102537
102536
102535
102534
102534
102533
102532
102531
102530
102529
102528
102527
102527
102526
102525
102524
102524
102524
102524
102524
102524
102523
102523
102522
102521
102520
102519
102518
102518
102517
102516
102516
102515
102514
102513
102513
102512
102511
102511
102511
102510
102509
102509
102508
102508
102507
102507
102506
102505
102504
102503
102502
102501
102500
102499
102498
102497
102496
102495
102495
102494
102493
102492
102491
102490
102490
102490
102489
102488
102488
102487
102486
102486
102485
102485
102485
102484
102483
102482
102481
102481
102480
102480
102480
102480
102480
102480
102479
102478
102478
102478
102477
102476
102476
102476
102475
102474
102473
102473
102473
102472
102471
102470
102469
102469
102469
102469
102468
102467
102467
102466
102465
102464
102463
102462
102461
102460
102459
102458
102457
102457
102457
102457
102456
102455
102454
102453
102452
102451
102450
102449
102449
102448
102447
102446
102446
102445
102444
102444
102443
102443
102442
102442
102441
102440
102439
102438
102437
102436
102435
102434
102433
102432
102432
102431
102430
102429
102428
102427
102427
102427
102426
102426
102426
102426
102425
102424
102423
102422
102421
102420
102419
102418
102417
102416
102416
102415
102414
102413
102413
102412
102411
102411
102410
102409
102408
102408
102407
102406
102405
102404
102403
102402
102402
102402
102401
102400
102399
102398
102397
102396
102396
102395
102394
102394
102394
102393
102393
102393
102392
102391
102390
102390
102390
102389
102388
102387
102387
102387
102387
102386
102385
102384
102383
102382
102381
102381
102381
102381
102380
102379
102378
102377
102376
102376
102375
102374
102373
102373
102373
102372
102372
102371
102370
102369
102368
102368
102368
102368
102367
102366
102365
102365
102364
102363
102363
102362
102361
102360
102359
102358
102357
102356
102355
102354
102353
102353
102352
102352
102352
102351
102350
102349
102349
102349
102349
102349
102348
102348
102347
102347
102346
102345
102345
102344
102343
102342
102341
102341
102340
102339
102338
102337
102336
102336
102335
102335
102334
102333
102332
102331
102330
102329
102328
102327
102326
102326
102325
102324
102323
102322
102322
102321
102320
102319
102318
102318
102317
102316
102315
102314
102314
102313
102313
102312
102312
102312
102311
102311
102310
102310
102309
102309
102308
102308
102307
102306
102306
102305
102304
102303
102302
102302
102301
102300
102299
102299
102298
102298
102297
102296
102295
102294
102293
102292
102291
102290
102290
102289
102288
102287
102286
102285
102285
102284
102283
102282
102281
102281
102280
102279
102279
102278
102277
102277
102276
102275
102274
102273
102272
102271
102270
102269
102268
102267
102266
102265
102265
102264
102263
102262
102262
102261
102261
102260
102259
102258
102258
102257
102256
102256
102256
102255
102254
102253
102253
102252
102251
102250
102249
102249
102249
102248
102248
102247
102247
102247
102246
102245
102244
102243
102243
102242
102241
102241
102241
102240
102239
102238
102238
102237
102236
102236
102235
102234
102233
102232
102231
102230
102229
102229
102228
102227
102226
102226
102225
102224
102223
102222
102221
102220
102219
102219
102218
102217
102217
102216
102215
102214
102213
102212
102211
102211
102211
102211
102210
102209
102208
102207
102206
102205
102204
102204
102204
102203
102202
102201
102200
102200
102200
102199
102198
102198
102198
102198
102197
102196
102196
102195
102195
102194
102193
102192
102191
102190
102189
102189
102189
102188
102187
102186
102185
102184
102184
102183
102183
102182
102182
102181
102180
102179
102178
102178
102177
102176
102175
102174
102173
102173
102173
102172
102171
102170
102169
102169
102169
102168
102168
102167
102167
102166
102165
102164
102163
102162
102161
102161
102161
102160
102160
102160
102159
102158
102157
102156
102156
102155
102154
102153
102152
102152
102151
102150
102150
102150
102149
102148
102147
102147
102146
102146
102145
102144
102144
102144
102143
102142
102141
102141
102140
102140
102139
102138
102137
102136
102136
102136
102136
102135
102134
102133
102133
102133
102132
102131
102130
102130
102130
102129
102129
102128
102127
102127
102127
102126
102126
102125
102125
102124
102123
102122
102121
102120
102119
102118
102117
102116
102115
102114
102113
102112
102111
102110
102109
102108
102107
102106
102105
102104
102103
102103
102102
102102
102102
102101
102100
102099
102098
102097
102097
102096
102095
102094
102094
102094
102094
102093
102092
102091
102090
102089
102088
102087
102086
102085
102085
102084
102083
102082
102082
102081
102080
102079
102078
102077
102076
102076
102075
102074
102073
102072
102072
102072
102071
102070
102070
102070
102069
102068
102067
102066
102065
102064
102064
102063
102062
102061
102060
102060
102059
102058
102057
102057
102056
102056
102055
102054
102054
102053
102053
102052
102052
102051
102050
102049
102048
102048
102047
102046
102046
102045
102045
102045
102045
102044
102044
102044
102043
102042
102041
102040
102039
102039
102039
102038
102038
102037
102037
102037
102036
102036
102035
102035
102034
102034
102033
102033
102032
102032
102032
102031
102031
102030
102029
102028
102028
102027
102026
102025
102025
102024
102024
102023
102023
102022
102022
102022
102022
102021
102021
102021
102020
102019
102018
102018
102018
102018
102018
102017
102017
102017
102016
102015
102014
102013
102012
102011
102010
102009
102008
102007
102007
102006
102005
102004
102003
102003
102003
102002
102001
102001
102000
101999
101998
101997
101996
101996
101995
101994
101993
101992
101992
101991
101990
101989
101989
101989
101988
101988
101987
101987
101986
101985
101984
101984
101984
101984
101984
101983
101982
101981
101981
101980
101979
101978
101978
101977
101976
101975
101974
101973
101972
101971
101971
101970
101969
101968
101967
101966
101965
101964
101963
101962
101961
101960
101959
101958
101957
101956
101955
101954
101953
101952
101951
101950
101950
101949
101948
101947
101946
101945
101944
101944
101944
101943
101943
101942
101942
101941
101941
101940
101939
101939
101938
101938
101937
101937
101936
101935
101934
101933
101933
101932
101932
101931
101930
101930
101929
101928
101927
101926
101925
101924
101924
101924
101924
101923
101923
101922
101921
101920
101919
101918
101917
101916
101915
101914
101913
101912
101911
101910
101910
101909
101908
101907
101907
101906
101906
101906
101906
101905
101905
101904
101903
101902
101901
101900
101899
101899
101898
101897
101897
101896
101896
101895
101895
101895
101894
101894
101894
101893
101893
101892
101891
101890
101889
101888
101888
101887
101886
101885
101885
101885
101884
101884
101883
101882
101881
101880
101879
101878
101878
101877
101876
101875
101874
101874
101874
101874
101873
101872
101872
101871
101870
101870
101869
101869
101868
101867
101866
101865
101864
101863
101863
101863
101863
101862
101862
101861
101860
101859
101858
101857
101856
101856
101855
101855
101854
101853
101852
101851
101851
101850
101850
101849
101848
101847
101846
101845
101845
101845
101844
101844
101843
101842
101841
101840
101840
101839
101839
101838
101838
101837
101836
101836
101835
101834
101833
101832
101831
101830
101829
101829
101828
101827
101827
101826
101825
101824
101824
101824
101824
101824
101824
101823
101822
101821
101820
101819
101819
101818
101817
101817
101817
101816
101815
101814
101813
101812
101811
101810
101810
101809
101808
101807
101806
101805
101804
101804
101803
101803
101802
101801
101800
101799
101798
101797
101797
101797
101796
101796
101795
101794
101793
101792
101791
101791
101790
101789
101788
101788
101787
101787
101786
101785
101784
101784
101783
101782
101781
101780
101779
101778
101777
101777
101776
101775
101774
101773
101772
101772
101771
101770
101769
101768
101767
101767
101766
101765
101764
101764
101764
101763
101762
101761
101760
101759
101758
101757
101756
101755
101754
101753
101752
101751
101751
101751
101750
101750
101749
101748
101747
101747
101747
101746
101745
101745
101745
101744
101743
101743
101743
101742
101741
101740
101739
101738
101738
101737
101736
101735
101734
101734
101733
101733
101732
101731
101731
101731
101730
101729
101729
101729
101728
101728
101728
101727
101726
101725
101724
101724
101724
101724
101723
101723
101722
101721
101721
101721
101721
101720
101719
101719
101718
101718
101717
101717
101716
101715
101714
101714
101714
101714
101713
101713
101712
101711
101710
101709
101709
101709
101708
101708
101707
101706
101705
101704
101703
101703
101702
101701
101701
101700
101699
101698
101697
101696
101695
101694
101693
101692
101691
101690
101690
101690
101689
101688
101687
101686
101685
101684
101683
101682
101681
101680
101679
101678
101677
101676
101675
101674
101673
101672
101672
101672
101671
101671
101670
101669
101668
101667
101666
101665
101664
101664
101664
101664
101663
101662
101661
101660
101660
101659
101659
101658
101657
101656
101656
101655
101654
101653
101652
101652
101651
101650
101649
101648
101647
101647
101646
101645
101644
101644
101644
101643
101642
101641
101640
101639
101638
101637
101637
101637
101637
101637
101636
101635
101634
101633
101633
101633
101633
101632
101631
101630
101629
101628
101627
101626
101625
101624
101624
101624
101624
101623
101622
101622
101621
101620
101620
101619
101618
101617
101616
101615
101614
101613
101612
101611
101610
101610
101609
101608
101607
101606
101605
101604
101603
101602
101601
101600
101599
101599
101598
101597
101596
101596
101596
101595
101594
101593
101592
101591
101591
101590
101589
101588
101587
101586
101585
101585
101585
101585
101584
101584
101583
101582
101582
101582
101582
101582
101582
101582
101581
101581
101581
101580
101579
101578
101577
101577
101576
101575
101574
101573
101573
101573
101572
101571
101571
101570
101570
101569
101569
101569
101568
101567
101566
101566
101565
101564
101563
101563
101562
101561
101560
101559
101558
101558
101557
101556
101555
101554
101554
101553
101553
101553
101553
101552
101552
101551
101550
101550
101549
101548
101547
101546
101546
101546
101545
101545
101544
101544
101543
101542
101541
101540
101540
101540
101539
101538
101538
101537
101536
101536
101535
101535
101534
101533
101533
101533
101532
101531
101530
101529
101529
101528
101527
101527
101526
101526
101525
101524
101523
101522
101521
101520
101519
101519
101518
101517
101516
101515
101515
101514
101514
101514
101513
101513
101512
101511
101510
101509
101509
101508
101507
101506
101505
101505
101504
101503
101502
101501
101500
101499
101499
101498
101497
101496
101495
101495
101494
101493
101492
101491
101490
101489
101488
101488
101488
101487
101487
101486
101485
101485
101485
101484
101484
101483
101482
101481
101480
101480
101480
101479
101478
101478
101477
101476
101475
101475
101475
101475
101475
101474
101473
101473
101472
101472
101472
101471
101470
101469
101469
101468
101467
101467
101466
101465
101464
101463
101462
101461
101460
101459
101459
101458
101457
101456
101455
101454
101453
101453
101452
101451
101450
101450
101449
101448
101447
101446
101445
101444
101443
101442
101441
101441
101440
101439
101439
101438
101437
101437
101437
101437
101436
101435
101435
101434
101433
101433
101433
101432
101431
101431
101430
101429
101428
101428
101427
101426
101425
101424
101423
101423
101423
101423
101422
101421
101420
101419
101418
101418
101417
101416
101415
101414
101413
101412
101411
101411
101411
101410
101409
101409
101408
101407
101406
101405
101404
101403
101403
101402
101401
101400
101399
101398
101398
101397
101396
101395
101395
101394
101393
101393
101393
101393
101392
101391
101390
101390
101390
101389
101389
101388
101387
101386
101386
101385
101384
101383
101383
101383
101382
101381
101380
101380
101379
101378
101378
101378
101377
101376
101375
101374
101374
101374
101373
101372
101371
101371
101371
101371
101370
101370
101369
101369
101368
101367
101366
101365
101364
101363
101362
101362
101361
101361
101360
101359
101358
101357
101356
101356
101355
101354
101354
101354
101353
101352
101352
101351
101351
101351
101350
101349
101348
101347
101347
101346
101345
101345
101344
101343
101342
101342
101342
101341
101340
101339
101338
101337
101336
101336
101335
101334
101334
101334
101333
101332
101331
101331
101330
101330
101330
101329
101328
101328
101327
101326
101325
101324
101324
101324
101323
101322
101321
101320
101320
101319
101318
101317
101316
101316
101316
101315
101314
101314
101313
101313
101313
101312
101311
101310
101309
101308
101307
101306
101305
101305
101304
101303
101302
101301
101301
101300
101299
101299
101298
101298
101297
101296
101295
101294
101294
101293
101292
101292
101292
101292
101291
101291
101291
101290
101290
101289
101288
101287
101287
101286
101285
101285
101284
101283
101283
101282
101281
101280
101280
101280
101279
101278
101277
101276
101275
101275
101274
101274
101273
101273
101272
101271
101270
101269
101268
101267
101266
101265
101264
101264
101264
101264
101263
101262
101261
101260
101259
101258
101257
101256
101256
101256
101255
101255
101254
101254
101253
101252
101251
101250
101249
101248
101247
101247
101246
101245
101245
101245
101244
101243
101243
101242
101241
101241
101240
101239
101238
101237
101237
101236
101235
101234
101233
101232
101231
101231
101231
101230
101229
101228
101227
101226
101225
101225
101225
101224
101223
101223
101223
101222
101222
101221
101220
101220
101220
101219
101218
101218
101217
101216
101215
101215
101214
101213
101212
101211
101211
101210
101210
101209
101208
101208
101207
101207
101207
101207
101206
101205
101205
101205
101204
101203
101202
101201
101200
101199
101198
101199
101199
101198
101197
101196
101196
101196
101196
101196
101195
101194
101193
101192
101192
101192
101191
101191
101190
101190
101190
101190
101191
101190
101189
101188
101187
101186
101185
101185
101185
101185
101185
101184
101183
101182
101181
101180
101179
101178
101178
101177
101176
101175
101175
101174
101174
101173
101173
101172
101171
101170
101170
101169
101168
101167
101166
101165
101165
101164
101163
101162
101161
101161
101160
101159
101159
101159
101159
101158
101157
101157
101157
101156
101155
101154
101154
101153
101154
101153
101152
101151
101150
101149
101148
101147
101146
101145
101144
101143
101142
101141
101141
101141
101141
101141
101141
101140
101140
101139
101138
101137
101137
101137
101137
101136
101135
101134
101133
101132
101131
101130
101129
101128
101127
101127
101126
101125
101125
101124
101123
101122
101122
101122
101121
101120
101119
101118
101117
101116
101115
101114
101113
101113
101112
101111
101110
101110
101109
101108
101108
101107
101106
101105
101104
101103
101102
101102
101101
101100
101099
101098
101097
101096
101095
101094
101094
101093
101092
101091
101090
101089
101089
101088
101088
101088
101087
101087
101087
101087
101087
101087
101086
101086
101085
101085
101084
101084
101083
101083
101082
101081
101080
101080
101080
101079
101078
101078
101077
101076
101076
101075
101074
101073
101072
101072
101071
101071
101070
101070
101069
101068
101068
101067
101067
101066
101065
101064
101063
101062
101062
101061
101060
101059
101058
101057
101056
101056
101056
101055
101055
101054
101053
101052
101052
101051
101050
101049
101048
101047
101046
101045
101045
101044
101043
101042
101041
101040
101039
101039
101038
101037
101037
101036
101036
101035
101035
101034
101033
101033
101032
101031
101030
101029
101028
101028
101027
101026
101025
101024
101024
101023
101023
101022
101022
101022
101021
101021
101021
101020
101020
101020
101019
101019
101019
101018
101018
101018
101017
101016
101015
101014
101013
101013
101012
101012
101011
101010
101009
101008
101007
101006
101005
101004
101003
101002
101001
101000
100999
100998
100997
100996
100995
100994
100993
100992
100992
100991
100991
100991
100990
100990
100989
100988
100988
100987
100986
100985
100984
100983
100982
100981
100981
100980
100979
100978
100978
100977
100976
100975
100975
100974
100974
100973
100973
100972
100971
100970
100969
100969
100968
100967
100966
100965
100964
100964
100963
100962
100962
100962
100961
100960
100959
100959
100958
100958
100957
100956
100956
100955
100954
100953
100952
100952
100952
100951
100950
100949
100948
100948
100948
100947
100946
100945
100944
100943
100943
100943
100942
100941
100940
100940
100940
100939
100938
100937
100937
100937
100937
100936
100935
100934
100933
100932
100932
100932
100931
100930
100929
100928
100928
100927
100926
100925
100924
100923
100922
100921
100920
100919
100918
100917
100917
100917
100917
100916
100915
100915
100914
100913
100913
100912
100911
100910
100910
100910
100910
100910
100910
100909
100908
100908
100908
100908
100907
100906
100905
100904
100903
100902
100901
100900
100899
100899
100899
100898
100898
100898
100897
100896
100896
100895
100895
100895
100894
100893
100893
100892
100891
100890
100889
100889
100888
100887
100886
100885
100885
100885
100885
100885
100885
100885
100885
100884
100884
100883
100882
100882
100882
100881
100881
100881
100880
100879
100879
100878
100878
100877
100877
100876
100875
100875
100874
100873
100872
100871
100870
100870
100869
100868
100867
100866
100865
100864
100864
100863
100862
100861
100861
100861
100860
100859
100859
100858
100858
100858
100857
100856
100855
100854
100853
100853
100852
100852
100851
100850
100849
100848
100848
100847
100846
100845
100844
100843
100843
100842
100841
100840
100840
100839
100838
100838
100837
100836
100835
100834
100833
100833
100833
100833
100832
100831
100830
100830
100829
100828
100827
100827
100826
100825
100825
100825
100824
100823
100823
100823
100822
100821
100820
100820
100820
100820
100819
100820
100819
100819
100818
100817
100816
100815
100815
100814
100813
100812
100811
100810
100809
100808
100807
100806
100805
100804
100803
100802
100802
100802
100801
100800
100799
100798
100798
100798
100797
100796
100795
100794
100793
100792
100791
100790
100790
100790
100790
100789
100789
100788
100787
100786
100785
100784
100783
100783
100782
100781
100780
100779
100779
100778
100777
100776
100775
100774
100773
100772
100771
100770
100769
100768
100767
100766
100767
100766
100765
100764
100763
100762
100761
100760
100759
100758
100758
100757
100756
100755
100754
100753
100752
100751
100750
100749
100749
100749
100748
100748
100748
100747
100747
100747
100747
100746
100745
100744
100743
100742
100743
100742
100742
100742
100741
100740
100739
100738
100738
100737
100737
100736
100736
100735
100735
100734
100733
100733
100732
100732
100732
100731
100730
100729
100729
100728
100727
100726
100726
100725
100725
100724
100723
100722
100721
100720
100719
100718
100717
100716
100716
100715
100715
100714
100714
100713
100712
100712
100711
100710
100709
100708
100707
100706
100705
100704
100703
100702
100701
100700
100699
100698
100698
100697
100697
100696
100695
100695
100694
100693
100692
100692
100691
100690
100689
100688
100687
100686
100685
100684
100683
100682
100681
100681
100680
100679
100679
100679
100678
100677
100676
100675
100674
100673
100673
100672
100671
100671
100670
100669
100668
100667
100667
100666
100666
100665
100664
100663
100662
100661
100661
100661
100660
100659
100658
100657
100657
100656
100655
100654
100653
100652
100651
100650
100649
100648
100647
100647
100647
100646
100645
100644
100644
100643
100643
100642
100642
100641
100641
100640
100639
100639
100639
100638
100637
100636
100635
100634
100634
100633
100632
100631
100631
100630
100629
100628
100627
100626
100625
100624
100624
100623
100622
100621
100620
100619
100618
100617
100617
100617
100616
100616
100616
100616
100615
100614
100613
100613
100612
100611
100610
100609
100609
100609
100609
100608
100607
100606
100606
100606
100606
100606
100606
100605
100605
100604
100603
100603
100602
100601
100601
100600
100599
100599
100598
100597
100597
100596
100595
100594
100593
100592
100591
100590
100589
100588
100588
100587
100586
100585
100584
100583
100583
100583
100582
100581
100581
100581
100580
100579
100578
100577
100576
100575
100574
100573
100572
100572
100572
100572
100572
100571
100570
100569
100568
100568
100567
100566
100565
100565
100565
100564
100563
100563
100562
100561
100561
100560
100559
100558
100558
100557
100556
100555
100555
100554
100553
100552
100552
100551
100550
100550
100550
100549
100548
100548
100548
100548
100547
100547
100546
100545
100545
100545
100544
100544
100543
100542
100541
100540
100539
100538
100537
100536
100536
100536
100536
100535
100534
100534
100533
100533
100533
100532
100531
100530
100529
100528
100528
100527
100526
100525
100525
100524
100524
100523
100523
100522
100522
100521
100520
100520
100520
100519
100518
100517
100516
100515
100514
100513
100512
100511
100510
100509
100508
100507
100506
100505
100505
100505
100504
100504
100504
100503
100502
100501
100501
100501
100500
100499
100499
100498
100497
100496
100495
100494
100493
100492
100492
100491
100490
100489
100488
100487
100486
100485
100484
100483
100482
100481
100481
100480
100479
100478
100477
100477
100476
100476
100475
100474
100473
100472
100472
100471
100471
100470
100469
100468
100468
100467
100466
100465
100465
100464
100464
100463
100462
100461
100461
100461
100460
100459
100459
100458
100458
100457
100456
100455
100454
100454
100453
100453
100452
100451
100450
100450
100449
100449
100448
100447
100446
100445
100444
100443
100442
100441
100440
100439
100438
100438
100438
100437
100437
100437
100436
100435
100434
100434
100433
100432
100431
100430
100429
100428
100427
100427
100427
100426
100426
100425
100424
100423
100423
100423
100422
100422
100421
100420
100419
100419
100418
100418
100417
100417
100416
100415
100414
100413
100413
100412
100411
100410
100409
100408
100408
100407
100407
100406
100405
100404
100404
100404
100403
100403
100403
100402
100402
100402
100401
100400
100399
100398
100397
100396
100396
100395
100394
100394
100393
100392
100392
100392
100391
100390
100389
100388
100388
100388
100388
100388
100387
100386
100386
100385
100385
100384
100383
100382
100381
100380
100379
100378
100377
100377
100376
100375
100374
100373
100373
100373
100373
100372
100372
100371
100370
100370
100369
100368
100368
100367
100366
100366
100366
100366
100365
100364
100364
100364
100364
100364
100363
100362
100362
100361
100361
100360
100359
100359
100359
100358
100357
100356
100355
100354
100354
100353
100352
100352
100352
100351
100350
100350
100349
100348
100348
100347
100346
100346
100345
100344
100343
100342
100341
100340
100340
100340
100340
100339
100338
100337
100337
100336
100336
100335
100335
100334
100333
100333
100332
100331
100330
100330
100329
100328
100327
100327
100326
100325
100324
100323
100323
100322
100322
100322
100321
100320
100320
100319
100318
100317
100316
100317
100316
100315
100314
100313
100313
100313
100312
100312
100311
100310
100309
100309
100308
100308
100307
100306
100305
100305
100304
100304
100303
100302
100302
100301
100301
100300
100300
100300
100299
100299
100298
100298
100298
100297
100296
100295
100294
100293
100292
100292
100292
100291
100290
100290
100289
100288
100287
100286
100286
100286
100285
100285
100284
100283
100282
100281
100280
100280
100279
100278
100278
100278
100277
100276
100275
100274
100273
100273
100272
100271
100271
100271
100270
100269
100268
100267
100267
100266
100265
100264
100263
100262
100261
100260
100259
100258
100258
100258
100258
100257
100256
100256
100256
100255
100254
100254
100254
100253
100252
100252
100251
100251
100250
100249
100249
100249
100248
100247
100246
100245
100244
100244
100243
100242
100242
100241
100241
100240
100239
100239
100239
100238
100237
100237
100236
100236
100236
100236
100236
100235
100235
100234
100233
100233
100232
100231
100231
100230
100229
100228
100228
100228
100227
100227
100226
100226
100225
100224
100224
100224
100223
100222
100221
100220
100219
100218
100218
100217
100217
100217
100217
100216
100215
100214
100213
100212
100211
100210
100210
100210
100209
100209
100208
100207
100206
100205
100205
100205
100204
100203
100202
100201
100200
100199
100198
100198
100197
100196
100195
100194
100193
100193
100192
100191
100190
100189
100188
100187
100187
100186
100186
100185
100184
100183
100182
100181
100180
100179
100178
100177
100176
100175
100174
100174
100174
100174
100173
100172
100171
100170
100169
100168
100167
100167
100166
100166
100165
100164
100163
100162
100162
100161
100160
100159
100158
100158
100157
100156
100156
100156
100155
100154
100153
100152
100151
100151
100151
100150
100150
100150
100150
100149
100149
100149
100148
100148
100147
100146
100145
100144
100143
100142
100141
100141
100140
100140
100139
100139
100138
100137
100137
100137
100137
100136
100136
100135
100134
100134
100133
100133
100133
100133
100132
100131
100130
100129
100129
100128
100127
100126
100125
100124
100123
100122
100122
100122
100122
100121
100120
100119
100118
100118
100117
100117
100116
100115
100114
100114
100114
100114
100114
100113
100113
100112
100111
100111
100110
100109
100108
100107
100106
100105
100104
100104
100104
100103
100102
100101
100101
100101
100100
100100
100099
100098
100098
100097
100096
100095
100094
100094
100093
100092
100092
100091
100091
100090
100089
100088
100087
100086
100085
100084
100084
100084
100083
100082
100081
100080
100080
100080
100079
100078
100077
100076
100075
100075
100074
100074
100073
100072
100071
100070
100070
100070
100069
100068
100067
100066
100065
100065
100064
100063
100062
100061
100061
100060
100059
100058
100057
100057
100056
100055
100055
100055
100054
100053
100053
100052
100051
100050
100049
100048
100048
100048
100047
100046
100046
100045
100045
100045
100045
100044
100043
100043
100043
100042
100041
100041
100041
100041
100041
100040
100039
100039
100039
100038
100037
100036
100035
100034
100033
100032
100032
100031
100031
100030
100030
100029
100029
100028
100027
100026
100026
100026
100025
100024
100023
100022
100021
100021
100020
100020
100019
100019
100018
100017
100017
100017
100017
100016
100016
100016
100015
100014
100013
100012
100012
100011
100010
100009
100009
100008
100007
100006
100005
100005
100004
100003
100002
100002
100002
100002
100001
100000
100000
99999
99998
99997
99997
99996
99995
99994
99994
99994
99994
99993
99992
