142506
142505
142504
142504
142504
142504
142503
142502
142501
142500
142500
142499
142498
142497
142496
142495
142494
142493
142492
142491
142490
142489
142489
142488
142487
142486
142485
142484
142483
142483
142483
142482
142481
142480
142480
142479
142478
142478
142477
142477
142477
142476
142475
142474
142474
142473
142473
142473
142472
142471
142470
142470
142469
142468
142467
142467
142467
142466
142465
142464
142463
142463
142463
142463
142462
142461
142460
142460
142459
142458
142457
142456
142455
142454
142453
142453
142452
142451
142450
142450
142449
142449
142448
142448
142448
142447
142446
142445
142444
142443
142442
142441
142441
142440
142440
142440
142440
142439
142438
142437
142436
142435
142434
142433
142433
142433
142432
142431
142431
142431
142430
142429
142428
142428
142427
142426
142425
142424
142424
142423
142422
142421
142420
142419
142418
142418
142418
142418
142417
142417
142416
142416
142415
142414
142413
142412
142411
142410
142409
142409
142409
142408
142408
142407
142406
142405
142404
142404
142403
142402
142402
142402
142401
142400
142399
142399
142398
142398
142397
142397
142396
142395
142394
142393
142392
142391
142390
142390
142390
142389
142389
142388
142387
142386
142385
142384
142383
142382
142381
142380
142380
142380
142379
142378
142377
142376
142376
142375
142374
142374
142373
142372
142371
142371
142370
142369
142368
142367
142366
142366
142365
142364
142363
142362
142362
142361
142361
142360
142360
142359
142358
142358
142357
142357
142356
142355
142354
142353
142353
142353
142352
142351
142350
142349
142348
142347
142346
142346
142346
142346
142346
142346
142345
142345
142345
142345
142345
142344
142343
142342
142342
142341
142340
142340
142339
142338
142337
142336
142335
142334
142333
142332
142331
142330
142329
142328
142327
142326
142325
142324
142324
142323
142322
142321
142320
142320
142319
142319
142319
142318
142317
142316
142315
142315
142314
142313
142312
142311
142311
142311
142310
142309
142309
142308
142307
142307
142307
142306
142305
142304
142303
142302
142302
142301
142301
142300
142299
142299
142299
142299
142298
142298
142297
142297
142297
142297
142297
142296
142295
142294
142293
142293
142293
142292
142291
142291
142290
142289
142288
142287
142287
142286
142285
142284
142283
142282
142282
142281
142281
142281
142280
142279
142278
142277
142276
142275
142274
142273
142272
142271
142270
142269
142268
142267
142266
142265
142264
142264
142264
142264
142263
142262
142261
142260
142259
142258
142258
142257
142257
142256
142256
142255
142255
142254
142254
142254
142254
142254
142254
142254
142254
142253
142252
142251
142250
142249
142248
142247
142247
142246
142245
142245
142244
142244
142243
142242
142242
142241
142240
142239
142239
142238
142237
142236
142236
142235
142234
142233
142233
142232
142231
142230
142229
142228
142228
142227
142227
142226
142225
142225
142224
142223
142222
142221
142220
142219
142218
142217
142217
142216
142215
142215
142214
142213
142212
142211
142210
142210
142209
142209
142209
142208
142207
142206
142206
142205
142204
142203
142202
142201
142200
142199
142198
142197
142196
142195
142195
142194
142193
142192
142192
142192
142191
142190
142190
142190
142190
142190
142190
142189
142188
142188
142188
142188
142187
142186
142186
142186
142185
142184
142183
142182
142182
142182
142181
142180
142179
142179
142178
142177
142176
142175
142175
142174
142173
142172
142171
142170
142169
142168
142167
142166
142166
142165
142165
142164
142163
142162
142161
142160
142159
142158
142157
142157
142156
142155
142155
142155
142155
142155
142155
142154
142153
142152
142152
142151
142150
142149
142148
142147
142146
142145
142145
142145
142145
142144
142144
142143
142142
142141
142140
142139
142139
142138
142138
142137
142137
142136
142136
142135
142134
142134
142133
142133
142132
142132
142131
142130
142129
142128
142127
142126
142125
142125
142125
142125
142125
142124
142123
142122
142121
142121
142121
142121
142120
142119
142119
142118
142117
142116
142115
142115
142115
142115
142114
142114
142114
142113
142112
142111
142110
142109
142108
142107
142106
142105
142105
142105
142104
142103
142102
142101
142100
142099
142098
142097
142096
142095
142095
142095
142095
142094
142093
142092
142092
142091
142090
142089
142089
142089
142089
142088
142087
142086
142085
142084
142084
142083
142082
142081
142080
142080
142080
142079
142078
142077
142076
142076
142075
142074
142073
142072
142071
142070
142069
142068
142067
142066
142065
142064
142063
142062
142062
142061
142061
142061
142060
142059
142058
142058
142057
142056
142056
142055
142054
142053
142053
142052
142051
142050
142050
142049
142048
142047
142046
142046
142045
142044
142043
142043
142043
142042
142042
142041
142040
142039
142038
142037
142036
142036
142035
142035
142035
142034
142033
142033
142032
142031
142030
142029
142028
142027
142026
142026
142025
142024
142024
142024
142024
142024
142024
142024
142024
142024
142023
142023
142022
142021
142020
142019
142019
142019
142018
142017
142016
142016
142015
142015
142014
142013
142012
142011
142011
142011
142010
142010
142009
142008
142008
142007
142006
142005
142005
142004
142004
142003
142002
142001
142001
142000
141999
141998
141997
141997
141997
141997
141996
141995
141994
141993
141993
141992
141992
141991
141990
141990
141989
141989
141989
141988
141987
141986
141986
141986
141985
141985
141984
141983
141982
141981
141981
141980
141979
141978
141977
141977
141977
141976
141976
141975
141975
141974
141973
141972
141971
141970
141969
141968
141967
141966
141966
141965
141965
141964
141963
141962
141962
141962
141961
141961
141960
141959
141959
141958
141958
141958
141958
141957
141956
141955
141955
141954
141953
141952
141951
141950
141949
141948
141948
141947
141946
141945
141944
141943
141943
141942
141941
141941
141941
141941
141940
141939
141938
141938
141937
141936
141935
141935
141935
141934
141934
141934
141933
141933
141932
141931
141931
141930
141929
141928
141928
141928
141928
141927
141927
141926
141925
141924
141923
141922
141921
141920
141919
141918
141917
141916
141915
141915
141914
141914
141913
141912
141911
141910
141909
141908
141907
141907
141906
141905
141904
141903
141903
141903
141902
141902
141901
141900
141899
141898
141897
141896
141895
141894
141894
141893
141892
141891
141890
141889
141888
141887
141886
141885
141884
141883
141883
141883
141882
141881
141880
141879
141879
141879
141878
141878
141877
141877
141877
141877
141876
141875
141874
141874
141874
141873
141873
141872
141871
141871
141870
141869
141868
141867
141866
141865
141864
141863
141862
141862
141862
141861
141861
141860
141859
141858
141857
141857
141857
141856
141855
141854
141853
141853
141852
141852
141852
141851
141850
141849
141848
141847
141847
141847
141846
141846
141845
141844
141843
141843
141842
141841
141840
141839
141839
141839
141838
141837
141836
141835
141834
141833
141832
141831
141830
141829
141829
141829
141829
141829
141829
141828
141827
141827
141827
141826
141825
141825
141824
141823
141823
141822
141821
141820
141819
141818
141817
141816
141816
141815
141814
141813
141812
141811
141810
141810
141809
141808
141807
141806
141805
141805
141804
141804
141804
141803
141803
141802
141801
141800
141799
141798
141798
141798
141797
141797
141796
141795
141794
141793
141793
141792
141791
141790
141790
141789
141788
141787
141787
141787
141786
141786
141786
141785
141785
141784
141784
141784
141783
141783
141782
141781
141780
141779
141779
141779
141779
141779
141778
141777
141776
141775
141775
141775
141774
141774
141774
141774
141773
141773
141773
141772
141772
141772
141771
141770
141769
141768
141767
141767
141767
141766
141766
141766
141765
141764
141764
141763
141763
141762
141761
141760
141760
141759
141758
141758
141758
141757
141756
141755
141754
141754
141753
141753
141752
141751
141750
141749
141749
141748
141748
141748
141748
141748
141747
141747
141746
141746
141745
141745
141744
141744
141744
141743
141743
141742
141742
141741
141740
141739
141738
141737
141736
141735
141734
141733
141732
141731
141730
141729
141728
141727
141726
141726
141725
141725
141725
141724
141723
141723
141722
141721
141720
141720
141719
141718
141718
141718
141717
141716
141715
141714
141713
141712
141711
141710
141710
141709
141708
141707
141706
141705
141705
141705
141704
141703
141702
141701
141700
141699
141698
141698
141697
141696
141696
141696
141695
141694
141694
141694
141693
141692
141691
141691
141691
141690
141689
141688
141687
141687
141687
141686
141685
141685
141684
141683
141682
141681
141681
141681
141680
141679
141678
141677
141676
141675
141674
141674
141673
141673
141673
141673
141672
141671
141671
141670
141670
141669
141668
141668
141667
141666
141665
141664
141663
141662
141662
141662
141661
141660
141659
141658
141658
141657
141656
141656
141655
141654
141653
141653
141652
141651
141650
141649
141649
141648
141647
141647
141646
141645
141645
141644
141644
141643
141642
141642
141642
141641
141640
141639
141638
141637
141637
141636
141635
141634
141634
141633
141633
141632
141631
141630
141629
141628
141627
141626
141626
141625
141625
141625
141625
141624
141623
141622
141622
141621
141620
141619
141618
141617
141616
141615
141614
141613
141613
141613
141612
141611
141610
141610
141610
141609
141608
141607
141606
141605
141604
141604
141603
141602
141601
141600
141599
141598
141598
141598
141597
141597
141596
141595
141594
141594
141594
141594
141593
141593
141592
141592
141591
141590
141589
141588
141587
141586
141585
141584
141584
141583
141582
141582
141581
141580
141580
141579
141579
141578
141577
141576
141575
141574
141573
141573
141572
141571
141570
141569
141568
141568
141567
141567
141566
141565
141564
141563
141562
141561
141560
141559
141558
141558
141557
141556
141555
141554
141553
141553
141552
141552
141551
141551
141550
141549
141548
141547
141546
141545
141545
141545
141544
141543
141542
141542
141542
141542
141541
141540
141539
141539
141538
141537
141536
141536
141535
141534
141534
141534
141533
141532
141532
141531
141530
141529
141528
141528
141527
141526
141525
141524
141523
141522
141521
141521
141520
141520
141520
141519
141519
141519
141518
141518
141517
141517
141517
141516
141516
141516
141515
141514
141513
141512
141511
141510
141510
141509
141509
141509
141508
141508
141507
141506
141505
141504
141504
141503
141502
141501
141500
141500
141500
141499
141498
141497
141496
141496
141496
141495
141495
141494
141494
141493
141493
141492
141491
141490
141489
141488
141487
141486
141486
141485
141484
141483
141482
141481
141481
141480
141480
141479
141479
141479
141478
141478
141477
141476
141475
141474
141473
141472
141472
141471
141470
141469
141468
141467
141466
141466
141465
141464
141463
141462
141462
141461
141460
141460
141459
141458
141457
141456
141456
141455
141454
141454
141453
141452
141452
141451
141450
141449
141448
141447
141446
141445
141444
141444
141443
141443
141442
141441
141440
141439
141438
141437
141436
141435
141434
141433
141433
141433
141432
141431
141431
141430
141429
141429
141428
141427
141426
141426
141426
141426
141426
141425
141424
141423
141422
141421
141420
141419
141419
141418
141418
141417
141417
141416
141415
141414
141413
141412
141411
141411
141411
141411
141411
141411
141410
141409
141408
141407
141406
141405
141405
141405
141405
141404
141403
141403
141402
141402
141401
141400
141399
141398
141397
141396
141395
141394
141393
141392
141391
141390
141389
141388
141387
141386
141385
141384
141383
141382
141382
141381
141380
141380
141379
141379
141378
141377
141376
141376
141375
141375
141374
141374
141373
141372
141371
141371
141370
141369
141368
141367
141367
141366
141366
141365
141364
141363
141362
141361
141360
141360
141359
141358
141357
141357
141357
141356
141355
141355
141354
141353
141352
141351
141351
141351
141350
141349
141348
141347
141346
141345
141345
141344
141343
141343
141342
141341
141341
141341
141340
141340
141339
141338
141338
141338
141337
141336
141335
141334
141334
141333
141332
141331
141331
141330
141329
141328
141327
141327
141326
141325
141324
141323
141322
141321
141320
141319
141319
141319
141318
141317
141317
141316
141315
141315
141314
141313
141312
141311
141310
141309
141308
141307
141306
141305
141304
141303
141303
141302
141301
141300
141299
141298
141297
141297
141296
141295
141294
141293
141292
141291
141290
141290
141290
141289
141288
141287
141286
141285
141284
141284
141283
141282
141281
141280
141280
141280
141280
141279
141278
141277
141276
141275
141274
141274
141274
141274
141273
141272
141271
141270
141269
141269
141268
141268
141267
141267
141266
141266
141265
141265
141264
141263
141262
141261
141260
141259
141258
141257
141256
141255
141254
141253
141252
141251
141250
141249
141248
141247
141246
141246
141245
141245
141244
141243
141242
141241
141241
141240
141239
141238
141237
141236
141235
141235
141235
141234
141233
141233
141232
141232
141232
141231
141230
141229
141229
141228
141227
141227
141226
141225
141225
141224
141223
141222
141221
141220
141219
141219
141218
141217
141216
141215
141215
141214
141213
141212
141212
141211
141210
141209
141208
141207
141207
141206
141205
141204
141204
141203
141202
141201
141200
141200
141200
141200
141199
141198
141197
141196
141196
141195
141194
141194
141193
141193
141193
141192
141192
141192
141191
141190
141190
141189
141188
141188
141187
141187
141187
141186
141185
141184
141183
141182
141182
141182
141182
141181
141181
141180
141179
141178
141177
141176
141175
141174
141173
141173
141172
141171
141171
141170
141169
141169
141168
141168
141167
141166
141165
141164
141163
141162
141161
141160
141159
141158
141158
141157
141157
141156
141155
141154
141154
141153
141152
141151
141150
141149
141148
141148
141147
141147
141146
141145
141144
141143
141142
141141
141141
141140
141139
141138
141137
141136
141136
141135
141135
141134
141133
141133
141132
141132
141131
141131
141130
141130
141130
141130
141130
141130
141129
141128
141128
141127
141126
141125
141125
141125
141124
141123
141123
141123
141122
141122
141122
141121
141120
141119
141118
141117
141117
141116
141115
141114
141113
141112
141112
141111
141110
141109
141108
141107
141106
141105
141104
141103
141102
141101
141101
141101
141100
141099
141099
141098
141097
141096
141095
141094
141094
141093
141092
141091
141090
141089
141088
141087
141086
141085
141084
141083
141083
141082
141082
141082
141081
141080
141079
141078
141077
141076
141075
141075
141074
141073
141072
141071
141070
141070
141069
141068
141068
141067
141066
141065
141064
141063
141062
141061
141060
141060
141059
141058
141057
141057
141056
141056
141056
141055
141054
141053
141052
141051
141051
141050
141049
141049
141048
141048
141048
141048
141048
141048
141047
141047
141046
141045
141045
141044
141044
141044
141043
141042
141041
141040
141039
141038
141038
141037
141037
141036
141035
141034
141034
141033
141032
141032
141031
141030
141029
141028
141028
141027
141026
141025
141024
141023
141022
141022
141021
141020
141019
141019
141019
141018
141017
141016
141015
141015
141015
141014
141013
141013
141012
141012
141011
141010
141009
141008
141007
141006
141005
141004
141003
141003
141002
141001
141000
140999
140999
140998
140997
140997
140996
140995
140994
140993
140993
140992
140991
140991
140990
140989
140988
140988
140988
140987
140986
140986
140985
140984
140983
140983
140983
140982
140981
140980
140979
140978
140978
140978
140978
140978
140978
140978
140977
140976
140976
140975
140975
140974
140973
140973
140972
140971
140970
140969
140969
140969
140968
140967
140967
140967
140967
140966
140965
140964
140964
140963
140962
140961
140960
140959
140958
140957
140956
140955
140954
140953
140953
140952
140952
140951
140950
140949
140949
140949
140948
140947
140946
140945
140945
140944
140943
140943
140942
140941
140940
140939
140939
140939
140938
140937
140936
140935
140935
140934
140933
140932
140932
140931
140930
140929
140928
140927
140926
140925
140925
140925
140924
140923
140922
140922
140922
140921
140920
140919
140919
140919
140918
140917
140917
140916
140915
140914
140913
140912
140911
140910
140909
140908
140907
140906
140905
140904
140903
140902
140901
140900
140899
140898
140898
140897
140896
140895
140894
140893
140892
140891
140890
140889
140888
140888
140888
140887
140887
140886
140885
140884
140883
140882
140881
140880
140879
140878
140878
140877
140876
140875
140874
140873
140872
140872
140871
140870
140869
140869
140868
140867
140867
140866
140865
140864
140863
140862
140861
140860
140859
140859
140858
140858
140857
140856
140856
140856
140856
140855
140854
140854
140853
140852
140851
140850
140849
140848
140847
140846
140845
140845
140844
140843
140842
140841
140841
140840
140839
140838
140837
140836
140835
140835
140834
140833
140833
140832
140831
140831
140830
140829
140829
140828
140828
140827
140827
140826
140825
140825
140824
140823
140822
140822
140821
140821
140822
140822
140821
140820
140819
140818
140818
140818
140818
140817
140816
140815
140814
140813
140812
140811
140811
140810
140809
140808
140808
140807
140806
140805
140804
140804
140803
140802
140801
140800
140799
140799
140799
140798
140797
140796
140795
140795
140794
140793
140792
140791
140790
140790
140789
140788
140788
140788
140788
140787
140787
140787
140786
140785
140785
140785
140784
140784
140783
140782
140781
140780
140779
140779
140778
140778
140778
140778
140777
140777
140776
140776
140775
140775
140775
140775
140774
140773
140772
140771
140771
140770
140769
140768
140767
140766
140766
140766
140765
140764
140764
140764
140763
140763
140763
140762
140761
140760
140759
140758
140758
140757
140757
140756
140755
140754
140753
140752
140751
140751
140751
140750
140749
140749
140748
140748
140748
140747
140746
140745
140745
140744
140743
140743
140742
140741
140740
140739
140739
140738
140738
140737
140736
140735
140735
140734
140734
140733
140732
140732
140731
140730
140729
140728
140728
140727
140726
140725
140724
140723
140722
140722
140722
140721
140721
140721
140720
140719
140718
140718
140718
140717
140716
140715
140714
140713
140712
140712
140712
140711
140711
140710
140710
140709
140708
140708
140707
140707
140706
140706
140705
140705
140705
140704
140704
140703
140703
140702
140701
140701
140700
140699
140698
140698
140697
140696
140696
140696
140695
140694
140693
140692
140691
140691
140690
140690
140689
140688
140687
140686
140686
140685
140684
140683
140682
140682
140682
140681
140681
140681
140680
140680
140680
140680
140679
140678
140677
140677
140676
140675
140674
140673
140672
140671
140670
140669
140668
140667
140667
140666
140666
140665
140664
140663
140662
140661
140660
140659
140658
140657
140656
140655
140654
140653
140652
140652
140652
140651
140651
140651
140650
140650
140649
140648
140648
140648
140647
140646
140645
140645
140644
140643
140643
140643
140642
140641
140640
140639
140638
140637
140637
140637
140637
140637
140637
140636
140635
140634
140634
140633
140633
140633
140633
140632
140631
140631
140630
140629
140629
140628
140628
140628
140627
140626
140626
140625
140624
140623
140622
140622
140621
140621
140621
140621
140620
140619
140619
140618
140617
140616
140615
140614
140613
140612
140611
140610
140610
140609
140609
140608
140608
140607
140606
140606
140605
140605
140604
140604
140603
140603
140602
140601
140601
140600
140599
140599
140598
140597
140596
140595
140594
140593
140593
140592
140591
140590
140589
140588
140588
140588
140587
140587
140586
140585
140584
140583
140582
140581
140580
140579
140579
140578
140577
140577
140577
140576
140576
140575
140574
140573
140572
140571
140570
140570
140569
140569
140568
140567
140566
140566
140565
140564
140564
140563
140562
140561
140560
140559
140559
140558
140557
140556
140555
140554
140553
140552
140552
140552
140552
140552
140551
140550
140550
140550
140549
140548
140547
140546
140545
140544
140543
140542
140541
140541
140540
140539
140539
140538
140538
140538
140538
140537
140536
140535
140534
140534
140533
140532
140531
140530
140529
140528
140527
140526
140526
140525
140524
140523
140522
140521
140521
140520
140519
140518
140518
140517
140517
140517
140516
140515
140514
140513
140512
140511
140511
140511
140510
140509
140509
140508
140508
140507
140506
140505
140505
140504
140503
140502
140501
140501
140500
140500
140499
140498
140497
140497
140497
140496
140495
140494
140493
140492
140491
140490
140490
140489
140488
140487
140487
140487
140487
140486
140485
140484
140484
140483
140482
140481
140480
140480
140479
140479
140479
140479
140478
140477
140476
140475
140475
140475
140474
140473
140472
140471
140471
140471
140470
140469
140469
140468
140468
140468
140468
140468
140468
140468
140467
140466
140466
140465
140465
140464
140463
140463
140462
140462
140461
140460
140459
140458
140458
140457
140456
140456
140455
140455
140454
140454
140453
140452
140451
140450
140450
140449
140448
140447
140446
140445
140444
140443
140443
140442
140441
140441
140440
140440
140439
140438
140437
140436
140435
140434
140433
140432
140432
140432
140431
140430
140429
140428
140427
140426
140426
140425
140424
140423
140422
140421
140420
140419
140418
140417
140416
140415
140414
140413
140412
140411
140410
140409
140408
140407
140407
140406
140406
140405
140404
140403
140402
140401
140400
140399
140398
140397
140396
140395
140394
140393
140392
140391
140391
140391
140391
140391
140390
140390
140389
140388
140387
140386
140385
140385
140384
140383
140383
140382
140382
140381
140380
140379
140378
140378
140377
140376
140375
140374
140373
140373
140373
140372
140371
140371
140371
140370
140369
140368
140367
140366
140365
140364
140363
140363
140362
140361
140360
140359
140359
140359
140358
140358
140357
140356
140355
140354
140353
140352
140351
140351
140350
140349
140348
140348
140348
140347
140347
140346
140345
140344
140343
140343
140342
140341
140340
140339
140338
140337
140336
140336
140335
140334
140333
140333
140333
140333
140332
140332
140332
140332
140331
140330
140329
140328
140328
140328
140327
140327
140326
140325
140324
140324
140323
140322
140322
140321
140320
140319
140318
140318
140317
140316
140315
140314
140313
140312
140311
140310
140309
140308
140307
140306
140305
140304
140303
140302
140301
140300
140299
140298
140297
140297
140296
140296
140295
140294
140293
140293
140292
140292
140292
140291
140291
140291
140290
140289
140289
140288
140288
140287
140286
140286
140286
140285
140285
140284
140283
140283
140282
140281
140280
140280
140279
140278
140278
140277
140277
140276
140275
140275
140274
140273
140272
140272
140271
140270
140269
140268
140268
140267
140266
140265
140264
140264
140263
140263
140262
140261
140260
140259
140259
140258
140257
140256
140256
140255
140254
140254
140253
140252
140252
140251
140251
140250
140250
140249
140248
140247
140247
140247
140246
140245
140245
140245
140244
140243
140243
140242
140242
140241
140240
140240
140240
140239
140239
140238
140237
140237
140236
140235
140235
140234
140233
140232
140232
140232
140231
140230
140230
140230
140229
140229
140228
140227
140226
140225
140225
140224
140223
140222
140221
140220
140220
140220
140219
140219
140218
140217
140216
140215
140214
140213
140212
140211
140210
140210
140210
140210
140209
140208
140208
140207
140207
140207
140206
140206
140205
140205
140205
140204
140203
140202
140202
140201
140201
140200
140200
140200
140199
140199
140198
140197
140196
140195
140194
140193
140192
140192
140192
140191
140191
140190
140190
140190
140189
140188
140187
140186
140186
140185
140184
140183
140182
140181
140180
140180
140180
140179
140179
140179
140179
140179
140178
140177
140177
140177
140176
140175
140174
140173
140172
140172
140171
140171
140170
140169
140169
140168
140167
140167
140166
140166
140165
140165
140164
140163
140162
140161
140160
140159
140158
140157
140156
140155
140154
140154
140154
140153
140153
140153
140152
140151
140151
140150
140149
140148
140148
140147
140147
140146
140145
140145
140144
140143
140143
140142
140141
140141
140140
140139
140139
140138
140138
140137
140136
140135
140134
140133
140132
140131
140130
140130
140129
140129
140128
140127
140126
140125
140124
140123
140123
140123
140122
140121
140121
140121
140121
140120
140120
140120
140120
140119
140118
140118
140117
140116
140115
140114
140113
140112
140111
140110
140109
140108
140108
140107
140107
140107
140107
140106
140106
140106
140105
140104
140103
140102
140101
140100
140099
140098
140097
140096
140096
140095
140095
140095
140095
140094
140093
140092
140092
140091
140091
140090
140090
140089
140088
140087
140087
140087
140086
140086
140086
140085
140084
140084
140083
140082
140081
140080
140079
140079
140078
140077
140076
140075
140074
140073
140072
140072
140071
140070
140069
140068
140067
140067
140066
140065
140064
140064
140063
140062
140061
140060
140059
140058
140057
140057
140056
140055
140054
140053
140052
140051
140051
140051
140050
140049
140049
140049
140048
140048
140047
140046
140046
140045
140045
140044
140043
140042
140041
140040
140039
140039
140039
140038
140037
140036
140035
140034
140033
140032
140031
140031
140030
140030
140029
140029
140028
140027
140026
140025
140024
140024
140023
140022
140021
140021
140020
140020
140019
140019
140018
140017
140016
140015
140014
140013
140012
140012
140011
140010
140010
140009
140009
140008
140007
140006
140006
140006
140005
140004
140003
140002
140001
140000
140000
140000
140000
139999
139998
139997
139997
139996
139995
139994
139994
139993
139993
139992
139991
139990
139989
139988
139987
139986
139985
139984
139983
139983
139983
139982
139981
139981
139980
139980
139980
139980
139980
139979
139978
139978
139977
139977
139976
139976
139975
139974
139974
139974
139974
139974
139973
139972
139971
139970
139970
139969
139968
139967
139967
139966
139965
139964
139963
139963
139962
139962
139961
139961
139960
139959
139958
139957
139956
139956
139955
139955
139954
139954
139953
139953
139953
139952
139951
139951
139951
139951
139951
139950
139950
139950
139949
139948
139948
139948
139947
139947
139946
139945
139945
139944
139943
139943
139942
139942
139941
139940
139939
139938
139937
139936
139936
139935
139934
139933
139933
139933
139932
139931
139931
139930
139929
139928
139928
139927
139926
139925
139924
139923
139923
139922
139921
139920
139919
139919
139918
139917
139916
139916
139915
139914
139914
139913
139913
139913
139912
139911
139910
139909
139908
139907
139907
139907
139907
139907
139907
139906
139905
139904
139903
139902
139902
139901
139900
139900
139899
139899
139898
139897
139896
139895
139894
139893
139892
139892
139891
139890
139889
139889
139888
139887
139887
139886
139885
139884
139883
139882
139881
139881
139881
139880
139879
139878
139878
139878
139877
139876
139875
139875
139875
139875
139875
139874
139873
139873
139872
139871
139870
139870
139870
139870
139870
139869
139868
139867
139866
139866
139866
139866
139866
139865
139865
139864
139863
139862
139862
139861
139860
139860
139859
139858
139857
139857
139857
139856
139855
139854
139853
139853
139852
139851
139850
139850
139849
139848
139847
139846
139845
139844
139843
139842
139842
139842
139841
139840
139840
139840
139839
139839
139838
139838
139837
139836
139835
139834
139834
139834
139833
139833
139832
139832
139831
139831
139830
139830
139830
139829
139828
139828
139827
139827
139826
139825
139824
139823
139822
139822
139822
139821
139820
139819
139818
139817
139816
139815
139814
139813
139812
139811
139811
139810
139809
139808
139807
139806
139805
139805
139805
139804
139803
139802
139802
139801
139800
139799
139798
139797
139796
139795
139794
139793
139792
139791
139790
139789
139789
139788
139788
139788
139787
139786
139785
139784
139783
139782
139781
139780
139779
139778
139778
139777
139777
139777
139776
139776
139776
139775
139774
139774
139773
139772
139771
139771
139771
139771
139770
139769
139769
139769
139768
139767
139766
139766
139765
139764
139764
139764
139763
139762
139761
139760
139760
139760
139759
139759
139759
139758
139757
139756
139755
139754
139753
139752
139751
139751
139751
139750
139749
139748
139747
139746
139746
139745
139744
139743
139742
139742
139742
139742
139741
139740
139739
139739
139739
139739
139738
139737
139736
139735
139735
139734
139734
139734
139734
139734
139733
139733
139732
139732
139732
139731
139731
139730
139729
139729
139728
139727
139726
139726
139726
139725
139724
139724
139723
139722
139721
139721
139720
139720
139719
139719
139719
139718
139717
139716
139716
139715
139715
139715
139714
139714
139713
139712
139711
139711
139710
139709
139709
139708
139707
139707
139706
139705
139704
139703
139702
139701
139700
139699
139699
139699
139699
139699
139698
139697
139696
139695
139695
139694
139694
139694
139693
139692
139692
139691
139690
139689
139688
139687
139686
139686
139685
139684
139683
139682
139682
139681
139680
139679
139679
139678
139678
139678
139678
139677
139676
139675
139675
139675
139675
139674
139673
139672
139672
139671
139671
139671
139671
139671
139671
139671
139670
139670
139669
139668
139668
139667
139666
139665
139664
139663
139662
139661
139660
139659
139658
139657
139657
139657
139657
139657
139656
139655
139654
139654
139654
139653
139652
139652
139651
139650
139650
139649
139648
139648
139647
139647
139646
139646
139646
139646
139645
139644
139643
139642
139642
139641
139641
139641
139640
139639
139639
139639
139639
139639
139638
139638
139637
139636
139635
139634
139633
139632
139631
139631
139630
139630
139629
139628
139627
139626
139625
139624
139624
139624
139623
139622
139622
139621
139620
139619
139618
139617
139616
139615
139614
139613
139612
139612
139612
139611
139611
139611
139611
139610
139609
139608
139607
139606
139605
139604
139604
139603
139603
139602
139601
139600
139599
139598
139598
139598
139597
139596
139595
139594
139593
139593
139593
139592
139591
139591
139590
139589
139588
139587
139586
139585
139584
139583
139582
139582
139582
139581
139581
139580
139579
139579
139578
139577
139576
139576
139575
139574
139573
139573
139572
139572
139571
139571
139570
139570
139569
139568
139568
139567
139567
139566
139565
139564
139563
139562
139562
139562
139561
139560
139559
139558
139558
139557
139556
139555
139554
139553
139553
139553
139552
139551
139551
139550
139550
139549
139548
139548
139547
139546
139546
139546
139546
139545
139544
139543
139543
139543
139542
139541
139540
139540
139539
139539
139538
139538
139537
139536
139535
139534
139534
139533
139532
139531
139530
139530
139529
139528
139528
139527
139526
139526
139526
139525
139524
139523
139523
139523
139523
139523
139522
139522
139521
139520
139519
139518
139518
139517
139516
139515
139514
139514
139513
139512
139512
139512
139511
139510
139509
139508
139507
139506
139505
139505
139504
139503
139503
139502
139501
139500
139499
139499
139499
139499
139498
139497
139496
139495
139494
139493
139492
139491
139491
139490
139489
139488
139488
139487
139486
139485
139484
139483
139483
139482
139482
139481
139481
139480
139479
139478
139478
139477
139476
139475
139475
139475
139474
139474
139474
139473
139473
139472
139471
139470
139469
139468
139467
139466
139465
139465
139464
139464
139463
139463
139462
139461
139461
139460
139459
139458
139457
139456
139456
139455
139455
139454
139453
139452
139452
139451
139450
139450
139449
139448
139448
139447
139446
139445
139444
139443
139442
139441
139440
139440
139439
139438
139437
139437
139436
139436
139435
139434
139433
139432
139432
139431
139431
139430
139430
139429
139428
139428
139427
139426
139426
139425
139424
139424
139423
139423
139422
139421
139420
139419
139418
139417
139416
139415
139415
139415
139415
139414
139414
139413
139413
139412
139411
139410
139409
139408
139407
139408
139407
139406
139405
139404
139403
139402
139401
139400
139399
139398
139397
139397
139396
139396
139396
139395
139394
139394
139393
139393
139392
139392
139391
139391
139391
139391
139390
139390
139390
139389
139389
139388
139388
139388
139387
139386
139386
139385
139384
139384
139383
139382
139381
139381
139381
139381
139380
139380
139379
139378
139378
139377
139376
139375
139374
139374
139373
139372
139371
139370
139369
139368
139367
139367
139367
139367
139366
139365
139364
139363
139363
139362
139361
139360
139360
139360
139360
139359
139358
139358
139357
139357
139356
139355
139354
139354
139353
139352
139351
139350
139349
139348
139348
139347
139346
139346
139346
139345
139344
139343
139342
139342
139342
139341
139340
139339
139338
139337
139336
139336
139335
139334
139333
139333
139332
139331
139330
139330
139329
139328
139327
139326
139325
139325
139325
139324
139324
139323
139322
139321
139320
139319
139319
139318
139318
139318
139318
139317
139316
139315
139315
139314
139314
139313
139313
139312
139311
139310
139309
139309
139309
139309
139308
139307
139307
139306
139305
139305
139304
139303
139302
139301
139300
139299
139299
139298
139297
139296
139295
139294
139293
139293
139292
139291
139291
139290
139289
139289
139288
139287
139287
139287
139287
139286
139286
139285
139285
139284
139283
139283
139282
139281
139280
139280
139279
139279
139278
139277
139276
139275
139274
139274
139274
139274
139274
139274
139274
139273
139272
139271
139271
139270
139269
139268
139267
139267
139267
139267
139266
139265
139264
139264
139263
139263
139262
139261
139260
139259
139258
139257
139256
139255
139254
139253
139252
139251
139250
139250
139249
139248
139247
139246
139245
139244
139243
139243
139243
139242
139242
139242
139241
139240
139239
139239
139238
139237
139236
139236
139235
139234
139233
139232
139232
139232
139232
139232
139231
139231
139230
139230
139230
139229
139229
139229
139228
139228
139227
139226
139225
139224
139224
139223
139223
139223
139222
139221
139220
139220
139219
139218
139217
139216
139216
139215
139215
139214
139213
139212
139212
139211
139211
139211
139210
139209
139209
139209
139209
139208
139207
139207
139206
139205
139204
139203
139203
139202
139201
139201
139200
139200
139200
139199
139199
139198
139198
139197
139196
139195
139194
139193
139193
139192
139192
139192
139191
139190
139189
139188
139187
139186
139185
139184
139183
139182
139182
139181
139180
139179
139179
139178
139177
139177
139177
139176
139175
139174
139174
139173
139172
139171
139170
139170
139169
139168
139168
139167
139167
139166
139165
139164
139163
139163
139162
139162
139161
139160
139160
139159
139158
139157
139157
139156
139155
139154
139154
139153
139152
139151
139151
139150
139149
139149
139149
139149
139149
139148
139148
139147
139146
139145
139144
139143
139143
139142
139141
139140
139140
139139
139138
139137
139136
139136
139135
139134
139134
139133
139132
139132
139132
139131
139130
139129
139128
139127
139126
139125
139125
139124
139123
139122
139121
139121
139120
139120
139119
139118
139117
139117
139116
139116
139115
139115
139114
139113
139112
139111
139110
139110
139109
139109
139108
139108
139107
139106
139105
139104
139103
139102
139101
139101
139100
139099
139098
139097
139096
139095
139094
139094
139094
139094
139093
139092
139091
139090
139090
139090
139090
139090
139090
139089
139088
139087
139086
139085
139084
139083
139082
139082
139081
139081
139080
139079
139078
139077
139077
139076
139075
139075
139075
139074
139073
139072
139072
139071
139070
139069
139068
139067
139066
139066
139065
139064
139063
139063
139062
139061
139060
139059
139058
139058
139058
139058
139057
139057
139056
139056
139055
139055
139055
139054
139054
139054
139054
139053
139052
139052
139051
139051
139050
139049
139049
139048
139047
139046
139045
139045
139044
139043
139042
139041
139040
139039
139039
139038
139037
139036
139035
139034
139034
139033
139032
139031
139031
139031
139030
139029
139028
139028
139027
139026
139026
139025
139024
139023
139022
139021
139020
139020
139019
139018
139018
