132080
132080
132079
132079
132079
132079
132079
132079
132078
132078
132077
132076
132075
132074
132074
132073
132072
132072
132071
132070
132069
132068
132067
132066
132065
132064
132064
132063
132063
132063
132062
132061
132060
132060
132060
132059
132059
132059
132058
132057
132056
132055
132054
132053
132052
132051
132050
132050
132050
132049
132048
132047
132047
132046
132045
132044
132043
132042
132042
132041
132040
132039
132038
132037
132036
132035
132034
132033
132033
132033
132032
132031
132030
132029
132029
132028
132027
132026
132026
132025
132024
132023
132023
132022
132021
132020
132019
132019
132018
132017
132016
132015
132014
132013
132012
132012
132011
132010
132010
132010
132009
132008
132007
132006
132006
132006
132005
132004
132003
132002
132001
132000
131999
131998
131997
131996
131996
131995
131994
131993
131992
131992
131991
131990
131989
131988
131988
131987
131986
131985
131985
131985
131984
131984
131983
131982
131982
131981
131981
131980
131979
131978
131977
131976
131975
131974
131973
131972
131971
131970
131969
131968
131967
131967
131966
131965
131964
131965
131964
131964
131963
131962
131962
131961
131960
131959
131958
131957
131956
131955
131954
131953
131952
131951
131950
131949
131949
131948
131947
131946
131945
131944
131944
131943
131942
131941
131940
131939
131939
131938
131938
131937
131936
131935
131934
131933
131932
131931
131930
131929
131929
131928
131927
131926
131925
131925
131924
131923
131923
131922
131921
131921
131920
131919
131918
131917
131916
131915
131914
131914
131914
131913
131912
131911
131911
131910
131909
131908
131907
131906
131905
131904
131904
131903
131902
131901
131901
131901
131900
131899
131898
131898
131897
131896
131895
131894
131894
131893
131892
131891
131890
131889
131889
131888
131887
131886
131885
131884
131883
131882
131881
131881
131881
131880
131879
131879
131878
131877
131876
131875
131874
131874
131873
131872
131871
131871
131871
131871
131871
131871
131870
131869
131868
131868
131867
131866
131865
131864
131863
131862
131862
131861
131861
131861
131860
131859
131858
131857
131856
131855
131855
131854
131854
131853
131853
131853
131852
131851
131851
131851
131850
131849
131848
131847
131846
131845
131845
131844
131843
131843
131842
131841
131841
131840
131840
131839
131839
131839
131839
131838
131837
131836
131836
131836
131836
131835
131834
131834
131833
131832
131832
131831
131830
131830
131829
131830
131830
131829
131828
131827
131826
131825
131824
131823
131822
131821
131820
131819
131818
131817
131816
131815
131814
131813
131812
131811
131811
131810
131809
131809
131809
131808
131807
131806
131805
131804
131803
131803
131802
131802
131801
131801
131800
131800
131800
131800
131799
131798
131797
131796
131796
131795
131794
131793
131793
131792
131792
131791
131791
131790
131790
131789
131788
131788
131788
131788
131788
131787
131786
131786
131785
131784
131783
131782
131781
131780
131779
131778
131777
131776
131775
131774
131773
131773
131772
131771
131771
131771
131771
131770
131770
131769
131768
131767
131766
131765
131764
131764
131763
131762
131761
131761
131761
131761
131761
131760
131759
131758
131757
131757
131756
131755
131755
131754
131753
131752
131751
131750
131749
131748
131748
131747
131747
131747
131747
131746
131746
131745
131745
131744
131744
131744
131744
131743
131743
131742
131741
131740
131740
131740
131740
131739
131739
131738
131737
131736
131735
131735
131734
131733
131732
131732
131731
131730
131729
131728
131728
131728
131727
131727
131726
131726
131726
131725
131724
131723
131722
131721
131721
131720
131720
131719
131718
131718
131718
131718
131717
131717
131716
131715
131714
131714
131714
131713
131712
131711
131710
131709
131708
131707
131706
131706
131705
131704
131704
131703
131702
131701
131700
131699
131698
131698
131698
131697
131696
131696
131695
131695
131694
131694
131693
131692
131691
131690
131689
131688
131687
131686
131686
131685
131684
131683
131682
131681
131680
131680
131679
131679
131678
131678
131677
131676
131675
131674
131673
131673
131673
131673
131672
131671
131670
131670
131670
131670
131670
131670
131669
131668
131667
131666
131666
131665
131664
131664
131663
131662
131661
131661
131660
131659
131658
131657
131656
131656
131656
131656
131655
131654
131653
131652
131652
131652
131651
131650
131649
131648
131647
131646
131645
131644
131644
131643
131643
131642
131642
131641
131641
131640
131639
131638
131637
131636
131636
131636
131635
131634
131633
131632
131632
131631
131631
131630
131629
131628
131627
131627
131626
131626
131625
131624
131623
131622
131621
131621
131620
131619
131619
131618
131618
131617
131616
131615
131615
131614
131614
131613
131613
131612
131611
131610
131610
131609
131608
131608
131607
131606
131605
131604
131603
131602
131602
131601
131600
131599
131598
131597
131596
131596
131596
131595
131595
131594
131593
131592
131592
131591
131591
131590
131590
131589
131588
131587
131586
131586
131585
131585
131584
131583
131582
131581
131581
131580
131580
131580
131579
131579
131578
131577
131577
131576
131575
131575
131574
131574
131573
131573
131572
131572
131571
131570
131569
131568
131567
131566
131566
131565
131565
131564
131564
131563
131562
131561
131560
131559
131559
131558
131558
131557
131557
131556
131556
131555
131554
131553
131552
131551
131550
131550
131549
131549
131549
131548
131547
131546
131545
131545
131545
131544
131544
131543
131542
131541
131541
131541
131540
131540
131540
131539
131539
131538
131537
131536
131536
131535
131534
131533
131533
131532
131531
131530
131529
131528
131527
131526
131526
131526
131525
131525
131524
131523
131522
131521
131520
131519
131518
131517
131516
131515
131514
131513
131512
131511
131511
131510
131510
131510
131510
131509
131508
131508
131507
131506
131506
131506
131506
131505
131504
131503
131502
131501
131501
131500
131500
131499
131498
131498
131497
131496
131496
131495
131494
131493
131492
131491
131491
131490
131490
131489
131489
131488
131487
131486
131486
131486
131485
131484
131483
131483
131482
131481
131480
131479
131479
131478
131477
131476
131476
131476
131475
131474
131473
131473
131473
131472
131471
131471
131470
131469
131468
131468
131467
131467
131466
131466
131466
131465
131465
131465
131464
131463
131463
131462
131461
131461
131460
131460
131459
131459
131458
131458
131458
131457
131456
131455
131454
131453
131452
131452
131451
131450
131449
131448
131448
131447
131446
131446
131445
131444
131443
131442
131441
131440
131439
131438
131437
131436
131436
131435
131434
131433
131432
131431
131430
131429
131429
131428
131427
131427
131426
131425
131424
131424
131424
131423
131422
131421
131421
131420
131420
131419
131419
131418
131417
131417
131416
131415
131414
131413
131413
131413
131412
131411
131411
131411
131410
131410
131409
131409
131408
131407
131407
131406
131405
131404
131403
131402
131402
131401
131401
131401
131400
131400
131399
131398
131397
131396
131395
131394
131393
131392
131391
131390
131390
131389
131388
131387
131386
131385
131385
131384
131383
131383
131383
131382
131382
131381
131380
131379
131378
131377
131376
131376
131375
131374
131373
131372
131371
131370
131369
131368
131368
131368
131368
131367
131367
131367
131366
131365
131365
131364
131363
131362
131362
131362
131362
131361
131361
131361
131361
131361
131360
131359
131359
131359
131359
131358
131358
131357
131357
131357
131356
131355
131355
131355
131355
131354
131353
131352
131351
131350
131349
131349
131348
131347
131347
131346
131346
131346
131345
131344
131344
131343
131342
131341
131340
131339
131338
131338
131337
131336
131336
131336
131335
131335
131334
131334
131333
131333
131332
131332
131332
131331
131331
131330
131330
131330
131329
131328
131327
131327
131326
131325
131325
131325
131324
131323
131322
131321
131320
131319
131318
131317
131316
131315
131315
131314
131313
131312
131311
131310
131309
131308
131307
131307
131306
131305
131305
131304
131303
131303
131302
131301
131300
131299
131299
131298
131297
131297
131296
131295
131294
131293
131292
131291
131290
131289
131288
131287
131287
131286
131285
131284
131284
131283
131282
131281
131281
131280
131280
131280
131280
131279
131278
131278
131277
131276
131276
131275
131274
131274
131273
131273
131272
131271
131270
131269
131268
131267
131266
131265
131264
131263
131263
131262
131261
131260
131259
131258
131257
131256
131256
131256
131255
131254
131254
131253
131253
131252
131251
131250
131249
131248
131247
131247
131246
131246
131245
131244
131243
131242
131241
131241
131240
131239
131239
131238
131237
131236
131235
131234
131233
131232
131231
131230
131229
131229
131228
131227
131226
131225
131225
131224
131223
131223
131222
131221
131220
131219
131218
131217
131216
131216
131215
131215
131214
131213
131213
131212
131211
131211
131210
131209
131208
131207
131207
131207
131206
131206
131205
131204
131203
131203
131202
131202
131201
131200
131199
131198
131197
131196
131195
131194
131194
131193
131192
131191
131190
131189
131189
131188
131187
131186
131185
131184
131183
131183
131182
131181
131180
131179
131178
131177
131176
131175
131174
131173
131172
131171
131170
131169
131169
131168
131167
131167
131166
131166
131165
131164
131163
131162
131161
131160
131160
131159
131158
131157
131156
131155
131155
131154
131153
131152
131152
131152
131152
131151
131151
131150
131149
131148
131148
131147
131146
131145
131144
131143
131143
131142
131141
131140
131139
131138
131138
131138
131137
131136
131136
131135
131135
131134
131133
131132
131131
131131
131131
131131
131131
131131
131130
131129
131128
131128
131127
131126
131126
131125
131125
131124
131123
131122
131122
131121
131121
131120
131119
131118
131118
131117
131117
131116
131116
131115
131115
131115
131115
131114
131114
131113
131113
131113
131112
131111
131110
131109
131108
131107
131107
131106
131106
131106
131105
131104
131103
131103
131102
131101
131100
131099
131098
131097
131096
131096
131095
131095
131094
131093
131092
131091
131091
131091
131090
131089
131089
131088
131088
131088
131087
131086
131085
131084
131083
131082
131082
131082
131082
131081
131080
131079
131079
131078
131078
131077
131077
131076
131075
131075
131074
131074
131074
131073
131072
131071
131071
131071
131070
131069
131069
131069
131068
131067
131066
131066
131065
131064
131063
131062
131061
131060
131059
131059
131058
131058
131058
131057
131056
131056
131056
131055
131054
131053
131053
131052
131051
131051
131051
131050
131049
131048
131047
131046
131045
131044
131044
131043
131042
131042
131041
131040
131040
131040
131039
131038
131038
131037
131037
131036
131036
131035
131034
131034
131033
131032
131032
131031
131030
131029
131028
131027
131027
131027
131027
131026
131026
131025
131024
131024
131023
131022
131022
131021
131020
131019
131018
131017
131016
131016
131016
131015
131014
131014
131013
131012
131011
131011
131010
131009
131009
131008
131007
131007
131006
131005
131004
131003
131002
131002
131001
131000
130999
130998
130997
130997
130996
130995
130994
130994
130993
130993
130992
130991
130990
130990
130989
130989
130988
130987
130987
130986
130985
130984
130984
130983
130983
130982
130981
130980
130979
130979
130979
130978
130977
130976
130975
130974
130973
130972
130972
130971
130971
130970
130969
130968
130967
130966
130966
130966
130965
130965
130964
130963
130962
130962
130961
130960
130960
130959
130958
130957
130956
130955
130954
130953
130952
130951
130950
130949
130949
130948
130947
130947
130946
130945
130945
130944
130943
130942
130941
130940
130939
130938
130938
130938
130938
130937
130937
130936
130936
130935
130935
130934
130933
130932
130931
130930
130929
130929
130929
130928
130927
130926
130925
130924
130923
130922
130921
130921
130920
130920
130919
130918
130917
130917
130917
130916
130916
130916
130915
130915
130914
130913
130913
130912
130911
130911
130910
130909
130908
130907
130907
130906
130905
130905
130904
130903
130903
130902
130901
130900
130900
130899
130898
130897
130896
130896
130896
130896
130895
130895
130894
130893
130892
130891
130890
130889
130888
130887
130886
130885
130884
130883
130882
130882
130882
130882
130881
130880
130879
130878
130877
130876
130875
130874
130873
130873
130872
130871
130870
130869
130868
130868
130868
130868
130867
130866
130865
130865
130865
130864
130863
130862
130861
130860
130859
130858
130857
130856
130856
130856
130855
130854
130853
130852
130851
130850
130849
130848
130848
130847
130846
130846
130845
130845
130844
130843
130842
130841
130841
130840
130840
130840
130839
130839
130838
130837
130837
130837
130836
130836
130835
130834
130833
130832
130832
130831
130831
130831
130831
130830
130830
130830
130829
130828
130827
130827
130827
130827
130826
130825
130824
130824
130823
130823
130822
130821
130821
130821
130821
130821
130820
130820
130820
130819
130818
130818
130818
130818
130817
130817
130816
130815
130814
130813
130812
130811
130810
130810
130809
130808
130808
130808
130807
130807
130806
130805
130805
130804
130803
130802
130802
130801
130800
130799
130798
130797
130796
130795
130795
130795
130794
130794
130793
130792
130791
130791
130790
130789
130788
130788
130787
130786
130785
130784
130783
130782
130782
130782
130781
130780
130780
130779
130778
130777
130776
130775
130774
130773
130772
130772
130772
130771
130770
130770
130769
130768
130767
130767
130766
130765
130764
130764
130764
130763
130762
130761
130760
130759
130758
130757
130757
130756
130756
130755
130754
130753
130752
130751
130750
130749
130748
130747
130747
130747
130747
130746
130746
130745
130744
130743
130743
130742
130741
130741
130740
130739
130738
130738
130737
130737
130737
130736
130735
130735
130734
130733
130732
130732
130731
130731
130730
130729
130729
130728
130727
130727
130726
130725
130724
130723
130723
130722
130721
130721
130721
130720
130720
130719
130719
130719
130718
130718
130717
130716
130715
130714
130713
130713
130713
130712
130711
130710
130709
130709
130709
130708
130708
130707
130706
130705
130704
130704
130704
130704
130703
130703
130703
130702
130701
130701
130701
130700
130699
130699
130698
130697
130697
130696
130695
130694
130693
130692
130691
130690
130690
130690
130690
130690
130690
130689
130688
130688
130688
130687
130686
130685
130685
130684
130683
130682
130681
130681
130681
130680
130679
130678
130677
130676
130675
130675
130675
130674
130673
130672
130671
130670
130670
130669
130668
130668
130667
130666
130665
130664
130663
130662
130661
130661
130660
130659
130659
130658
130657
130657
130656
130656
130655
130654
130653
130653
130652
130652
130651
130650
130649
130648
130647
130646
130645
130644
130643
130642
130641
130641
130641
130641
130641
130641
130640
130639
130638
130637
130637
130637
130636
130636
130636
130636
130635
130634
130633
130632
130632
130631
130630
130629
130629
130628
130628
130628
130628
130627
130626
130625
130624
130624
130624
130623
130622
130621
130620
130620
130619
130618
130617
130616
130615
130614
130613
130612
130611
130610
130609
130608
130607
130606
130605
130604
130603
130604
130604
130603
130602
130602
130601
130601
130601
130600
130599
130598
130597
130596
130595
130594
130593
130592
130591
130590
130589
130588
130587
130587
130586
130585
130584
130584
130583
130582
130581
130581
130581
130581
130581
130580
130579
130578
130578
130577
130577
130576
130575
130575
130575
130574
130573
130572
130571
130571
130570
130569
130568
130567
130566
130565
130565
130564
130563
130562
130562
130561
130561
130561
130561
130560
130559
130558
130557
130557
130556
130555
130554
130553
130552
130551
130550
130550
130549
130548
130547
130546
130545
130544
130544
130543
130542
130541
130540
130539
130538
130537
130536
130536
130535
130534
130534
130534
130533
130533
130532
130531
130530
130530
130530
130529
130528
130527
130526
130525
130524
130523
130522
130522
130521
130521
130521
130521
130521
130520
130520
130520
130520
130519
130518
130518
130517
130517
130516
130516
130515
130514
130514
130514
130513
130513
130513
130512
130511
130510
130509
130508
130507
130506
130505
130504
130503
130502
130501
130500
130500
130500
130500
130500
130500
130500
130499
130499
130499
130498
130498
130497
130496
130495
130494
130493
130493
130493
130492
130491
130490
130489
130489
130488
130487
130486
130485
130484
130484
130483
130482
130481
130480
130479
130479
130478
130478
130477
130477
130477
130476
130476
130475
130474
130474
130474
130473
130473
130472
130472
130471
130470
130469
130469
130468
130468
130467
130466
130465
130464
130463
130462
130461
130461
130460
130459
130459
130458
130458
130458
130457
130456
130456
130455
130454
130453
130452
130452
130451
130450
130450
130449
130449
130448
130447
130446
130445
130445
130445
130444
130443
130442
130441
130441
130440
130439
130438
130438
130437
130436
130435
130434
130433
130433
130433
130433
130433
130432
130431
130431
130431
130430
130429
130428
130427
130426
130426
130425
130424
130423
130423
130423
130422
130421
130421
130420
130420
130419
130419
130418
130417
130416
130415
130414
130413
130412
130412
130411
130411
130410
130409
130408
130407
130406
130405
130405
130405
130404
130404
130403
130403
130402
130401
130401
130400
130399
130399
130399
130398
130397
130396
130395
130394
130393
130392
130391
130390
130390
130389
130388
130387
130387
130387
130386
130385
130384
130384
130384
130383
130383
130382
130381
130381
130381
130380
130379
130378
130378
130377
130376
130375
130375
130374
130373
130373
130373
130373
130372
130371
130370
130370
130369
130368
130368
130367
130367
130366
130366
130365
130364
130363
130362
130361
130360
130359
130358
130357
130357
130356
130355
130355
130354
130353
130353
130353
130352
130351
130350
130349
130348
130347
130346
130346
130345
130345
130344
130343
130342
130341
130340
130339
130338
130338
130337
130336
130336
130336
130335
130334
130333
130332
130331
130330
130330
130329
130328
130327
130326
130325
130324
130323
130322
130321
130320
130319
130318
130317
130316
130315
130314
130313
130313
130312
130311
130310
130310
130309
130309
130309
130309
130308
130307
130306
130305
130305
130304
130304
130303
130303
130302
130302
130301
130300
130299
130299
130298
130298
130297
130296
130295
130295
130294
130293
130292
130292
130291
130290
130289
130288
130288
130287
130286
130286
130286
130286
130285
130285
130284
130284
130283
130282
130281
130280
130279
130278
130277
130276
130275
130274
130273
130272
130271
130271
130270
130270
130269
130269
130269
130268
130267
130266
130266
130265
130265
130264
130263
130262
130262
130261
130261
130260
130260
130259
130258
130257
130257
130256
130256
130256
130255
130255
130254
130253
130252
130251
130250
130249
130249
130249
130248
130247
130246
130245
130245
130245
130244
130243
130243
130243
130242
130241
130240
130239
130238
130237
130237
130236
130236
130236
130235
130234
130233
130232
130231
130231
130230
130230
130229
130229
130228
130227
130226
130225
130224
130224
130224
130223
130222
130221
130220
130220
130219
130218
130217
130216
130215
130215
130215
130215
130214
130213
130212
130211
130210
130209
130208
130207
130206
130205
130204
130203
130202
130201
130200
130199
130198
130198
130198
130197
130197
130196
130195
130194
130193
130193
130193
130192
130191
130190
130190
130189
130189
130188
130187
130187
130186
130185
130184
130183
130182
130181
130180
130179
130178
130177
130176
130176
130175
130174
130173
130172
130171
130171
130170
130169
130168
130168
130167
130167
130166
130165
130164
130163
130162
130161
130160
130159
130158
130157
130157
130157
130156
130155
130154
130153
130152
130151
130150
130149
130149
130149
130148
130147
130147
130146
130145
130144
130144
130143
130143
130143
130142
130141
130140
130139
130138
130138
130137
130136
130136
130135
130135
130134
130133
130132
130131
130130
130129
130129
130129
130128
130128
130127
130126
130125
130125
130125
130124
130124
130123
130122
130122
130122
130121
130121
130120
130119
130118
130117
130117
130116
130116
130115
130115
130114
130114
130113
130113
130112
130111
130110
130109
130108
130107
130107
130106
130106
130106
130105
130104
130104
130103
130103
130102
130101
130100
130100
130099
130098
130097
130097
130096
130095
130094
130093
130092
130091
130090
130090
130089
130088
130087
130086
130085
130084
130083
130082
130081
130080
130079
130078
130077
130076
130075
130074
130073
130072
130072
130071
130071
130070
130069
130068
130067
130067
130066
130065
130065
130064
130064
130063
130063
130062
130061
130060
130060
130059
130059
130058
130057
130056
130055
130054
130053
130052
130051
130050
130050
130049
130049
130049
130049
130048
130047
130046
130045
130044
130043
130042
130042
130041
130041
130041
130040
130039
130039
130039
130038
130038
130037
130036
130036
130036
130035
130035
130035
130034
130033
130032
130031
130031
130030
130030
130030
130029
130028
130027
130026
130026
130025
130024
130023
130022
130022
130022
130021
130020
130019
130018
130017
130017
130016
130015
130015
130014
130013
130013
130013
130012
130011
130010
130009
130009
130009
130008
130008
130008
130008
130007
130006
130005
130004
130003
130002
130001
130000
129999
129998
129997
129996
129996
129995
129995
129994
129993
129992
129991
129990
129989
129988
129988
129988
129987
129987
129987
129986
129986
129985
129985
129984
129983
129982
129981
129980
129979
129978
129977
129977
129977
129976
129975
129975
129974
129973
129972
129971
129970
129969
129969
129968
129968
129967
129966
129965
129964
129964
129964
129963
129962
129962
129961
129960
129960
129959
129959
129958
129958
129957
129956
129956
129956
129956
129956
129955
129954
129953
129952
129952
129952
129951
129950
129949
129949
129948
129947
129946
129945
129944
129943
129943
129943
129942
129941
129940
129939
129938
129937
129936
129935
129934
129933
129933
129932
129932
129931
129930
129929
129928
129927
129926
129925
129924
129923
129922
129921
129921
129920
129919
129918
129918
129917
129917
129916
129916
129916
129915
129915
129915
129914
129913
129913
129913
129912
129911
129911
129910
129910
129909
129908
129907
129907
129906
129905
129904
129904
129903
129902
129901
129901
129900
129899
129899
129898
129897
129897
129896
129896
129895
129894
129893
129893
129892
129891
129890
129889
129888
129888
129888
129887
129886
129885
129884
129884
129883
129882
129881
129881
129880
129880
129879
129878
129878
129878
129878
129877
129876
129875
129874
129874
129874
129873
129872
129871
129870
129869
129869
129868
129867
129866
129865
129865
129864
129864
129863
129862
129862
129862
129862
129861
129860
129859
129858
129857
129857
129857
129856
129856
129855
129854
129854
129854
129853
129852
129852
129851
129851
129850
129850
129849
129848
129847
129846
129845
129844
129844
129843
129843
129842
129841
129841
129840
129839
129838
129838
129838
129837
129836
129835
129834
129834
129833
129832
129831
129830
129829
129828
129827
129826
129826
129825
129825
129825
129824
129823
129822
129821
129820
129819
129818
129817
129816
129816
129815
129815
129814
129813
129813
129812
129811
129811
129810
129810
129810
129810
129809
129809
129808
129807
129806
129805
129804
129803
129802
129802
129801
129801
129801
129800
129799
129798
129798
129798
129798
129797
129797
129797
129796
129795
129795
129794
129793
129792
129791
129790
129790
129789
129789
129788
129787
129786
129786
129785
129784
129783
129782
129782
129781
129780
129779
129778
129777
129777
129776
129776
129775
129775
129774
129773
129773
129772
129771
129770
129769
129768
129767
129766
129765
129764
129763
129762
129761
129760
129760
129760
129760
129759
129759
129758
129758
129757
129757
129756
129755
129755
129754
129753
129753
129752
129751
129750
129750
129749
129749
129749
129748
129747
129746
129745
129744
129744
129744
129744
129743
129742
129741
129740
129739
129738
129738
129738
129738
129738
129737
129736
129735
129734
129734
129734
129734
129733
129732
129731
129730
129730
129730
129730
129730
129730
129730
129730
129729
129728
129728
129727
129726
129725
129724
129724
129723
129723
129722
129722
129722
129721
129720
129720
129719
129719
129718
129717
129717
129716
129716
129715
129715
129714
129714
129714
129713
129713
129713
129712
129712
129711
129710
129709
129709
129708
129707
129707
129706
129705
129704
129704
129704
129703
129702
129701
129700
129700
129700
129699
129698
129698
129697
129696
129695
129695
129694
129693
129693
129693
129692
129691
129690
129690
129689
129689
129689
129688
129688
129687
129686
129686
129686
129686
129685
129684
129683
129682
129681
129680
129680
129679
129678
129677
129677
129677
129677
129676
129675
129675
129674
129673
129673
129672
129672
129671
129670
129669
129668
129667
129666
129666
129665
129664
129663
129662
129661
129660
129660
129660
129659
129658
129657
129656
129655
129654
129653
129652
129651
129652
129651
129651
129650
129649
129649
129648
129647
129647
129646
129646
129645
129644
129644
129644
129643
129643
129642
129641
129640
129639
129638
129637
129636
129636
129636
129635
129634
129633
129632
129632
129631
129631
129631
129630
129629
129629
129628
129628
129627
129626
129625
129624
129623
129622
129621
129620
129619
129618
129618
129617
129617
129616
129615
129614
129613
129612
129611
129610
129609
129609
129608
129607
129606
129605
129604
129603
129602
129602
129601
129600
129599
129598
129597
129596
129595
129595
129594
129593
129592
129591
129591
129590
129589
129588
129588
129587
129586
129585
129584
129583
129582
129581
129581
129580
129580
129579
129578
129577
129577
129577
129576
129576
129575
129575
129574
129574
129573
129572
129571
129570
129570
129569
129569
129568
129568
129568
129568
129567
129566
129566
129565
129564
129564
129564
129563
129563
129562
129561
129560
129560
129560
129560
129560
129559
129559
129558
129557
129556
129555
129555
129554
129553
129552
129551
129551
129551
129551
129550
129549
129549
129548
129547
129547
129546
129545
129544
129543
129543
129543
129543
129542
129542
129541
129541
129540
129539
129539
129538
129539
129538
129538
129538
129537
129536
129535
129534
129534
129533
129532
129531
129531
129530
129529
129529
129528
129527
129526
129525
129524
129523
129522
129522
129522
129521
129520
129519
129519
129518
129517
129517
129516
129516
129515
129514
129513
129512
129511
129510
129509
129508
129507
129506
129506
129506
129505
129505
129504
129503
129502
129502
129501
129500
129499
129498
129498
129497
129496
129496
129495
129495
129495
129494
129493
129492
129491
129490
129490
129489
129488
129488
129487
129487
129486
129486
129485
129484
129483
129483
129483
129482
129481
129480
129480
129480
129480
129480
129480
129480
129479
129479
129478
129478
129478
129477
129477
129477
129476
129475
129474
129473
129472
129471
129470
129470
129470
129469
129468
129467
129466
129466
129466
129466
129465
129464
129463
129462
129461
129460
129459
129458
129458
129457
129456
129455
129455
129455
129454
129453
129452
129452
129452
129451
129450
129450
129450
129449
129448
129447
129446
129445
129444
129444
129443
129442
129441
129440
129439
129439
129438
129437
129436
129435
129435
129435
129435
129434
129434
129433
129432
129432
129431
129431
129430
129430
129430
129430
129430
129429
129429
129428
129428
129427
129426
129426
129426
129425
129424
129423
129423
129422
129421
129421
129420
129419
129418
129417
129416
129415
129414
129413
129412
129411
129411
129411
129410
129409
129408
129407
129406
129405
129405
129405
129405
129404
129403
129402
129402
129401
129400
129399
129398
129397
129396
129395
129394
129393
129393
129392
129392
129391
129391
129391
129391
129390
129389
129388
129387
129386
129385
129384
129383
129383
129383
129382
129381
129381
129381
129381
129380
129379
129379
129378
129378
129377
129377
129377
129376
129376
129375
129374
129374
129374
129374
129373
129372
129372
129371
129370
129370
129369
129368
129367
129366
129365
129364
129363
129362
129362
129361
129360
129359
129358
129357
129356
129355
129354
129354
129353
129352
129351
129351
129351
129350
129349
129348
129347
129346
129345
129344
129343
129343
129342
129342
129341
129341
129341
129340
129339
129338
129337
129337
129336
129335
129334
129333
129332
129331
129330
129330
129329
129329
129328
129328
129327
129326
129325
129324
129324
129323
129322
129321
129320
129319
129318
129317
129316
129315
129314
129313
129312
129311
129310
129309
129308
129307
129306
129305
129304
129304
129303
129302
129301
129301
129300
129299
129298
129297
129296
129295
129294
129294
129293
129292
129291
129291
129290
129289
129288
129287
129286
129285
129284
129283
129283
129282
129282
129281
129280
129279
129278
129278
129277
129277
129276
129276
129275
129275
129275
129274
129273
129272
129271
129271
129271
129271
129271
129271
129270
129269
129268
129267
129266
129265
129264
129264
129263
129263
129263
129262
129261
129260
129259
129258
129257
129256
129256
129255
129254
129253
129252
129251
129250
129250
129249
129248
129247
129246
129245
129244
129243
129242
129241
129240
129239
129238
129237
129237
129236
129235
129235
129234
129233
129233
129232
129231
129230
129229
129228
129228
129227
129227
129227
129227
129227
129227
129226
129226
129225
129224
129223
129222
129222
129222
129221
129220
129219
129218
129218
129217
129216
129215
129214
129213
129212
129211
129210
129210
129210
129209
129208
129207
129206
129205
129205
129205
129205
129204
129204
129204
129203
129203
129202
129201
129200
129199
129199
129199
129199
129198
129197
129196
129196
129195
129195
129194
129193
129193
129192
129192
129191
129190
129189
129189
129188
129188
129187
129187
129186
129185
129185
129185
129184
129184
129183
129182
129182
129181
129181
129181
129181
129181
129180
129180
129180
129179
129179
129179
129179
129179
129178
129178
129177
129176
129175
129175
129175
129174
129173
129172
129172
129172
129172
129172
129171
129170
129169
129168
129168
129168
129167
129166
129165
129164
129163
129162
129161
129160
129160
129159
129158
129157
129156
129155
129154
129154
129154
129153
129152
129152
129151
129150
129149
129148
129148
129147
129146
129146
129145
129144
129143
129143
129142
129141
129140
129139
129139
129139
129138
129137
129136
129135
129135
129134
129134
129133
129132
129132
129132
129131
129130
129129
129128
129127
129126
129125
129124
129124
129123
129123
129122
129122
129121
129120
129120
129119
129118
129117
129116
129115
129114
129114
129114
129114
129113
129112
129111
129110
129109
129109
129109
129109
129109
129108
129108
129107
129106
129105
129104
129103
129103
129102
129101
129101
129100
129099
129098
129098
129097
129096
129095
129094
129093
129092
129091
129090
129089
129088
129087
129087
129086
129085
129085
129084
129083
129082
129081
129080
129080
129079
129078
129078
129077
129077
129077
129077
129076
129076
129076
129075
129074
129073
129073
129073
129072
129071
129070
129070
129069
129070
129069
129068
129067
129066
129065
129064
129063
129062
129061
129060
129059
129059
129059
129058
129058
129058
129058
129057
129056
129055
129054
129053
129052
129051
129050
129050
129049
129048
129047
129046
129045
129044
129043
129043
129042
129042
129042
129041
129040
129039
129039
129039
129038
129037
129036
129035
129034
129033
129032
129031
129030
129030
129029
129028
129027
129027
129026
129025
129024
129023
129022
129021
129020
129020
129020
129019
129018
129017
129016
129016
129016
129015
129014
129013
129012
129011
129010
129010
129010
129010
129009
129008
129008
129007
129006
129006
129005
129004
129003
129002
129001
129001
129000
129000
128999
128998
128997
128996
128996
128995
128994
128994
128994
128994
128993
128993
128993
128992
128992
128991
128990
128990
128989
128989
128989
128988
128987
128986
128986
128985
128985
128985
128984
128984
128983
128982
128981
128980
128979
128978
128977
128977
128976
128976
128975
128974
128973
128973
128972
128971
128970
128969
128968
128967
128967
128966
128966
128966
128965
128965
128964
128963
128962
128961
128961
128960
128960
128960
128959
128958
128958
128957
128956
128956
128955
128954
128953
128953
128952
128951
128950
128950
128949
128948
128947
128946
128945
128945
128944
128944
128943
128942
128941
128940
128940
128939
128939
128938
128937
128936
128935
128934
128934
128933
128932
128931
128931
128930
128929
128928
128927
128926
128926
128925
128924
128923
128923
128922
128921
128921
128920
128919
128918
128917
128916
128915
128914
128913
128912
128911
128910
128910
128909
128909
128909
128908
128908
128908
128908
128907
128906
128905
128905
128904
128904
128904
128904
128903
128902
128902
128901
128900
128899
128898
128898
128898
128898
128897
128897
128896
128895
128894
128893
128893
128892
128891
128890
128889
128888
128887
128887
128886
128886
128885
128884
128884
128883
128883
128882
128881
128880
128879
128879
128879
128879
128878
128878
128878
128877
128876
128876
128875
128875
128874
128874
128873
128873
128872
128872
128871
128870
128870
128869
128868
128867
128867
128866
128865
128865
128865
128864
128864
128863
128862
128862
128861
128860
128860
128859
128858
128857
128856
128855
128854
128853
128853
128852
128851
128850
128850
128849
128849
128848
128847
128846
128845
128845
128845
128844
128843
128843
128843
128842
128841
128841
128840
128839
128839
128838
128837
128836
128835
128835
128834
128833
128833
128832
128831
128830
128829
128828
128828
128828
128828
128827
128826
128825
128825
128825
128824
128824
128823
128822
128821
128820
128819
128818
128817
128817
128816
128815
128815
128814
128813
128812
128812
128812
128812
128811
128811
128811
128811
128810
128810
128810
128810
128810
128810
128809
128808
128808
128808
128807
128807
128807
128806
128805
128804
128804
128804
128804
128803
128802
128801
128801
128800
128800
128799
128798
128798
128797
128797
128796
128796
128795
128794
128793
128793
128792
128792
128791
128791
128790
128790
128789
128788
128787
128787
128786
128786
128785
128785
128785
128785
128785
128785
128784
128784
128783
128783
128782
128781
128780
128780
128780
128779
128778
128778
128777
128776
128775
128774
128773
128772
128771
128770
128770
128770
128769
128769
128769
128768
128767
128766
128766
128765
128764
128763
128763
128763
128762
128762
128761
128761
128760
128759
128759
128758
128757
128756
128756
128755
128754
128753
128753
128753
128753
128752
128751
128750
128749
128748
128748
128747
128746
128745
128744
128743
128743
128742
128741
128740
128739
128738
128737
128736
128736
128735
128734
128734
128734
128734
128734
128733
128732
128731
128731
128731
128730
128729
128728
128728
128727
128726
128725
128724
128723
128722
128722
128721
128720
128719
128719
128718
128717
128716
128715
128714
128713
128712
128712
128712
128711
128710
128709
128708
128708
128707
128706
128706
128705
128704
128704
128703
128702
128701
128700
128699
128698
128697
128697
128696
128696
128695
128694
128694
128694
128693
128692
128691
128690
128689
128688
128687
128686
128686
128685
128684
128684
128683
128683
128683
128682
128681
128680
128679
128678
128677
128676
128675
128674
128674
128674
128673
128673
128673
128672
128671
128671
128671
128671
128670
128669
128669
128669
128668
128668
128668
128667
128667
128667
128667
128666
128666
128665
128665
128664
128663
128662
128662
128661
128660
128659
128660
128660
128659
128658
128657
128656
128656
128655
128654
128653
128654
128654
128653
128653
128652
128651
128650
128650
128649
128648
128647
128646
128645
128645
128645
128644
128644
128643
128642
128641
128640
128640
128639
128640
128640
128640
128639
128639
128638
128637
128636
128636
128635
128634
128634
128634
128633
128632
128632
128632
128631
128630
128630
128630
128629
128628
128627
128627
128626
128625
128624
128624
128624
128624
128624
128623
128622
128622
128622
128622
128621
128620
128619
128618
128618
128617
128617
128616
128615
128614
128613
128612
128612
128611
128611
128610
128610
128609
128608
128607
128606
128606
128605
128604
128603
128603
128602
128601
128600
128600
128599
128598
128597
128596
128595
128595
128595
128595
128594
128594
128593
128593
128592
128591
128590
128589
128588
128587
128587
128586
128586
128585
128584
128583
128582
128582
128582
128581
128581
128580
128579
128579
128578
128577
128576
128575
128574
128573
128573
128572
128571
128570
128570
128569
128569
128568
128567
128566
128566
128566
128565
128564
128563
128562
128561
128561
128560
128559
128558
128557
128556
128555
128555
128554
128554
128553
128552
128551
128550
128549
128548
128547
128546
128546
128545
128544
128544
128543
128542
128541
128540
128539
128538
128537
128537
128537
128536
128535
128534
128534
128534
128533
128533
128532
128531
128530
128529
128528
128527
128526
128525
128524
128524
128523
128522
128521
128520
128519
128518
128517
128517
128516
128516
128515
128514
128513
128512
128512
128511
128510
128510
128509
128508
128508
128507
128506
128505
128504
128503
128502
128502
128501
128500
128499
128498
128497
128496
128495
128495
128494
128493
128492
128492
128491
128491
128491
128490
128489
128489
128488
128487
128486
128485
128484
128483
128482
128481
128480
128479
128478
128478
128477
128476
128475
128474
128473
128473
128472
128471
128470
128469
128468
128467
128466
128466
128465
128464
128463
128462
128462
128462
128462
128461
128460
128460
128460
128459
128458
128457
128456
128455
128454
128454
128453
128452
128451
128450
128449
128448
128448
128447
128446
128445
128444
128443
128443
128443
128442
128441
128441
128440
128439
128438
128438
128437
128437
128436
128436
128435
128435
128435
128435
128435
128435
128434
128433
128432
128431
128431
128430
128429
128429
128428
128427
128426
128425
128424
128423
128423
128422
128421
128420
128420
128419
128418
128417
128416
128416
128415
128415
128415
128414
128414
128414
128414
128413
128412
128411
128411
128410
128410
128409
128408
128407
128406
128405
128404
128404
128403
128402
128401
128401
128401
128400
128399
128398
128398
128397
128396
128397
128396
128395
128394
128394
128394
128393
128393
128393
128393
128392
128391
128391
128390
128389
128388
128387
128386
128385
128385
128384
128383
128382
128382
128382
128381
128381
128381
128381
128380
128380
128379
128378
128377
128377
128376
128376
128375
128375
128374
128373
128372
128371
128371
128370
128370
128369
128369
128368
128367
128366
128365
128365
128364
128364
128364
128363
128363
128363
128363
128363
128362
128362
128361
128360
128359
128358
128357
128356
128355
128354
128354
128354
128354
128354
128353
128352
128351
128351
128351
128351
128351
128350
128350
128349
128349
128349
128348
128347
128346
128346
128345
128344
128343
128343
128342
128341
128340
128340
128339
128338
128338
128337
128336
128335
128334
128333
128333
128332
128332
128331
128330
128329
128328
128328
128327
128326
128325
128324
128324
128323
128322
128321
128320
128319
128318
128318
128318
128317
128316
128315
128315
128314
128313
128312
128311
128311
128310
128310
128309
128309
128308
128307
128307
128306
128306
128305
128304
128304
128303
128303
128302
128301
128300
128299
128298
128297
128296
128296
128295
128294
128293
128292
128292
128291
128290
128290
128289
128288
128287
128286
128285
128284
128284
128284
128284
128283
128282
128282
128282
128281
128280
128280
128279
128279
128278
128277
128276
128275
128275
128275
128275
128275
128275
128275
128274
128273
128272
128271
128270
128270
128269
128269
128268
128267
128267
128266
128265
128264
128263
128263
128262
128261
128260
128259
128258
128257
128256
128255
128255
128254
128253
128252
128251
128250
128249
128248
128248
128247
128247
128246
128246
128245
128244
128244
128243
128243
128242
128242
128241
128240
128240
128239
128239
128239
128238
128237
128237
128237
128236
128235
128235
128234
128233
128233
128232
128231
128231
128231
128230
128229
128228
128227
128226
128225
128225
128224
128223
128222
128222
128222
128221
128220
128220
128219
128218
128217
128216
128215
128214
128213
128212
128211
128210
128209
128208
128207
128206
128206
128205
128204
128203
128202
128201
128200
128199
128198
128198
128197
128196
128196
128196
128196
128195
128195
128194
128193
128192
128192
128191
128190
128190
128189
128189
128188
128188
128187
128187
128187
128186
128186
128186
128186
128185
128184
128183
128182
128181
128181
128180
128179
128179
128178
128178
128177
128176
128175
128175
128175
128174
128173
128173
128172
128171
128170
128169
128168
128168
128168
128167
128166
128166
128165
128165
128164
128164
128163
128162
128161
128161
128161
128160
128159
128158
128157
128156
128155
128155
128154
128154
128153
128152
128151
128150
128149
128149
128149
128148
128148
128147
128146
128145
128145
128144
128143
128142
128142
128141
128141
128140
128139
128138
128137
128136
128136
128135
128135
128134
128133
128132
128131
128131
128130
128129
128128
128127
128127
128127
128127
128126
128126
128125
128125
128125
128124
128123
128122
128121
128120
128120
128120
128120
128119
128118
128118
128117
128117
128116
128115
128114
128113
128113
128113
128112
128111
128110
128109
128109
128109
128108
128108
128108
128107
128107
128106
128105
128105
128104
128104
128104
128103
128102
128101
128101
128100
128099
128099
128098
128098
128098
128098
128097
128097
128096
128095
128095
128094
128094
128093
128092
128092
128091
128090
128089
128088
128087
128086
128085
128084
128084
128084
128083
128082
128082
128081
128080
128079
128078
128077
128077
128076
128075
128075
128074
128074
128073
128073
128073
128072
128071
128070
128070
128069
128068
128067
128066
128066
128065
128065
128065
128065
128064
128063
128062
128061
128061
128061
128061
128060
128059
128058
128058
128057
128056
128055
128055
128054
128053
128052
128052
128052
128052
128051
128050
128049
128048
128048
128048
128048
128047
128046
128045
128044
128044
128043
128042
128041
128040
128039
128039
128038
128037
128036
128035
128035
128035
128035
128035
128034
128033
128032
128032
128031
128031
128031
128030
128029
128028
128027
128026
128025
128025
128024
128023
128023
128022
128021
128020
128020
128020
128020
128019
128018
128017
128016
128016
128015
128014
128014
128013
128013
128012
128011
128010
128009
128008
128007
128007
128007
128007
128006
128005
128004
128004
128004
128003
128002
128002
128002
128001
128000
127999
127998
127998
127997
127996
127995
127995
127994
127993
127992
127991
127990
127990
127990
127989
127988
127988
127988
127987
127986
127986
127985
127984
127983
127983
127982
127982
127981
127981
127980
127980
127979
127978
127977
127976
127975
127975
127974
127974
127973
127972
127972
127972
127971
127970
127969
127968
127968
127967
127967
127966
127965
127964
127963
127962
127961
127960
127959
127959
127959
127958
127957
127957
127956
127955
127954
127953
127952
127952
127952
127951
127951
127950
127949
127949
127948
127948
127947
127946
127946
127945
127944
127943
127943
127942
127941
127940
127939
127938
127937
127936
127935
127934
127934
127934
127933
127932
127931
127930
127929
127928
127928
127928
127928
127927
127926
127925
127924
127924
127923
127922
127921
127920
127919
127918
127918
127917
127916
127915
127914
127913
127912
127911
127911
127911
127910
127909
127908
127907
127907
127907
127906
127905
127904
127904
127903
127902
127902
127902
127902
127901
127900
127899
127898
127898
127898
127898
127898
127898
127897
127897
127897
127898
127897
127896
127896
127896
127895
127894
127894
127893
127892
127891
127891
127891
127890
127889
127889
127889
127889
127889
127888
127888
127887
127887
127886
127886
127885
127884
127884
127884
127884
127883
127882
127882
127881
127880
127879
127879
127879
127878
127877
127877
127876
127876
127875
127875
127875
127874
127873
127872
127871
127870
127869
127869
127869
127869
127868
127868
127867
127866
127865
127865
127865
127865
127864
127863
127862
127861
127860
127859
127858
127857
127856
127855
127854
127853
127853
127853
127852
127851
127851
127850
127849
127848
127847
127846
127845
127844
127843
127842
127841
127840
127839
127839
127839
127838
127837
127836
127835
127835
127834
127834
127834
127833
127832
127831
127831
127830
127830
127830
127829
127829
127829
127828
127827
127827
127826
127826
127825
127824
127823
127823
127822
127821
127820
127819
127818
127817
127816
127816
127816
127816
127815
127815
127814
127814
127813
127812
127812
127811
127812
127811
127810
127809
127808
127807
127806
127805
127804
127804
127803
127802
127801
127801
127801
127800
127799
127798
127797
127796
127795
127795
127795
127795
127794
127793
127792
127792
127791
127790
127789
127788
127788
127787
127786
127786
127786
127785
127785
127785
127784
127783
127783
127782
127781
127780
127779
127779
127779
127779
127778
127778
127777
127776
127775
127774
127773
127772
127771
127770
127769
127768
127767
127767
127766
127765
127765
127765
127765
127765
127764
127764
127763
127763
127762
127761
127761
127760
127759
127758
127757
127757
127756
127755
127755
127755
127755
127755
127755
127754
127753
127752
127751
127751
127750
127749
127748
127747
127746
127745
127744
127745
127745
127745
127744
127743
127742
127741
127741
127740
127740
127739
127738
127738
127737
127736
127735
127734
127733
127732
127731
127731
127730
127729
127728
127728
127728
127727
127726
127726
127726
127725
127724
127724
127724
127723
127722
127722
127722
127721
127720
127719
127718
127717
127716
127716
127716
127715
127714
127713
127713
127712
127711
127711
127710
127709
127708
127707
127706
127706
127706
127705
127705
127704
127703
127702
127702
127701
127701
127700
127700
127699
127699
127698
127697
127696
127695
127694
127693
127692
127691
127691
127690
127690
127690
127690
127690
127689
127688
127688
127687
127686
127686
127685
127684
127683
127682
127682
127682
127681
127681
127682
127682
127681
127680
127680
127679
127678
127677
127678
127678
127677
127676
127675
127674
127673
127672
127671
127670
127670
127669
127669
127668
127668
127669
127668
127667
127666
127665
127664
127663
127662
127662
127661
127661
127660
127659
127658
127657
127656
127656
127656
127655
127654
127653
127652
127651
127650
127650
127650
127650
127649
127648
127648
127648
127647
127647
127646
127647
127646
127646
127645
127644
127643
127643
127643
127642
127642
127641
127640
127639
127639
127638
127638
127637
127636
127635
127634
127633
127632
127633
127633
127632
127631
127630
127629
127629
127628
127627
127626
127625
127625
127624
127623
127623
127623
127622
127621
127620
127619
127618
127617
127616
127615
127614
127614
127614
127613
127612
127612
127611
127610
127609
127609
127608
127607
127606
127605
127604
127603
127602
127601
127601
127600
127599
127598
127598
127597
127596
127596
127595
127594
127593
127593
127592
127592
127591
127590
127590
127589
127589
127588
127587
127587
127586
127585
127584
127583
127582
127581
127580
127580
127579
127578
127577
127577
127576
127576
127576
127576
127575
127575
127574
127574
127573
127572
127572
127571
127570
127570
127569
127568
127567
127566
127567
127567
127567
127566
127565
127564
127563
127562
127562
127561
127561
127561
127561
127560
127560
127560
127560
127559
127558
127557
127556
127555
127554
127553
127552
127551
127550
127550
127549
127548
127548
127547
127547
127546
127546
127545
127545
127544
127543
127542
127541
127541
127540
127540
127539
127538
127537
127536
127535
127535
127534
127534
127534
127533
127532
127531
127530
127529
127528
127528
127527
127527
127526
127525
127525
127524
127524
127523
127523
127523
127522
127521
127521
127521
127521
127520
127519
127518
127518
127517
127517
127517
127516
127515
127515
127515
127514
127514
127513
127513
127512
127511
127510
127510
127509
127509
127508
127508
127507
127507
127506
127506
127505
127504
127504
127503
127503
127502
127501
127502
127502
127502
127501
127500
127500
127500
127499
127498
127498
127497
127496
127495
127494
127493
127492
127491
127491
127491
127490
127489
127489
127489
127488
127488
127487
127486
127486
127486
127486
127485
127484
127483
127483
127483
127483
127483
127482
127482
127482
127481
127480
127479
127479
127479
127478
127478
127477
127476
127475
127474
127473
127472
127471
127470
127469
127468
127468
127467
127466
127465
127464
127464
127464
127464
127463
127462
127462
127462
127461
127460
