206041
206040
206039
206039
206038
206037
206036
206035
206034
206033
206032
206031
206031
206030
206030
206030
206029
206028
206028
206028
206027
206027
206026
206026
206025
206024
206023
206022
206021
206020
206020
206019
206018
206018
206017
206016
206015
206014
206013
206012
206011
206010
206010
206009
206009
206008
206007
206006
206005
206004
206004
206003
206002
206001
206000
206000
205999
205999
205999
205998
205997
205996
205995
205994
205993
205992
205992
205991
205990
205990
205989
205989
205989
205989
205989
205988
205987
205987
205986
205986
205985
205984
205983
205982
205981
205980
205979
205979
205978
205977
205976
205975
205974
205973
205972
205971
205970
205970
205969
205968
205967
205966
205965
205965
205964
205963
205963
205962
205962
205962
205962
205962
205961
205960
205959
205959
205959
205958
205957
205957
205957
205956
205955
205954
205954
205953
205952
205951
205951
205950
205949
205948
205947
205946
205945
205944
205944
205943
205942
205941
205940
205939
205939
205938
205938
205937
205936
205936
205935
205934
205933
205932
205931
205931
205930
205930
205929
205928
205927
205927
205927
205927
205927
205927
205927
205926
205925
205924
205923
205923
205922
205921
205920
205919
205919
205919
205918
205918
205917
205916
205915
205914
205914
205914
205913
205912
205911
205911
205911
205910
205910
205909
205908
205907
205906
205905
205905
205904
205903
205902
205901
205900
205899
205898
205898
205898
205897
205896
205895
205894
205893
205892
205891
205890
205889
205888
205888
205887
205886
205885
205885
205885
205884
205883
205882
205881
205880
205879
205878
205877
205877
205877
205877
205877
205876
205875
205874
205873
205872
205871
205870
205870
205870
205870
205870
205870
205869
205868
205867
205866
205865
205864
205863
205862
205861
205860
205860
205860
205859
205858
205857
205856
205856
205856
205855
205854
205853
205852
205851
205850
205850
205849
205849
205848
205847
205846
205845
205844
205843
205842
205841
205841
205841
205840
205839
205839
205838
205838
205837
205836
205835
205834
205834
205834
205833
205832
205832
205831
205831
205830
205830
205830
205830
205829
205829
205828
205827
205827
205827
205826
205826
205825
205824
205824
205824
205823
205822
205822
205821
205821
205821
205820
205819
205818
205818
205818
205817
205816
205815
205814
205813
205813
205812
205812
205811
205810
205809
205808
205807
205807
205806
205805
205804
205803
205802
205801
205801
205800
205799
205798
205798
205797
205797
205797
205797
205796
205796
205796
205795
205794
205793
205792
205791
205791
205791
205790
205790
205789
205788
205788
205787
205786
205786
205785
205785
205784
205783
205782
205782
205782
205781
205780
205780
205779
205778
205777
205777
205776
205775
205774
205773
205772
205771
205770
205770
205769
205768
205767
205767
205766
205766
205765
205764
205763
205762
205762
205761
205760
205759
205758
205757
205757
205756
205756
205755
205754
205753
205752
205752
205751
205750
205749
205748
205747
205746
205745
205744
205744
205743
205743
205742
205742
205741
205741
205741
205740
205739
205738
205737
205737
205736
205735
205734
205733
205732
205732
205731
205730
205729
205728
205727
205726
205725
205724
205724
205723
205723
205722
205721
205721
205720
205719
205718
205718
205717
205716
205716
205716
205715
205714
205713
205712
205711
205710
205709
205708
205707
205706
205705
205704
205704
205703
205702
205701
205700
205699
205699
205698
205698
205698
205698
205698
205697
205697
205696
205695
205695
205695
205694
205693
205692
205691
205690
205689
205688
205687
205687
205686
205685
205684
205683
205682
205681
205680
205680
205680
205679
205678
205678
205677
205676
205675
205674
205673
205672
205672
205672
205671
205671
205670
205669
205668
205668
205667
205666
205665
205664
205663
205662
205661
205660
205659
205658
205657
205656
205655
205654
205653
205652
205652
205651
205650
205649
205648
205647
205646
205645
205644
205643
205642
205641
205640
205639
205638
205638
205637
205636
205635
205635
205634
205633
205632
205631
205631
205631
205631
205631
205630
205630
205630
205629
205629
205628
205627
205626
205626
205625
205624
205623
205623
205623
205623
205623
205622
205621
205620
205620
205619
205618
205617
205616
205615
205614
205613
205613
205612
205611
205610
205609
205608
205607
205606
205606
205605
205604
205604
205603
205603
205602
205601
205600
205599
205598
205597
205597
205596
205596
205595
205594
205593
205592
205591
205590
205589
205588
205588
205587
205586
205586
205585
205585
205584
205583
205582
205581
205580
205580
205579
205579
205578
205577
205576
205575
205574
205573
205572
205572
205571
205571
205571
205571
205570
205569
205568
205567
205567
205566
205565
205564
205563
205562
205562
205561
205561
205560
205560
205560
205560
205559
205559
205558
205558
205557
205556
205556
205555
205554
205553
205553
205552
205551
205551
205551
205550
205549
205548
205547
205546
205545
205544
205543
205542
205541
205540
205539
205538
205538
205538
205538
205537
205537
205537
205536
205535
205535
205535
205534
205533
205532
205532
205531
205531
205530
205529
205528
205527
205526
205526
205525
205524
205523
205522
205522
205522
205521
205521
205520
205519
205518
205517
205516
205515
205514
205513
205512
205512
205511
205511
205510
205510
205510
205510
205509
205508
205508
205507
205506
205505
205505
205504
205503
205502
205501
205501
205500
205499
205498
205497
205497
205496
205496
205496
205495
205494
205493
205492
205492
205491
205490
205489
205488
205488
205487
205486
205485
205485
205484
205483
205482
205481
205480
205480
205479
205479
205479
205479
205479
205479
205478
205477
205477
205476
205475
205474
205473
205472
205472
205471
205470
205469
205468
205468
205467
205466
205465
205464
205463
205462
205462
205462
205461
205461
205461
205460
205459
205458
205457
205456
205455
205454
205453
205453
205453
205453
205453
205453
205453
205452
205451
205451
205450
205450
205449
205449
205448
205447
205446
205445
205444
205444
205444
205444
205443
205442
205441
205440
205440
205439
205439
205438
205438
205437
205436
205435
205434
205434
205433
205432
205431
205430
205429
205428
205427
205426
205425
205424
205423
205422
205422
205421
205420
205420
205419
205418
205417
205416
205416
205415
205414
205413
205412
205412
205411
205410
205409
205408
205407
205406
205405
205404
205403
205402
205401
205400
205399
205398
205397
205396
205395
205394
205393
205392
205391
205391
205390
205389
205388
205387
205386
205385
205385
205384
205384
205383
205382
205381
205380
205379
205378
205377
205376
205375
205374
205373
205373
205373
205372
205371
205370
205369
205369
205368
205367
205366
205365
205364
205363
205362
205361
205360
205359
205358
205358
205358
205357
205356
205356
205356
205355
205355
205354
205353
205353
205352
205352
205351
205351
205351
205351
205350
205349
205349
205349
205348
205348
205348
205347
205347
205347
205346
205346
205346
205346
205346
205345
205344
205344
205343
205342
205341
205340
205339
205339
205338
205338
205337
205336
205335
205334
205333
205332
205332
205331
205330
205330
205329
205329
205329
205328
205328
205328
205328
205327
205326
205326
205325
205325
205324
205323
205322
205322
205321
205321
205320
205320
205319
205318
205317
205317
205316
205315
205314
205314
205313
205313
205312
205311
205310
205310
205309
205308
205307
205306
205306
205305
205304
205304
205303
205302
205301
205301
205300
205299
205299
205298
205297
205296
205295
205295
205294
205293
205292
205291
205291
205290
205289
205288
205287
205286
205285
205284
205283
205282
205282
205281
205280
205279
205278
205277
205276
205276
205275
205274
205274
205273
205272
205272
205271
205270
205270
205270
205269
205269
205269
205268
205268
205267
205267
205267
205267
205266
205265
205265
205265
205264
205263
205262
205261
205260
205259
205258
205258
205257
205257
205256
205256
205256
205255
205254
205254
205254
205254
205254
205253
205252
205251
205250
205249
205248
205247
205246
205246
205245
205245
205245
205244
205243
205242
205241
205240
205239
205239
205238
205237
205236
205235
205234
205233
205232
205232
205232
205231
205230
205230
205229
205229
205228
205227
205226
205226
205226
205225
205225
205224
205224
205223
205222
205222
205221
205220
205219
205218
205217
205217
205216
205216
205215
205214
205213
205212
205211
205210
205210
205210
205210
205210
205210
205209
205208
205208
205207
205206
205206
205206
205205
205205
205204
205204
205203
205202
205201
205201
205200
205199
205198
205198
205198
205197
205196
205195
205194
205193
205193
205192
205192
205191
205191
205190
205190
205190
205189
205189
205188
205188
205187
205186
205185
205185
205184
205183
205182
205181
205180
205179
205178
205177
205177
205176
205175
205174
205173
205172
205171
205171
205170
205170
205170
205169
205168
205167
205166
205166
205165
205164
205164
205164
205164
205164
205163
205163
205162
205161
205161
205160
205159
205158
205157
205156
205156
205156
205155
205154
205153
205153
205152
205151
205151
205151
205150
205149
205148
205147
205146
205146
205145
205144
205143
205142
205141
205140
205139
205138
205138
205137
205136
205135
205134
205133
205132
205131
205130
205129
205129
205128
205127
205126
205125
205125
205125
205124
205123
205122
205121
205120
205120
205119
205118
205117
205117
205117
205116
205116
205116
205116
205115
205115
205114
205113
205113
205112
205112
205112
205111
205110
205109
205109
205108
205107
205107
205106
205106
205105
205104
205104
205104
205103
205102
205101
205101
205100
205099
205099
205098
205097
205096
205095
205095
205094
205093
205093
205092
205091
205090
205089
205088
205088
205087
205086
205085
205084
205084
205083
205082
205081
205080
205080
205079
205078
205078
205078
205077
205076
205075
205074
205074
205073
205073
205073
205072
205071
205070
205070
205069
205068
205067
205066
205065
205064
205064
205063
205063
205062
205061
205060
205059
205058
205057
205056
205055
205054
205054
205054
205054
205054
205054
205053
205053
205053
205052
205051
205051
205050
205050
205049
205048
205047
205046
205045
205044
205044
205043
205043
205042
205041
205040
205039
205039
205038
205037
205036
205035
205035
205034
205034
205033
205033
205032
205031
205030
205029
205028
205028
205027
205026
205026
205025
205024
205024
205023
205023
205022
205022
205021
205020
205019
205018
205017
205016
205015
205015
205014
205013
205012
205011
205010
205009
205009
205009
205009
205008
205007
205007
205007
205007
205006
205005
205004
205003
205002
205001
205000
204999
204998
204997
204997
204996
204995
204994
204993
204992
204991
204990
204989
204989
204989
204988
204987
204987
204986
204985
204984
204984
204984
204983
204982
204981
204980
204979
204978
204977
204976
204975
204974
204973
204972
204972
204972
204971
204970
204970
204970
204970
204970
204969
204968
204968
204968
204968
204967
204967
204966
204966
204965
204965
204965
204964
204963
204962
204961
204960
204959
204958
204957
204956
204956
204955
204955
204955
204954
204953
204953
204952
204951
204950
204950
204949
204948
204948
204947
204947
204947
204947
204946
204945
204944
204944
204943
204942
204942
204941
204940
204939
204938
204937
204936
204935
204935
204935
204935
204934
204933
204932
204931
204930
204929
204928
204927
204926
204925
204924
204923
204923
204923
204923
204922
204921
204920
204919
204919
204919
204918
204917
204917
204916
204916
204915
204915
204914
204913
204913
204913
204912
204911
204910
204909
204908
204908
204907
204907
204906
204906
204906
204906
204906
204906
204905
204904
204904
204904
204903
204902
204901
204900
204899
204898
204897
204896
204895
204894
204894
204893
204893
204893
204893
204892
204891
204890
204889
204889
204889
204889
204888
204887
204887
204887
204887
204887
204887
204886
204886
204885
204884
204884
204883
204882
204882
204881
204881
204880
204879
204879
204878
204878
204878
204878
204877
204877
204876
204875
204874
204874
204874
204874
204873
204873
204872
204872
204871
204870
204869
204868
204868
204868
204867
204867
204866
204865
204865
204864
204864
204863
204862
204862
204861
204860
204859
204858
204857
204857
204856
204856
204855
204854
204853
204852
204852
204852
204851
204851
204850
204850
204849
204849
204848
204847
204846
204845
204844
204843
204843
204842
204841
204841
204841
204840
204839
204838
204838
204837
204836
204835
204834
204834
204834
204834
204834
204833
204832
204832
204831
204831
204830
204829
204829
204829
204828
204828
204827
204827
204826
204825
204824
204824
204824
204824
204823
204822
204821
204821
204821
204820
204819
204818
204818
204817
204816
204815
204815
204814
204814
204814
204814
204814
204813
204813
204812
204811
204810
204810
204809
204808
204807
204807
204806
204805
204805
204804
204804
204803
204802
204802
204801
204800
204799
204799
204798
204797
204797
204796
204795
204794
204793
204793
204792
204791
204790
204790
204789
204788
204787
204786
204786
204785
204784
204783
204783
204782
204781
204781
204780
204779
204778
204778
204777
204776
204776
204775
204774
204773
204772
204771
204770
204769
204769
204768
204768
204768
204767
204766
204765
204764
204763
204762
204761
204760
204759
204758
204757
204756
204756
204755
204754
204753
204753
204753
204752
204752
204751
204750
204749
204748
204748
204747
204746
204746
204745
204744
204744
204743
204742
204742
204741
204740
204740
204739
204739
204738
204737
204736
204735
204735
204734
204733
204732
204731
204730
204730
204729
204728
204727
204726
204726
204726
204725
204724
204723
204722
204721
204721
204720
204720
204719
204718
204717
204716
204716
204716
204715
204714
204713
204712
204712
204711
204711
204710
204710
204709
204709
204708
204707
204706
204705
204705
204705
204705
204704
204704
204704
204703
204702
204701
204700
204699
204698
204697
204696
204695
204694
204694
204694
204693
204692
204691
204690
204689
204688
204688
204688
204687
204686
204685
204684
204684
204683
204682
204682
204681
204681
204680
204680
204680
204680
204679
204678
204677
204676
204675
204675
204675
204674
204673
204673
204672
204671
204670
204670
204669
204669
204669
204669
204668
204668
204667
204667
204667
204666
204666
204665
204665
204664
204663
204662
204661
204660
204659
204658
204657
204656
204655
204654
204653
204652
204651
204651
204651
204651
204650
204649
204648
204647
204646
204646
204645
204644
204643
204643
204642
204641
204640
204639
204639
204638
204637
204637
204636
204635
204634
204633
204632
204632
204632
204631
204630
204630
204629
204628
204628
204627
204627
204626
204625
204624
204623
204622
204622
204621
204620
204620
204619
204618
204617
204617
204616
204615
204614
204613
204613
204613
204612
204612
204611
204610
204610
204609
204608
204608
204608
204607
204607
204606
204606
204606
204605
204604
204604
204603
204603
204602
204602
204602
204601
204600
204599
204598
204597
204596
204596
204596
204595
204594
204594
204593
204592
204592
204592
204591
204590
204589
204588
204587
204586
204585
204584
204584
204583
204583
204582
204582
204581
204581
204580
204579
204578
204577
204576
204576
204575
204574
204573
204572
204571
204571
204570
204569
204568
204567
204566
204566
204566
204565
204565
204564
204564
204563
204563
204563
204562
204562
204561
204561
204560
204559
204558
204557
204556
204555
204554
204554
204553
204552
204551
204551
204550
204549
204548
204547
204546
204545
204545
204544
204543
204542
204541
204540
204540
204540
204539
204538
204537
204536
204535
204534
204533
204532
204531
204530
204529
204528
204527
204527
204526
204526
204525
204524
204523
204522
204522
204521
204521
204520
204519
204518
204517
204516
204515
204514
204514
204513
204512
204511
204510
204509
204508
204507
204506
204506
204505
204504
204504
204503
204502
204501
204500
204500
204499
204498
204497
204496
204495
204495
204494
204494
204493
204492
204492
204491
204490
204489
204489
204488
204488
204488
204487
204486
204485
204484
204483
204482
204482
204482
204481
204480
204479
204478
204478
204477
204476
204475
204474
204473
204472
204472
204472
204472
204472
204472
204471
204471
204471
204470
204469
204468
204468
204467
204466
204466
204466
204466
204465
204464
204464
204463
204462
204461
204460
204460
204459
204459
204459
204459
204458
204457
204456
204455
204454
204453
204453
204452
204451
204451
204450
204449
204449
204449
204449
204448
204448
204448
204447
204447
204447
204446
204445
204445
204444
204443
204443
204443
204442
204442
204441
204440
204439
204439
204438
204437
204437
204437
204436
204435
204434
204433
204432
204431
204431
204430
204429
204428
204428
204428
204427
204426
204426
204425
204424
204423
204422
204421
204420
204420
204420
204419
204419
204419
204418
204418
204418
204417
204417
204417
204417
204417
204416
204415
204415
204414
204413
204412
204412
204412
204412
204412
204412
204411
204411
204410
204409
204408
204407
204407
204406
204405
204404
204403
204402
204401
204400
204399
204398
204397
204396
204395
204395
204394
204394
204393
204392
204391
204391
204390
204389
204388
204387
204388
204387
204386
204386
204385
204384
204383
204382
204382
204381
204381
204380
204379
204378
204377
204376
204375
204374
204373
204372
204371
204370
204369
204368
204368
204367
204367
204366
204365
204364
204363
204362
204361
204360
204360
204360
204360
204359
204358
204358
204358
204357
204356
204355
204355
204354
204353
204352
204351
204350
204349
204349
204349
204348
204348
204348
204347
204346
204345
204344
204343
204342
204342
204341
204341
204340
204339
204338
204337
204336
204335
204335
204334
204334
204333
204333
204332
204331
204331
204330
204329
204328
204327
204326
204325
204324
204323
204322
204321
204320
204319
204318
204318
204318
204318
204318
204317
204316
204315
204315
204315
204314
204314
204313
204312
204311
204311
204310
204309
204308
204307
204306
204306
204306
204306
204306
204305
204304
204303
204302
204301
204300
204300
204299
204299
204298
204297
204296
204295
204294
204294
204293
204292
204292
204292
204291
204291
204291
204291
204290
204290
204289
204288
204288
204287
204287
204286
204286
204285
204285
204285
204285
204284
204283
204282
204281
204281
204280
204279
204278
204277
204276
204275
204274
204274
204273
204272
204271
204270
204269
204269
204269
204269
204269
204268
204268
204267
204266
204266
204266
204266
204265
204264
204263
204263
204262
204261
204260
204260
204259
204258
204257
204256
204255
204254
204253
204252
204252
204252
204251
204250
204249
204248
204248
204248
204248
204248
204247
204246
204246
204245
204244
204243
204242
204241
204241
204240
204239
204238
204238
204238
204238
204237
204236
204235
204234
204234
204233
204232
204231
204230
204229
204228
204227
204227
204227
204227
204227
204227
204227
204226
204226
204226
204225
204224
204224
204223
204222
204221
204220
204219
204219
204218
204217
204216
204216
204215
204214
204213
204213
204212
204212
204211
204210
204209
204209
204209
204209
204209
204208
204208
204207
204206
204205
204205
204205
204204
204203
204202
204201
204200
204199
204198
204198
204197
204197
204196
204195
204195
204194
204193
204192
204191
204190
204189
204188
204187
204187
204186
204186
204185
204185
204184
204183
204183
204182
204181
204181
204180
204179
204178
204177
204177
204177
204176
204175
204174
204173
204173
204173
204172
204171
204170
204170
204169
204169
204168
204168
204167
204166
204165
204164
204163
204162
204161
204160
204159
204159
204158
204157
204157
204157
204157
204156
204156
204155
204154
204153
204153
204152
204151
204150
204149
204148
204147
204146
204145
204144
204144
204143
204142
204141
204140
204139
204138
204138
204137
204137
204137
204136
204135
204134
204133
204132
204131
204130
204129
204128
204128
204127
204127
204126
204125
204124
204123
204122
204121
204120
204119
204118
204117
204116
204115
204114
204113
204112
204111
204110
204109
204108
204107
204106
204106
204105
204105
204104
204103
204102
204102
204101
204101
204100
204099
204098
204098
204097
204096
204095
204094
204093
204092
204091
204091
204090
204090
204089
204088
204087
204087
204087
204087
204086
204086
204085
204085
204085
204085
204084
204083
204082
204082
204081
204080
204079
204079
204079
204078
204077
204076
204076
204075
204074
204073
204073
204072
204071
204070
204069
204068
204067
204066
204065
204064
204064
204063
204062
204061
204061
204060
204059
204058
204057
204056
204055
204054
204054
204054
204053
204052
204052
204051
204051
204051
204050
204050
204049
204049
204048
204047
204047
204046
204046
204045
204044
204044
204043
204043
204042
204041
204040
204039
204038
204037
204036
204035
204034
204033
204032
204032
204031
204030
204029
204028
204027
204026
204025
204025
204024
204024
204023
204022
204021
204021
204020
204019
204018
204017
204016
204015
204015
204014
204014
204013
204012
204011
204011
204011
204010
204009
204008
204008
204008
204007
204007
204006
204006
204006
204005
204004
204003
204002
204001
204001
204000
204000
203999
203999
203998
203997
203996
203995
203995
203994
203993
203992
203992
203991
203990
203989
203989
203989
203989
203989
203988
203987
203986
203985
203984
203983
203982
203981
203981
203980
203979
203978
203977
203976
203975
203974
203974
203973
203972
203972
203972
203971
203970
203970
203970
203969
203969
203968
203967
203966
203965
203964
203963
203962
203962
203961
203960
203960
203959
203958
203957
203956
203955
203955
203955
203955
203954
203953
203952
203951
203950
203949
203949
203948
203948
203947
203946
203945
203944
203943
203943
203942
203941
203941
203941
203940
203939
203939
203939
203938
203937
203937
203937
203936
203935
203934
203933
203932
203931
203930
203929
203929
203929
203928
203928
203927
203926
203926
203925
203924
203924
203923
203922
203921
203921
203920
203919
203918
203917
203917
203917
203916
203916
203916
203915
203915
203915
203914
203914
203913
203912
203912
203911
203910
203909
203909
203908
203907
203907
203907
203907
203906
203905
203904
203903
203902
203902
203901
203901
203901
203900
203900
203899
203899
203898
203897
203896
203896
203895
203894
203894
203893
203893
203892
203891
203890
203889
203888
203887
203886
203886
203885
203884
203884
203883
203882
203881
203881
203880
203879
203879
203879
203878
203877
203877
203876
203875
203874
203874
203873
203872
203872
203871
203870
203869
203868
203868
203867
203866
203866
203866
203866
203865
203864
203863
203862
203861
203860
203860
203860
203859
203858
203857
203857
203856
203855
203854
203853
203852
203852
203851
203850
203849
203848
203848
203847
203847
203847
203846
203845
203844
203844
203843
203843
203842
203841
203840
203840
203840
203839
203838
203837
203836
203835
203834
203833
203832
203831
203830
203829
203829
203828
203827
203827
203827
203826
203825
203824
203824
203823
203822
203821
203820
203819
203819
203819
203818
203818
203817
203816
203815
203814
203814
203813
203812
203811
203810
203810
203809
203809
203808
203807
203807
203806
203805
203805
203805
203804
203804
203804
203803
203802
203801
203800
203799
203798
203797
203796
203795
203794
203793
203792
203792
203791
203790
203789
203788
203787
203786
203785
203784
203783
203782
203781
203780
203779
203778
203777
203776
203775
203775
203774
203773
203772
203771
203770
203770
203769
203768
203767
203766
203765
203764
203763
203762
203761
203760
203759
203758
203757
203756
203755
203754
203753
203752
203751
203750
203749
203749
203748
203748
203747
203746
203745
203744
203743
203742
203741
203740
203739
203738
203737
203736
203735
203734
203733
203733
203732
203731
203730
203729
203728
203727
203726
203726
203726
203725
203724
203723
203722
203721
203720
203720
203719
203719
203718
203718
203718
203717
203716
203715
203714
203714
203714
203713
203712
203712
203711
203711
203710
203709
203709
203708
203707
203707
203706
203705
203705
203705
203705
203704
203703
203702
203702
203702
203701
203700
203700
203699
203699
203699
203698
203698
203697
203696
203695
203694
203693
203693
203693
203693
203693
203692
203691
203690
203689
203688
203687
203686
203685
203684
203683
203683
203682
203681
203680
203679
203679
203678
203677
203677
203677
203676
203675
203674
203673
203672
203671
203671
203671
203671
203670
203669
203668
203668
203668
203667
203667
203666
203665
203664
203663
203663
203663
203663
203662
203661
203660
203659
203659
203658
203658
203658
203657
203656
203656
203655
203654
203654
203654
203654
203653
203652
203652
203652
203651
203650
203649
203649
203649
203648
203647
203646
203645
203644
203643
203642
203641
203640
203639
203639
203638
203638
203638
203637
203636
203635
203634
203634
203633
203632
203631
203631
203630
203630
203629
203628
203627
203626
203625
203624
203623
203623
203622
203621
203620
203619
203619
203618
203618
203617
203617
203616
203616
203615
203614
203614
203614
203613
203613
203612
203611
203611
203610
203610
203609
203608
203608
203608
203608
203607
203606
203605
203605
203604
203603
203602
203601
203601
203600
203599
203598
203598
203597
203596
203596
203596
203596
203595
203595
203594
203594
203594
203593
203592
203592
203592
203591
203591
203590
203590
203589
203589
203589
203589
203588
203587
203586
203586
203585
203584
203583
203582
203581
203581
203580
203579
203579
203578
203577
203576
203575
203574
203573
203573
203574
203573
203573
203572
203572
203571
203570
203569
203569
203568
203567
203566
203566
203565
203564
203563
203563
203562
203562
203562
203561
203560
203559
203558
203558
203558
203557
203556
203556
203555
203554
203553
203552
203551
203551
203550
203549
203549
203548
203547
203547
203546
203545
203544
203543
203543
203542
203541
203540
203540
203539
203539
203540
203540
203539
203538
203537
203537
203536
203536
203535
203534
203533
203533
203533
203532
203532
203531
203531
203531
203530
203529
203528
203527
203526
203526
203526
203525
203525
203524
203523
203522
203522
203522
203522
203522
203522
203521
203520
203520
203520
203519
203518
203517
203516
203515
203514
203513
203512
203511
203511
203510
203510
203509
203509
203508
203507
203506
203505
203504
203504
203503
203502
203502
203501
203500
203499
203498
203498
203497
203496
203495
203494
203493
203493
203492
203491
203490
203490
203489
203488
203488
203487
203487
203486
203485
203485
203484
203483
203482
203481
203480
203479
203479
203478
203477
203476
203475
203474
203473
203473
203473
203472
203471
203470
203469
203468
203467
203467
203466
203466
203465
203464
203463
203462
203462
203461
203460
203459
203458
203457
203456
203455
203454
203453
203453
203453
203452
203451
203450
203449
203448
203447
203447
203446
203446
203446
203445
203444
203444
203443
203442
203441
203440
203439
203439
203438
203437
203436
203436
203435
203434
203433
203433
203433
203433
203432
203432
203431
203430
203429
203428
203427
203427
203427
203426
203425
203425
203424
203423
203422
203421
203420
203419
203418
203417
203416
203415
203414
203414
203413
203412
203411
203410
203409
203408
203408
203407
203407
203407
203406
203406
203406
203405
203404
203404
203404
203404
203403
203403
203402
203401
203400
203399
203399
203398
203398
203398
203398
203398
203398
203397
203396
203395
203394
203393
203392
203392
203391
203391
203390
203389
203388
203387
203386
203385
203385
203384
203383
203383
203382
203381
203380
203379
203378
203377
203376
203376
203375
203375
203374
203374
203373
203373
203372
203371
203370
203370
203370
203369
203368
203367
203367
203366
203366
203366
203365
203364
203364
203364
203364
203363
203363
203363
203362
203361
203360
203359
203358
203357
203356
203356
203355
203355
203354
203353
203352
203351
203351
203350
203350
203349
203348
203347
203346
203345
203345
203344
203343
203342
203341
203340
203339
203338
203337
203336
203335
203334
203333
203332
203331
203330
203330
203329
203329
203328
203327
203326
203325
203324
203324
203324
203323
203322
203321
203321
203320
203320
203319
203318
203317
203316
203315
203314
203314
203314
203313
203312
203311
203310
203309
203308
203307
203306
203305
203304
203303
203303
203303
203302
203301
203300
203299
203298
203297
203297
203297
203297
203296
203296
203295
203294
203294
203294
203294
203293
203292
203291
203290
203289
203288
203288
203287
203286
203285
203284
203283
203283
203282
203281
203280
203279
203278
203277
203276
203275
203274
203273
203272
203272
203272
203271
203271
203271
203270
203269
203269
203268
203267
203266
203265
203265
203265
203265
203265
203265
203264
203264
203264
203263
203262
203261
203261
203261
203260
203259
203258
203258
203258
203258
203257
203257
203257
203257
203256
203255
203255
203254
203253
203253
203253
203253
203253
203252
203252
203251
203251
203250
203249
203249
203248
203247
203246
203245
203245
203244
203243
203243
203242
203241
203240
203240
203239
203239
203239
203238
203237
203237
203236
203236
203235
203234
203233
203233
203232
203232
203232
203231
203230
203229
203229
203228
203227
203226
203225
203224
203223
203223
203222
203221
203221
203220
203220
203219
203218
203217
203217
203216
203215
203215
203215
203215
203215
203214
203213
203212
203211
203211
203210
203209
203208
203208
203207
203207
203206
203205
203204
203204
203203
203202
203202
203202
203201
203201
203201
203200
203200
203200
203199
203198
203197
203196
203195
203195
203195
203195
203194
203193
203192
203191
203190
203189
203188
203188
203187
203187
203186
203186
203185
203185
203184
203183
203182
203181
203180
203179
203178
203178
203178
203177
203176
203176
203175
203175
203175
203175
203175
203174
203173
203173
203172
203172
203171
203170
203169
203169
203169
203168
203167
203166
203165
203164
203164
203164
203164
203163
203162
203162
203161
203160
203160
203159
203159
203158
203158
203158
203157
203156
203155
203154
203153
203152
203151
203151
203150
203150
203150
203150
203149
203149
203148
203147
203146
203146
203145
203145
203145
203145
203144
203143
203143
203143
203143
203142
203141
203140
203139
203138
203137
203137
203136
203135
203135
203134
203133
203132
203132
203131
203130
203129
203129
203129
203129
203129
203129
203128
203128
203127
203127
203127
203127
203127
203126
203125
203125
203124
203123
203122
203121
203121
203120
203120
203119
203119
203118
203118
203117
203116
203116
203116
203116
203115
203114
203113
203112
203112
203111
203110
203109
203108
203107
203106
203105
203105
203104
203104
203103
203103
203103
203102
203101
203100
203099
203098
203097
203096
203096
203096
203095
203095
203094
203093
203092
203091
203090
203089
203088
203087
203087
203087
203087
203086
203086
203086
203086
203085
203084
203084
203083
203083
203082
203081
203080
203080
203079
203079
203078
203078
203078
203077
203076
203075
203074
203073
203072
203071
203070
203070
203069
203068
203067
203066
203066
203065
203064
203063
203062
203062
203061
203060
203059
203058
203057
203056
203055
203054
203054
203054
203053
203052
203051
203050
203049
203049
203049
203048
203048
203047
203046
203045
203044
203043
203043
203043
203042
203041
203041
203040
203040
203040
203039
203038
203037
203037
203036
203036
203035
203034
203033
203032
203031
203031
203031
203030
203029
203028
203027
203026
203025
203024
203023
203023
203022
203021
203021
203020
203020
203019
203019
203019
203018
203017
203016
203015
203015
203015
203015
203015
203014
203013
203012
203011
203011
203010
203009
203009
203008
203007
203007
203006
203005
203004
203003
203002
203002
203001
203001
203000
203000
202999
202998
202997
202996
202995
202995
202994
202994
202993
202992
202992
202992
202991
202990
202989
202988
202987
202987
202986
202986
202986
202985
202984
202983
202982
202981
202982
202981
202981
202980
202979
202979
202978
202977
202976
202975
202974
202973
202972
202971
202970
202970
202970
202969
202968
202967
202966
202965
202964
202964
202964
202964
202963
202962
202961
202960
202959
202958
202957
202956
202955
202954
202953
202952
202951
202950
202950
202949
202948
202947
202946
202945
202944
202944
202943
202942
202942
202942
202941
202940
202939
202939
202938
202937
202937
202937
202936
202936
202935
202934
202933
202932
202931
202930
202929
202929
202928
202928
202927
202927
202926
202925
202924
202923
202922
202922
202921
202920
202920
202919
202918
202918
202917
202916
202916
202916
202916
202915
202914
202913
202913
202912
202912
202911
202911
202910
202910
202910
202909
202908
202907
202906
202905
202904
202903
202903
202902
202902
202902
202901
202900
202900
202899
202898
202898
202897
202896
202896
202895
202895
202894
202893
202892
202891
202890
202889
202888
202887
202886
202885
202884
202883
202882
202882
202882
202882
202882
202881
202880
202879
202878
202878
202878
202877
202877
202876
202876
202876
202875
202874
202873
202872
202872
202872
202871
202870
202869
202868
202868
202868
202867
202866
202865
202865
202864
202863
202862
202861
202860
202859
202858
202857
202857
202856
202855
202854
202853
202852
202852
202851
202850
202849
202849
202848
202847
202846
202846
202846
202845
202844
202843
202842
202841
202840
202839
202838
202837
202836
202835
202835
202834
202833
202832
202831
202830
202829
202828
202827
202827
202827
202826
202826
202825
202825
202824
202824
202823
202823
202822
202821
202820
202819
202818
202818
202817
202816
202815
202814
202813
202812
202812
202811
202811
202810
202809
202809
202808
202807
202806
202806
202805
202804
202804
202803
202802
202801
202801
202800
202799
202798
202797
202796
202795
202795
202794
202793
202792
202792
202791
202791
202791
202790
202789
202788
202788
202788
202787
202786
202786
202786
202785
202784
202783
202782
202782
202781
202780
202779
202778
202777
202776
202776
202775
202774
202773
202773
202772
202772
202771
202770
202769
202769
202768
202768
202767
202766
202765
202764
202764
202764
202764
202763
202763
202762
202762
202761
202760
202759
202758
202758
202757
202757
202756
202756
202756
202755
202754
202753
202752
202752
202752
202752
202751
202751
202751
202750
202750
202749
202748
202747
202747
202746
202745
202745
202745
202744
202743
202742
202741
202740
202739
202738
202737
202736
202736
202735
202734
202733
202732
202731
202731
202731
202731
202731
202730
202730
202729
202729
202728
202728
202727
202727
202727
202727
202727
202726
202725
202724
202723
202723
202722
202721
202720
202719
202718
202717
202716
202716
202715
202714
202713
202712
202712
202711
202710
202709
202708
202708
202707
202707
202706
202705
202704
202703
202703
202703
202703
202702
202701
202701
202701
202700
202700
202699
202698
202697
202697
202696
202695
202695
202695
202695
202694
202693
202692
202692
202691
202690
202689
202688
202688
202687
202686
202685
202685
202684
202683
202682
202681
202680
202679
202678
202678
202677
202676
202676
202676
202675
202675
202675
202674
202673
202672
202671
202670
202670
202670
202670
202670
202669
202668
202668
202668
202667
202666
202665
202665
202664
202663
202662
202661
202660
202659
202659
202659
202659
202659
202659
202658
202657
202656
202656
202655
202654
202653
202652
202651
202650
202650
202649
202648
202647
202646
202645
202644
202643
202642
202641
202640
202639
202639
202638
202637
202636
202635
202634
202633
202632
202631
202631
202630
202629
202628
202627
202626
202626
202625
202624
202624
202623
202622
202621
202620
202619
202619
202619
202618
202617
202616
202615
202614
202613
202613
202612
202612
202611
202611
202610
202609
202608
202608
202608
202607
202606
202605
202604
202603
202602
202601
202600
202600
202599
202599
202599
202599
202598
202598
202597
202596
202595
202594
202593
202592
202591
202590
202589
202588
202588
202587
202586
202585
202584
202583
202582
202582
202582
202581
202580
202579
202579
202578
202577
202576
202575
202575
202574
202574
202573
202573
202572
202571
202570
202569
202569
202568
202568
202567
202566
202565
202565
202565
202565
202565
202565
202564
202564
202564
202563
202562
202562
202562
202562
202561
202560
202560
202559
202558
202557
202556
202555
202554
202554
202553
202553
202552
202551
202551
202550
202549
202549
202548
202547
202547
202546
202546
202546
202546
202546
202545
202545
202545
202545
202545
202544
202543
202542
202541
202540
202539
202538
202537
202536
202536
202536
202536
202535
202534
202533
202533
202533
202532
202531
202530
202530
202530
202529
202528
202527
202527
202526
202525
202524
202523
202522
202521
202520
202519
202519
202518
202518
202518
202517
202516
202515
202514
202513
202513
202512
202512
202512
202511
202510
202510
202510
202509
202508
202507
202506
202505
202504
202504
202504
202504
202503
202502
202501
202500
202499
202499
202498
202498
202497
202496
202495
202494
202493
202492
202491
202490
202489
202488
202487
202486
202485
202484
202483
202482
202482
202481
202480
202479
202478
202478
202478
202477
202476
202475
202474
202473
202472
202472
202472
202472
202471
202471
202470
202469
202469
202469
202468
202467
202467
202467
202466
202465
202465
202464
202463
202462
202462
202461
202460
202460
202459
202458
202458
202457
202456
202455
202454
202453
202453
202452
202452
202451
202450
202449
202449
202448
202447
202446
202446
202446
202445
202444
202444
202443
202442
202441
202440
202439
202438
202437
202436
202436
202435
202435
202434
202433
202433
202432
202432
202431
202430
202429
202429
202428
202427
202426
202425
202425
202424
202423
202423
202423
202422
202421
202420
202419
202419
202418
202417
202417
202416
202415
202414
202414
202413
202412
202411
202410
202409
202408
202407
202407
202406
202405
202404
202404
202403
202403
202402
202402
202401
202401
202400
202399
202398
202398
202397
202397
202396
202395
202395
202395
202394
202393
202393
202392
202391
202391
202390
202390
202389
202388
202387
202386
202385
202385
202384
202383
202382
202381
202381
202381
202380
202379
202378
202377
202377
202376
202375
202374
202373
202372
202372
202371
202371
202370
202369
202369
202368
202367
202366
202365
202365
202364
202364
202364
202363
202362
202361
202361
202360
202359
202358
202357
202356
202355
202355
202354
202353
202353
202352
202351
202350
202349
202348
202347
202347
202346
202345
202344
202343
202342
202342
202341
202340
202339
202339
202339
202338
202338
202337
202337
202337
202337
202337
202336
202335
202335
202335
202335
202334
202333
202332
202331
202330
202329
202328
202327
202326
202325
202325
202325
202324
202323
202322
202321
202320
202320
202320
202320
202319
202318
202317
202316
202316
202315
202314
202313
202312
202312
202311
202311
202311
202310
202310
202309
202308
202308
202308
202307
202307
202306
202305
202305
202304
202303
202302
202301
202301
202300
202299
202298
202298
202298
202297
202296
202295
202294
202293
202292
202292
202292
202291
202290
202289
202288
202288
202287
202286
202285
202284
202283
202283
202282
202282
202282
202281
202280
202279
202279
202278
202278
202277
202276
202275
202274
202274
202273
202272
202272
202271
202270
202270
202269
202268
202268
202268
202267
202266
202265
202264
202263
202262
202261
202260
202260
202259
202259
202259
202259
202258
202258
202257
202256
202255
202254
202254
202253
202252
202251
202250
202249
202249
202248
202247
202246
202245
202244
202243
202242
202242
202241
202240
202239
202238
202237
202236
202236
202235
202235
202234
202234
202233
202232
202232
202231
202231
202230
202229
202229
202228
202227
202226
202226
202226
202225
202225
202224
202223
202223
202222
202221
202221
202220
202220
202219
202218
202217
202217
202217
202216
202215
202214
202214
202213
202212
202211
202210
202209
202209
202208
202207
202206
202205
202204
202204
202203
202202
202201
202200
202200
202199
202198
202198
202197
202197
202196
202195
202194
202193
202192
202191
202190
202189
202189
202189
202188
202187
202186
202185
202184
202184
202183
202183
202182
202181
202181
202181
202180
202180
202179
202178
202178
202177
202176
202175
202174
202173
202172
202172
202171
202170
202169
202168
202167
202166
202165
202164
202163
202163
202162
202161
202160
202160
202160
202159
202159
202158
202158
202157
202156
202155
202154
202154
202153
202152
202151
202151
202150
202149
202148
202148
202147
202147
202146
202145
202144
202143
202143
202143
202143
202143
202143
202142
202142
202142
202141
202140
202140
202139
202138
202137
202136
202135
202134
202133
202132
202131
202130
202129
202128
202127
202126
202125
202124
202124
202123
202122
202122
202121
202121
202120
202119
202118
202117
202116
202116
202116
202116
202116
202115
202114
202113
202112
202111
202111
202111
202111
202110
202109
202108
202107
202106
202105
202104
202103
202103
202102
202101
202100
202099
202099
202099
202098
202097
202096
202096
202096
202095
202094
202093
202092
202091
202090
202089
202088
202088
202087
202087
202087
202087
202087
202087
202086
202085
202084
202083
202082
202081
202080
202079
202079
202079
202078
202077
202076
202075
202075
202074
202073
202073
202072
202071
202070
202069
202068
202068
202067
202066
202066
202065
202064
202063
202062
202062
202061
202060
202059
202059
202058
202057
202056
202056
202055
202054
202054
202053
202053
202052
202051
202051
202050
202049
202048
202048
202047
202046
202046
202045
202044
202043
202043
202042
202042
202041
202040
202040
202040
202040
202039
202038
202037
202036
202035
202034
202033
202032
202031
202030
202029
202028
202027
202026
202025
202024
202023
202022
202021
202020
202020
202019
202018
202017
202016
202015
202014
202013
202012
202011
202010
202009
202008
202007
202007
202007
202006
202006
202006
202005
202004
202003
202002
202001
202000
201999
201998
201997
201996
201995
201994
201994
201993
201992
201991
201990
201989
201988
201988
201988
201987
201986
201985
201984
201983
201982
201982
201981
201980
201980
201979
201978
201978
201977
201976
201975
201974
201973
201972
201971
201971
201970
201969
201968
201967
201966
201965
201965
201964
201963
201962
201961
201960
201959
201958
201957
201957
201957
201956
201955
201954
201953
201952
201952
201951
201950
201949
201949
201948
201947
201947
201947
201946
201946
201945
201944
201943
201942
201942
201942
201941
201940
201940
201940
201940
201939
201938
201938
201938
201937
201937
201936
201936
201935
201934
201933
201932
201932
201931
201930
201929
201929
201928
201927
201926
201925
201924
201924
201923
201923
201922
201921
201921
201920
201919
201918
201917
201916
201915
201914
201913
201912
201911
201910
201910
201909
201908
201907
201906
201905
201904
201903
201902
201901
201901
201900
201899
201899
201898
201898
201897
201896
201895
201895
201894
201893
201892
201891
201890
201890
201890
201889
201888
201888
201887
201887
201886
201885
201885
201884
201884
201883
201883
201882
201882
201881
201880
201880
201879
201878
201877
201876
201876
201875
201875
201874
201874
201873
201873
201872
201871
201870
201870
201870
201869
201869
201868
201867
201867
201866
201865
201865
201864
201863
201863
201863
201862
201861
201860
201859
201858
201857
201856
201855
201855
201855
201854
201853
201852
201852
201851
201850
201849
201848
201847
201846
201846
201846
201845
201844
201843
201842
201841
201840
201840
201839
201839
201838
201837
201837
201836
201836
201835
201834
201833
201833
201832
201831
201830
201830
201830
201830
201829
201828
201827
201826
201826
201825
201824
201824
201824
201823
201822
201821
201821
201821
201820
201820
201819
201818
201818
201817
201817
201817
201816
201816
201815
201814
201813
201813
201812
201812
201811
201810
201809
201809
201809
201809
201808
201807
201807
201806
201806
201806
201806
201805
201804
201804
201803
201802
201802
201801
201800
201799
201798
201797
201797
201796
201795
201794
201793
201792
201791
201791
201790
201789
201789
201789
201788
201787
201786
201786
201786
201785
201784
201783
201782
201781
201780
201779
201779
201779
201779
201778
201777
201776
201775
201774
201774
201774
201773
201772
201771
201770
201770
201769
201769
201768
201768
201767
201766
201765
201764
201763
201763
201762
201762
201761
201760
201759
201758
201758
201757
201756
201755
201754
201753
201752
201751
201750
201749
201749
201749
201748
201747
201747
201747
201746
201746
201745
201745
201744
201743
201743
201742
201742
201742
201741
201740
201739
201738
201738
201737
201737
201736
201735
201734
201733
201733
201733
201732
201731
201730
201729
201729
201728
201727
201726
201726
201725
201724
201723
201723
201722
201721
201720
201719
201718
201718
201717
201716
201715
201714
201713
201712
201711
201710
201709
201708
201707
201706
201705
201705
201705
201704
201704
201704
201703
201702
201701
201700
201699
201699
201698
201698
201697
201696
201695
201695
201694
201693
201693
201692
201691
201690
201689
201689
201688
201687
201687
201687
201686
201685
201684
201684
201683
201682
201681
201680
201679
201679
201678
201677
201676
201676
201676
201676
201676
201675
201675
201675
201674
201673
201672
201671
201671
201670
201670
201669
201669
201668
201667
201666
201665
201665
201664
201663
201662
201661
201661
201660
201659
201658
201657
201656
201655
201654
201654
201653
201653
201652
201651
201651
201650
201649
201649
201648
201647
201646
201646
201646
201645
201644
201643
201642
201641
201640
201640
201639
201638
201637
201636
201635
201635
201634
201633
201633
201632
201632
201631
201630
201629
201628
201628
201628
201627
201626
201625
201624
201623
201622
201621
201620
201620
201620
201619
201619
201618
201617
201616
201616
201616
201616
201616
201615
201614
201614
201613
201613
201612
201611
201610
201609
201608
201607
201606
201605
201605
201605
201604
201603
201603
201603
201602
201602
201601
201600
201599
201598
201598
201597
201596
201595
201595
201594
201593
201592
201591
201591
201590
201589
201588
201587
201586
201586
201585
201585
201584
201583
201583
201583
201582
201581
201580
201579
201578
201577
201577
201576
201576
201576
201576
201576
201575
201574
201573
201572
201571
201571
201570
201569
201568
201568
201567
201566
201566
201565
201564
201564
201564
201563
201563
201563
201563
201563
201562
201561
201560
201560
201559
201559
201558
201557
201557
201556
201555
201554
201553
201552
201552
201551
201550
201550
201549
201548
201547
201547
201546
201545
201545
201544
201543
201542
201541
201540
201540
201539
201538
201538
201538
201537
201537
201536
201536
201535
201535
201535
201534
201534
201533
201533
201532
201531
201530
201529
201528
201528
201528
201528
201527
201526
201526
201526
201526
201525
201525
201525
201524
201523
201523
201522
201521
201520
201520
201519
201518
201518
201518
201517
201516
201515
201515
201514
201513
201512
201511
201510
201509
201509
201508
201507
201506
201506
201505
201505
201504
201503
201503
201502
201501
201500
201500
201499
201498
201497
201496
201495
201494
201493
201492
201491
201491
201490
201489
201489
201488
201487
201486
201485
201484
201483
201482
201481
201480
201479
201479
201478
201477
201476
201476
201475
201474
201473
201472
201471
201470
201470
201469
201469
201469
201468
201467
201466
201465
201464
201464
