5776
-4820
11614
3547
-5707
17354
17828
-4859
-13491
11019
41151
-2571
-1582
-2775
20025
38825
16621
30449
-9257
27151
18956
-3961
-19195
12243
-9237
33654
24968
49503
-6750
16388
15712
29845
4685
-3445
-2291
46854
1341
-939
36699
4552
31878
54892
-481
29600
9369
-19202
24134
18302
-3702
11489
-1776
122901
-9502
23620
-674
50074
60761
-13858
38773
9506
-3240
-2401
25621
5691
-26764
2307
10903
19815
-26313
-2082
4733
-17258
12604
38945
48263
2581
21222
18855
-1453
-7634
28331
25330
23402
-9834
54980
-6422
17576
14748
18689
7879
-4600
-11481
-10515
31143
-2436
57878
29652
2996
5373
7055
48967
3177
12221
-6741
-38935
-2263
27594
2698
92161
4920
23051
1636
-9440
12973
2308
4346
20620
47531
15369
7987
25702
28662
23878
3163
-1072
-5003
-2182
13967
36307
19091
77367
4517
-19916
8394
11286
15785
44746
1441
8520
21023
61714
-5815
3078
22248
16588
20378
15075
8994
14170
-8882
-13404
2886
3241
19223
24477
22031
29944
36356
19302
31125
25732
50706
26795
30392
99155
6088
55728
2595
53717
10379
59945
14614
15306
10529
-818
20138
32057
53674
3978
5300
-3903
-1176
39995
8691
8114
32761
-21044
-2325
1531
1203
29769
3749
-1246
27394
8253
23064
79552
-8736
57226
27806
-3479
-20984
10632
22399
30063
-18715
-14706
-28361
56409
22154
18191
30347
32123
5801
-19038
22088
11307
-24300
-201
9907
35440
-6350
18185
-5805
9933
36838
18057
47845
1567
5059
17078
37996
-10157
37268
1253
42535
7240
-7908
3254
22974
-7598
48667
31675
-5596
-6024
20198
-1180
59198
16409
17127
15401
-1883
24002
-6833
-16754
31685
30329
11646
-357
53226
17571
8976
2739
41120
19070
3269
49
-13810
26052
17074
38067
6403
29195
-3139
10828
54296
10672
57212
-15646
18369
2570
12958
-1948
8423
18770
-2221
17250
22564
54560
-11452
-4263
58356
14585
21078
17866
16699
4537
-13672
5057
-16284
9832
40753
10011
10152
33078
-4131
54853
32316
10543
-388
91259
20223
11678
16871
18751
23344
64137
-15029
-6891
24080
-1736
-3354
-8539
47909
-5583
61196
44213
15712
3902
1687
12521
31737
-3005
52963
-9536
8605
-7632
73088
4508
32509
-1083
-1043
29428
15295
14426
7878
3084
79091
69090
3396
3745
-3123
-3599
-16586
40874
36148
3765
-1405
48422
-17772
4191
35506
15620
29524
-6862
52155
25039
26432
5877
29135
10554
57
-14429
-15355
2114
-12478
27573
36273
10082
-22800
64073
-11454
33327
30939
19713
16019
-2458
33259
675
-27864
13411
10243
39060
-19283
6682
38041
26489
-3566
3104
21623
3983
11053
14742
-6583
43252
34160
28543
-11103
17187
-10095
51921
-7136
-7445
47853
3726
-11379
-851
24780
-2542
9179
8536
16671
-1669
11891
26619
5580
-7585
37169
16944
4838
33997
24192
-9108
6964
51671
52640
-10401
8129
-3659
13907
-9227
6883
6468
35722
16327
19003
7328
12312
11246
13609
25339
33186
-1610
16159
6031
-1577
10864
14204
51136
-9149
-1348
-4865
-8154
35118
32181
18069
337
-3147
18491
72055
626
16356
-22177
49814
6920
-6118
-17950
-18488
10698
18686
26349
-13843
18267
26713
2923
47325
3147
75828
14494
37010
27693
36685
34325
25444
12565
-1041
41731
32214
7379
-5616
