323
83 1 1981 560 1987 167 603 1127 1932 577 1528 1913 1071 36 971 472 1280 833 391 225 71 1677 1078 917 1994 300 1473 1267 1966 114 888 1315 110 1653 810 686 515 1487 557 1844 49 1691 8 1741 700 892 576 749 1394 1560 1635 878 693 867 987 1659 1766 1576 292 864 1232 354 631 1763 1133 821 1671 384 1160 1567 1404 484 905 1352 1458 463 161 44 174 1068 269 662 1550 797 
4 11 684 1856 379 
2 13 1804 
3 16 1589 593 
6 22 1221 897 339 697 512 
2 23 1597 
2 32 1732 
4 34 1545 694 1714 
2 35 1673 
7 37 265 735 751 1484 679 1888 
2 45 1236 
2 59 420 
6 67 1449 1718 1026 1176 889 
11 68 1943 395 1051 1676 569 1931 1687 643 1361 681 
2 69 1893 
6 77 1284 380 477 846 1104 
3 78 844 94 
2 79 1625 
2 101 145 
2 104 539 
2 118 1946 
17 126 1443 369 869 1630 592 1818 353 741 531 651 1168 543 1720 1086 320 1029 
2 137 715 
2 138 594 
7 140 1464 574 308 1540 1960 12 
2 150 1467 
2 157 122 
7 162 107 1138 80 298 488 535 
2 168 370 
3 169 418 561 
2 172 1147 
4 202 963 1552 1590 
7 211 344 1890 1709 74 111 623 
2 219 1185 
2 232 1865 
3 244 1350 858 
2 247 1300 
18 253 1722 920 1618 299 572 1725 901 1279 547 1527 1261 1711 413 1755 854 809 1054 
2 254 237 
9 255 1669 999 464 704 1828 424 1598 171 
5 275 1511 852 151 1916 
8 288 1440 1526 1926 147 1744 1990 58 
2 289 1554 
2 295 1422 
3 296 1600 1684 
7 314 524 894 1991 1674 1563 450 
3 315 760 1342 
2 316 1638 
4 319 1823 179 1224 
6 324 1988 1836 726 1524 1401 
7 331 909 1967 1123 1698 478 1152 
3 336 1863 1353 
6 347 1337 1788 116 639 1568 
3 348 1672 1403 
2 352 92 
2 362 1910 
2 388 1942 
2 402 183 
3 408 148 1874 
2 410 1896 
2 411 287 
9 414 943 1510 986 842 1417 591 1177 1468 
2 425 1884 
2 427 967 
3 429 1753 568 
23 440 863 367 276 1808 764 1067 1544 794 805 143 378 1136 1728 1345 264 855 1811 1934 719 1859 130 40 
3 441 868 1683 
4 444 1048 25 1796 
12 452 302 1322 18 1883 1429 1586 680 1785 666 325 387 
4 459 1167 511 1201 
3 462 759 398 
3 466 133 801 
2 473 1001 
2 481 1875 
3 486 775 360 
3 487 638 1287 
2 489 210 
4 493 556 368 376 
2 495 581 
2 503 1332 
2 504 304 
5 509 580 197 502 1439 
2 510 761 
2 514 1028 
2 521 243 
5 523 1587 932 1114 663 
7 537 1475 9 1800 322 1079 1912 
2 545 779 
5 552 1377 1466 947 853 
13 558 695 284 668 164 1218 1558 430 658 722 1543 1349 702 
3 562 193 1012 
7 565 1666 317 341 1036 877 1646 
2 589 55 
3 597 1769 1726 
2 604 1102 
6 607 612 1455 1003 911 373 
5 611 70 559 952 281 
7 619 355 30 891 431 648 1146 
3 626 881 1193 
4 628 371 553 1286 
2 635 994 
5 659 1579 939 498 1080 
15 665 112 709 1782 332 121 1838 1170 922 1070 1706 1877 1843 5 1055 
11 671 1426 1212 426 1768 182 460 1243 596 1654 499 
4 673 419 1355 838 
3 674 787 1125 
10 675 307 1817 1573 1327 1655 964 757 1106 1207 
2 678 1661 
6 683 843 1935 595 194 792 
5 688 1599 1607 1534 960 
2 691 1066 
2 698 820 
10 706 1917 1820 1759 1650 1253 533 468 1120 907 
2 710 1610 
3 712 1248 1053 
3 716 361 1789 
5 720 1578 1530 1325 394 
3 724 403 33 
6 725 1922 752 1244 823 345 
7 732 1765 1797 1894 959 1211 1156 
3 733 423 4 
2 736 513 
4 738 141 158 1042 
2 744 642 
2 753 1109 
3 754 1636 1925 
14 763 334 15 1611 1968 470 82 1898 931 1324 1222 61 654 1845 
17 767 661 1547 1680 827 491 755 209 1852 437 1257 199 146 1129 1623 1574 739 
2 772 1073 
3 782 1538 1013 
3 784 1657 492 
4 785 1854 930 1849 
7 800 1727 263 1335 783 17 1386 
5 804 1469 1891 1997 1339 
3 806 1516 807 
2 811 1627 
4 815 941 1154 443 
4 826 1665 267 1523 
12 829 305 1415 415 242 981 1923 1454 227 1331 1373 520 
2 834 1719 
4 847 160 1663 14 
2 848 328 
2 850 530 
3 857 1897 707 
2 861 469 
4 880 1097 1371 89 
4 883 1905 238 1933 
28 890 730 1406 1681 1038 105 1010 366 1835 1213 544 1231 1812 584 1606 1705 273 96 1059 1392 940 1340 984 1921 938 46 1435 1008 
7 896 329 1370 3 100 586 1989 
2 902 1360 
4 908 957 1660 1093 
21 923 1103 294 10 518 230 476 1445 918 1196 1240 60 1539 136 1128 740 39 1400 1425 1416 904 
3 924 1773 1161 
2 925 766 
5 933 1148 849 1964 1274 
5 956 1099 139 1596 1304 
2 966 845 
2 968 257 
2 973 190 
7 976 1941 1338 1032 1947 1482 1379 
4 977 198 526 1996 
8 980 259 365 536 742 1022 381 409 
2 995 1035 
2 1009 832 
2 1016 1701 
12 1021 363 1612 1297 1537 1619 1702 771 776 1183 251 882 
9 1023 1634 1118 625 1490 85 1762 445 1501 
11 1024 207 1479 433 490 567 1256 538 1433 1798 321 
2 1033 1357 
3 1041 1569 180 
2 1043 1938 
5 1047 1581 517 912 1983 
6 1060 455 422 1062 1873 796 
2 1065 1757 
10 1072 1814 333 1199 248 132 1384 1949 885 899 
2 1084 1582 
2 1095 1929 
3 1100 637 392 
4 1113 446 1739 1985 
2 1117 954 
2 1122 1006 
9 1131 229 375 1641 1493 1278 176 1975 189 
2 1135 1316 
2 1137 97 
3 1143 657 1343 
5 1144 1014 1502 746 946 
3 1145 1387 540 
4 1149 98 125 1494 
28 1157 494 277 188 1915 1772 1110 1362 1750 330 645 465 1962 184 454 262 1819 828 1508 1007 38 630 1825 1453 1027 1803 1354 1298 
2 1158 1593 
3 1162 1195 1058 
6 1163 1503 529 75 1179 1509 
4 1172 156 1816 649 
3 1173 1480 297 
5 1184 516 718 542 928 
2 1186 1948 
3 1192 1900 1380 
4 1194 1428 926 1431 
3 1202 974 1515 
2 1205 1583 
2 1206 717 
8 1210 335 884 195 1389 1704 1529 1275 
9 1216 123 1746 640 993 1993 903 338 669 
5 1220 1961 534 1265 1034 
2 1226 407 
6 1228 1141 250 1189 770 326 
10 1230 485 667 599 1348 1130 714 54 1914 841 
2 1239 1242 
4 1252 1869 1736 1139 
2 1255 7 
6 1264 566 873 448 1254 886 
3 1281 789 618 
2 1285 1227 
2 1288 644 
3 1291 56 1301 
8 1292 1323 1904 196 1952 1694 218 579 
2 1299 301 
3 1305 364 1703 
2 1309 1040 
5 1314 1169 1334 1112 1198 
2 1320 1553 
3 1321 919 1088 
2 1329 1908 
4 1364 1063 404 786 
4 1366 1126 1367 745 
4 1369 1306 240 1258 
2 1372 1174 
3 1378 406 1082 
2 1402 1689 
8 1405 729 1832 306 942 1388 676 1846 
5 1410 1693 606 1561 283 
49 1412 1319 1427 1069 955 1775 652 6 2 585 1463 357 672 245 1752 1385 689 327 173 822 1121 1855 1368 1190 1799 978 1471 1887 985 496 154 1944 1460 1115 1091 1219 1119 235 696 865 998 1522 1594 31 1492 1166 208 216 1901 
2 1414 1294 
4 1421 383 1341 309 
2 1447 1549 
2 1456 1200 
2 1470 178 
6 1478 1317 1393 575 1111 1328 
2 1481 359 
2 1486 1203 
2 1488 1358 
4 1495 508 1712 1318 
12 1497 1312 311 1461 627 1794 152 282 1885 91 51 1580 
2 1498 53 
4 1504 1237 1077 323 
2 1505 1608 
3 1513 1881 20 
3 1517 21 442 
5 1519 814 525 475 677 
2 1520 616 
3 1533 762 1936 
2 1542 1546 
16 1551 570 213 799 393 653 1556 1918 416 699 1188 1867 927 342 1326 461 
2 1555 1715 
6 1571 1310 1092 781 435 906 
3 1585 588 26 
2 1588 63 
2 1592 1928 
2 1595 1998 
2 1602 1969 
2 1603 1951 
5 1604 564 1899 1902 803 
3 1609 1419 1940 
2 1613 84 
3 1614 400 115 
2 1616 1108 
2 1624 48 
2 1626 1620 
4 1631 1450 1837 303 
7 1633 142 615 1061 914 1081 1263 
2 1642 1408 
13 1647 1617 871 396 1407 862 1911 723 1002 200 1601 349 43 
2 1649 1862 
4 1651 1302 1430 836 
2 1652 29 
3 1667 1409 808 
3 1668 578 356 
2 1682 1085 
4 1685 1303 1824 313 
2 1696 1572 
4 1721 1234 1050 65 
9 1733 1518 970 791 916 1344 1965 1982 1208 
4 1740 165 1359 1382 
4 1742 1866 432 1271 
2 1745 1664 
10 1747 1605 876 451 206 215 129 1805 1541 1813 
2 1749 1134 
2 1758 1020 
4 1767 650 87 482 
2 1770 1229 
16 1771 1233 377 1083 1046 1860 401 1235 266 1250 1872 769 1483 734 1821 1018 
3 1776 149 563 
5 1777 203 600 1225 449 
2 1779 1688 
4 1780 1692 1639 1045 
2 1787 965 
2 1792 1532 
2 1801 951 
3 1827 72 1383 
12 1830 346 750 790 1489 1507 819 528 1743 583 1559 1892 
2 1833 983 
3 1842 982 1056 
4 1850 28 972 57 
11 1851 608 629 1087 812 1090 1019 399 1346 1241 241 
2 1853 1057 
6 1857 76 1699 1992 992 1822 
19 1864 1840 1011 910 279 1791 614 1374 1945 687 1841 711 824 170 1238 1723 1434 1182 778 
3 1868 222 1870 
3 1876 997 1197 
4 1878 131 134 1724 
6 1880 590 1140 1786 636 1441 
3 1886 944 223 
4 1889 1978 1472 1678 
11 1909 874 1064 703 949 1557 1101 887 1713 271 1390 
20 1919 1895 1307 758 705 765 788 286 851 522 389 226 291 872 573 1474 1784 1632 802 825 
4 1927 224 519 506 
2 1930 261 
3 1937 1151 1670 
7 1956 856 837 1283 343 439 1336 
8 1973 1730 921 795 1629 374 1807 777 
2 1974 610 
2 1995 991 
4 1999 1980 727 234 

