51
817 1 377 334 1190 648 254 1783 95 552 792 247 1256 574 765 197 573 1374 1418 579 965 169 1223 436 30 997 496 1564 1163 734 1094 138 1676 1605 14 508 466 49 1946 1784 1311 549 1794 72 1823 1906 317 1742 1650 1315 786 729 1110 1406 681 435 200 1361 1660 1923 298 1951 1899 1086 465 570 1460 1819 689 1980 1695 908 1936 802 1511 1337 756 412 459 656 18 635 1642 1750 1385 890 445 1916 342 1487 1604 676 1637 1255 1613 1706 517 1864 1485 1394 144 163 819 326 612 182 603 430 191 1545 1977 626 1525 1997 951 74 361 523 610 1628 1725 40 1994 1027 873 807 513 1775 795 1107 551 1698 399 585 1894 1291 727 1297 1296 1251 1235 1661 76 1626 1102 1659 350 337 1953 1926 1526 1181 629 1536 1720 44 1514 180 363 314 1305 1940 1587 1092 490 125 1497 918 1537 696 669 633 1821 1098 1607 1774 1869 500 936 907 507 983 148 11 1353 345 687 307 650 1728 1707 1831 1071 680 1769 536 1999 845 640 1458 1044 417 1555 219 1973 541 1599 1351 1729 177 2000 815 1963 1340 1247 408 1593 708 1983 1269 1413 647 1111 99 1038 1180 1008 718 1577 896 1397 1208 1726 1618 872 1307 817 1982 866 185 193 1560 1550 1191 540 85 659 1584 1890 658 793 826 1489 481 1816 207 341 1854 1355 913 1079 476 1807 250 1943 495 1372 53 1348 1764 1731 1649 1736 272 1655 1858 1479 597 1837 240 1874 625 663 958 1531 1833 509 855 1298 238 264 441 1911 1200 986 1596 592 354 993 1700 1806 419 472 1506 863 1699 839 1024 1779 1850 1101 21 1395 114 1227 1088 591 1912 1189 1741 1551 15 630 1293 1758 994 1076 982 1617 703 1753 1029 1610 105 781 759 1772 1402 1480 533 32 1034 966 931 259 813 206 1422 268 505 324 794 1881 988 1656 812 785 1925 1084 1281 1104 1408 277 1231 478 516 24 1108 960 1036 1093 171 165 1124 824 1095 1490 1586 244 330 69 411 1010 677 434 297 1306 319 1145 1788 627 605 670 212 1259 1224 111 1598 1467 234 1188 1662 1278 260 1463 233 395 135 773 1329 1639 1693 1582 61 1502 1416 1818 1889 97 103 1430 340 1852 589 1565 1557 78 1264 312 764 1543 1685 1825 1132 1435 1167 1060 1270 673 315 1770 1446 1634 1622 1330 1549 1125 290 1777 1228 1763 1934 137 1608 1559 1078 1335 427 102 897 480 1063 1136 7 1207 1541 1183 506 414 972 1266 251 876 1130 1261 698 1164 948 1867 1323 1684 919 1229 295 985 1453 1793 1359 767 86 1276 1933 1681 1089 880 1426 1942 1392 1246 364 188 134 554 1017 611 1326 1287 1090 1449 1839 51 750 1955 1654 799 780 141 998 1653 56 878 438 846 323 1391 1046 916 609 1939 1099 646 774 838 1074 202 1620 1496 133 665 853 13 1621 1567 447 1702 129 1083 1053 999 155 711 749 1398 1491 1492 1932 927 327 432 406 147 407 9 1501 1225 769 1591 1708 921 798 1892 964 1138 293 1456 1682 1716 1589 1600 468 1705 1928 1735 1319 850 1863 1979 1432 336 1184 560 313 1310 433 683 1081 1257 257 922 1629 1711 115 59 848 1533 1427 864 694 1957 1072 641 55 1924 1118 938 643 1853 1152 898 460 1755 1614 638 1148 924 1157 814 1345 684 271 950 1709 1126 568 464 975 1049 784 954 493 1289 47 906 503 1419 270 1744 1873 946 253 547 73 1401 1035 562 618 515 1773 228 1678 1798 26 209 487 1786 443 719 136 1155 851 724 1117 223 1376 405 41 369 926 448 1991 429 418 1339 1701 1776 831 1830 717 1483 514 1847 1575 1935 1915 90 1738 755 157 194 262 1242 1542 70 232 1721 735 1436 1954 615 48 1154 559 1995 1796 1528 818 79 1067 2 1689 1240 702 225 1901 94 892 730 106 1602 1243 1431 201 379 530 1147 1887 1448 1438 1978 504 1327 36 58 979 286 1014 1499 1018 1037 1314 1234 1781 1512 1294 17 594 1566 1056 25 930 16 912 1552 1539 572 700 1142 962 230 1782 278 1404 1277 653 1917 949 357 1198 1724 1981 210 1041 380 279 942 422 753 469 1919 153 1378 1465 1730 762 1488 243 1328 1948 567 1521 356 1581 116 690 64 1447 1375 704 519 1237 1474 1331 1232 521 1553 889 1156 204 
2 80 1122 
2 89 167 
2 121 602 
2 123 1068 
2 170 728 
2 198 968 
2 258 1204 
3 316 1897 1417 
2 392 1809 
2 431 226 
2 437 622 
3 518 1841 172 
2 522 42 
3 581 525 285 
2 634 1048 
2 642 721 
2 664 1341 
2 671 1196 
2 688 1469 
2 715 803 
2 740 624 
2 856 214 
2 894 1671 
2 902 693 
2 941 1984 
2 981 288 
2 1016 1883 
2 1020 276 
2 1128 1771 
2 1141 482 
2 1209 1988 
2 1213 1144 
3 1302 296 425 
2 1440 1206 
2 1443 1971 
2 1452 1262 
3 1464 248 35 
2 1486 331 
2 1516 1985 
2 1568 1929 
2 1588 1021 
2 1688 1904 
2 1733 639 
684 1740 68 613 37 1280 804 843 915 393 1723 1952 1210 596 208 1803 384 557 1085 213 282 564 1203 166 877 501 1283 450 636 164 1968 400 388 474 1059 526 255 140 424 1504 383 1116 1843 1047 463 1159 1842 992 741 449 1804 933 932 686 486 84 1009 1601 842 365 1354 1267 1193 1312 959 1011 1477 1103 1573 229 970 491 1527 682 1907 590 973 492 1619 1822 1891 1162 511 531 1134 152 1747 989 371 1478 1696 1752 758 241 710 1284 1381 961 266 1233 162 1515 900 1840 1609 1815 252 1827 119 284 739 1974 1590 593 566 720 1749 216 6 834 1719 1592 1052 168 353 1535 1704 832 265 1714 1000 1320 339 156 38 556 678 706 483 1732 1160 66 990 1640 1630 1263 1920 488 1472 1254 396 1158 662 1976 249 939 220 458 1680 685 1673 512 1813 1161 222 370 231 911 796 294 1832 731 479 775 606 1675 1529 1219 1882 582 1838 1768 52 160 1931 1129 1318 1498 1146 1346 736 1508 771 882 1356 1113 722 1425 797 963 1941 1407 178 945 457 1880 63 953 1759 1393 847 881 957 1761 1349 578 440 1239 81 1967 360 158 289 1288 1849 1961 1387 754 1876 1989 991 1405 770 1790 923 675 398 1785 235 545 1540 1061 355 1611 1171 619 1743 174 1384 1692 1282 131 1859 823 321 1624 1580 1001 1403 652 1455 394 1168 849 453 879 854 660 1105 829 1274 1616 538 1358 1644 859 539 723 695 1100 338 452 1627 614 267 604 1554 1583 1922 865 1333 332 1363 477 311 329 1080 1862 1439 269 470 308 747 713 1399 1612 836 651 737 746 1530 1811 1959 712 742 1371 378 28 1574 871 1517 1791 1023 149 1993 305 1054 1065 1165 862 217 544 1495 1835 351 346 1106 1635 1518 366 801 1217 494 884 1802 1558 1040 367 358 816 1012 707 1665 124 1272 1332 1500 1230 1005 1222 1137 175 837 869 1033 151 935 1927 996 1120 444 1177 1722 1350 420 1949 1216 537 1757 499 442 1450 1546 1015 409 461 1651 1921 1834 1632 1199 1057 1338 1824 1767 1409 1295 1861 1789 1603 416 502 674 1524 1739 1522 1411 462 126 1313 1445 1457 1123 39 88 716 1058 1964 577 184 386 1470 546 1799 1646 783 451 1664 821 956 122 887 98 1792 143 534 1370 497 776 623 860 300 109 1674 154 1895 318 301 362 1914 43 1245 1377 905 1805 1778 292 91 1900 349 1523 142 732 1077 825 644 1286 1868 701 1820 328 598 1299 196 543 1007 940 1309 71 1484 1762 763 1220 303 381 186 3 273 1710 1028 1687 1885 1212 980 161 1373 60 1109 467 527 195 1150 1429 1441 548 1300 1304 401 883 1268 1336 1563 1169 489 1321 1357 692 1186 1003 1096 1520 1947 976 239 1218 1996 203 1672 1645 1364 1412 752 1324 571 1960 1829 348 1679 852 841 1745 176 224 827 1285 1250 92 403 218 944 1918 1241 1437 1845 1648 1468 1051 1347 1030 587 1937 1383 1149 748 1476 117 108 1727 661 1461 387 903 844 925 1462 1878 857 1290 299 1025 666 4 1509 1888 1380 1595 1756 1365 1828 1390 632 426 402 1691 1677 1454 1451 1473 616 34 22 528 805 65 93 697 1197 205 20 1482 529 1211 100 54 1857 709 858 33 1043 654 777 743 1055 309 77 390 1734 1532 1908 1657 553 928 867 87 455 772 1896 778 672 1780 899 107 335 375 1638 1362 1205 952 283 1013 404 1493 1909 1386 595 1271 822 391 127 29 1875 1694 1760 415 820 1428 600 385 1260 1666 373 586 1930 428 1643 1143 599 1570 421 291 895 1966 888 1192 1636 
2 1748 920 
2 1836 1812 
2 1851 901 
3 1905 215 532 
2 1956 1686 
2 1975 1343 

