303
61 1 1699 1367 503 212 636 1090 1968 110 213 1415 1480 1611 1672 1838 575 1035 206 567 509 1401 224 1416 560 721 622 591 1171 845 568 1400 1023 193 1847 1361 1675 359 777 1898 1573 1587 1108 347 81 788 1720 1131 118 870 438 201 659 1313 1514 1076 1033 92 516 958 1940 1050 
5 3 274 452 1632 1015 
3 20 373 1060 
7 21 1821 726 415 1944 164 1688 
6 28 719 1802 1372 1554 1754 
3 29 1910 615 
3 32 1059 1443 
2 33 9 
2 37 1650 
25 46 1271 396 638 803 1786 658 88 1541 192 552 442 106 1220 1726 857 1736 1660 1034 1793 385 752 270 76 1769 
4 58 465 1237 1215 
2 61 318 
4 75 397 1680 182 
2 83 1469 
3 85 1355 1299 
2 91 672 
3 96 1356 1109 
4 100 1829 381 42 
25 102 1923 1644 1970 1511 1389 1324 449 1934 244 956 1530 711 499 892 1999 1523 1508 377 1394 1092 1418 601 64 466 
3 117 1763 1140 
9 119 1627 1983 1476 1679 913 1772 1517 1790 
9 124 148 218 485 315 890 10 1484 422 
3 125 1593 1158 
3 128 690 45 
5 145 1984 1834 555 750 
3 151 357 209 
33 161 111 609 19 17 280 520 1518 1645 1971 587 1765 1345 894 344 627 1540 1381 16 1113 1780 1750 927 678 408 254 79 1774 695 371 1659 1064 1116 
13 166 1227 655 776 1727 702 1878 1020 930 1696 544 899 391 
5 178 714 589 1805 1873 
3 181 314 1824 
2 197 1332 
3 210 1943 1230 
6 216 1532 1826 1804 310 663 
2 231 1723 
3 233 68 1561 
3 234 428 1937 
3 235 745 1398 
2 255 169 
2 258 650 
10 264 36 1602 73 468 806 23 248 1546 592 
2 288 772 
4 305 1161 39 1728 
4 311 31 71 229 
2 313 1491 
7 317 327 697 93 457 1831 120 
10 320 1110 1883 89 1052 400 40 1493 1086 1455 
2 340 1655 
3 342 954 1340 
21 343 439 708 1038 1539 143 718 961 1906 960 1870 799 12 1951 1832 156 1929 1503 239 1369 605 
2 346 1590 
2 369 791 
4 372 1018 48 1036 
3 375 1244 1851 
2 376 1226 
3 378 751 904 
3 394 492 309 
3 403 1991 1495 
2 409 579 
2 412 1002 
2 425 753 
8 434 782 593 574 879 477 1353 902 
3 437 562 97 
2 445 1863 
2 446 1512 
4 448 1907 1868 1132 
4 456 1979 1028 706 
6 464 1438 51 1013 54 883 
2 469 867 
2 472 877 
9 478 1537 699 908 139 407 1959 350 187 
2 482 759 
6 487 1657 1434 1185 556 284 
2 489 675 
2 494 901 
2 498 1755 
4 508 635 979 852 
2 511 1080 
3 532 557 1969 
9 533 25 1975 26 1178 1592 1897 525 1162 
9 538 1852 1757 1993 967 1006 1855 1119 784 
2 542 1164 
13 551 1156 676 1758 506 374 132 729 1274 1011 875 484 1678 
2 561 1301 
2 573 1919 
2 582 1120 
4 602 637 918 1662 
5 614 316 1483 669 1557 
3 617 931 1107 
10 620 360 1664 1828 1904 1909 149 1354 1745 467 
2 621 973 
2 629 1352 
11 634 646 980 424 1950 1845 666 1265 471 1209 1695 
8 643 470 1147 230 842 1862 521 713 
2 645 807 
2 679 1818 
6 680 1639 290 1779 1051 1248 
6 681 1405 1710 1412 1386 427 
5 687 859 174 999 366 
16 694 1124 815 1341 69 358 1442 1253 688 8 893 1748 1830 949 1261 410 
7 696 276 99 1399 1396 1304 286 
2 703 260 
3 710 1388 50 
2 717 1211 
2 720 606 
2 723 933 
6 735 493 686 995 491 1731 
3 737 1294 269 
2 738 939 
5 740 985 462 767 962 
2 741 1926 
7 755 1707 810 1705 1764 163 429 
3 760 1243 56 
4 764 450 1960 1366 
22 765 530 1187 1606 1212 49 860 1891 1777 1574 496 1527 379 600 1465 189 885 15 353 1795 1947 1853 
2 771 1087 
5 785 1285 1980 386 1423 
7 786 830 816 739 1208 1811 519 
2 794 957 
3 795 250 348 
3 796 392 580 
8 805 698 802 1254 261 441 1965 628 
6 814 800 116 1881 630 1856 
4 818 159 1103 332 
7 825 63 1379 113 1238 121 266 
6 826 1623 523 1058 1787 668 
2 835 989 
6 843 352 1039 987 812 1085 
2 853 1982 
4 854 1193 1825 1730 
3 856 1329 1062 
2 858 53 
4 863 625 287 1375 
7 864 1964 1331 626 653 77 1895 
3 882 1693 1414 
7 888 1078 1350 1404 1172 990 183 
3 891 1464 811 
3 903 1545 1753 
7 905 147 1362 331 917 1526 1134 
2 907 444 
5 922 1915 1667 1613 275 
8 923 1894 127 1022 994 1300 1149 550 
5 925 1597 263 18 787 
2 942 190 
2 947 1797 
2 965 978 
16 974 1628 661 1088 849 273 109 526 881 1377 150 1647 1872 1578 607 367 
21 976 874 684 1440 689 522 1314 1166 1900 1267 1045 95 1142 1067 1359 1794 781 238 599 970 1315 
6 981 1882 1403 1302 946 758 
5 986 921 975 1843 1473 
5 1008 1152 828 1536 1961 
3 1014 862 878 
4 1017 934 539 1556 
3 1019 126 841 
3 1021 82 70 
6 1024 1137 1776 1298 804 515 
5 1029 1974 1812 1417 915 
3 1031 1596 1718 
4 1046 246 766 405 
3 1055 22 1123 
10 1063 285 855 827 662 880 1047 326 1001 440 
3 1065 220 1247 
2 1074 1687 
2 1081 1732 
2 1084 944 
2 1098 809 
2 1101 1905 
2 1114 1373 
4 1115 1470 1622 1111 
2 1118 299 
2 1125 1589 
4 1130 388 158 865 
15 1136 307 1814 1277 1673 1099 1188 1896 1615 1466 1505 1305 652 834 529 
5 1144 60 839 1287 1957 
2 1154 1222 
3 1159 133 1877 
2 1167 1749 
3 1169 1420 1533 
7 1175 660 1608 460 1725 1785 1066 
3 1179 1450 611 
2 1184 584 
3 1190 1487 1406 
6 1194 1252 1200 1358 869 1163 
2 1196 339 
2 1197 1857 
2 1207 1962 
3 1210 1796 1321 
2 1217 656 
4 1221 194 1733 651 
2 1223 598 
2 1225 338 
2 1228 1716 
16 1236 1310 871 341 1967 1778 5 906 1303 1711 647 1348 1569 1658 1747 1030 
2 1240 221 
6 1249 1955 1848 1609 1057 1619 
3 1250 1180 897 
3 1256 185 534 
2 1257 1477 
2 1269 670 
4 1276 137 844 935 
15 1278 1808 1860 1729 459 418 1721 1925 641 1027 1174 569 41 414 563 
2 1280 345 
9 1295 395 1902 817 323 153 1079 1251 1953 
17 1306 406 1407 1719 1474 1742 778 170 1337 1127 846 1538 199 1504 1072 700 819 
2 1309 1977 
6 1312 1941 831 1347 1562 1452 
4 1316 1648 604 832 
2 1320 436 
3 1325 157 1439 
22 1327 1681 564 1626 648 66 822 1441 1272 1985 1920 1094 1378 1482 1671 208 1264 1499 744 850 1216 1972 
11 1328 510 1933 578 365 1788 1143 1040 1806 215 682 
2 1339 775 
5 1351 982 267 813 1800 
3 1357 232 754 
5 1368 1782 1016 898 512 
3 1370 712 146 
2 1376 992 
2 1390 1601 
3 1391 1214 312 
14 1411 1948 547 1141 977 1599 872 1630 1771 1844 1610 1820 227 1206 
2 1419 389 
2 1429 123 
2 1432 586 
2 1433 1218 
2 1437 390 
3 1446 294 608 
4 1451 495 383 1835 
2 1453 1692 
3 1457 1049 773 
2 1458 984 
2 1462 1082 
16 1463 295 1456 135 1146 886 1363 430 1781 337 272 829 1884 98 1775 1670 
2 1489 1768 
6 1498 474 138 398 1766 35 
2 1502 1150 
5 1506 1635 722 671 380 
2 1513 1759 
4 1516 1973 1048 104 
4 1519 1100 1235 1454 
4 1524 1246 481 1989 
2 1529 1521 
2 1548 731 
3 1564 319 770 
2 1567 1501 
2 1570 793 
5 1571 1384 1157 1717 1741 
2 1582 114 
5 1585 173 1641 868 393 
2 1616 1607 
3 1617 642 475 
2 1618 1700 
2 1629 435 
27 1631 1803 1935 237 951 1317 1810 419 1071 162 175 1887 1760 52 1408 1245 243 1531 1492 289 1928 1978 308 664 838 535 107 
2 1633 1365 
2 1636 1344 
3 1646 566 1674 
2 1665 1739 
3 1676 245 1449 
8 1677 251 24 654 413 1004 1219 1816 
2 1682 1604 
2 1686 774 
4 1689 1486 47 1586 
5 1701 226 1867 1744 1612 
2 1704 683 
2 1709 278 
2 1712 1478 
2 1713 707 
2 1714 895 
2 1737 1594 
2 1746 691 
58 1767 742 1888 524 1241 558 1880 1360 884 1075 1625 1380 730 912 259 632 833 86 1296 293 1195 1032 6 1722 131 1694 1467 1534 583 1653 1558 549 1176 836 144 1942 969 1981 142 993 1535 1640 1422 1232 1715 171 304 1191 761 165 727 80 971 1026 417 306 55 988 
6 1773 1735 1447 940 479 1815 
11 1789 1183 789 1170 1520 198 265 103 507 1577 991 
2 1792 11 
2 1807 1865 
2 1819 1634 
2 1822 1668 
2 1823 518 
5 1833 1402 876 736 674 
3 1837 476 291 
9 1839 500 90 945 1864 1624 1685 1912 486 
9 1849 1525 1551 1128 1343 65 1091 298 451 
5 1859 1854 528 30 540 
4 1879 756 382 900 
2 1889 1266 
2 1893 1614 
2 1899 1471 
7 1908 1106 155 1043 1428 1292 1281 
2 1911 336 
6 1914 1205 517 431 790 1784 
2 1922 1338 
2 1927 1809 
3 1931 1258 1581 
2 1932 355 
7 1936 1876 411 7 423 1279 1282 
2 1949 1697 
2 1954 616 
5 1966 1069 837 1148 1126 
2 1986 546 
3 1988 910 1547 
2 1990 966 
2 1992 1093 
4 1996 996 1255 1349 
2 2000 938 

