196
433 1 811 1252 460 1668 103 587 268 1966 794 1102 661 948 1875 1399 57 1480 84 1106 1968 143 388 523 300 108 1631 1505 526 1030 734 88 791 22 1742 556 1939 220 1665 117 1685 1873 1861 1797 278 1815 378 690 701 42 737 1461 1144 1652 1379 1282 1105 1322 622 1472 879 1807 1293 1437 1317 331 1306 1630 329 468 493 1079 981 778 1679 1309 1852 1741 899 1730 454 1580 943 404 938 1819 1581 1725 532 1785 650 1765 1845 1289 1434 1070 1063 1726 1051 863 525 1412 1610 1897 467 1017 326 128 92 51 1547 1433 24 1724 1704 1016 649 646 1710 1614 1321 687 1091 760 53 1603 978 634 708 1639 994 1908 1233 1944 1071 1644 1808 1218 1361 1292 1334 1659 1953 684 309 719 1672 1750 1217 1791 1428 1752 1241 110 1854 671 209 361 1494 1403 1418 1534 615 1949 722 1707 313 1119 1471 736 775 662 1565 1280 233 632 1723 1363 1747 693 1423 78 443 971 1789 1872 244 657 1371 840 1682 383 1474 1889 1881 1190 1447 1927 184 1237 445 977 1086 345 180 1299 444 1805 726 1799 785 1507 1249 1947 292 36 1075 700 305 1053 1257 1138 1508 12 677 1523 1676 1261 1754 161 716 598 1478 748 1657 1193 1126 1248 919 1153 895 982 524 613 674 1255 1519 1751 1364 284 970 1708 190 1487 685 1486 1462 296 986 610 795 169 798 1278 1520 637 1034 609 789 1250 198 1297 186 1693 836 1199 620 115 222 1556 651 837 211 126 173 146 621 1893 34 1489 1356 1387 1584 1623 1401 475 629 1847 1469 1972 449 175 1981 576 1424 177 1301 1283 68 1775 1109 1776 910 1993 1677 1712 1367 1174 1160 1354 816 416 365 141 535 1885 1211 1732 479 909 1801 1347 424 1761 1058 229 1170 951 1271 489 758 1516 897 1746 1651 1611 1703 237 1064 579 201 1786 1983 713 1088 1831 367 1647 660 1759 869 1880 477 1969 1898 854 1663 199 1737 770 1449 114 1964 1903 1324 1716 473 1345 1336 565 1922 1296 267 521 1617 803 40 379 104 1081 1133 399 1124 510 181 815 1744 1273 1172 1314 1010 172 1687 1942 274 159 1055 746 122 131 1773 1151 1694 749 1488 1691 1094 74 185 917 1906 1995 318 327 774 635 226 1706 1846 563 630 71 54 1206 
5 17 872 905 1637 107 
2 19 1522 
2 28 890 
2 50 358 
2 73 319 
2 76 452 
2 106 1097 
2 112 1239 
58 118 808 1383 1692 422 1380 463 260 10 1513 1948 1154 55 1183 1455 1634 507 1970 1840 1444 583 1337 285 503 939 1655 89 38 830 366 248 1001 393 1319 302 1587 234 1223 439 195 1721 1384 1627 1674 516 121 1552 998 375 1120 806 21 1604 281 876 1484 561 97 
2 129 1221 
2 134 481 
2 135 573 
3 145 1837 860 
2 152 1195 
2 153 382 
2 154 1760 
2 156 491 
2 165 1766 
2 171 1616 
2 187 1935 
2 197 1467 
2 216 1894 
2 231 101 
2 232 1509 
2 246 741 
2 259 194 
2 265 1971 
2 266 1060 
3 282 1821 1497 
2 298 1236 
39 306 204 595 236 1227 1812 781 916 653 1784 453 605 1632 412 1453 1353 821 870 1798 1311 1950 972 1202 843 519 1664 675 1185 1176 1960 133 1117 356 1987 1856 208 1686 1370 423 
2 310 1276 
3 311 1545 1696 
2 312 1258 
2 317 1470 
2 334 1641 
4 341 116 170 151 
14 342 1735 1715 603 1936 245 1026 1841 1553 941 1473 1376 1568 1049 
2 346 79 
3 347 258 1860 
2 351 648 
2 368 1546 
3 374 1756 787 
3 377 289 588 
2 384 856 
2 385 1225 
2 394 1103 
2 397 873 
2 406 759 
2 408 913 
2 419 1572 
2 433 1019 
2 437 1416 
3 459 1909 350 
2 462 359 
29 478 191 348 1538 436 1946 993 409 255 999 827 308 1023 762 411 417 44 945 1028 1040 1286 1036 29 965 1649 72 765 786 1414 
2 505 1044 
3 506 67 1101 
2 511 59 
2 522 1530 
2 527 429 
2 530 1877 
2 551 835 
4 566 931 1862 280 
3 567 480 447 
2 593 1811 
2 602 1794 
2 606 1038 
48 614 1405 1268 499 574 504 1460 1705 1136 1131 500 392 1755 1952 955 912 1260 1014 1928 1879 1077 111 927 31 1636 1575 914 438 1577 1114 402 881 188 1671 1535 148 1596 754 1165 968 1680 1192 1642 1251 676 127 1426 1247 
2 626 1941 
2 639 529 
3 642 1143 1076 
2 644 344 
2 652 966 
3 656 1615 1702 
4 658 442 761 1590 
3 667 1510 1065 
2 670 1303 
82 678 1351 1343 1140 933 1323 271 957 221 936 581 1194 294 608 1005 742 56 1395 1669 206 619 980 66 192 1396 70 855 1713 269 137 1937 261 320 885 253 769 119 1429 1149 1864 1374 896 1991 1031 1681 776 1085 364 1899 824 575 550 1569 1146 1620 517 1501 664 1451 455 1980 262 1695 548 1796 1171 100 1394 991 75 612 1187 1996 1089 225 420 1618 617 988 549 826 458 
2 695 1196 
2 699 1203 
2 710 750 
2 766 1224 
3 768 633 589 
2 772 340 
3 773 448 257 
2 793 1358 
3 800 546 451 
2 817 1771 
2 819 387 
3 822 1180 4 
3 825 1586 1159 
2 850 1213 
2 853 254 
2 857 1438 
3 880 554 470 
2 893 918 
3 904 1749 30 
3 908 1592 1032 
3 926 520 1050 
2 937 623 
2 942 1977 
3 944 514 1835 
2 953 1609 
2 964 1660 
2 984 1517 
2 992 1307 
2 1002 98 
2 1015 1978 
2 1035 1100 
2 1043 1926 
3 1057 1204 732 
3 1067 969 450 
2 1113 1004 
60 1161 1164 1990 275 1318 163 1628 1011 371 1790 1074 884 1764 272 1442 1654 1858 1328 691 1650 230 1781 1973 1524 987 1148 1357 985 457 58 324 618 1829 973 743 1832 1155 898 1743 1198 1866 757 1560 1804 1312 562 354 69 1132 580 1888 1025 1456 989 1147 235 1907 950 1068 1145 
49 1169 1231 363 1562 792 901 1863 1711 1605 788 849 1849 844 1330 1029 219 777 861 314 1054 946 63 49 3 1436 1338 1037 681 1780 1871 1722 337 1600 882 1850 578 13 167 665 900 1156 18 673 783 961 471 1342 1673 95 
2 1173 1288 
2 1175 983 
3 1177 1108 1242 
2 1178 643 
2 1200 1027 
2 1243 1956 
3 1244 1895 509 
2 1269 1940 
2 1270 1561 
3 1274 279 1537 
2 1305 1216 
2 1326 1234 
2 1355 1142 
5 1365 686 669 834 322 
2 1373 223 
2 1385 147 
2 1389 1959 
2 1400 203 
3 1402 515 796 
22 1413 32 62 1220 1822 1047 183 1542 35 799 1809 1758 1421 1896 911 533 747 27 902 1264 1362 1830 
2 1419 810 
190 1420 77 1279 1967 804 1285 1000 1008 472 1092 328 224 403 848 1958 875 868 295 1450 1528 1090 1769 335 426 1042 391 1186 1052 435 753 979 1366 947 166 1985 1427 571 636 694 200 1059 1329 486 1197 1277 7 1212 376 1823 1152 1208 586 611 102 132 1591 494 744 1375 767 1813 859 336 1979 434 594 1515 847 1316 130 338 1934 1965 1134 1833 1341 531 891 1539 1865 464 1762 1210 1902 1205 1740 1848 1093 407 932 212 1495 150 1024 1377 1767 1308 1407 1502 1181 1734 975 539 1003 1398 1720 923 176 1104 712 210 251 1313 764 1388 1904 730 745 270 543 962 490 1163 61 1390 601 60 1595 1782 82 1228 663 1368 1684 1635 1188 249 557 482 967 928 738 1541 6 1041 487 1793 241 400 1803 1802 809 842 1492 474 425 1923 1018 1235 242 1464 866 466 1512 752 1475 1900 733 193 1246 582 288 1582 323 711 1607 1439 123 841 239 628 1689 1393 591 1406 718 461 887 704 410 
3 1435 1095 1381 
4 1441 1078 1230 1718 
2 1482 1430 
2 1498 640 
2 1506 1139 
2 1514 1468 
2 1558 369 
3 1573 513 1917 
2 1589 1465 
2 1594 196 
2 1599 1457 
3 1608 1579 1667 
4 1612 155 723 1107 
2 1613 1648 
2 1661 91 
2 1666 1340 
2 1670 2 
2 1678 1062 
2 1697 1844 
2 1698 1448 
2 1701 956 
2 1709 1386 
3 1719 727 1868 
3 1727 1333 1499 
2 1736 654 
2 1739 9 
3 1757 1443 570 
2 1763 1344 
2 1778 1533 
2 1788 1653 
2 1800 1162 
3 1810 14 877 
2 1818 488 
2 1820 1583 
2 1828 682 
2 1834 1567 
2 1842 1061 
2 1853 109 
2 1859 1295 
2 1874 178 
2 1884 771 
3 1892 94 240 
4 1910 1638 813 782 
2 1916 922 
2 1919 1491 
3 1921 1128 512 
2 1924 631 
3 1930 1563 1658 
2 1931 915 
2 1943 547 
2 1957 1084 
2 1963 1576 
2 1976 432 
3 1986 1731 1932 
3 1988 213 144 
3 1992 894 1838 
2 1999 1352 

