311
631 1 1634 444 1623 1649 1401 819 971 377 1290 775 28 1468 1384 1122 1614 1288 1876 344 1928 1989 882 250 46 1754 407 490 836 980 640 1023 1396 1630 1848 517 1890 136 85 982 1732 50 794 1146 1894 486 1663 1333 956 1919 562 1574 1136 106 1293 1446 1067 432 340 1549 1938 1701 1537 875 450 49 1515 1368 1800 301 1813 119 461 1004 1827 1160 128 877 284 590 273 27 213 901 965 1114 331 1716 1555 1241 1132 1262 1102 1298 258 1638 1015 1557 914 1541 526 584 492 1525 1880 148 509 32 704 1109 1370 1064 665 1755 643 1977 283 1675 1467 368 790 1431 656 1106 1120 1197 169 1461 1327 1425 1445 1359 1099 1394 519 1091 1440 648 1404 814 1287 413 1234 857 738 468 1272 1615 986 1598 1433 311 1641 1021 464 1694 736 227 1499 655 1521 944 1011 268 1844 1111 140 1031 1643 1954 1610 1369 659 1183 607 1677 88 428 756 1704 528 1695 351 734 634 1080 195 609 1189 259 1355 1717 724 1239 1609 438 1025 873 419 1125 55 1414 1892 1687 1190 303 1328 716 841 371 334 1548 1240 457 1145 1218 498 100 293 993 147 739 1752 1501 36 851 964 795 350 1833 52 1927 1834 322 488 916 1882 1167 723 698 1356 1186 122 1600 1947 1934 1201 1922 787 1626 1118 1536 2 229 89 292 1071 675 837 1728 341 1507 1853 1492 1973 1546 1569 1624 733 1381 1159 978 1389 343 1257 1639 211 133 1979 1383 684 1879 241 1204 201 361 165 1684 1351 574 63 143 348 1738 182 297 1769 1436 1203 1139 985 531 1785 718 605 1632 31 1352 911 1090 1683 1177 691 1030 172 477 1455 896 454 1300 436 1212 1531 1942 349 1948 1301 817 1447 589 1652 989 381 586 158 1008 549 1682 804 1841 1207 801 641 1477 1219 421 686 1700 1886 374 1458 365 1135 204 1184 159 680 219 789 90 983 687 234 475 646 1508 1811 260 242 567 561 1875 460 1544 386 1059 940 847 246 647 12 701 1373 925 976 1571 858 1791 808 1920 1408 616 662 168 1326 1562 376 1939 1246 796 1602 1464 176 337 1776 191 891 1839 53 1631 1478 318 583 181 156 1214 1715 776 1073 399 423 362 223 40 1723 1028 917 1061 1437 1323 554 1084 1454 674 253 272 1153 786 682 1140 1542 22 1547 1576 726 1220 892 1038 433 442 510 1739 1361 1274 17 539 1296 1169 1998 1534 1580 1336 233 1994 1772 183 502 1017 920 941 1893 369 1953 360 923 1686 947 1294 1519 1244 1535 612 1180 1314 1859 913 239 5 622 404 1007 618 1424 1291 1749 222 107 708 1818 1107 1850 1993 193 972 1206 281 1235 1441 430 788 601 1788 1322 1912 1616 173 320 1522 1627 628 1858 1443 712 1310 1419 1126 1558 959 1504 1509 1449 416 1765 121 503 1487 568 1770 658 1904 921 1358 792 1171 654 1589 761 1096 737 1746 1520 300 353 1116 378 874 401 1386 1104 42 862 556 1168 1768 1068 762 48 962 366 864 555 1801 327 1251 1001 1357 1798 1852 1605 1460 1997 816 326 1410 909 333 1329 1256 594 1984 1002 308 1462 1960 1266 563 1980 1816 390 1341 1897 987 1952 1305 1868 1010 35 1719 30 1606 489 1418 153 145 1736 1095 302 1826 1463 644 402 1762 1261 1269 494 1913 530 637 1400 1964 599 1494 
2 3 1771 
2 4 1822 
4 21 279 473 1165 
2 26 984 
2 33 1849 
2 34 1472 
2 47 1393 
2 59 730 
2 69 187 
4 72 1292 1354 1339 
2 73 815 
2 74 869 
4 75 785 426 1888 
3 83 1646 1367 
2 86 81 
3 91 1083 263 
4 97 264 751 1248 
2 101 1679 
3 109 1647 1783 
2 110 1387 
2 111 1845 
2 115 1864 
3 134 1196 533 
2 150 1863 
2 152 1963 
3 157 9 840 
2 160 784 
2 162 112 
2 163 1378 
2 167 1115 
3 174 1498 1560 
2 178 1143 
2 179 529 
5 180 1085 1179 1229 1480 
2 198 1105 
2 203 615 
2 205 1553 
2 215 1903 
5 216 740 251 1230 356 
4 221 1532 1500 375 
2 240 1242 
2 255 1640 
3 266 16 894 
2 270 560 
2 271 1797 
2 286 287 
3 294 860 13 
2 296 1976 
2 317 323 
2 330 558 
2 335 1070 
2 336 64 
2 354 922 
2 359 1764 
2 363 449 
2 364 316 
2 380 830 
2 388 1722 
2 391 1466 
2 395 1941 
2 398 753 
2 406 1489 
2 414 77 
2 418 1154 
2 424 551 
2 440 886 
3 459 1933 679 
2 467 1324 
2 472 483 
2 479 1029 
2 480 496 
2 481 146 
3 482 1199 139 
2 485 1284 
3 487 1346 304 
3 491 963 185 
2 499 559 
2 500 1612 
2 504 1453 
4 506 1225 113 1514 
2 507 226 
7 508 1665 1185 1830 1668 102 23 
2 520 1108 
2 522 465 
2 525 309 
2 527 135 
2 537 277 
5 572 1374 859 1192 94 
3 581 1069 1898 
2 604 197 
4 611 692 625 800 
3 614 603 975 
2 617 1985 
2 632 1935 
3 638 1914 1350 
3 649 552 623 
2 663 834 
3 666 629 1670 
2 667 1502 
2 669 741 
3 670 1053 1014 
2 678 912 
2 683 828 
2 688 1047 
3 697 1182 943 
2 700 957 
2 711 1155 
2 729 1510 
3 743 285 946 
2 747 1625 
2 749 580 
2 757 1781 
2 758 478 
2 766 417 
2 770 232 
2 773 610 
4 779 1255 938 977 
2 791 884 
2 799 575 
2 802 1570 
2 809 672 
2 810 1601 
2 813 1582 
2 824 1405 
2 825 744 
2 827 1636 
2 838 1123 
2 839 1999 
2 842 11 
3 843 564 1867 
2 850 636 
2 854 710 
2 866 754 
2 872 1295 
2 881 1110 
2 887 798 
2 890 1473 
2 898 1479 
4 906 722 1260 1564 
3 907 557 1587 
2 915 1540 
2 918 1475 
3 919 288 410 
2 924 969 
2 926 329 
5 931 807 1409 212 949 
3 932 1488 1195 
2 933 1591 
2 936 314 
2 952 973 
3 953 1319 818 
3 954 835 948 
3 966 988 1121 
3 979 1698 254 
3 992 199 189 
2 994 1273 
2 995 902 
2 998 709 
2 1006 1398 
3 1009 1097 118 
2 1013 1951 
2 1020 1311 
2 1022 1448 
2 1026 939 
2 1041 58 
2 1042 385 
3 1051 104 96 
2 1058 373 
2 1063 1944 
4 1066 831 144 1703 
3 1074 742 1082 
4 1077 532 1283 7 
3 1078 1415 129 
2 1087 1794 
2 1100 422 
2 1103 1847 
3 1113 1579 1505 
2 1117 231 
4 1119 1098 1170 1622 
2 1124 1650 
2 1129 1280 
3 1133 1972 668 
2 1141 844 
2 1149 553 
2 1151 937 
2 1173 731 
2 1181 695 
3 1191 1144 1711 
3 1193 1302 1065 
2 1202 1866 
2 1205 1178 
2 1211 1747 
2 1213 29 
2 1215 717 
2 1217 1444 
3 1221 166 577 
2 1222 689 
2 1223 383 
2 1226 746 
2 1231 1909 
3 1232 105 1659 
2 1233 389 
2 1247 1321 
5 1250 1496 130 1271 1337 
2 1258 871 
2 1265 1236 
2 1276 752 
2 1281 905 
2 1303 635 
3 1307 1869 1644 
2 1309 1019 
2 1332 1308 
2 1335 1060 
2 1342 1666 
2 1348 14 
2 1360 928 
3 1364 82 1702 
2 1371 934 
2 1375 310 
2 1377 1407 
2 1392 1756 
4 1397 778 602 1729 
4 1406 1832 1720 208 
2 1416 230 
2 1423 71 
2 1428 676 
2 1430 1819 
2 1432 1619 
3 1435 651 1543 
2 1438 719 
3 1439 771 1390 
3 1442 765 1088 
2 1456 1055 
6 1457 338 393 1079 305 1840 
2 1470 245 
2 1482 826 
2 1495 1741 
2 1497 1513 
4 1517 209 142 702 
2 1524 1748 
2 1527 895 
3 1533 120 1349 
2 1538 707 
3 1545 958 1528 
3 1551 1162 1843 
3 1554 573 1318 
3 1565 833 394 
2 1567 1599 
3 1572 755 1000 
2 1577 1753 
2 1578 1474 
4 1581 540 8 1471 
2 1583 1721 
3 1585 1637 1805 
2 1597 346 
3 1603 582 1380 
2 1604 1024 
2 1617 1731 
73 1633 955 1228 1278 39 235 244 1586 1198 1089 149 1035 968 660 1420 1152 1279 501 1596 1101 1044 587 823 1823 811 696 267 409 626 1718 92 1678 550 763 1806 1075 1363 1740 945 735 1965 1403 714 990 541 397 1862 512 812 455 1259 1971 1559 1766 1828 1516 1618 596 991 927 1163 876 238 606 236 1796 43 161 1896 1566 820 276 870 
3 1645 462 1784 
2 1648 243 
3 1654 80 206 
2 1656 1128 
2 1657 1995 
2 1660 1787 
3 1662 1490 274 
2 1671 282 
2 1689 1831 
2 1709 62 
5 1710 60 1459 214 1777 
2 1725 1362 
4 1742 1127 474 974 
3 1743 1734 411 
2 1745 84 
3 1750 290 1667 
2 1751 1621 
2 1758 879 
3 1763 930 1757 
2 1767 210 
2 1786 1983 
2 1795 1573 
2 1799 536 
3 1810 1851 1744 
2 1812 1592 
2 1821 1902 
3 1829 867 443 
4 1835 1808 1568 1382 
2 1836 1817 
3 1838 880 1815 
2 1854 897 
3 1855 342 408 
3 1870 470 1072 
3 1883 469 463 
2 1887 1950 
2 1889 1865 
2 1910 278 
2 1923 1345 
2 1926 1253 
2 1929 578 
2 1930 768 
2 1940 1052 
2 1955 1680 
2 1956 1483 
2 1962 1642 
2 1966 220 
2 1975 951 
2 1978 1161 
2 1981 1690 
3 1992 997 249 
2 1996 1735 

