300
112 1 1220 1815 201 1655 1470 84 410 882 1489 1714 1750 1543 438 595 1391 1108 1214 364 1320 813 1087 1552 811 1595 1824 1954 1106 1198 649 1652 1377 653 1008 582 1475 1674 1754 455 600 362 924 1137 42 57 831 1914 996 1613 749 1200 1126 25 1889 906 1202 657 1859 608 622 232 1163 1499 316 689 1007 269 979 1344 514 155 541 79 522 964 1454 15 1013 1215 1304 282 776 82 1221 1052 368 285 955 54 775 1565 503 1161 1879 270 1506 1966 436 957 950 1442 1101 909 1092 307 196 700 1933 336 1387 959 1176 
5 9 790 477 1046 1895 
2 11 586 
10 17 1659 630 1683 1784 1991 796 800 295 56 
7 38 1611 589 1441 1707 543 1812 
2 50 22 
7 55 485 121 158 798 267 523 
2 61 542 
7 66 1427 140 1573 1463 450 751 
7 72 529 425 1646 1685 940 433 
2 85 490 
4 96 1998 95 294 
4 105 1778 1159 1793 
2 120 1195 
11 135 1162 1219 1791 705 1805 215 1740 894 693 1961 
7 138 995 756 804 625 1955 578 
2 153 1490 
4 157 1388 444 548 
2 161 1596 
2 173 415 
4 180 606 1127 1625 
2 184 281 
2 186 617 
7 199 99 235 1166 322 609 149 
3 202 902 647 
5 209 735 349 228 463 
19 210 226 1527 1731 71 1247 1302 1358 974 24 109 1045 343 1243 1090 556 642 710 1124 
5 218 1036 1890 1759 620 
12 220 1111 197 683 1450 1873 1331 287 1125 123 1514 284 
26 225 1563 497 1014 1845 1447 694 1553 488 387 1523 1630 1217 730 1492 62 317 1697 899 1227 222 1465 1179 1295 820 1276 
3 233 1719 1267 
7 234 1300 125 1603 1941 18 262 
19 265 1312 1831 1345 1291 1097 911 704 1044 1251 345 859 334 1347 206 1660 946 119 920 
5 271 207 1645 1296 931 
6 273 1206 624 1578 1968 1404 
5 288 1887 35 1055 1500 
2 290 1564 
18 291 1379 1273 539 605 474 1187 1978 836 816 1608 1921 1272 530 852 442 405 768 
5 293 1420 355 144 13 
3 298 1570 1015 
7 300 1238 787 495 851 1833 261 
2 313 1403 
5 314 1992 1814 330 834 
2 328 1464 
3 332 1828 1461 
2 333 1987 
3 342 47 829 
7 347 1741 1932 1698 39 141 45 
8 353 1390 348 10 1086 1255 110 824 
2 356 1765 
20 358 699 1077 918 1827 259 580 1883 1576 1063 399 174 1626 132 1439 885 1294 59 821 1022 
2 365 1025 
2 370 326 
5 376 1804 1367 461 1191 
2 382 239 
2 385 446 
10 386 1431 1241 1240 825 635 830 967 266 949 
6 392 1263 1700 951 1622 171 
4 414 1209 251 1610 
2 416 1969 
4 429 833 247 527 
3 435 1416 98 
9 448 555 1777 1583 1330 1689 357 473 397 
13 460 1931 1436 1339 3 1950 1648 788 1861 1730 14 346 237 
3 468 1398 139 
2 469 1821 
3 481 968 1071 
7 484 456 93 411 1937 1356 1093 
7 487 483 1766 1872 1638 1376 1653 
2 492 150 
2 494 361 
7 499 944 1346 478 1679 994 4 
8 500 301 1033 1497 1957 1114 976 1551 
3 504 674 1148 
2 511 1902 
2 516 1810 
5 518 1060 802 583 1912 
2 519 49 
8 532 540 748 1314 566 1235 874 1275 
4 534 1834 1501 339 
8 537 466 1916 419 1866 100 275 1605 
5 544 424 983 1248 280 
3 545 1557 1773 
2 570 272 
3 571 1776 1716 
7 581 1813 988 1413 1556 1517 1550 
2 585 841 
2 590 1385 
8 596 1058 1062 803 1983 175 111 1963 
5 603 303 1901 1624 1006 
2 604 862 
4 610 1927 432 1140 
4 615 934 459 1222 
4 616 1394 115 1701 
3 621 858 1682 
4 623 1307 1038 321 
4 631 758 1934 538 
4 638 181 561 648 
2 641 1670 
3 645 1167 1880 
2 650 1694 
4 652 1293 659 242 
2 655 1736 
4 660 939 1739 1456 
4 664 1633 1819 1637 
2 675 147 
2 681 947 
2 682 476 
3 684 1070 1884 
5 686 1064 1606 1795 1975 
2 688 310 
6 690 725 727 954 1351 912 
4 698 572 844 1041 
2 701 869 
2 707 1878 
2 708 1145 
9 712 1002 52 1250 1746 1079 1607 1792 190 
2 720 312 
10 731 914 427 1485 1400 746 637 1061 1164 1581 
6 732 1839 1329 508 785 381 
4 736 20 506 354 
3 737 1211 1048 
2 738 742 
9 741 1096 828 536 835 823 838 245 189 
3 743 1452 1363 
4 745 1341 1284 842 
3 752 1483 434 
3 762 1984 1663 
5 763 1806 1134 340 1842 
2 770 124 
4 778 765 1567 1245 
2 781 923 
6 782 507 1034 191 822 1261 
4 783 292 1816 1249 
19 793 74 454 1947 554 1199 930 1938 254 1721 1789 308 445 1571 764 868 1282 1426 1493 
3 794 1903 1292 
2 806 1084 
4 812 1342 1487 1692 
4 818 188 1544 1666 
3 819 467 1000 
3 845 164 512 
3 854 895 1277 
6 860 1979 981 33 1076 1782 
19 861 162 1549 163 713 1378 1119 1265 493 1201 1440 167 546 552 1956 1809 1354 112 318 
5 863 1654 814 396 1642 
2 877 1877 
10 880 1254 418 451 23 510 1095 43 217 1858 
2 888 177 
7 891 1306 611 40 1105 1482 1242 
2 900 1204 
3 907 80 1870 
4 908 447 203 1681 
5 916 917 706 1823 1601 
5 926 430 1972 1918 1448 
3 941 1003 1686 
5 942 1146 1059 791 1629 
2 953 1268 
2 956 872 
4 973 1939 16 876 
2 986 1521 
2 987 666 
4 991 1665 937 1745 
5 992 373 320 1524 1614 
5 998 761 129 789 1056 
9 1001 1115 881 533 1534 1281 36 486 1203 
3 1011 1619 958 
8 1019 1944 1503 1744 893 1078 338 420 
4 1026 200 612 172 
2 1031 1928 
6 1032 910 1733 943 1582 753 
22 1054 999 709 948 1498 1695 1915 114 1577 1512 394 1691 1444 846 1715 1252 1772 1147 1287 277 1112 679 
3 1069 97 426 
5 1072 1128 1226 1417 574 
2 1080 691 
8 1081 866 573 1981 465 1853 192 213 
7 1082 805 311 1988 384 398 1515 
2 1107 1726 
7 1113 1023 856 378 1066 422 393 
3 1116 1537 1713 
2 1117 1154 
2 1123 1621 
4 1135 904 1993 1526 
3 1136 363 777 
4 1152 767 1559 1474 
6 1156 1408 1948 1995 1451 1184 
2 1157 176 
9 1158 76 1803 1476 400 875 1133 152 1029 
17 1165 489 1237 323 1768 156 351 728 1752 760 350 1728 670 1925 672 1415 126 
14 1177 1468 832 1338 27 1207 525 757 1299 1742 531 1892 905 1410 
2 1178 1073 
2 1180 1508 
3 1185 1016 903 
5 1186 131 1088 457 1257 
2 1188 722 
2 1190 636 
4 1208 1110 1743 480 
2 1218 678 
5 1232 1183 1923 194 1875 
6 1260 1769 371 1253 431 887 
8 1262 643 423 780 256 774 1510 1832 
4 1270 1951 1297 409 
24 1271 1547 296 1926 1600 1100 1103 257 440 567 1269 1790 1566 1762 1801 324 618 784 1843 1634 1194 441 1193 1017 
2 1288 299 
2 1290 89 
3 1301 1018 305 
3 1303 1826 1894 
3 1317 302 692 
7 1325 264 1738 133 1989 1375 1520 
3 1340 130 6 
2 1350 1555 
2 1355 1764 
2 1373 1802 
2 1374 1197 
2 1382 166 
2 1383 1590 
3 1386 1244 1591 
2 1414 331 
2 1425 452 
8 1428 1174 221 1098 550 921 680 1580 
2 1432 395 
2 1437 1846 
9 1438 372 1657 252 1771 634 1486 1225 1020 
3 1446 118 37 
2 1458 1411 
9 1460 960 1718 230 366 1132 673 1089 2 
3 1466 1172 1259 
6 1469 1705 1004 1690 1794 44 
4 1471 341 1129 443 
4 1473 1837 1924 127 
4 1478 1747 883 1799 
11 1494 1763 865 70 236 1798 1308 1882 1091 663 439 
4 1495 212 1849 208 
2 1504 1982 
3 1507 219 817 
3 1511 1554 521 
2 1516 1907 
5 1518 696 472 1324 1541 
2 1529 703 
2 1535 1212 
9 1545 128 826 145 1120 1519 1650 7 211 
3 1548 1702 1104 
9 1568 1409 978 58 374 857 1664 1531 1205 
2 1588 92 
4 1594 1430 1693 413 
3 1598 579 1149 
3 1620 668 1640 
5 1627 1362 886 1360 1835 
4 1639 1457 283 1676 
4 1641 547 1322 1479 
4 1651 975 755 1758 
14 1656 1381 966 786 1540 1028 1780 922 661 437 68 1274 1513 1667 
12 1661 797 29 1085 496 619 143 1936 1039 740 1305 1160 
2 1662 695 
2 1668 938 
7 1672 1840 1364 993 1785 403 359 
5 1687 1615 575 925 1246 
2 1688 1349 
4 1706 671 867 601 
2 1711 297 
7 1723 63 1309 1316 1910 224 607 
2 1729 106 
7 1734 985 633 558 1216 34 1142 
3 1735 352 1488 
2 1737 28 
3 1767 509 884 
2 1779 406 
15 1787 517 238 1678 185 101 1811 879 279 772 1348 1496 1396 513 1005 
7 1788 1318 260 1429 1597 1384 1010 
9 1807 808 32 962 246 337 779 717 94 
5 1808 136 1030 1962 263 
2 1817 990 
16 1822 984 1009 216 107 1905 1710 401 1424 1280 1818 470 898 198 1885 379 
8 1829 389 367 1561 1401 1906 243 980 
13 1836 1171 304 1677 1230 1860 724 1491 146 598 927 1980 1289 
9 1841 1051 1757 1131 1321 67 1144 286 515 
6 1844 658 458 1632 687 1572 
2 1854 1224 
3 1855 117 1604 
37 1865 1671 1575 116 614 719 1994 1522 1024 1560 1558 108 1585 915 360 1862 1445 1035 526 1323 1850 1231 1234 933 1930 1423 711 569 584 103 268 592 1616 1919 639 559 1099 
10 1869 1298 26 1311 697 183 563 1319 1228 773 
6 1874 1357 665 1102 1617 154 
3 1886 1847 848 
2 1888 1049 
2 1891 945 
4 1897 553 850 1372 
2 1900 715 
19 1908 837 1278 1138 1467 1118 932 1748 1857 315 1213 1971 747 462 733 1434 412 1546 75 
3 1909 1797 1525 
2 1911 1233 
3 1913 827 897 
2 1922 390 
2 1935 928 
2 1945 1053 
2 1946 1770 
6 1960 229 73 849 86 1536 
2 1964 1012 
7 1967 1940 77 53 568 1333 64 
28 1976 1443 90 1881 587 391 46 214 754 1618 1669 1143 853 1371 1868 404 1562 528 1109 1380 51 809 178 896 593 1189 972 1484 
5 1986 408 1332 1286 1675 
7 1997 961 1472 1153 1027 1756 1929 

