354
347 1 1338 185 1931 834 1719 1617 1227 1252 1973 1728 15 1113 1664 937 1361 265 1389 895 1309 287 307 263 216 1402 1501 1478 1988 1436 661 990 1890 1709 1350 1122 1716 1585 944 681 1081 850 1284 752 1933 124 445 821 130 1448 232 1066 97 1050 231 1019 319 1614 640 713 1860 1970 429 446 1072 382 1471 633 1648 488 56 326 960 1601 1907 846 435 55 1344 376 793 1554 612 596 921 301 1976 1380 1480 1510 1441 1091 1517 1586 1615 290 773 500 786 1670 1398 717 1160 605 422 1100 67 1176 101 1181 149 192 222 4 1754 1917 977 1131 1023 1121 1363 534 451 967 981 1881 419 1972 1235 127 145 281 1794 664 356 338 41 1924 1512 644 1702 1778 460 300 705 1236 801 813 1766 1251 720 224 1835 642 511 1137 1240 789 1450 1630 199 679 1244 1429 443 1771 771 1849 778 314 1989 1784 294 182 590 1610 466 1092 1654 1978 831 394 367 1017 1442 953 482 792 779 639 1876 545 1335 830 305 276 1589 1089 1929 25 321 1892 896 1393 65 982 689 1950 1405 1499 746 1068 1686 1128 635 1130 777 1936 687 914 472 1943 389 1772 1030 1692 655 657 528 945 1006 607 1677 1509 444 455 74 1562 1735 316 1570 447 1812 1255 380 1283 543 521 1763 100 686 1695 1056 1689 911 888 815 1805 82 1998 196 827 674 296 941 1407 339 662 1440 1008 434 692 166 1905 684 1711 43 1827 1721 274 1561 1921 506 858 180 164 320 1230 735 303 844 609 987 353 1246 1276 1731 14 1781 1885 546 872 5 49 1396 572 1911 1194 348 761 1878 411 1268 641 1415 1492 1651 1918 366 1951 570 483 989 1494 1515 405 167 1150 1621 1124 396 1942 277 1740 1417 190 238 1620 186 610 930 861 1125 1435 1291 1430 1723 1635 
2 9 807 
2 16 108 
3 20 1167 670 
4 21 151 1822 1765 
3 26 1528 526 
4 29 441 35 1889 
2 32 510 
2 34 31 
2 36 885 
4 39 620 1500 1683 
3 46 718 1169 
3 53 948 729 
2 63 256 
2 73 1934 
2 77 798 
2 80 158 
2 86 1600 
2 87 726 
3 94 1370 1229 
2 95 485 
3 99 379 1451 
2 113 1392 
2 117 1178 
3 118 582 1756 
2 119 1534 
2 125 1234 
4 126 647 262 1574 
5 132 905 1604 357 873 
2 139 614 
3 141 704 1085 
2 150 1839 
2 159 1983 
3 160 1792 377 
3 162 1984 1571 
3 163 868 433 
6 172 1147 1087 964 554 477 
2 173 857 
2 175 202 
2 176 1495 
2 177 283 
2 200 1815 
4 201 1964 1219 1069 
2 206 121 
3 215 976 1657 
4 219 776 239 104 
2 223 984 
2 225 230 
3 229 165 47 
3 233 1337 1199 
2 236 1323 
2 242 891 
2 246 530 
3 249 1414 819 
2 254 1185 
2 255 1238 
2 257 772 
3 261 1381 603 
3 267 1647 79 
3 268 1431 1073 
4 269 1152 750 1203 
3 271 942 682 
2 272 1367 
2 278 245 
2 282 1106 
2 292 1584 
4 293 1799 994 1796 
2 295 1868 
3 297 93 1910 
2 306 1351 
2 312 1660 
2 322 675 
2 332 1855 
2 336 1340 
2 337 1103 
2 351 794 
4 355 12 881 57 
3 359 683 841 
3 362 935 652 
4 385 1880 625 360 
2 397 1074 
2 403 1315 
2 416 707 
4 418 1302 98 1065 
3 430 1057 557 
2 436 1281 
3 437 1460 1982 
3 439 1741 1172 
4 442 1513 264 329 
2 457 1378 
2 461 1222 
2 464 1168 
3 467 308 311 
2 469 253 
3 473 1155 155 
2 476 1895 
2 486 438 
2 487 1002 
2 489 1844 
2 490 724 
2 496 1707 
45 503 456 1932 8 1870 1139 840 927 409 574 1301 1775 992 1826 1661 871 878 527 1710 468 1280 1613 1080 1063 963 407 693 947 147 1693 72 1120 760 1059 1684 1177 1925 854 1704 1531 575 758 1636 1626 544 
2 509 1672 
2 517 1694 
5 519 1786 1504 1774 1401 
2 520 1540 
2 524 1602 
2 531 516 
3 537 1767 1691 
2 540 1785 
2 547 892 
3 548 259 1743 
2 550 1033 
3 551 1577 1075 
3 553 368 1726 
3 555 1769 1816 
2 561 533 
3 562 388 1488 
2 567 1776 
5 583 902 904 853 1061 
2 586 721 
3 591 508 1218 
2 593 1865 
2 594 137 
2 595 374 
2 608 1971 
4 613 1117 1637 432 
8 623 573 539 1267 719 105 1639 135 
2 626 390 
4 648 92 1981 1101 
2 651 1327 
3 656 1347 1009 
2 672 1096 
2 680 1266 
2 691 1237 
2 697 452 
2 715 498 
2 727 1295 
3 728 62 1783 
4 730 1260 217 847 
2 736 114 
2 741 805 
2 755 1997 
6 757 975 318 1875 1228 1834 
3 759 400 58 
2 763 1646 
3 766 973 1015 
2 768 1882 
2 770 769 
2 774 1086 
3 780 1025 1853 
2 781 1536 
2 782 6 
2 788 1473 
3 802 1173 619 
3 811 421 1883 
4 838 248 568 957 
2 852 393 
2 863 1037 
2 865 1493 
3 874 1862 333 
2 875 1232 
3 880 1217 1289 
3 884 809 1575 
4 887 181 1949 1829 
2 906 375 
2 923 1212 
2 925 587 
2 939 1013 
3 951 823 1542 
2 952 174 
2 961 980 
2 965 1018 
2 969 364 
3 985 44 1760 
2 991 893 
3 995 1548 879 
2 996 1444 
2 998 824 
2 1003 203 
2 1005 1641 
4 1024 1806 91 1261 
3 1026 18 535 
3 1029 1490 665 
3 1034 1420 1628 
3 1036 1186 986 
3 1038 916 1619 
2 1040 279 
5 1043 659 51 1438 615 
3 1052 673 391 
2 1058 1413 
2 1064 1047 
2 1082 1511 
3 1084 420 1521 
2 1088 1909 
2 1099 183 
3 1102 1498 1465 
2 1104 1837 
2 1114 1633 
2 1138 153 
4 1140 1427 1007 1742 
3 1142 48 622 
2 1143 618 
3 1148 258 695 
2 1154 630 
3 1156 1941 922 
2 1163 1247 
2 1171 45 
2 1179 1980 
3 1183 1497 1400 
2 1184 1638 
2 1187 1713 
3 1189 270 1312 
3 1191 564 1843 
2 1195 699 
3 1202 959 956 
2 1205 1426 
2 1207 765 
2 1208 372 
2 1220 589 
3 1221 1215 324 
2 1226 1808 
5 1239 577 1587 1595 1021 
5 1249 600 910 1318 479 
4 1250 1206 1519 1320 
2 1259 1708 
3 1262 1720 1679 
2 1264 1241 
3 1279 103 1132 
2 1285 1479 
4 1286 1119 168 408 
8 1292 1706 250 52 525 820 146 1627 
2 1297 501 
4 1300 37 1158 1469 
2 1306 1304 
3 1324 938 1819 
4 1332 1188 1935 1299 
2 1336 342 
2 1343 1328 
2 1345 1127 
3 1348 1514 1841 
2 1352 1055 
4 1358 463 578 1523 
2 1359 365 
2 1366 334 
2 1369 309 
2 1372 1859 
2 1377 1296 
3 1395 134 363 
3 1408 1062 754 
2 1409 170 
2 1416 671 
2 1421 999 
4 1433 1522 1316 128 
2 1443 1877 
3 1462 1274 427 
2 1466 685 
4 1467 1858 1411 60 
2 1481 349 
2 1483 313 
2 1485 1223 
3 1486 1341 1555 
2 1489 373 
3 1520 915 244 
2 1524 386 
2 1529 1200 
3 1533 725 1946 
3 1535 1245 251 
2 1538 184 
5 1539 791 205 1432 576 
2 1545 1727 
3 1547 1940 1272 
2 1549 1594 
2 1550 1423 
2 1559 1588 
3 1565 1454 646 
2 1566 1847 
4 1569 89 370 712 
2 1580 832 
2 1581 1321 
2 1582 412 
2 1593 677 
3 1596 954 1484 
4 1598 1886 624 1216 
2 1603 1573 
3 1607 1625 415 
3 1631 775 709 
2 1632 1355 
115 1634 1461 744 1457 1001 1916 919 864 131 148 783 1098 115 1718 1993 459 1196 302 1458 867 696 1197 494 83 1642 179 1048 76 532 191 643 738 1028 836 1424 877 260 1368 1590 1583 1667 1248 1287 299 1543 1209 425 138 822 1108 899 90 30 1842 395 343 286 66 800 1526 747 1371 1525 1624 542 1000 1204 722 734 866 1437 549 571 1930 767 764 1422 1506 1161 275 1736 361 1696 1622 1928 1605 1434 1790 1224 601 1739 1814 280 1334 1848 252 1874 694 1994 751 1032 936 207 1643 660 970 1428 1020 289 828 352 327 1649 918 428 
2 1640 797 
2 1652 17 
2 1653 24 
2 1658 1629 
5 1659 753 1508 932 502 
2 1662 70 
2 1666 1317 
3 1668 209 1703 
2 1669 1856 
3 1671 552 1110 
2 1673 855 
4 1680 68 1564 907 
3 1682 668 1807 
4 1687 886 1532 399 
3 1688 1042 737 
4 1699 1817 107 1939 
5 1712 1165 273 1888 1863 
3 1724 1243 617 
2 1733 714 
2 1734 504 
2 1738 1133 
3 1745 71 1568 
2 1752 1831 
3 1755 424 1382 
3 1758 1135 1663 
2 1762 1397 
2 1770 903 
3 1779 1464 404 
2 1780 1985 
2 1821 1824 
2 1823 1076 
2 1832 423 
2 1836 523 
3 1838 1954 178 
3 1840 1616 1759 
2 1846 1851 
3 1850 1282 814 
4 1879 1452 851 739 
2 1884 1035 
4 1887 152 515 703 
2 1893 401 
2 1898 491 
2 1901 1447 
2 1902 698 
2 1913 507 
3 1922 716 1825 
2 1926 1116 
2 1927 723 
3 1945 688 1079 
2 1947 1953 
2 1955 1330 
4 1960 1022 1872 1298 
2 1961 795 
2 1962 1145 
2 1963 1225 
5 1965 194 993 1896 1750 
2 1967 541 
2 1969 731 
5 1975 653 1356 1162 890 
2 1987 1676 
2 1990 1873 
2 1992 369 
2 1996 64 
4 1999 1403 1269 1078 
4 2000 1793 580 706 

