434
181 1 1404 545 878 1342 1432 1561 1741 1714 314 1374 421 509 1560 524 1825 1053 451 1539 558 1187 1181 1064 1526 133 544 7 1011 1983 1566 1774 49 1282 269 50 1879 1275 30 1395 1508 1287 894 1810 1209 98 725 720 1042 1208 508 1659 346 1391 6 918 629 740 57 886 213 769 1276 1026 826 1013 1050 735 1915 1621 1771 1567 1895 385 990 1416 112 10 140 97 56 68 742 992 1225 1054 1546 1929 1981 873 1006 439 226 805 778 1362 109 622 1957 1612 1623 991 855 290 404 8 965 1323 538 1725 28 1264 1022 989 170 638 1495 1602 1188 962 982 208 1119 836 579 575 360 373 482 274 1899 1193 880 357 1055 876 1516 1866 1878 841 1219 1865 1445 1540 1568 699 1138 901 1702 1535 1750 1505 94 1437 1586 1204 248 77 1008 1961 1195 239 1468 1218 1690 1719 418 1065 402 1186 420 1591 407 295 1439 47 1716 336 1414 1455 1460 1757 
2 2 1740 
5 3 371 1985 1847 368 
2 5 858 
2 12 189 
2 13 1259 
2 16 306 
3 18 1348 1303 
3 21 854 792 
2 25 1715 
2 29 1950 
2 34 1482 
2 35 700 
2 37 1400 
2 45 916 
2 62 1944 
3 65 1423 776 
5 72 1952 674 1155 183 
3 76 1768 1083 
2 95 177 
2 101 642 
2 103 721 
2 104 1640 
4 105 73 777 1217 
4 106 74 85 1076 
2 113 1838 
3 120 1764 347 
2 124 590 
3 128 955 822 
3 132 1241 1969 
3 134 1542 437 
4 135 794 823 1071 
3 142 1575 1015 
2 143 684 
2 160 1617 
6 162 1182 440 449 1653 1943 
3 163 414 330 
2 165 1533 
2 171 59 
2 185 1426 
2 186 893 
2 188 1179 
2 192 707 
3 205 1113 578 
2 215 944 
2 222 212 
3 224 1401 1257 
2 225 475 
2 233 869 
2 235 1823 
2 236 479 
2 245 1755 
2 249 286 
2 252 1412 
2 258 329 
2 259 1324 
3 260 1480 1927 
2 263 920 
3 280 1250 1265 
5 285 1620 980 54 125 
2 293 1543 
2 294 1565 
2 303 403 
2 304 1761 
2 311 520 
2 315 532 
2 334 1375 
2 338 202 
5 341 534 1778 1884 1340 
4 365 118 527 1431 
3 366 19 299 
4 379 1255 1147 1616 
2 396 651 
3 398 221 573 
3 408 442 540 
2 409 1800 
4 410 1373 866 1779 
3 413 1804 491 
2 416 1382 
4 417 1531 122 271 
2 426 204 
2 431 1835 
2 432 117 
2 436 155 
3 444 1784 272 
2 446 644 
2 447 1848 
2 448 1025 
2 453 102 
2 456 1339 
2 461 1609 
2 466 1332 
6 470 1828 1834 1312 986 1228 
2 471 1215 
2 472 1668 
7 487 664 1049 949 386 1491 1503 
2 490 123 
2 498 1916 
3 503 1827 553 
7 504 626 175 689 914 1116 1910 
2 519 1782 
2 522 468 
4 533 1861 1358 458 
2 537 800 
3 539 552 483 
4 541 75 906 657 
2 548 22 
2 549 325 
2 560 1333 
2 562 517 
2 565 1949 
2 568 734 
2 569 262 
3 577 1044 1485 
2 580 1882 
2 584 1789 
4 585 40 1967 764 
2 586 1063 
2 588 383 
2 589 1945 
5 592 1477 779 292 296 
2 593 1553 
3 604 375 1889 
3 606 1972 1464 
2 608 1413 
2 618 1039 
2 619 1007 
3 621 1588 1720 
4 641 1476 706 1766 
5 656 1510 1942 1300 69 
3 659 1452 1854 
3 660 1615 846 
3 662 1951 328 
2 666 27 
6 668 910 1625 1377 1417 1758 
4 676 546 632 1484 
2 677 1593 
2 680 193 
6 681 1299 1683 1892 1194 337 
2 692 158 
3 696 1364 643 
4 697 1791 1070 1657 
2 698 824 
2 702 342 
2 705 1582 
3 711 1805 1924 
4 712 164 1233 265 
2 716 20 
4 719 149 435 1447 
2 722 1020 
2 726 1316 
2 727 605 
2 729 1481 
2 733 1727 
2 739 1963 
2 744 658 
4 745 649 1002 489 
2 750 1988 
4 752 1352 1329 521 
2 753 144 
2 754 1650 
2 755 844 
3 758 411 1700 
2 761 515 
2 765 1518 
2 771 937 
4 772 1898 879 738 
3 780 1610 1408 
4 783 747 1894 1656 
2 787 1442 
2 793 633 
2 799 1592 
3 808 297 1343 
2 816 1456 
3 817 1738 597 
2 820 1167 
3 825 92 1573 
2 828 52 
2 832 478 
2 833 1141 
5 835 1075 598 1664 1807 
2 838 32 
4 847 281 960 1590 
2 849 1965 
4 852 1811 1107 1134 
3 853 1900 908 
2 857 1752 
4 865 1724 943 305 
3 871 1253 1489 
4 872 1652 1046 1369 
5 881 400 1600 547 1687 
2 885 834 
3 887 848 223 
3 889 1842 898 
3 891 1813 570 
3 899 596 250 
3 903 1876 1184 
2 911 340 
4 912 264 609 1499 
3 919 138 1136 
2 922 1360 
2 924 790 
2 926 1361 
4 933 110 976 628 
2 934 1671 
3 938 814 1651 
6 951 1928 199 1174 1611 1304 
2 966 1086 
2 973 655 
2 983 811 
2 984 625 
2 997 601 
6 998 191 322 1338 289 1839 
2 1012 1355 
3 1014 1067 1538 
3 1021 119 1829 
2 1023 1500 
2 1029 1704 
2 1030 369 
2 1034 1126 
6 1037 931 510 1711 786 198 
4 1045 1227 2000 282 
3 1060 1106 1954 
2 1066 1583 
8 1069 24 1661 381 1036 64 467 291 
2 1096 457 
2 1110 1747 
2 1111 1887 
3 1112 300 1948 
2 1114 1587 
2 1120 1405 
2 1124 1960 
4 1129 741 1089 870 
5 1137 1679 1970 775 150 
2 1140 184 
6 1145 795 339 1123 874 1786 
2 1149 732 
2 1150 648 
3 1152 370 1742 
5 1157 454 181 1035 486 
2 1158 244 
2 1160 1371 
6 1169 1267 688 42 1787 1808 
2 1172 1415 
2 1176 1888 
3 1177 1429 1739 
6 1190 961 1840 640 159 136 
2 1192 1210 
2 1197 348 
4 1199 686 1131 1897 
6 1203 324 1846 1527 129 438 
2 1205 1953 
5 1211 273 1723 1574 737 
6 1221 464 1331 1122 253 1555 
2 1222 1347 
3 1236 1748 782 
3 1240 1557 1746 
2 1243 429 
2 1247 1090 
6 1251 148 1986 953 1019 41 
4 1252 551 323 1654 
4 1263 80 151 1726 
3 1266 474 349 
2 1286 387 
2 1292 465 
2 1293 1992 
3 1295 1048 1359 
6 1297 363 1196 108 1599 623 
2 1302 100 
2 1307 1269 
3 1309 972 145 
3 1318 251 167 
3 1319 757 743 
2 1320 63 
3 1322 1095 970 
3 1325 1420 1142 
5 1326 595 1144 1707 1562 
2 1327 1904 
2 1336 278 
2 1350 351 
2 1356 1248 
9 1366 1753 868 497 1830 1424 1135 913 469 
2 1368 1820 
4 1370 502 843 1091 
3 1379 1941 99 
7 1380 652 1802 53 46 665 930 
6 1387 333 153 480 1092 1003 
2 1392 947 
2 1393 1993 
3 1394 1581 1604 
3 1398 1156 1857 
2 1403 43 
5 1407 127 428 1425 861 
5 1421 279 863 276 256 
3 1428 1655 141 
2 1433 1864 
3 1438 353 736 
3 1440 234 603 
2 1441 615 
4 1443 1256 307 1084 
4 1444 653 1409 1608 
3 1448 1422 1396 
3 1453 452 228 
2 1458 1127 
2 1459 270 
2 1461 812 
2 1462 60 
4 1466 1285 1207 137 
4 1467 391 600 1229 
3 1470 1093 372 
2 1475 921 
2 1483 613 
2 1490 1530 
3 1497 1709 837 
2 1507 450 
3 1509 257 610 
2 1511 1028 
2 1512 1676 
4 1521 168 1353 384 
4 1522 501 1537 187 
2 1523 1031 
2 1524 1502 
2 1525 1345 
4 1528 856 283 344 
5 1532 1032 1471 1419 1242 
4 1536 940 945 1722 
2 1550 302 
3 1551 1968 1389 
2 1552 773 
7 1564 690 36 1226 301 928 1244 
2 1569 1166 
3 1572 1051 1817 
4 1580 1308 1216 1777 
4 1584 210 748 1041 
2 1596 969 
3 1614 237 4 
2 1619 374 
5 1622 1814 1743 1465 376 
2 1624 1605 
3 1631 343 704 
2 1632 888 
4 1634 516 1891 996 
3 1636 627 1667 
3 1638 1258 1698 
4 1639 671 331 481 
3 1641 550 1294 
4 1642 1058 514 957 
3 1645 1315 1052 
2 1646 1139 
7 1647 1005 261 96 216 266 791 
2 1648 617 
4 1649 1383 1274 231 
2 1662 529 
2 1669 582 
2 1673 1717 
2 1675 1797 
2 1677 190 
2 1684 1473 
3 1688 218 1349 
27 1691 157 1104 1311 1513 495 714 1548 647 523 499 1288 1850 1469 397 1296 710 1905 1871 206 1212 667 785 669 1231 115 268 
4 1694 1154 672 1435 
2 1695 91 
4 1703 1463 459 139 
2 1705 766 
2 1706 1268 
2 1718 760 
2 1728 646 
4 1730 90 320 513 
3 1731 1796 882 
2 1733 971 
2 1734 1506 
2 1736 1504 
5 1737 829 316 39 1080 
3 1745 1618 1920 
4 1760 768 661 927 
3 1762 1696 169 
2 1776 1000 
2 1780 946 
2 1781 728 
2 1785 1563 
2 1793 1672 
2 1795 1979 
5 1798 1306 277 1932 987 
2 1806 78 
2 1809 1773 
2 1812 17 
4 1816 392 685 616 
3 1821 977 194 
4 1832 804 116 484 
7 1836 1818 1224 93 967 1843 1180 
2 1837 1947 
2 1841 663 
4 1849 1077 897 38 
2 1852 1305 
3 1860 950 476 
2 1863 254 
5 1867 1381 536 219 88 
3 1869 82 111 
2 1881 1101 
3 1885 507 505 
5 1886 1246 831 1163 1877 
3 1893 1851 1337 
4 1901 359 555 1856 
2 1902 1855 
4 1903 1314 1875 724 
2 1906 530 
2 1908 1363 
2 1911 636 
2 1912 308 
2 1913 1284 
2 1914 1082 
4 1917 1975 941 1585 
2 1918 1085 
2 1921 935 
2 1923 1517 
2 1925 864 
5 1930 246 433 1751 1478 
2 1931 1601 
3 1934 152 1351 
3 1935 55 1765 
5 1937 1595 196 430 895 
4 1956 288 86 61 
2 1959 121 
4 1962 1815 1554 862 
2 1964 1099 
3 1966 1450 378 
2 1973 630 
2 1980 572 
4 1984 1128 214 492 
6 1989 993 364 1756 1175 242 
2 1990 1801 
4 1994 1872 240 1132 
3 1996 1385 1234 
2 1999 201 

