490
19 1 1725 2 1270 5 1206 11 1646 23 1962 47 1092 95 1900 191 1802 383 1556 767 
13 15 1135 30 1538 60 1200 121 1073 243 1503 487 1868 975 
7 111 1995 222 1564 445 1454 891 
5 140 1694 281 1120 563 
5 176 1764 352 1502 705 
5 223 1854 446 1607 893 
5 227 1516 455 1094 911 
5 236 1707 473 1541 947 
5 249 1534 499 1583 999 
5 252 1542 505 1867 1011 
3 273 1101 547 
3 279 1282 559 
3 315 1970 631 
3 316 1212 633 
3 374 1388 749 
3 385 1251 771 
3 398 1038 797 
3 407 1723 815 
3 429 1812 859 
3 501 1276 1003 
2 1027 800 
2 1029 1008 
6 1030 136 1024 272 1573 545 
6 1031 163 1759 327 1670 655 
2 1032 718 
4 1033 392 1107 785 
2 1036 864 
2 1037 844 
4 1040 332 1576 665 
2 1042 542 
4 1043 404 1377 809 
4 1047 291 1856 583 
4 1049 420 1355 841 
2 1051 778 
8 1052 82 1066 165 1231 331 1801 663 
2 1054 950 
6 1059 158 1327 317 1545 635 
2 1064 840 
4 1067 306 1113 613 
12 1068 20 1883 41 1474 83 1121 166 1757 333 1791 667 
18 1069 3 1359 6 1131 12 1666 25 1104 51 1035 103 1184 207 1403 415 1702 831 
6 1071 180 1106 361 1182 723 
4 1074 430 1476 861 
2 1076 858 
4 1077 390 1880 781 
2 1078 828 
2 1079 536 
4 1080 318 1150 637 
4 1083 313 1393 626 
6 1084 152 1765 305 1990 611 
2 1085 574 
2 1086 540 
2 1089 790 
16 1090 7 1668 14 1236 28 1664 57 1828 115 1436 231 1922 463 1505 927 
2 1091 1010 
2 1100 968 
4 1102 336 1941 673 
4 1105 402 1081 805 
2 1109 598 
12 1110 27 1196 54 1840 108 1659 217 1663 435 1122 871 
2 1111 572 
4 1112 297 1371 594 
2 1115 976 
4 1117 340 1722 681 
6 1118 228 1222 457 1892 915 
8 1119 118 1429 237 1777 475 1287 951 
6 1123 167 1579 334 1760 669 
2 1128 694 
2 1133 544 
2 1134 758 
4 1137 262 1425 525 
2 1138 568 
6 1139 156 1927 312 1501 625 
2 1140 818 
4 1141 440 1265 881 
6 1145 170 1061 341 1601 683 
2 1147 904 
2 1152 566 
14 1153 10 1974 21 1837 42 1558 85 1754 171 1621 343 1457 687 
2 1155 720 
4 1156 474 1807 949 
4 1158 506 1852 1013 
8 1160 84 1742 169 1729 339 1125 679 
8 1161 88 1851 177 1841 355 1353 711 
2 1162 912 
4 1163 324 1055 649 
2 1164 666 
8 1171 107 1826 215 1789 431 1781 863 
6 1173 145 1799 290 1846 581 
4 1174 394 1357 789 
10 1178 48 1753 97 1175 195 1942 391 1967 783 
2 1179 826 
6 1183 208 1938 417 1252 835 
2 1185 1002 
2 1188 830 
2 1191 1000 
4 1193 508 1254 1017 
4 1195 356 1902 713 
2 1197 748 
4 1198 342 1453 685 
6 1199 204 1361 409 1103 819 
2 1201 562 
4 1205 344 1986 689 
2 1208 896 
4 1209 320 1180 641 
6 1211 232 1262 465 1392 931 
4 1213 288 1063 577 
7 1217 96 193 1566 387 1630 775 
10 1218 62 1045 124 1684 248 1822 497 1433 995 
2 1219 852 
4 1224 372 1272 745 
2 1225 860 
2 1227 648 
8 1228 94 1484 189 1690 379 1819 759 
8 1229 125 1486 250 1169 500 1157 1001 
10 1230 36 1098 73 1905 147 1373 295 1253 591 
2 1237 618 
2 1238 534 
4 1241 470 1277 941 
2 1242 966 
2 1244 1020 
2 1247 886 
10 1248 52 1421 104 1836 209 1351 419 1350 839 
2 1249 674 
4 1250 268 1977 537 
4 1255 466 1834 933 
10 1256 59 1382 119 1921 239 1768 479 1584 959 
4 1257 362 1916 725 
4 1259 358 1479 717 
6 1261 188 1326 377 1525 755 
4 1263 454 1192 909 
4 1264 360 1258 721 
4 1269 410 1930 821 
4 1271 274 1698 549 
6 1273 240 1358 481 1234 963 
2 1274 916 
2 1279 926 
2 1281 804 
4 1283 364 1519 729 
4 1288 477 1711 954 
2 1290 986 
2 1291 822 
2 1293 686 
6 1294 150 1245 301 1737 603 
8 1296 105 1787 210 1496 421 1053 843 
10 1297 56 1226 112 1331 225 1733 451 1860 903 
2 1298 526 
2 1300 550 
2 1301 722 
2 1302 604 
2 1303 1018 
4 1304 452 1337 905 
4 1306 444 1727 889 
2 1308 788 
4 1311 439 1604 879 
2 1312 744 
6 1313 199 1870 399 1709 799 
2 1314 908 
2 1315 880 
2 1316 586 
2 1317 780 
3 1318 502 1005 
2 1320 716 
2 1321 728 
2 1322 772 
6 1324 160 1628 321 1466 643 
2 1328 810 
6 1332 224 1395 449 1342 899 
2 1333 1012 
2 1334 734 
6 1335 194 1553 389 1204 779 
4 1338 338 1992 677 
6 1339 146 1762 293 1653 587 
4 1341 380 1933 761 
2 1344 538 
2 1345 842 
2 1347 678 
12 1348 29 1464 58 1636 117 1286 235 1414 471 1704 943 
2 1349 786 
2 1354 824 
4 1356 418 1186 837 
2 1360 580 
2 1362 654 
2 1363 866 
2 1365 970 
2 1367 692 
8 1370 126 1847 253 1151 507 1906 1015 
4 1379 304 1797 609 
8 1380 99 1969 198 1875 397 1172 795 
4 1381 264 1945 529 
2 1384 690 
4 1385 256 1550 513 
2 1386 658 
2 1394 900 
4 1397 270 1946 541 
8 1398 70 1937 141 1058 283 1369 567 
2 1399 956 
4 1400 370 1093 741 
6 1401 168 1190 337 1223 675 
4 1404 349 1167 699 
2 1405 634 
2 1407 952 
2 1410 614 
2 1411 838 
12 1412 31 1240 63 1280 127 1887 255 1961 511 1984 1023 
4 1413 350 1766 701 
6 1415 134 1260 269 1375 539 
2 1416 660 
2 1417 836 
2 1418 922 
2 1419 688 
2 1422 738 
12 1423 22 1697 45 1232 91 1528 183 1336 367 1559 735 
2 1424 854 
6 1426 155 1773 311 1448 623 
10 1430 40 1056 81 1481 162 1427 325 1652 651 
2 1431 756 
2 1437 890 
8 1438 101 1848 202 1643 405 1857 811 
4 1439 294 1267 589 
2 1441 754 
2 1446 746 
2 1447 972 
6 1449 190 1065 381 1243 763 
2 1450 612 
2 1455 590 
2 1456 742 
4 1458 335 1988 671 
2 1459 726 
6 1460 172 1703 345 1850 691 
14 1461 13 1587 26 1383 53 1323 106 1473 213 1127 427 1340 855 
2 1462 910 
6 1463 182 1467 365 1924 731 
4 1465 414 1901 829 
4 1469 346 1917 693 
2 1470 784 
2 1472 708 
2 1477 560 
4 1480 472 1936 944 
4 1482 310 1578 621 
14 1483 8 1629 16 1319 33 1221 67 1996 135 1637 271 1129 543 
2 1485 556 
6 1488 128 1406 257 1165 515 
2 1490 978 
10 1491 34 1763 68 1099 137 1214 275 1740 551 
2 1492 1014 
2 1494 992 
8 1497 109 1632 219 1788 438 1387 877 
4 1498 276 1295 553 
2 1500 642 
4 1506 280 1088 561 
2 1509 934 
4 1510 328 1489 657 
2 1511 938 
6 1512 206 1082 413 1202 827 
2 1513 930 
2 1514 884 
2 1515 512 
2 1517 920 
10 1520 46 1895 92 1434 185 1187 371 1440 743 
2 1521 576 
16 1523 4 1769 9 1278 18 1726 37 1619 75 1097 151 1478 303 1973 607 
2 1524 518 
6 1526 192 1154 384 1499 769 
6 1527 139 1580 278 1971 557 
6 1530 174 1116 348 1654 697 
2 1531 602 
2 1532 680 
8 1535 78 1062 157 1289 314 1108 629 
8 1536 80 1402 161 1166 323 1717 647 
8 1539 74 1168 149 1420 299 1343 599 
2 1543 958 
4 1544 298 1944 597 
6 1546 212 1026 425 1207 851 
2 1547 892 
2 1548 832 
2 1551 636 
4 1554 482 1919 965 
4 1557 260 1325 521 
2 1561 914 
2 1562 850 
4 1567 354 1215 709 
4 1568 462 1305 925 
2 1569 806 
2 1570 870 
2 1572 632 
2 1577 798 
8 1581 114 1639 229 1575 459 1678 919 
2 1585 974 
4 1586 308 1951 617 
6 1588 214 1638 428 1443 857 
6 1589 203 1444 406 1563 813 
6 1590 178 1874 357 1896 715 
4 1591 378 1346 757 
6 1593 245 1681 490 1044 981 
4 1595 300 1879 601 
2 1596 760 
2 1597 1016 
12 1598 19 1445 38 1744 76 1994 153 1507 307 1549 615 
4 1599 437 1985 875 
2 1600 584 
2 1603 998 
2 1605 638 
4 1608 450 1911 901 
4 1609 494 1611 989 
2 1610 946 
2 1614 704 
2 1617 902 
2 1618 630 
2 1620 924 
2 1622 524 
2 1623 1022 
8 1624 102 1963 205 1136 411 1701 823 
2 1626 514 
2 1627 962 
2 1633 932 
2 1635 606 
2 1640 530 
6 1641 234 1518 469 1170 939 
4 1642 400 1374 801 
4 1647 412 1025 825 
4 1649 376 1508 753 
8 1650 93 1993 186 1866 373 1310 747 
2 1651 608 
6 1655 247 1748 495 1981 991 
2 1656 990 
6 1661 211 1268 422 1451 845 
2 1662 782 
2 1665 834 
10 1667 44 1275 89 1939 179 1804 359 1672 719 
2 1674 918 
4 1675 302 1220 605 
6 1676 218 1805 436 1050 873 
10 1679 43 1560 86 1194 173 1028 347 1634 695 
8 1680 66 1372 133 1389 267 1537 535 
2 1685 578 
4 1686 498 1149 997 
2 1688 546 
2 1689 794 
2 1691 628 
2 1692 770 
6 1693 200 1682 401 1540 803 
2 1695 764 
10 1696 50 1390 100 1368 201 1625 403 1966 807 
2 1699 592 
2 1700 752 
2 1705 868 
8 1706 64 1910 129 1292 259 1774 519 
4 1708 322 1631 645 
2 1710 646 
2 1712 996 
2 1713 936 
4 1714 478 1855 957 
6 1715 254 1565 509 1644 1019 
4 1716 464 1159 929 
2 1719 776 
2 1720 600 
10 1724 61 1982 123 1669 246 1495 493 1428 987 
4 1728 447 1366 894 
2 1730 994 
2 1731 616 
4 1732 423 1734 847 
4 1735 424 1897 849 
2 1736 724 
2 1739 682 
2 1741 928 
4 1743 388 1806 777 
2 1745 700 
2 1746 940 
2 1747 548 
4 1750 286 1555 573 
4 1751 468 1612 937 
2 1752 848 
2 1755 736 
8 1756 69 1894 138 1471 277 1203 555 
2 1758 1006 
6 1761 196 1803 393 1376 787 
4 1770 491 1452 983 
4 1771 484 1960 969 
4 1772 353 1391 706 
6 1776 187 1266 375 2000 751 
10 1778 39 1239 79 1442 159 1216 319 1329 639 
10 1779 32 1075 65 1046 131 1284 263 1889 527 
11 1780 17 35 1210 71 1143 143 1072 287 1972 575 
4 1783 292 1041 585 
2 1784 522 
2 1785 888 
2 1786 980 
2 1790 862 
6 1792 132 1504 265 1396 531 
2 1793 816 
4 1794 488 1114 977 
8 1795 116 1718 233 1660 467 1683 935 
2 1796 766 
2 1798 820 
2 1808 668 
6 1809 164 1299 329 1767 659 
4 1810 510 1307 1021 
2 1811 702 
2 1813 856 
2 1814 588 
2 1815 516 
2 1816 898 
2 1817 750 
2 1818 624 
4 1820 368 1177 737 
4 1821 266 1677 533 
2 1823 644 
2 1824 552 
2 1825 684 
12 1827 24 1132 49 1800 98 1048 197 1885 395 1658 791 
2 1829 650 
2 1830 662 
6 1831 251 1475 503 1126 1007 
6 1832 184 1915 369 1533 739 
6 1833 230 1039 461 1096 923 
2 1835 942 
6 1838 220 1616 441 1592 883 
2 1839 984 
4 1842 426 1468 853 
6 1843 242 1881 485 1409 971 
4 1844 480 1233 961 
2 1845 554 
4 1849 408 1775 817 
8 1853 122 1648 244 1947 489 1146 979 
2 1858 610 
2 1862 710 
2 1863 872 
2 1864 796 
2 1865 520 
2 1869 876 
4 1871 456 1602 913 
2 1872 532 
2 1873 740 
2 1877 762 
4 1878 330 1721 661 
2 1882 676 
2 1884 774 
4 1886 486 1529 973 
4 1888 258 1493 517 
2 1890 664 
6 1891 130 1594 261 1087 523 
2 1893 672 
2 1898 528 
6 1899 238 1176 476 1246 953 
4 1903 416 1408 833 
4 1904 285 1574 571 
2 1907 964 
4 1908 432 1571 865 
2 1909 882 
4 1912 382 1189 765 
2 1913 808 
8 1914 90 1582 181 1378 363 1124 727 
8 1918 72 1673 144 1142 289 1876 579 
6 1920 216 1782 433 1060 867 
4 1923 396 1435 793 
8 1925 120 1552 241 1749 483 1657 967 
4 1926 366 1130 733 
4 1928 434 1956 869 
4 1929 326 1330 653 
6 1931 142 1034 284 1861 569 
4 1932 458 1432 917 
6 1934 148 1235 296 1148 593 
2 1935 906 
2 1940 792 
4 1943 282 1309 565 
2 1948 712 
2 1949 596 
4 1950 460 1687 921 
4 1952 504 1671 1009 
8 1953 87 1285 175 1859 351 1057 703 
2 1954 622 
8 1955 113 1095 226 1983 453 1364 907 
2 1957 564 
9 1958 55 110 1738 221 1181 443 1070 887 
4 1959 496 1522 993 
2 1964 768 
2 1965 714 
2 1968 730 
2 1975 696 
2 1976 814 
2 1978 732 
4 1979 442 1144 885 
8 1980 77 1487 154 1613 309 1615 619 
4 1987 448 1645 897 
2 1989 802 
2 1991 960 
4 1997 492 1606 985 
4 1998 386 1352 773 
2 1999 812 

