489
18 1 1680 3 1427 7 15 1055 31 1418 63 1171 127 1549 255 1785 511 1900 1023 
11 17 1657 35 1189 71 1646 143 1824 287 1695 575 
9 47 1729 94 1371 188 1089 377 1240 755 
9 62 1365 125 1906 251 1038 503 1612 1007 
7 69 1479 138 1917 277 1272 555 
7 81 1208 163 1559 327 1857 655 
7 88 1741 177 1071 355 1491 711 
7 96 1636 193 1886 387 1167 775 
7 111 1075 222 1561 445 1814 891 
5 139 1980 278 1196 557 
5 215 1670 430 1742 861 
3 257 1400 515 
3 275 1683 551 
3 288 1809 577 
3 305 1921 611 
3 312 1390 625 
3 314 1333 629 
3 357 1394 715 
3 383 1353 766 
3 401 1237 803 
3 446 1585 893 
3 466 1813 933 
2 1026 904 
2 1027 804 
8 1028 74 1170 149 1581 299 1163 599 
4 1029 346 1094 693 
2 1035 544 
6 1040 230 1091 461 1552 923 
2 1041 538 
4 1042 435 1082 870 
6 1043 137 1315 274 1181 549 
4 1044 464 1433 929 
4 1045 300 1434 600 
2 1046 794 
4 1049 396 1131 792 
2 1051 672 
6 1054 238 1878 477 1707 955 
4 1058 444 1125 889 
2 1060 932 
6 1065 189 1269 379 1192 759 
2 1066 658 
4 1068 358 1623 717 
2 1070 654 
10 1072 54 1872 109 1233 218 1743 437 1348 875 
2 1073 704 
6 1074 208 1523 417 1599 835 
2 1079 620 
4 1080 352 1436 705 
2 1083 628 
2 1084 742 
4 1085 316 1897 632 
2 1087 882 
2 1088 514 
10 1093 56 1650 113 1616 227 1644 455 1829 911 
6 1095 233 1064 467 1908 934 
2 1096 888 
4 1097 368 1586 737 
2 1098 534 
6 1099 210 1037 421 1737 843 
2 1103 836 
2 1104 736 
6 1105 202 1531 405 1172 811 
2 1106 540 
2 1107 738 
10 1108 49 1425 99 1765 199 1255 399 1025 799 
2 1110 552 
4 1112 460 1659 921 
2 1115 682 
2 1117 570 
2 1120 780 
4 1122 302 1863 605 
2 1123 530 
2 1124 874 
6 1127 240 1204 481 1214 963 
2 1128 752 
6 1129 224 1356 449 1312 899 
6 1130 170 1693 341 1509 683 
2 1134 806 
2 1135 898 
4 1137 262 1156 525 
2 1140 992 
4 1141 279 1704 559 
2 1142 1018 
2 1143 818 
2 1152 848 
6 1154 242 1669 485 1032 971 
2 1157 586 
8 1162 67 1056 135 1811 271 1686 543 
6 1165 186 1524 373 1643 747 
2 1168 910 
2 1169 776 
8 1173 124 1702 249 1853 499 1234 999 
6 1176 140 1640 281 1621 563 
6 1177 234 1687 468 1265 937 
2 1179 896 
4 1180 470 1885 941 
6 1182 248 1430 497 1700 995 
2 1183 554 
4 1184 340 1565 681 
4 1185 384 1827 769 
6 1186 150 1661 301 1861 603 
2 1187 618 
6 1188 223 1370 447 1133 895 
2 1190 846 
2 1191 872 
6 1194 226 1352 453 1934 907 
8 1195 118 1867 236 1862 473 1429 947 
6 1199 148 1869 296 1854 593 
2 1200 528 
4 1207 308 1487 617 
4 1210 264 1870 529 
2 1212 700 
2 1215 680 
6 1216 162 1499 325 1877 651 
2 1217 784 
6 1218 206 1648 413 1256 827 
2 1219 566 
2 1223 692 
4 1224 336 1382 673 
2 1226 998 
2 1229 820 
4 1231 440 1592 881 
6 1235 219 1158 438 1513 877 
12 1238 24 1526 48 1500 97 1232 195 1907 391 1330 783 
2 1239 868 
4 1242 432 1057 865 
2 1243 762 
2 1244 706 
8 1245 86 1555 173 1632 347 1118 695 
2 1247 902 
4 1249 496 1639 993 
6 1252 184 1787 369 1332 739 
4 1253 362 1446 725 
4 1254 378 1506 756 
4 1257 428 1077 857 
2 1258 988 
4 1259 508 1161 1017 
8 1260 123 1386 247 1617 495 1710 991 
2 1264 662 
4 1266 348 1692 697 
4 1267 498 1951 997 
2 1270 876 
4 1273 330 1802 661 
4 1275 398 1281 797 
6 1276 176 1145 353 1981 707 
2 1278 790 
2 1279 974 
8 1280 83 1631 167 1560 335 1794 671 
2 1282 568 
6 1283 212 1732 425 1034 851 
2 1284 626 
2 1286 930 
2 1288 774 
2 1293 686 
6 1294 180 1309 361 1067 723 
2 1295 588 
2 1296 860 
8 1297 91 1955 182 1995 365 1839 731 
4 1300 282 1796 565 
8 1304 84 1696 168 1092 337 1715 675 
6 1310 250 1392 501 1849 1003 
2 1311 960 
6 1313 160 1603 321 1155 643 
2 1314 834 
2 1316 912 
2 1320 826 
6 1321 237 1537 475 1050 951 
2 1322 810 
2 1323 740 
4 1324 510 1528 1021 
6 1329 183 1735 367 1904 735 
2 1331 982 
6 1334 246 1891 493 1220 987 
2 1335 574 
2 1336 828 
4 1340 322 1944 645 
4 1343 448 1722 897 
2 1344 622 
2 1345 668 
2 1346 824 
8 1347 78 1550 157 1090 315 1494 631 
4 1349 482 1816 965 
4 1350 408 1672 817 
16 1355 4 1202 9 1986 18 1574 36 1361 73 1325 147 1102 295 1566 591 
2 1359 838 
2 1362 816 
2 1363 922 
2 1364 710 
2 1366 772 
16 1368 6 1956 12 1598 25 1305 51 1997 103 1774 207 1164 415 1860 831 
4 1369 298 1688 597 
6 1372 132 1151 265 1595 531 
2 1373 1014 
10 1374 39 1852 79 1144 159 1337 319 1354 639 
2 1376 676 
2 1378 712 
4 1381 431 1328 862 
2 1384 582 
6 1388 172 1116 344 1327 689 
2 1389 996 
2 1391 1000 
2 1393 1004 
10 1395 50 1665 101 1912 203 1935 407 1290 815 
10 1396 37 1248 75 1969 151 1768 303 1251 607 
4 1397 276 1800 553 
6 1398 156 1858 313 1377 627 
2 1401 940 
4 1402 458 1534 917 
2 1403 652 
2 1405 636 
2 1406 968 
2 1407 1012 
4 1408 494 1467 989 
2 1409 786 
4 1412 500 1301 1001 
2 1416 854 
2 1419 908 
6 1420 198 1529 397 1039 795 
4 1421 454 1845 909 
4 1422 506 1964 1013 
2 1423 702 
2 1424 812 
2 1426 556 
2 1428 952 
2 1432 546 
2 1435 972 
12 1438 27 1227 55 1950 110 1271 221 1744 443 1150 887 
4 1439 345 1740 691 
8 1443 98 1733 196 1379 393 1998 787 
8 1447 64 1076 129 1308 259 1136 519 
4 1448 504 1876 1009 
4 1450 272 1496 545 
4 1452 450 1078 901 
2 1453 580 
2 1454 542 
10 1457 34 1317 68 1482 136 1828 273 1236 547 
4 1458 426 1752 853 
2 1459 856 
2 1461 800 
8 1464 72 1495 145 1431 291 1474 583 
4 1465 326 1221 653 
12 1466 23 1778 46 1772 93 1399 187 1925 375 1061 751 
8 1469 108 1569 216 1668 433 1619 867 
2 1470 770 
2 1471 778 
4 1472 420 1576 841 
6 1473 134 1175 269 1030 539 
4 1477 268 1303 536 
14 1478 14 1748 28 1268 57 1893 115 1338 231 1147 463 1615 927 
12 1483 19 1036 38 1973 77 1222 155 1609 311 1649 623 
6 1484 244 1970 489 1490 979 
8 1485 70 1440 141 1784 283 1605 567 
2 1486 798 
4 1488 469 1442 939 
2 1489 720 
4 1492 422 1894 845 
4 1493 442 1868 885 
4 1497 480 1850 961 
2 1498 610 
2 1501 630 
10 1503 42 1319 85 1873 171 1462 343 1246 687 
8 1504 120 1298 241 1480 483 1385 967 
4 1507 410 1250 821 
2 1508 656 
4 1512 342 1052 685 
4 1514 478 1913 957 
2 1516 718 
2 1517 782 
4 1518 406 1610 813 
8 1520 105 1681 211 1455 423 1919 847 
2 1521 576 
2 1530 900 
6 1532 146 1302 293 1888 587 
2 1533 614 
2 1535 688 
4 1536 266 1481 533 
2 1538 650 
2 1541 750 
2 1543 808 
2 1545 962 
4 1546 388 1086 777 
4 1547 416 1048 833 
2 1548 564 
2 1551 822 
4 1553 476 1604 953 
2 1554 674 
2 1556 842 
4 1562 339 1960 678 
4 1564 484 1982 969 
2 1567 716 
2 1571 1020 
8 1572 114 1101 229 2000 459 1697 919 
2 1573 906 
2 1575 734 
4 1577 474 1825 948 
2 1579 606 
2 1580 604 
4 1582 412 1132 825 
10 1584 61 1841 122 1059 245 1225 491 1274 983 
2 1587 990 
6 1588 144 1590 289 1713 579 
12 1594 20 1807 41 1193 82 1658 165 1775 331 1589 663 
4 1596 318 1723 637 
4 1597 374 1201 749 
4 1601 310 1851 621 
6 1606 174 1209 349 1445 699 
2 1607 694 
4 1613 270 1747 541 
4 1618 258 1126 517 
2 1620 1008 
18 1622 2 1624 5 1999 10 1463 21 1963 43 1679 87 1241 175 1847 351 1174 703 
4 1627 488 1690 977 
4 1629 324 1159 649 
8 1630 95 1753 190 1166 381 1160 763 
2 1633 796 
2 1635 958 
2 1637 892 
2 1638 730 
2 1641 764 
2 1642 884 
2 1645 924 
2 1647 522 
4 1651 486 1291 973 
2 1652 640 
6 1653 197 1341 395 1510 791 
2 1654 548 
8 1655 112 1230 225 1634 451 1415 903 
4 1656 456 1380 913 
2 1662 516 
2 1666 916 
2 1667 578 
4 1671 394 1930 788 
2 1673 844 
14 1674 13 1823 26 1819 52 1515 104 1148 209 1149 419 1287 839 
2 1675 850 
6 1676 158 1540 317 1600 635 
2 1677 1002 
2 1678 722 
6 1682 192 1836 385 1578 771 
2 1685 512 
4 1691 392 1698 785 
4 1694 402 1119 805 
8 1699 107 1360 214 1866 429 1527 859 
2 1701 920 
4 1703 386 1716 773 
4 1705 380 1602 761 
4 1706 280 1351 561 
6 1708 178 1033 356 1367 713 
4 1709 414 1943 829 
6 1711 204 1411 409 1539 819 
2 1712 724 
4 1714 306 1410 613 
2 1718 852 
2 1719 954 
2 1720 602 
2 1721 918 
4 1724 439 1758 878 
4 1726 502 1746 1005 
8 1727 116 1413 232 1326 465 1966 931 
2 1728 646 
2 1731 956 
2 1736 648 
2 1738 612 
4 1739 286 1940 573 
2 1745 714 
2 1749 1022 
2 1750 726 
6 1751 220 1292 441 1206 883 
4 1754 350 1205 701 
2 1755 936 
2 1756 980 
2 1757 518 
2 1759 698 
2 1760 964 
2 1761 768 
2 1762 966 
6 1763 217 1660 434 1544 869 
2 1764 832 
6 1766 169 1625 338 1663 677 
2 1767 660 
4 1769 462 1053 925 
2 1770 532 
4 1771 360 1203 721 
2 1773 572 
2 1776 696 
10 1779 44 1883 89 1519 179 1100 359 1505 719 
2 1781 978 
2 1782 880 
6 1783 152 1024 304 1842 609 
6 1786 194 1197 389 1146 779 
12 1789 29 1976 59 1835 119 1111 239 1797 479 1306 959 
4 1790 424 1339 849 
6 1791 166 1563 333 1307 667 
2 1792 994 
2 1795 592 
6 1798 142 1277 285 1983 571 
10 1799 40 1994 80 1611 161 1717 323 1856 647 
2 1801 596 
2 1803 666 
2 1804 970 
2 1805 708 
2 1806 760 
4 1808 390 1614 781 
2 1815 624 
10 1817 53 1383 106 1357 213 1557 427 1977 855 
4 1818 366 1211 732 
2 1820 644 
2 1822 524 
4 1826 294 1031 589 
6 1830 164 1262 329 1138 659 
2 1831 864 
8 1832 102 1387 205 1591 411 1522 823 
8 1833 76 1958 153 1063 307 1198 615 
4 1834 290 1525 581 
8 1837 126 1460 253 1608 507 1788 1015 
6 1838 130 1358 261 1451 523 
12 1840 30 1583 60 1285 121 1542 243 1928 487 1153 975 
2 1843 758 
4 1844 364 1626 729 
2 1846 616 
2 1848 950 
2 1855 562 
4 1859 320 1502 641 
2 1865 890 
4 1874 452 1263 905 
2 1875 942 
2 1879 986 
2 1880 926 
4 1881 334 1884 669 
6 1887 252 1475 505 1593 1011 
4 1889 292 1342 585 
2 1890 1016 
2 1892 866 
2 1895 598 
2 1896 526 
2 1898 642 
6 1901 191 1414 382 1289 765 
10 1903 32 1062 65 1628 131 1437 263 1476 527 
4 1905 328 1899 657 
2 1909 590 
10 1910 58 1558 117 1261 235 1810 471 1882 943 
4 1914 370 1793 741 
2 1915 858 
2 1916 746 
2 1918 608 
4 1922 436 1444 873 
2 1923 1010 
2 1924 914 
2 1926 802 
4 1927 297 1911 594 
6 1929 154 1568 309 1812 619 
2 1931 684 
2 1933 928 
4 1936 490 1139 981 
4 1937 372 1318 745 
2 1938 584 
4 1939 284 1109 569 
4 1941 472 1725 945 
2 1942 830 
2 1945 946 
2 1946 944 
6 1947 128 1902 256 1449 513 
6 1948 228 1777 457 1985 915 
2 1949 754 
4 1952 354 1456 709 
8 1953 100 1864 201 1468 403 1404 807 
6 1954 200 1081 400 1734 801 
14 1957 11 1113 22 1213 45 1228 90 1780 181 1121 363 1570 727 
2 1959 728 
4 1961 404 1047 809 
2 1962 550 
2 1965 638 
8 1967 92 1920 185 1664 371 1871 743 
2 1968 670 
4 1971 332 1730 664 
2 1972 748 
6 1974 254 1114 509 1684 1019 
4 1975 260 1511 521 
14 1978 8 1441 16 1689 33 1299 66 1178 133 1375 267 1069 535 
2 1979 894 
4 1984 492 1821 984 
4 1987 376 1932 753 
2 1988 1006 
4 1989 418 1417 837 
2 1990 520 
2 1991 976 
2 1992 744 
2 1993 814 
2 1996 886 

