492
19 1 1424 2 1963 5 1903 11 1528 23 1123 46 1265 93 1995 187 1725 375 1143 751 
13 13 1975 26 1836 52 1655 105 1434 211 1335 423 1396 847 
9 35 1659 70 1999 141 1613 283 1843 567 
7 108 1198 216 1697 433 1869 867 
7 113 1918 227 1677 455 1965 911 
5 146 1688 293 1744 587 
5 180 1382 361 1345 723 
5 202 1425 405 1969 811 
5 204 1428 408 1779 817 
5 254 1432 509 1369 1019 
3 275 1521 551 
3 286 1709 573 
3 306 1169 613 
3 323 1534 647 
3 332 1966 665 
3 336 1874 673 
3 351 1273 703 
3 483 1331 967 
3 492 1624 985 
2 1025 772 
4 1026 329 1939 659 
2 1027 776 
2 1028 824 
2 1029 708 
2 1031 1016 
2 1035 984 
6 1038 210 1245 421 1212 843 
8 1039 74 1588 149 1429 299 1953 599 
8 1040 96 1833 193 1500 387 1973 775 
4 1041 458 1471 917 
2 1044 938 
4 1047 304 1933 609 
4 1048 414 1406 829 
2 1051 566 
2 1053 1006 
2 1054 548 
4 1055 468 1825 937 
6 1056 190 1887 381 1505 763 
10 1057 36 1602 72 1200 145 1982 291 1900 583 
2 1058 574 
4 1059 300 1413 601 
16 1060 7 1400 14 1662 29 1208 58 1834 117 1183 235 1329 471 1084 943 
4 1064 358 1220 717 
2 1066 934 
3 1067 258 517 
4 1068 377 1375 754 
10 1069 59 1760 119 1545 239 1259 479 1899 959 
6 1070 250 1961 501 1314 1003 
2 1071 846 
2 1072 982 
6 1074 206 1312 413 1558 827 
10 1075 45 1103 91 1436 183 1139 367 1657 735 
6 1076 161 1536 322 1892 645 
4 1081 450 1514 901 
12 1085 25 1190 50 1706 100 1032 201 1049 403 1698 807 
4 1088 434 1405 868 
2 1089 1020 
2 1091 936 
2 1092 612 
4 1093 427 1272 855 
2 1094 758 
6 1095 137 1560 274 1864 549 
2 1096 840 
2 1097 852 
2 1098 586 
4 1099 502 1638 1005 
4 1101 508 1653 1017 
6 1102 170 1083 341 1871 683 
2 1104 794 
2 1105 598 
10 1106 47 1167 95 1205 191 1812 383 1472 767 
13 1107 10 21 1765 43 1883 86 1311 173 1853 347 1491 695 
2 1109 880 
2 1112 532 
6 1113 213 1280 426 1619 853 
10 1115 41 1548 83 1649 167 1277 335 1897 671 
4 1116 348 1751 697 
16 1117 4 1254 9 1132 18 1050 37 1991 75 1336 151 1591 303 1766 607 
4 1118 500 1229 1001 
2 1120 610 
4 1121 437 1338 875 
4 1124 438 1721 877 
4 1125 360 1705 721 
2 1127 842 
2 1130 866 
4 1131 292 1193 585 
4 1136 394 1809 789 
2 1140 640 
4 1141 382 1538 765 
12 1142 19 1943 39 1938 79 1170 159 1033 319 1301 639 
2 1144 784 
2 1146 792 
2 1148 920 
2 1149 804 
4 1150 498 1934 996 
4 1151 272 1214 545 
2 1152 742 
2 1154 702 
2 1157 608 
2 1158 760 
2 1161 956 
6 1164 164 1790 328 1992 657 
12 1166 17 1270 34 1242 69 1446 139 1390 279 1315 559 
4 1168 378 1773 757 
12 1173 27 1316 55 1191 110 1673 221 1380 443 1865 887 
2 1176 654 
2 1177 638 
4 1179 354 1925 709 
2 1180 680 
8 1184 73 1720 147 1307 295 1090 591 
6 1185 232 1714 465 1100 931 
4 1186 342 1935 685 
2 1189 558 
4 1194 496 1872 993 
4 1197 440 1517 881 
8 1199 116 1288 233 1290 467 1082 935 
2 1201 546 
2 1202 676 
2 1203 540 
2 1204 712 
2 1206 590 
4 1215 416 1996 833 
2 1216 700 
2 1217 826 
6 1219 240 1994 480 1128 961 
2 1221 976 
6 1223 220 1196 441 1525 883 
2 1226 1004 
4 1230 270 1819 541 
2 1231 766 
2 1234 886 
4 1235 346 1476 693 
4 1236 374 1986 749 
5 1238 231 463 1862 927 
4 1240 282 1374 565 
8 1241 118 1575 236 1237 473 1337 947 
2 1243 624 
2 1244 734 
2 1247 642 
4 1248 392 1418 785 
2 1249 750 
4 1250 284 1926 569 
4 1252 288 1888 577 
2 1255 632 
4 1257 464 1393 929 
4 1258 448 1492 897 
2 1262 660 
4 1263 298 1668 597 
12 1264 28 1294 56 1971 112 1857 225 1171 451 1681 903 
10 1266 60 1571 121 1940 243 1551 487 1305 975 
2 1267 958 
2 1268 606 
2 1269 770 
4 1274 296 1445 593 
6 1276 176 1061 353 1287 707 
4 1281 486 1685 973 
2 1282 670 
2 1283 930 
2 1284 908 
2 1291 998 
2 1292 994 
2 1293 620 
4 1296 362 1153 725 
4 1297 430 1043 861 
4 1298 290 1159 581 
2 1303 542 
4 1304 478 1876 957 
6 1306 200 1046 401 1562 803 
2 1308 732 
8 1310 123 1228 247 1788 495 1527 991 
2 1317 898 
2 1318 518 
2 1319 544 
6 1320 182 1195 365 1544 731 
4 1321 334 1330 669 
8 1325 87 1754 174 1347 349 1286 699 
4 1327 494 1740 989 
2 1328 582 
2 1332 636 
2 1333 990 
6 1339 226 1837 453 1326 907 
10 1340 49 1615 98 1639 197 1034 395 1455 791 
8 1341 104 1395 209 1852 419 1174 839 
6 1344 153 1454 307 1806 615 
2 1350 630 
6 1351 158 1952 317 1959 635 
2 1352 806 
4 1353 456 1135 912 
2 1354 860 
2 1355 710 
2 1356 678 
2 1357 724 
2 1358 674 
2 1360 672 
2 1363 744 
4 1364 388 1137 777 
2 1365 864 
2 1367 1002 
2 1372 764 
4 1378 481 1646 962 
12 1384 22 1604 44 1111 89 1279 179 1701 359 1632 719 
6 1385 154 1509 309 1813 619 
4 1391 466 1147 933 
2 1392 616 
2 1397 690 
2 1398 730 
2 1399 910 
2 1403 972 
2 1404 872 
10 1410 63 1271 127 1381 255 1138 511 1764 1023 
4 1412 280 1065 561 
2 1415 964 
2 1416 682 
2 1417 578 
2 1419 604 
6 1420 208 1875 417 1407 835 
8 1421 82 1192 165 1769 331 1719 663 
6 1422 234 1867 469 1827 939 
2 1423 696 
2 1427 774 
2 1430 592 
6 1431 192 1879 385 1129 771 
4 1433 422 1389 845 
4 1440 442 1467 885 
4 1442 418 1654 837 
8 1443 124 1799 248 1371 497 1960 995 
2 1444 550 
4 1447 264 1188 529 
4 1449 318 1187 637 
4 1450 370 1818 741 
2 1452 988 
2 1456 576 
4 1457 294 1414 589 
4 1458 484 1635 969 
18 1459 3 1119 6 1511 12 1674 24 1435 48 1073 97 1848 195 1346 391 1441 783 
4 1460 428 1342 857 
2 1461 904 
2 1462 862 
2 1463 668 
2 1464 756 
2 1466 968 
2 1468 600 
2 1469 652 
8 1473 111 1729 223 1901 447 1260 895 
2 1474 526 
2 1475 692 
2 1477 650 
2 1478 970 
4 1479 396 1734 793 
4 1480 488 1880 977 
2 1481 534 
2 1482 884 
2 1483 1010 
4 1484 308 1401 617 
2 1487 530 
2 1489 748 
2 1490 850 
4 1493 266 1592 533 
2 1494 848 
2 1495 902 
2 1497 728 
4 1499 276 1746 553 
6 1501 238 1045 477 1300 955 
6 1502 188 1510 376 1670 753 
2 1503 684 
4 1504 314 1841 629 
4 1506 454 1948 909 
2 1507 986 
4 1508 384 1554 769 
2 1512 926 
8 1513 102 1408 205 1426 411 1855 823 
2 1516 888 
2 1518 814 
2 1519 790 
2 1522 726 
2 1523 954 
2 1526 536 
8 1529 68 1080 136 1893 273 1609 547 
4 1530 462 1409 924 
8 1531 92 1233 185 1868 371 1324 743 
2 1541 834 
2 1543 746 
6 1547 140 1451 281 1313 563 
4 1549 446 1580 893 
4 1556 326 1686 653 
4 1557 400 1362 801 
10 1559 53 1957 107 1597 215 1929 431 1453 863 
2 1561 896 
4 1563 344 1885 689 
4 1564 398 1402 796 
2 1565 768 
2 1567 830 
10 1568 57 1980 114 1213 229 1178 459 1964 919 
8 1569 88 1839 177 1165 355 1488 711 
6 1572 156 1612 313 1349 627 
2 1574 950 
6 1576 178 1650 357 1470 715 
2 1577 644 
2 1578 820 
2 1579 816 
2 1582 572 
10 1583 51 1411 103 1343 207 1251 415 1956 831 
4 1586 409 1946 818 
6 1589 249 1232 499 1908 999 
4 1590 324 1927 649 
8 1594 80 1814 160 1972 321 1498 643 
8 1596 101 1791 203 1656 407 1535 815 
2 1600 1022 
6 1601 172 1595 345 1770 691 
2 1603 978 
2 1605 762 
6 1606 196 1585 393 1224 787 
8 1607 71 1745 143 1989 287 1155 575 
2 1608 922 
6 1610 186 1377 373 1322 747 
2 1616 944 
10 1617 42 1642 85 1911 171 1218 343 1621 687 
4 1618 445 1133 891 
11 1622 30 61 1438 122 1896 245 1485 491 1546 983 
6 1625 166 1122 333 1786 667 
6 1629 162 1289 325 1532 651 
2 1630 782 
4 1633 262 1253 525 
6 1634 246 1211 493 1977 987 
2 1636 980 
4 1640 330 1715 661 
2 1641 966 
2 1643 946 
8 1644 66 1611 133 1036 267 1256 535 
4 1645 368 1134 737 
2 1648 736 
2 1651 838 
6 1652 228 1063 457 1520 915 
2 1658 588 
4 1660 302 1627 605 
2 1661 628 
2 1663 1000 
8 1664 64 1386 128 1860 257 1718 515 
8 1665 78 1175 157 1334 315 1524 631 
2 1666 634 
2 1667 720 
4 1669 268 1990 537 
2 1671 974 
4 1672 386 1550 773 
2 1675 614 
4 1679 474 1637 948 
6 1680 132 1052 265 1761 531 
2 1682 900 
4 1683 510 1037 1021 
4 1687 338 1222 677 
2 1689 656 
2 1690 878 
6 1691 150 1917 301 1388 603 
2 1692 622 
2 1693 704 
2 1694 618 
6 1695 194 1078 389 1062 779 
2 1696 602 
2 1699 662 
2 1700 738 
6 1702 129 1598 259 1126 519 
2 1703 554 
2 1704 786 
2 1707 646 
4 1708 420 1863 841 
2 1710 928 
6 1713 168 1024 337 1394 675 
6 1716 222 1079 444 1077 889 
2 1717 1018 
4 1722 352 1816 705 
2 1723 800 
4 1724 366 1988 733 
6 1726 253 1587 507 1373 1015 
2 1727 564 
2 1730 808 
2 1732 940 
2 1735 752 
4 1736 406 1954 813 
2 1738 802 
2 1739 844 
4 1741 412 1227 825 
2 1743 648 
2 1747 870 
6 1749 138 1162 277 1539 555 
6 1750 134 1733 269 1628 539 
2 1752 992 
8 1753 76 1542 152 1285 305 1919 611 
6 1755 175 1748 350 1533 701 
4 1756 372 1784 745 
2 1757 810 
4 1758 472 1584 945 
4 1759 504 1914 1009 
2 1762 694 
6 1767 237 1984 475 1387 951 
4 1772 432 1553 865 
6 1774 244 2000 489 1295 979 
2 1775 538 
12 1776 20 1261 40 1439 81 1465 163 1768 327 1182 655 
7 1778 90 181 1145 363 1967 727 
2 1780 716 
6 1781 242 1172 485 1383 971 
2 1782 594 
4 1783 490 1086 981 
2 1785 688 
2 1787 1008 
2 1789 828 
2 1792 918 
4 1793 402 1676 805 
2 1795 788 
9 1796 38 77 1798 155 1486 311 1631 623 
4 1797 312 1552 625 
2 1800 706 
8 1801 94 1593 189 1537 379 1626 759 
4 1802 452 1246 905 
2 1803 914 
2 1804 528 
4 1805 260 1711 521 
2 1807 698 
2 1810 932 
2 1811 894 
2 1815 960 
2 1817 580 
8 1820 120 1370 241 1647 482 1599 965 
4 1821 390 1684 781 
2 1822 856 
8 1828 115 1361 230 1614 461 1962 923 
4 1830 256 1831 513 
8 1832 106 1794 212 1823 425 1581 851 
4 1835 460 1302 921 
2 1838 858 
6 1842 217 1955 435 1712 871 
4 1844 410 1970 821 
2 1846 892 
8 1847 84 1448 169 1114 339 1156 679 
2 1849 562 
2 1850 556 
2 1851 812 
8 1854 99 1620 198 1309 397 1777 795 
2 1856 718 
2 1858 780 
2 1859 686 
4 1861 356 1225 713 
2 1866 664 
6 1870 142 1623 285 1947 570 
2 1873 560 
4 1877 316 1573 633 
2 1878 522 
4 1881 404 1728 809 
4 1882 506 1983 1012 
2 1884 916 
2 1886 514 
2 1889 552 
10 1891 32 1207 65 1924 131 1108 263 1379 527 
6 1894 144 1366 289 1181 579 
6 1895 214 1824 429 1376 859 
13 1898 15 31 1890 62 1570 125 1087 251 1808 503 1515 1007 
4 1902 380 1368 761 
2 1904 952 
2 1905 1014 
2 1906 882 
2 1907 836 
2 1909 832 
2 1910 942 
2 1912 524 
6 1913 224 1278 449 1348 899 
4 1915 320 1323 641 
14 1916 8 1299 16 1209 33 1920 67 1742 135 1555 271 1840 543 
8 1921 126 1437 252 1731 505 1540 1011 
4 1922 364 1239 729 
4 1923 310 1496 621 
2 1928 778 
2 1930 798 
4 1931 424 1845 849 
4 1932 278 1359 557 
2 1936 906 
2 1937 714 
2 1941 596 
2 1942 666 
6 1944 184 1160 369 1974 739 
2 1945 822 
4 1949 340 1275 681 
2 1950 740 
6 1951 130 1771 261 1110 523 
6 1958 199 1763 399 1993 799 
6 1968 148 1042 297 1566 595 
2 1978 626 
4 1979 470 1030 941 
6 1981 218 1737 436 1163 873 
4 1985 476 1826 953 
2 1987 722 
2 1997 584 
10 1998 54 1210 109 1829 219 1678 439 1976 879 

