489
19 1 1026 3 1895 7 1800 14 1765 29 1671 59 1591 119 1920 239 1919 479 1912 959 
9 62 1492 125 1120 251 1660 503 1445 1007 
5 134 1101 269 1538 539 
5 144 1858 289 1113 579 
5 177 1071 354 1741 709 
5 193 1777 387 1257 775 
5 248 1062 497 1884 995 
5 254 1532 509 1585 1019 
3 256 1540 513 
3 260 1481 521 
3 288 1781 577 
3 322 1962 645 
3 343 1713 687 
3 346 1951 693 
3 355 1629 711 
3 380 1525 761 
3 393 1524 787 
3 501 1456 1003 
6 1028 244 1474 489 1463 979 
6 1030 179 1415 359 1921 719 
6 1035 226 1469 453 1360 907 
2 1037 972 
12 1042 28 1328 56 1318 113 1490 227 1843 455 1885 911 
2 1043 826 
4 1045 370 1809 741 
2 1047 1012 
2 1049 908 
2 1051 824 
5 1052 140 281 1296 563 
2 1055 740 
2 1057 538 
2 1059 536 
2 1060 600 
4 1061 368 1802 737 
2 1063 784 
6 1065 196 1093 392 1027 785 
2 1066 786 
2 1067 796 
6 1072 204 1905 409 1353 819 
2 1074 628 
2 1077 544 
2 1078 1010 
2 1079 590 
4 1081 492 1659 984 
8 1085 70 1758 141 1438 283 1180 567 
2 1086 598 
4 1087 382 1285 765 
15 1089 6 13 1700 26 1345 53 1277 107 1971 215 1974 431 1980 863 
2 1091 662 
2 1092 820 
4 1099 486 1714 973 
4 1100 404 1240 809 
2 1104 528 
2 1106 524 
8 1109 110 1550 221 1782 443 1220 887 
6 1110 159 1205 319 1535 639 
2 1115 734 
2 1119 788 
2 1123 578 
2 1126 514 
6 1131 166 1642 333 1136 667 
2 1133 938 
12 1134 16 1058 33 1754 66 1973 133 1738 267 1853 535 
4 1137 282 1292 565 
6 1138 232 1213 465 1687 931 
4 1139 398 1703 797 
6 1141 218 1545 436 1322 873 
2 1144 896 
2 1145 754 
2 1149 962 
4 1150 294 1349 589 
4 1151 401 1311 802 
2 1153 586 
2 1156 960 
6 1157 130 1129 261 1553 523 
4 1158 434 1227 869 
2 1163 894 
6 1164 180 1796 361 1274 723 
4 1165 412 1366 825 
2 1167 742 
2 1171 892 
2 1174 822 
4 1175 470 1946 941 
6 1177 208 1046 417 1829 835 
4 1181 397 1819 795 
2 1182 658 
2 1183 956 
2 1189 720 
5 1192 189 379 1648 759 
2 1194 936 
4 1196 426 1214 853 
2 1197 678 
8 1199 74 1710 148 1608 297 1945 595 
4 1201 448 1711 897 
8 1203 98 1048 197 1771 395 1907 791 
6 1208 161 1294 323 1162 647 
2 1209 904 
2 1210 992 
4 1212 306 1542 613 
6 1215 190 1675 381 1369 763 
2 1218 930 
2 1219 876 
4 1222 366 1851 733 
14 1224 11 1375 23 1726 46 1050 93 1107 187 1817 375 1637 751 
2 1226 912 
4 1228 378 1069 756 
2 1230 584 
2 1232 958 
2 1233 810 
8 1235 94 1272 188 1399 377 1339 755 
2 1236 746 
4 1237 414 1117 829 
6 1238 149 1451 299 1198 599 
8 1239 92 1184 185 1730 371 1449 743 
2 1241 844 
2 1242 982 
4 1246 391 1992 782 
2 1248 638 
2 1251 910 
2 1252 798 
2 1256 814 
8 1260 102 1044 205 1588 411 1879 823 
2 1263 646 
10 1265 40 1200 80 1132 160 1326 321 1297 643 
10 1266 47 1070 95 1914 191 1622 383 1707 767 
4 1269 376 1409 753 
2 1270 692 
4 1271 324 1584 649 
2 1276 772 
6 1278 182 1896 365 1823 731 
2 1279 738 
2 1280 532 
2 1281 940 
4 1282 326 1821 653 
4 1284 276 1433 553 
4 1286 352 1243 705 
4 1287 284 1539 569 
4 1288 344 1484 689 
2 1290 714 
2 1291 1016 
2 1293 942 
2 1295 954 
12 1301 18 1833 37 1624 75 1915 151 1861 303 1410 607 
4 1302 422 1166 845 
8 1304 85 1750 170 1496 341 1039 683 
4 1306 266 1336 533 
2 1308 854 
2 1312 664 
8 1314 81 1567 163 1348 327 1727 655 
2 1316 566 
10 1319 50 1320 101 1121 203 1211 407 1846 815 
14 1324 12 1669 25 1888 51 1095 103 1114 207 1204 415 1670 831 
2 1325 792 
4 1327 484 1883 969 
4 1329 270 1391 541 
4 1333 508 1452 1017 
2 1335 934 
8 1337 90 1999 181 1801 363 1264 727 
2 1338 676 
6 1340 214 1041 429 1873 859 
2 1342 1002 
4 1346 320 1695 641 
2 1347 622 
8 1350 108 1262 217 1759 435 1221 871 
2 1351 554 
2 1352 564 
2 1355 1006 
4 1356 444 1206 889 
4 1357 496 1489 993 
2 1361 880 
4 1362 336 1641 673 
2 1363 736 
4 1364 498 1154 997 
4 1367 480 1656 961 
2 1372 726 
2 1373 730 
4 1378 328 1116 657 
8 1379 118 1767 237 1479 475 1979 951 
2 1380 862 
2 1381 580 
4 1384 464 1370 929 
8 1386 86 1343 172 1170 345 1645 691 
2 1388 932 
2 1389 620 
4 1392 474 1267 949 
2 1397 1004 
2 1398 610 
2 1401 770 
2 1405 562 
2 1406 920 
2 1407 696 
4 1411 459 1764 919 
2 1414 764 
12 1416 22 1652 45 1987 91 1702 183 1160 367 1732 735 
4 1417 418 1830 837 
2 1419 612 
2 1420 858 
2 1421 750 
2 1423 998 
2 1424 672 
10 1425 48 1471 97 1268 194 1997 389 1736 779 
4 1427 272 1565 545 
4 1428 410 1148 821 
6 1429 212 1815 425 1394 851 
6 1430 146 1082 293 1789 587 
6 1431 253 1468 506 1161 1013 
12 1432 24 2000 49 1422 99 1688 199 1477 399 1395 799 
10 1434 44 1593 89 1889 178 1024 357 1374 715 
8 1435 124 1172 249 1169 499 1127 999 
4 1437 446 1650 893 
2 1439 520 
6 1441 168 1096 337 1142 675 
4 1443 488 1908 977 
4 1448 416 1245 833 
8 1450 88 1837 176 1247 353 1029 707 
2 1453 1008 
4 1454 362 1155 725 
4 1460 312 1935 625 
2 1461 890 
6 1464 198 1986 396 1440 793 
2 1465 882 
8 1466 68 1207 136 1083 273 1493 547 
8 1470 116 1152 233 1056 467 1570 935 
2 1472 576 
8 1473 126 1202 252 1922 505 1916 1011 
2 1478 926 
4 1482 348 1412 697 
2 1483 592 
2 1486 708 
4 1487 304 1143 609 
4 1491 440 1739 881 
2 1495 550 
2 1498 626 
2 1500 928 
4 1501 318 1332 636 
2 1504 542 
10 1507 57 1988 115 1689 231 1697 463 1447 927 
4 1509 264 1300 529 
4 1511 408 1054 817 
4 1513 504 1749 1009 
2 1515 522 
2 1518 644 
2 1519 654 
4 1520 388 1554 777 
2 1521 588 
2 1523 606 
4 1528 428 1686 857 
2 1529 914 
4 1530 358 1459 716 
6 1531 139 1118 279 1485 559 
6 1533 250 1186 500 1615 1001 
2 1534 878 
6 1536 164 1377 329 1775 659 
12 1537 20 1942 41 1512 83 1255 167 1396 335 1075 671 
4 1541 507 1855 1015 
4 1543 386 1376 773 
4 1544 286 1909 573 
2 1546 950 
2 1547 1020 
2 1548 966 
4 1549 402 1244 805 
2 1555 996 
2 1556 630 
2 1559 812 
8 1561 76 1516 153 1715 307 1502 615 
2 1562 632 
4 1563 334 1579 669 
2 1564 652 
2 1568 752 
6 1571 216 1824 432 1147 865 
4 1572 296 1494 593 
4 1573 451 1305 902 
10 1574 39 1552 79 1344 158 1499 317 1676 635 
4 1575 394 1088 789 
2 1576 640 
2 1577 518 
6 1578 206 1810 413 1455 827 
6 1581 171 1803 342 1847 685 
4 1583 406 1371 813 
6 1587 210 1436 421 1031 843 
4 1590 298 1928 596 
4 1592 476 1859 953 
2 1594 762 
2 1595 582 
2 1597 616 
6 1598 225 1976 450 1321 901 
2 1599 946 
2 1600 832 
2 1601 774 
2 1602 614 
4 1604 456 1076 913 
4 1605 468 1560 937 
4 1606 462 1684 925 
6 1609 200 1890 400 1918 801 
6 1610 150 1330 301 1191 603 
4 1611 384 1497 769 
2 1613 690 
6 1614 156 1766 313 1444 627 
4 1616 332 1446 665 
2 1617 1000 
10 1618 58 1514 117 1508 235 1773 471 1527 943 
4 1620 258 1638 517 
2 1621 846 
18 1623 2 1331 5 1413 10 1785 21 1231 43 1217 87 1991 175 1790 351 1917 703 
2 1625 680 
10 1627 32 1064 64 1303 129 1458 259 1404 519 
4 1628 424 1956 849 
6 1630 230 1193 460 1603 921 
2 1631 1022 
2 1632 530 
4 1633 300 1569 601 
14 1636 15 1635 30 1941 60 1275 121 1094 243 1779 487 1966 975 
4 1639 490 1178 981 
10 1640 34 1526 69 1480 138 1323 277 1586 555 
2 1643 694 
2 1644 572 
4 1647 372 1566 745 
2 1649 526 
2 1651 656 
6 1654 202 1068 405 1982 811 
8 1655 82 1937 165 1589 331 1358 663 
2 1658 534 
2 1661 974 
2 1665 602 
2 1666 710 
2 1667 924 
6 1668 242 1315 485 1250 971 
14 1672 8 1307 17 1080 35 1475 71 1090 143 1467 287 1253 575 
4 1674 454 1488 909 
2 1677 884 
2 1678 806 
2 1681 748 
4 1683 316 1897 633 
2 1685 828 
4 1690 338 1128 677 
6 1691 222 1341 445 1124 891 
2 1692 988 
2 1693 980 
2 1694 684 
2 1698 898 
7 1699 65 131 1906 263 1760 527 
2 1701 888 
2 1704 840 
6 1705 236 1582 473 1258 947 
2 1706 872 
2 1709 722 
2 1712 732 
2 1716 978 
2 1717 728 
10 1718 61 1105 122 1038 245 1664 491 1719 983 
4 1720 292 1390 585 
6 1721 128 1663 257 1886 515 
4 1722 268 1619 537 
6 1723 234 1102 469 1310 939 
6 1724 152 1084 305 1130 611 
2 1725 766 
2 1729 698 
2 1731 990 
4 1733 430 1125 861 
2 1734 712 
2 1735 674 
2 1737 1018 
4 1742 472 1882 945 
4 1744 350 1580 701 
4 1745 374 1025 749 
2 1746 568 
2 1747 852 
6 1748 137 1354 275 1872 551 
2 1751 964 
2 1752 706 
2 1753 574 
8 1755 123 1910 247 1680 495 1140 991 
2 1761 804 
4 1763 360 1229 721 
2 1768 594 
4 1769 510 1108 1021 
16 1770 4 1743 9 1298 19 1188 38 1887 77 1827 155 1503 311 1400 623 
2 1772 604 
4 1774 438 1159 877 
2 1776 900 
2 1778 688 
4 1780 442 1842 885 
2 1783 608 
12 1784 31 1146 63 1673 127 1740 255 1383 511 1849 1023 
2 1786 800 
6 1788 154 1053 309 1932 619 
6 1791 173 1216 347 1757 695 
2 1792 570 
2 1793 516 
8 1794 78 1135 157 1814 315 1122 631 
2 1795 834 
2 1797 818 
6 1799 229 1696 458 1368 917 
2 1804 944 
6 1805 174 1317 349 1522 699 
2 1806 546 
2 1807 552 
2 1808 558 
6 1811 240 1173 481 1877 963 
10 1812 54 1626 109 1959 219 1822 439 1185 879 
4 1813 461 1894 923 
4 1816 452 1299 905 
2 1820 686 
4 1825 302 1925 605 
2 1828 618 
4 1831 290 1662 581 
2 1832 790 
8 1834 112 1826 224 1476 449 1261 899 
8 1835 104 1646 209 1728 419 1393 839 
2 1836 808 
8 1839 114 1103 228 1195 457 1223 915 
2 1840 848 
2 1841 864 
4 1844 494 1838 989 
2 1845 702 
2 1848 650 
6 1850 238 1607 477 1442 955 
2 1852 512 
2 1854 836 
2 1856 724 
2 1857 700 
6 1860 132 1040 265 1034 531 
6 1862 184 1958 369 1073 739 
2 1863 976 
2 1864 994 
12 1865 27 1111 55 1969 111 1418 223 1657 447 1283 895 
10 1866 52 1249 105 1426 211 1762 423 1756 847 
10 1867 36 1225 73 1176 147 1510 295 1653 591 
4 1868 330 1259 661 
2 1869 780 
2 1870 842 
4 1871 278 1289 557 
4 1874 356 1359 713 
2 1875 952 
4 1876 364 1506 729 
2 1878 704 
4 1880 274 1904 548 
5 1881 162 325 1818 651 
4 1891 310 1612 621 
6 1892 220 1402 441 1334 883 
8 1893 96 1933 192 1309 385 1557 771 
2 1899 870 
4 1900 433 1682 866 
2 1901 856 
2 1902 758 
2 1903 666 
2 1911 886 
4 1923 314 1187 629 
2 1924 668 
2 1926 868 
6 1927 186 1505 373 1097 747 
10 1929 42 1708 84 1998 169 1798 339 1385 679 
6 1930 246 1179 493 1403 987 
2 1931 968 
8 1934 120 1913 241 1112 483 1032 967 
2 1936 986 
4 1938 502 1036 1005 
2 1939 642 
6 1940 195 1679 390 1898 781 
4 1943 280 1382 560 
2 1944 778 
2 1947 660 
2 1948 916 
2 1949 838 
4 1950 420 1365 841 
4 1952 478 1168 957 
8 1953 100 1387 201 1462 403 1634 807 
2 1954 768 
2 1957 670 
2 1960 860 
8 1963 106 1457 213 1517 427 1273 855 
2 1964 906 
4 1965 308 1961 617 
2 1967 776 
4 1968 466 1596 933 
6 1970 142 1313 285 1551 571 
2 1975 830 
4 1977 340 1190 681 
8 1978 67 1972 135 1098 271 1955 543 
2 1981 634 
2 1983 682 
8 1984 72 1234 145 1033 291 1558 583 
2 1985 948 
2 1989 744 
4 1990 437 1408 875 
2 1993 970 
4 1994 482 1254 965 
4 1995 262 1787 525 
2 1996 850 

