42687
42686
42685
42685
42684
42683
42683
42683
42682
42681
42680
42680
42679
42679
42678
42677
42676
42675
42674
42673
42672
42671
42671
42670
42669
42669
42668
42667
42666
42666
42665
42664
42664
42664
42663
42663
42662
42662
42661
42660
42659
42659
42658
42657
42656
42655
42654
42653
42653
42653
42652
42651
42650
42650
42649
42648
42647
42646
42645
42644
42644
42643
42642
42642
42642
42642
42642
42642
42641
42640
42640
42639
42638
42637
42637
42637
42637
42637
42636
42635
42634
42633
42633
42632
42631
42630
42629
42628
42627
42626
42626
42625
42625
42624
42623
42622
42621
42620
42619
42618
42618
42617
42616
42615
42614
42614
42614
42613
42612
42612
42612
42612
42611
42610
42609
42608
42607
42606
42605
42604
42604
42603
42602
42601
42600
42599
42598
42598
42597
42596
42596
42595
42594
42593
42593
42592
42591
42590
42589
42589
42588
42588
42587
42587
42587
42586
42585
42584
42584
42583
42583
42583
42582
42581
42580
42580
42580
42579
42578
42578
42578
42577
42576
42576
42575
42575
42575
42574
42573
42573
42572
42571
42570
42569
42569
42568
42568
42568
42567
42567
42566
42566
42566
42565
42564
42564
42563
42562
42561
42560
42560
42559
42558
42558
42557
42556
42556
42556
42555
42554
42553
42552
42551
42550
42550
42550
42550
42549
42548
42547
42547
42546
42546
42545
42544
42544
42543
42542
42542
42542
42541
42540
42539
42538
42538
42537
42536
42535
42536
42535
42535
42534
42533
42533
42532
42532
42531
42531
42530
42529
42528
42527
42526
42526
42525
42524
42523
42522
42521
42521
42520
42520
42520
42519
42519
42519
42518
42518
42517
42516
42515
42515
42514
42514
42513
42512
42512
42512
42511
42510
42509
42509
42509
42508
42507
42506
42505
42504
42503
42502
42501
42500
42499
42498
42498
42497
42497
42496
42495
42494
42493
42492
42492
42492
42491
42490
42489
42488
42487
42487
42486
42485
42485
42484
42483
42483
42482
42481
42480
42480
42479
42478
42477
42476
42476
42476
42475
42474
42474
42473
42473
42472
42471
42470
42469
42469
42468
42468
42467
42467
42466
42465
42464
42463
42462
42461
42460
42460
42459
42459
42458
42457
42456
42455
42455
42455
42454
42453
42452
42451
42450
42449
42449
42449
42449
42449
42449
42448
42447
42447
42446
42446
42445
42444
42443
42442
42441
42440
42440
42439
42439
42438
42437
42436
42435
42435
42434
42433
42433
42433
42432
42431
42430
42429
42428
42427
42427
42426
42425
42424
42424
42423
42422
42421
42420
42419
42418
42417
42416
42416
42415
42414
42414
42413
42413
42413
42412
42411
42410
42410
42410
42410
42409
42409
42408
42407
42406
42405
42404
42403
42402
42401
42400
42400
42400
42399
42399
42399
42399
42399
42399
42399
42398
42398
42397
42396
42395
42395
42395
42394
42393
42392
42392
42392
42392
42391
42391
42390
42389
42389
42389
42388
42387
42386
42385
42385
42384
42383
42383
42383
42383
42383
42383
42382
42382
42381
42380
42380
42379
42378
42377
42376
42375
42374
42373
42373
42372
42371
42370
42370
42370
42369
42369
42369
42368
42367
42367
42366
42366
42365
42364
42363
42362
42362
42362
42361
42361
42360
42359
42359
42358
42358
42357
42356
42355
42354
42354
42353
42352
42352
42352
42352
42352
42351
42351
42351
42350
42350
42349
42348
42347
42346
42345
42344
42344
42344
42343
42343
42342
42342
42342
42342
42341
42340
42339
42339
42339
42338
42337
42336
42335
42334
42333
42332
42332
42332
42331
42330
42329
42329
42328
42327
42326
42325
42324
42324
42324
42323
42323
42322
42321
42320
42319
42318
42318
42318
42317
42316
42316
42315
42314
42314
42313
42313
42312
42311
42310
42309
42309
42309
42309
42308
42307
42307
42306
42305
42305
42305
42304
42303
42302
42301
42300
42300
42300
42299
42298
42297
42296
42295
42295
42294
42293
42293
42292
42292
42291
42290
42289
42289
42289
42288
42288
42288
42288
42288
42287
42287
42287
42286
42286
42285
42284
42284
42284
42283
42282
42281
42281
42280
42280
42280
42279
42279
42278
42278
42277
42277
42276
42275
42274
42274
42273
42273
42273
42272
42271
42271
42270
42269
42269
42268
42267
42267
42266
42265
42265
42264
42264
42264
42263
42262
42262
42261
42260
42260
42260
42260
42259
42258
42257
42256
42255
42255
42255
42255
42254
42253
42252
42252
42252
42251
42250
42249
42248
42247
42246
42245
42244
42244
42243
42242
42242
42241
42240
42239
42238
42237
42236
42235
42234
42233
42232
42231
42230
42230
42230
42229
42228
42227
42226
42226
42225
42225
42224
42223
42222
42221
42220
42219
42219
42218
42217
42217
42216
42216
42216
42216
42216
42215
42215
42214
42213
42212
42211
42210
42209
42208
42207
42206
42206
42205
42205
42205
42204
42204
42204
42204
42204
42203
42202
42201
42200
42199
42198
42198
42198
42198
42197
42196
42195
42195
42194
42193
42193
42193
42192
42191
42190
42189
42188
42188
42187
42186
42185
42184
42183
42182
42181
42180
42179
42178
42177
42176
42175
42174
42174
42174
42173
42172
42172
42171
42170
42170
42169
42168
42167
42166
42165
42164
42163
42162
42161
42160
42159
42159
42158
42157
42156
42156
42156
42155
42154
42153
42153
42153
42152
42151
42151
42151
42150
42149
42148
42147
42146
42146
42145
42145
42145
42144
42143
42143
42142
42141
42140
42139
42138
42137
42136
42136
42135
42134
42133
42133
42132
42131
42130
42129
42129
42129
42128
42127
42126
42126
42125
42124
42124
42124
42123
42122
42121
42120
42120
42120
42120
42120
42119
42119
42119
42119
42119
42119
42119
42118
42117
42116
42115
42114
42113
42112
42111
42111
42110
42109
42108
42108
42107
42107
42107
42106
42106
42106
42105
42104
42104
42103
42102
42101
42100
42099
42099
42098
42097
42096
42095
42094
42093
42093
42093
42092
42092
42092
42091
42090
42089
42089
42089
42088
42088
42088
42087
42087
42086
42085
42085
42085
42084
42084
42083
42083
42082
42081
42080
42080
42080
42080
42079
42078
42078
42077
42076
42075
42074
42074
42074
42073
42072
42071
42070
42070
42069
42068
42067
42067
42066
42065
42064
42063
42063
42063
42062
42061
42061
42061
42061
42060
42059
42059
42058
42057
42056
42056
42055
42055
42055
42054
42054
42053
42052
42052
42051
42050
42049
42049
42049
42049
42048
42047
42046
42045
42045
42045
42044
42043
42043
42043
42042
42042
42041
42040
42039
42038
42037
42036
42036
42035
42034
42033
42032
42031
42031
42030
42029
42028
42027
42026
42026
42025
42025
42024
42023
42022
42022
42022
42021
42020
42019
42019
42018
42017
42017
42016
42016
42015
42015
42014
42013
42013
42012
42011
42010
42009
42008
42007
42006
42005
42005
42005
42004
42003
42003
42002
42001
42000
41999
41998
41998
41998
41997
41997
41996
41995
41994
41994
41993
41992
41991
41990
41989
41988
41987
41987
41987
41986
41986
41986
41986
41985
41985
41984
41983
41982
41981
41981
41980
41979
41979
41978
41977
41976
41975
41974
41973
41973
41972
41971
41970
41969
41969
41968
41968
41968
41968
41967
41966
41966
41965
41964
41963
41963
41963
41962
41961
41960
41960
41959
41958
41957
41956
41956
41956
41955
41954
41954
41954
41953
41952
41952
41951
41951
41950
41949
41948
41948
41947
41946
41945
41944
41944
41943
41943
41942
41941
41940
41939
41938
41938
41937
41937
41936
41936
41935
41934
41933
41932
41932
41931
41930
41930
41930
41929
41929
41929
41929
41929
41929
41929
41928
41928
41927
41926
41926
41926
41925
41924
41923
41923
41922
41921
41920
41919
41918
41917
41916
41916
41915
41914
41913
41912
41911
41911
41910
41909
41909
41908
41907
41907
41907
41906
41905
41904
41903
41902
41902
41901
41901
41900
41899
41898
41897
41897
41896
41895
41894
41894
41894
41893
41893
41892
41891
41890
41889
41889
41889
41888
41888
41888
41887
41886
41885
41885
41884
41883
41882
41881
41881
41880
41879
41878
41878
41877
41877
41876
41876
41876
41875
41874
41873
41872
41872
41871
41870
41869
41869
41868
41867
41866
41865
41865
41864
41863
41863
41862
41861
41860
41859
41859
41858
41858
41858
41858
41858
41858
41857
41856
41855
41854
41853
41852
41852
41851
41850
41849
41848
41848
41847
41847
41846
41846
41845
41845
41844
41843
41842
41841
41840
41839
41838
41837
41836
41835
41834
41833
41832
41832
41832
41832
41831
41831
41831
41830
41829
41829
41829
41828
41827
41827
41827
41827
41826
41826
41826
41826
41825
41824
41823
41823
41822
41821
41820
41819
41819
41818
41818
41818
41817
41816
41816
41815
41814
41813
41813
41812
41812
41812
41812
41811
41810
41809
41808
41807
41806
41806
41805
41804
41804
41803
41802
41801
41801
41801
41801
41800
41799
41798
41797
41796
41795
41795
41794
41793
41792
41791
41792
41791
41790
41789
41788
41787
41787
41787
41786
41786
41785
41785
41785
41784
41783
41782
41781
41781
41781
41780
41779
41778
41777
41777
41776
41776
41776
41776
41776
41775
41775
41775
41775
41774
41774
41773
41772
41771
41770
41769
41768
41767
41766
41765
41765
41764
41763
41762
41761
41761
41761
41760
41760
41759
41760
41760
41760
41759
41759
41758
41757
41757
41757
41756
41755
41754
41753
41752
41752
41751
41750
41749
41748
41747
41746
41745
41744
41744
41743
41743
41742
41741
41741
41740
41739
41738
41737
41736
41735
41734
41733
41732
41731
41730
41729
41728
41727
41727
41726
41725
41724
41724
41723
41722
41721
41720
41720
41720
41719
41719
41718
41717
41716
41716
41716
41716
41715
41714
41714
41713
41713
41712
41711
41710
41710
41709
41708
41707
41707
41706
41706
41705
41704
41704
41703
41702
41701
41700
41699
41699
41698
41698
41697
41696
41695
41694
41694
41694
41693
41692
41691
41690
41689
41689
41688
41688
41688
41687
41687
41687
41687
41686
41685
41684
41683
41683
41682
41682
41681
41680
41679
41679
41678
41678
41677
41677
41677
41676
41675
41674
41674
41673
41672
41671
41670
41670
41669
41668
41667
41666
41666
41665
41664
41663
41662
41661
41660
41659
41658
41657
41656
41655
41655
41655
41654
41653
41652
41652
41651
41651
41650
41649
41649
41648
41647
41646
41646
41645
41644
41643
41642
41642
41642
41642
41642
41641
41641
41640
41640
41639
41638
41637
41637
41637
41637
41636
41636
41635
41635
41634
41633
41633
41633
41632
41632
41631
41631
41631
41631
41630
41629
41629
41628
41628
41627
41627
41626
41626
41626
41626
41625
41624
41623
41623
41623
41623
41622
41621
41620
41620
41619
41618
41617
41616
41616
41615
41614
41613
41613
41612
41612
41611
41610
41609
41609
41608
41607
41607
41606
41606
41605
41605
41604
41603
41602
41601
41600
41600
41599
41598
41598
41597
41597
41596
41596
41595
41594
41593
41592
41591
41590
41589
41588
41587
41586
41585
41584
41583
41582
41581
41580
41580
41580
41580
41579
41578
41578
41577
41577
41576
41576
41575
41574
41573
41573
41572
41572
41571
41570
41569
41568
41568
41567
41566
41566
41565
41565
41564
41563
41562
41561
41560
41559
41558
41557
41557
41557
41556
41555
41555
41554
41554
41553
41553
41553
41553
41552
41551
41550
41549
41549
41549
41548
41548
41548
41548
41547
41546
41545
41545
41544
41543
41542
41541
41540
41540
41539
41539
41538
41537
41536
41536
41535
41534
41533
41532
41531
41531
41530
41529
41529
41529
41528
41527
41526
41525
41524
41524
41523
41522
41521
41521
41520
41519
41518
41517
41516
41515
41514
41514
41513
41512
41512
41512
41512
41511
41511
41511
41510
41510
41509
41508
41508
41507
41506
41505
41504
41503
41502
41501
41501
41500
41500
41499
41498
41497
41496
41496
41496
41495
41494
41493
41492
41491
41491
41490
41489
41488
41487
41486
41485
41484
41483
41482
41481
41480
41479
41478
41478
41478
41477
41476
41475
41474
41473
41472
41471
41470
41469
41468
41467
41466
41465
41464
41463
41463
41462
41461
41460
41459
41458
41457
41456
41456
41455
41454
41453
41452
41451
41450
41449
41449
41448
41448
41447
41446
41445
41445
41444
41444
41443
41442
41441
41440
41439
41438
41437
41437
41437
41437
41436
41436
41435
41434
41433
41432
41432
41431
41430
41429
41428
41428
41427
41426
41426
41426
41426
41425
41424
41424
41424
41424
41423
41422
41421
41420
41420
41420
41419
41419
41418
41417
41417
41417
41417
41416
41415
41414
41413
41412
41411
41410
41409
41408
41407
41406
41405
41405
41405
