120110
120110
120109
120108
120108
120107
120106
120105
120104
120104
120104
120103
120102
120102
120101
120100
120099
120098
120097
120096
120095
120094
120093
120092
120091
120091
120091
120090
120090
120089
120088
120088
120088
120087
120086
120085
120084
120083
120083
120082
120081
120081
120080
120079
120078
120077
120076
120075
120074
120073
120072
120072
120072
120071
120070
120069
120068
120068
120068
120067
120066
120065
120064
120063
120062
120061
120061
120060
120060
120059
120058
120058
120058
120057
120056
120055
120054
120054
120053
120052
120052
120051
120051
120051
120050
120049
120049
120048
120047
120047
120046
120045
120044
120043
120042
120041
120040
120040
120039
120038
120038
120038
120038
120038
120037
120036
120035
120034
120033
120032
120032
120031
120030
120029
120028
120027
120027
120027
120026
120025
120024
120023
120022
120021
120021
120021
120020
120019
120018
120017
120016
120015
120014
120014
120014
120013
120012
120011
120011
120010
120010
120009
120008
120007
120007
120006
120005
120004
120003
120003
120002
120001
120000
119999
119998
119997
119997
119996
119995
119995
119994
119994
119993
119993
119992
119991
119990
119989
119989
119988
119987
119986
119985
119984
119983
119983
119982
119981
119980
119979
119978
119977
119977
119977
119976
119975
119974
119974
119974
119973
119972
119971
119970
119969
119968
119967
119967
119967
119967
119966
119965
119964
119963
119962
119961
119961
119960
119959
119958
119957
119956
119955
119955
119954
119954
119953
119952
119952
119952
119952
119951
119951
119950
119949
119948
119947
119946
119946
119945
119944
119943
119942
119941
119940
119939
119938
119937
119936
119935
119934
119933
119933
119933
119932
119931
119930
119930
119929
119928
119927
119926
119925
119924
119923
119922
119921
119920
119920
119919
119918
119917
119916
119915
119914
119913
119912
119911
119911
119910
119909
119908
119908
119908
119907
119906
119905
119904
119903
119902
119901
119901
119901
119900
119899
119899
119898
119897
119896
119895
119894
119893
119892
119891
119890
119889
119888
119887
119886
119886
119885
119884
119883
119883
119882
119882
119881
119880
119879
119878
119877
119876
119875
119874
119873
119873
119872
119871
119870
119869
119868
119867
119866
119866
119866
119865
119864
119864
119863
119863
119862
119862
119861
119860
119859
119858
119857
119856
119855
119854
119854
119853
119852
119851
119850
119849
119848
119848
119847
119846
119845
119844
119843
119842
119841
119840
119840
119839
119838
119838
119838
119837
119837
119837
119837
119837
119836
119836
119835
119835
119834
119833
119833
119832
119831
119831
119831
119831
119830
119829
119829
119828
119827
119826
119825
119825
119824
119823
119822
119821
119821
119821
119821
119821
119820
119819
119818
119817
119816
119816
119816
119816
119816
119815
119814
119813
119813
119812
119811
119810
119809
119808
119808
119807
119806
119805
119804
119803
119802
119801
119801
119800
119800
119800
119800
119799
119798
119798
119797
119796
119795
119794
119793
119792
119791
119791
119790
119790
119789
119788
119787
119786
119785
119784
119784
119784
119783
119782
119781
119780
119779
119779
119779
119778
119777
119777
119777
119776
119775
119775
119774
119774
119774
119774
119773
119773
119772
119771
119771
119770
119769
119768
119768
119767
119767
119766
119765
119764
119763
119763
119762
119761
119761
119760
119759
119758
119757
119756
119755
119754
119753
119752
119751
119750
119749
119748
119747
119746
119746
119745
119745
119744
119745
119744
119743
119742
119741
119740
119739
119739
119738
119737
119736
119735
119734
119733
119732
119731
119730
119729
119729
119728
119728
119728
119727
119726
119725
119724
119724
119724
119724
119723
119723
119723
119722
119721
119720
119719
119718
119718
119717
119716
119717
119716
119716
119716
119715
119714
119714
119713
119712
119712
119711
119710
119709
119709
119708
119707
119706
119705
119705
119704
119703
119702
119701
119701
119701
119700
119699
119698
119697
119697
119696
119695
119695
119695
119694
119694
119693
119692
119691
119690
119689
119688
119688
119687
119686
119685
119684
119684
119684
119683
119683
119682
119681
119680
119680
119679
119678
119677
119676
119675
119674
119674
119673
119672
119671
119671
119670
119669
119668
119667
119667
119667
119666
119666
119665
119664
119663
119663
119662
119662
119661
119661
119660
119660
119659
119659
119658
119657
119656
119655
119654
119654
119653
119652
119652
119651
119651
119650
119649
119648
119648
119648
119647
119646
119646
119645
119644
119644
119644
119643
119642
119641
119640
119640
119640
119639
119638
119637
119636
119635
119634
119633
119633
119632
119631
119631
119630
119629
119628
119627
119627
119626
119625
119624
119623
119622
119621
119620
119620
119619
119619
119619
119618
119618
119617
119616
119615
119614
119613
119613
119612
119611
119611
119610
119609
119608
119608
119607
119606
119605
119605
119604
119603
119602
119601
119600
119599
119599
119598
119597
119596
119595
119594
119593
119592
119591
119590
119589
119588
119587
119587
119586
119585
119584
119583
119583
119583
119582
119581
119580
119579
119578
119577
119577
119576
119575
119575
119574
119573
119572
119571
119572
119571
119570
119569
119568
119567
119566
119565
119564
119563
119562
119561
119560
119560
119560
119559
119559
119558
119557
119557
119557
119556
119555
119554
119554
119553
119552
119552
119551
119550
119549
119548
119548
119548
119547
119546
119545
119545
119544
119543
119542
119541
119540
119539
119538
119537
119536
119535
119534
119533
119532
119532
119531
119531
119531
119530
119529
119528
119527
119526
119526
119526
119525
119524
119523
119522
119522
119521
119520
119520
119520
119519
119518
119517
119517
119517
119517
119516
119516
119516
119515
119514
119513
119512
119511
119510
119509
119508
119508
119508
119507
119506
119505
119505
119504
119503
119502
119502
119501
119500
119499
119498
119498
119497
119496
119495
119494
119493
119493
119492
119492
119491
119490
119490
119489
119488
119487
119486
119485
119484
119483
119482
119482
119481
119481
119480
119480
119479
119478
119478
119478
119478
119477
119476
119476
119475
119475
119474
119473
119473
119472
119471
119471
119470
119469
119468
119467
119467
119466
119465
119465
119464
119464
119463
119463
119462
119462
119462
119461
119460
119460
119459
119458
119457
119456
119456
119456
119455
119454
119453
119452
119451
119451
119450
119449
119448
119447
119446
119446
119445
119444
119444
119444
119443
119442
119441
119440
119439
119438
119437
119437
119437
119436
119436
119436
119435
119434
119434
119433
119432
119431
119430
119430
119429
119428
119428
119427
119426
119425
119425
119424
119424
119424
119423
119422
119421
119420
119420
119419
119419
119419
119419
119419
119418
119418
119417
119416
119415
119414
119413
119412
119412
119412
119411
119410
119409
119408
119407
119407
119407
119406
119405
119405
119404
119403
119403
119402
119401
119400
119400
119399
119398
119398
119397
119397
119396
119395
119395
119394
119393
119392
119392
119392
119391
119390
119390
119390
119389
119388
119387
119386
119385
119384
119383
119382
119381
119381
119381
119381
119380
119379
119379
119378
119377
119376
119375
119374
119373
119373
119373
119372
119372
119371
119370
119370
119369
119368
119368
119367
119366
119365
119364
119363
119362
119362
119361
119360
119360
119360
119359
119358
119357
119357
119357
119356
119355
119354
119353
119352
119352
119351
119350
119350
119349
119349
119349
119348
119347
119346
119345
119344
119344
119343
119342
119341
119340
119339
119338
119338
119337
119336
119336
119336
119335
119334
119333
119332
119331
119331
119330
119329
119328
119328
119327
119326
119325
119325
119325
119324
119323
119322
119322
119321
119321
119320
119319
119318
119317
119317
119316
119316
119316
119316
119315
119315
119314
119313
119313
119312
119311
119310
119310
119310
119309
119308
119308
119307
119306
119305
119304
119304
119303
119302
119302
119301
119301
119300
119300
119299
119298
119297
119297
119296
119296
119295
119294
119293
119292
119292
119292
119291
119290
119290
119289
119289
119288
119288
119287
119286
119286
119285
119285
119284
119284
119283
119282
119282
119282
119281
119281
119280
119280
119279
119278
119278
119277
119276
119276
119276
119275
119274
119273
119272
119271
119271
119271
119271
119271
119270
119270
119269
119268
119267
119266
119266
119265
119265
119265
119264
119263
119262
119262
119261
119261
119260
119259
119258
119257
119257
119256
119256
119255
119254
119253
119253
119253
119252
119252
119252
119251
119251
119251
119251
119250
119249
119249
119248
119247
119247
119247
119247
119246
119245
119244
119243
119242
119242
119242
119241
119241
119241
119241
119240
119239
119238
119237
119236
119235
119234
119233
119232
119231
119231
119231
119230
119230
119229
119228
119227
119227
119226
119225
119224
119223
119222
119221
119220
119219
119218
119217
119216
119215
119215
119215
119214
119213
119212
119211
119210
119209
119208
119207
119206
119205
119205
119204
119203
119202
119202
119201
119201
119200
119199
119198
119197
119196
119195
119195
119194
119193
119192
119191
119191
119190
119189
119189
119188
119187
119187
119186
119185
119184
119183
119182
119181
119181
119180
119179
119179
119178
119177
119176
119175
119174
119174
119173
119172
119172
119171
119171
119170
119170
119169
119168
119167
119166
119165
119165
119164
119164
119163
119163
119163
119162
119161
119160
119159
119159
119159
119159
119158
119157
119156
119156
119156
119155
119154
119153
119153
119152
119151
119150
119149
119148
119148
119148
119148
119147
119146
119146
119146
119146
119145
119144
119143
119142
119141
119140
119139
119139
119138
119138
119137
119136
119135
119135
119134
119133
119132
119132
119131
119130
119130
119129
119129
119128
119127
119126
119125
119124
119124
119124
119123
119122
119121
119121
119120
119120
119119
119118
119117
119117
119117
119116
119115
119115
119115
119114
119114
119113
119112
119111
119111
119110
119109
119108
119107
119106
119105
119104
119104
119103
119103
119102
119102
119101
119100
119100
119099
119099
119098
119097
119097
119096
119095
119094
119093
119093
119092
119091
119090
119089
119088
119088
119087
119086
119085
119084
119084
119083
119082
119081
119080
119079
119078
119077
119077
119077
119076
119075
119074
119073
119072
119071
119070
119069
119068
119067
119067
119066
119065
119064
119063
119062
119061
119061
119060
119059
119058
119057
119056
119056
119055
119055
119054
119054
119054
119053
119052
119051
119050
119049
119048
119048
119047
119047
119047
119046
119046
119045
119045
119045
119044
119043
119042
119042
119042
119042
119041
119040
119039
119038
119038
119037
119036
119036
119036
119036
119035
119034
119033
119032
119032
119031
119030
119029
119028
119028
119028
119027
119027
119027
119026
119025
119024
119023
119022
119021
119020
119019
119018
119018
119017
119016
119016
119016
119015
119014
119013
119012
119011
119010
119009
119008
119007
119006
119005
119004
119003
119002
119001
119001
119000
118999
118998
118997
118997
118996
118996
118995
118994
118993
118992
118991
118990
118989
118989
118989
118988
118987
118986
118985
118985
118985
118985
118984
118984
118984
118983
118983
118982
118982
118982
118981
118980
118979
118978
118977
118976
118976
118975
118975
118975
118974
118973
118973
118972
118971
118971
118970
118970
118969
118969
118968
118967
118966
118965
118965
118964
118963
118963
118962
118962
118961
118960
118959
118958
118957
118956
118956
118955
118954
118953
118953
118953
118952
118951
118950
118949
118949
118949
118949
118948
118947
118947
118947
118947
118947
118946
118945
118944
118944
118943
118943
118942
118942
118941
118941
118940
118939
118938
118938
118937
118936
118935
118934
118933
118933
118933
118932
118931
118931
118930
118930
118929
118929
118928
118927
118927
118926
118925
118924
118923
118922
118921
118921
118921
118921
118920
118920
118919
118919
118918
118918
118917
118916
118915
118914
118913
118913
118913
118913
118912
118911
118910
118909
118908
118907
118906
118906
118905
118905
118905
118904
118903
118902
118901
118900
118899
118898
118897
118896
118895
118894
118893
118893
118892
118891
118890
118889
118888
118887
118886
118886
118886
118886
118885
118885
118884
118883
118882
118881
118880
118879
118878
118877
118876
118876
118875
118874
118873
118873
118872
118871
118870
118870
118869
118868
118867
118866
118865
118864
118863
118862
118861
118861
118860
118860
118859
118858
118858
118858
118857
118857
118856
118855
118855
118854
118853
118852
118852
118852
118851
118850
118849
118848
118847
118846
118845
118844
118843
118842
118841
118840
118839
118838
118837
118836
118836
118836
118835
118834
118833
118832
118831
118831
118830
118829
118828
118828
118827
118826
118825
118825
118824
118824
118823
118823
118823
118822
118821
118820
118819
118819
118818
118818
118817
118816
118816
118815
118814
118813
118813
118812
118811
118810
118809
118808
118807
118806
118805
118805
118804
118804
118803
118802
118801
118800
118800
118800
118799
118798
118797
118797
118796
118796
118796
118795
118795
118794
118793
118793
118793
118793
118792
118791
118790
118789
118789
118788
118787
118786
118785
118784
118784
118783
118782
118781
118781
118780
118779
118778
118778
118777
118776
118776
118775
118774
118774
118774
118774
118773
118772
118772
118771
118770
118769
118768
118767
118766
118765
118764
118763
118763
118763
118762
118761
118760
118759
118759
118758
118757
118756
118755
118754
118753
118753
118752
118751
118750
118749
118748
118748
118747
118746
118745
118744
118743
118743
118743
118742
118742
118741
118741
118740
118739
118738
118737
118736
118736
118735
118734
118734
118733
118732
118731
118730
118730
118729
118728
118727
118727
118726
118726
118725
118724
118723
118722
118721
118720
118719
118718
118717
118717
118716
118715
118714
118714
118713
118713
118712
118711
118711
118710
118709
118708
118707
118707
118706
118706
118705
118704
118703
118702
118701
118701
118700
118699
118699
118698
118697
118696
118695
118694
118694
118694
118693
118693
118693
118693
118692
118692
118691
118690
118690
118689
118688
118688
118687
118686
118685
118685
118685
118684
118683
118682
118682
118681
118681
118681
118680
118679
118679
118679
118678
118677
118676
118676
118675
118675
118674
118674
118674
118673
118672
118671
118670
118669
118668
118667
118666
118665
118664
118663
118662
118662
118662
118661
118660
118659
118658
118657
118657
118656
118655
118654
118654
118654
118653
118652
118651
118650
118650
118649
118648
118648
118647
118647
118646
118645
118645
118644
118643
118642
118641
118640
118639
118638
118638
118637
118636
118635
118634
118634
118633
118632
118631
118630
118629
118629
118629
118628
118627
118626
118626
118625
118624
118623
118623
118622
118621
118621
118620
118619
118618
118617
118616
118615
118614
118614
118614
118614
118613
118613
118612
118611
118610
118609
118608
118607
118607
118606
118605
118604
118604
118604
118603
118602
118601
118601
118600
118599
118598
118597
118597
118596
118595
118594
118593
118592
118592
118591
118590
118589
118589
118588
118588
118587
118587
118587
118586
118585
118584
118583
118582
118581
118580
118580
118580
118580
118579
118578
118578
118578
118577
118576
118575
118574
118573
118572
118572
118571
118570
118569
118568
118568
118567
118567
118567
118567
118567
118567
118566
118566
118566
118565
118564
118564
118564
118563
118563
118562
118562
118561
118561
118561
118561
118560
118559
118558
118557
118556
118556
118555
118554
118554
118553
118553
118553
118553
118552
118551
118550
118550
118549
118548
118547
118546
118545
118544
118543
118542
118541
118541
118540
118539
118538
118537
118536
118535
118534
118533
118532
118531
118530
118529
118528
118527
118527
118527
118526
118525
118525
118525
118524
118524
118524
118523
118522
118522
118522
118522
118522
118521
118520
118519
118518
118517
118516
118515
118514
118513
118512
118512
118511
118511
118510
118509
118508
118507
118506
118506
118506
118505
118504
118503
118502
118501
118500
118499
118499
118499
118498
118497
118497
118496
118495
118494
118493
118492
118491
118490
118489
118488
118488
118487
118487
118487
118486
118485
118484
118483
118482
118482
118482
118482
118481
118480
118479
118478
118478
118478
118477
118477
118476
118475
118475
118474
118474
118474
118474
118474
118473
118472
118471
118471
118470
118470
118469
118469
118469
118468
118467
118467
118466
118466
118465
118464
118464
118463
118462
118461
118460
118460
118459
118458
118457
118456
118455
118455
118454
118453
118453
118453
118453
118452
118451
118450
118449
118448
118447
118446
118445
118444
118443
118443
118443
118442
118441
118440
118439
118439
118438
118437
118436
118435
118434
118433
118432
118431
118430
118429
118429
118428
118428
118428
118428
118427
118427
118426
118426
118426
118426
118425
118425
118425
118425
118424
118423
118423
118423
118422
118421
118421
118420
118419
118419
118419
118419
118418
118418
118417
118417
118416
118415
118415
118414
118414
118413
118412
118411
118410
118410
118409
118408
118407
118406
118405
118404
118404
118403
118402
118401
118400
118399
118398
118397
118397
118396
118396
118395
118394
118393
118392
118391
118390
118389
118388
118388
118388
118387
118386
118385
118385
118384
118384
118383
118382
118382
118381
118380
118379
118379
118379
118378
118377
118376
118375
118374
118374
118373
118372
118372
118372
118371
118371
118370
118369
118368
118367
118367
118366
118366
118365
118365
118364
118363
118363
118362
118363
118362
118362
118362
118362
118361
118361
118360
118360
118359
118358
118358
118358
118357
118356
118356
118355
118354
118353
118352
118351
118351
118351
118350
118350
118349
118348
118348
118347
118346
118346
118345
118344
118343
118343
118342
118342
118342
118342
118342
118341
118341
118340
118340
118340
118339
118339
118338
118337
118336
118336
118335
118334
118333
118333
118333
118333
118332
118331
118330
118330
118330
118330
118329
118328
118327
118326
118325
118324
118323
118322
118321
118320
118319
118318
118317
118316
118316
118315
118314
118313
118312
118311
118310
118309
118308
118307
118307
118306
118305
118305
118305
118305
118305
118304
118303
118303
118302
118302
118302
118301
118300
118299
118299
118299
118298
118297
118296
118296
118296
118295
118294
118294
118293
118292
118291
118290
118290
118289
118289
118289
118288
118287
118286
118286
118286
118285
118284
118283
118282
118281
118280
118279
118279
118278
118277
118277
118276
118275
118274
118274
118273
118273
118272
118271
118270
118269
118268
118267
118266
118265
118264
118264
118264
118263
118262
118261
118260
118259
118258
118257
118256
118256
118255
118254
118253
118252
118251
118251
118250
118249
118249
118249
118248
118247
118247
118246
118246
118245
118245
118244
118244
118244
118243
118242
118241
118240
118239
118238
118237
118236
118235
118235
118235
118234
118233
118233
118232
118231
118231
118231
118230
118229
118228
118227
118227
118226
118225
118224
118224
118223
118222
118221
118220
118219
118218
118217
118216
118215
118214
118214
118214
118214
118213
118212
118212
118212
118211
118210
118209
118209
118209
118208
118208
118208
118207
118206
118205
118205
118204
118203
118202
118201
118201
118200
118199
118198
118197
118197
118197
118196
118195
118195
118194
118193
118192
118191
118190
118190
118189
118189
118188
118188
118188
118187
118186
118185
118185
118184
118183
118182
118181
118180
118180
118179
118179
118178
118177
118177
118176
118175
118174
118173
118172
118172
118171
118171
118171
118170
118169
118168
118167
118167
118167
118167
118167
118166
118165
118164
118163
118163
118162
118161
118161
118160
118159
118159
118158
118158
118157
118157
118157
118156
118155
118154
118153
118152
118151
118151
118150
118149
118148
118147
118147
118146
118145
118145
118144
118144
118144
118143
118143
118142
118142
118141
118140
118140
118140
118139
118138
118137
118136
118135
118134
118134
118133
118133
118133
118133
118132
118131
118131
118131
118130
118129
118129
118128
118127
118127
118126
118125
118124
118124
118123
118122
118121
118121
118121
118120
118120
118120
118119
118118
118118
118118
118118
118117
118117
118116
118115
118115
118114
118114
118114
118113
118112
118112
118112
118112
118111
118110
118109
118108
118108
118107
118107
118106
118105
118104
118103
118102
118102
118102
118101
118101
118100
118099
118098
118097
118097
118096
118096
118096
118095
118094
118093
118092
118091
118090
118090
118089
118088
118088
118088
118088
118088
118088
118087
118086
118085
118085
118084
118083
118083
118082
118082
118082
118081
118081
118080
118080
118080
118080
118080
118080
118079
118078
118078
118077
118076
118075
118074
118073
118072
118072
118071
118070
118069
118069
118068
118067
118066
118066
118065
118064
118063
118063
118062
118061
118060
118059
118058
118057
118056
118055
118055
118055
118054
118053
118052
118052
118051
118051
118050
118050
118049
118049
118048
118047
118046
118046
118045
118044
118043
118042
118042
118041
118040
118039
118038
118038
118037
118037
118036
118036
118035
118034
118033
118033
118032
118031
118030
118029
118029
118029
118028
118027
118026
118025
118024
118024
118023
118022
118022
118021
118020
118019
118019
118018
118017
118016
118015
118014
118013
118013
118013
118012
118012
118011
118011
118010
118010
118009
118009
118008
118007
118006
118006
118005
118005
118004
118003
118002
118001
118001
118000
117999
117999
117999
117998
117997
117996
117995
117996
117995
117994
117993
117992
117991
117990
117990
117989
117989
117988
117988
117987
117986
117986
117985
117984
117983
117982
117981
117981
117980
117979
117979
117978
117977
117976
117975
117974
117974
117974
117973
117972
117972
117971
117970
117969
117968
117967
117966
117965
117964
117963
117962
117961
117961
117961
117961
117960
117960
117959
117958
117957
117956
117955
117954
117954
117953
117952
117951
117950
117950
117949
117948
117947
117947
117946
117946
117945
117945
117945
117944
117944
117943
117942
117941
117941
117940
117939
117938
117938
117937
117936
117935
117934
117933
117932
117931
117930
117930
117929
117928
117927
117926
117926
117925
117924
117923
117922
117921
117920
117919
117919
117919
117918
117918
117917
117917
117917
117916
117915
117915
117914
117914
117913
117913
117913
117912
117912
117912
117911
117910
117910
117909
117909
117909
117908
117907
117907
117906
117905
117905
117905
117904
117903
117902
117901
117900
117900
117900
117899
117898
117898
117897
117897
117897
117897
117896
117895
117895
117894
117893
117893
117892
117892
117891
117891
117890
117889
117888
117887
117886
117885
117884
117883
117882
117882
117881
117880
117880
117879
117878
117877
117876
117876
117876
117875
117874
117873
117872
117871
117870
117870
117869
117868
117867
117866
117865
117864
117864
117864
117864
117863
117862
117861
117860
117859
117858
117858
117858
117857
117857
117856
117856
117856
117855
117854
117853
117853
117852
117851
117851
117851
117851
117851
117850
117849
117849
117848
117847
117846
117845
117845
117844
117844
117844
117844
117843
117842
117841
117841
117840
117839
117839
117838
117838
117837
117836
117835
117834
117833
117832
117832
117832
117831
117830
117829
117828
117827
117826
117825
117825
117825
117824
117823
117823
117822
117821
117820
117819
117818
117817
117817
117817
117816
117815
117814
117813
117812
117811
117811
117811
117810
117809
117808
117807
117807
117806
117805
117804
117804
117803
117802
117801
117800
117799
117798
117798
117797
117797
117796
117795
117794
117793
117792
117791
117790
117789
117788
117788
117788
117787
117786
117786
117785
117785
117785
117784
117784
117784
117784
117783
117782
117781
117780
117779
117778
117777
117776
117775
117774
117774
117773
117772
117771
117770
117770
117769
117769
117768
117767
117767
117766
117765
117764
117763
117763
117763
117762
117761
117760
117759
117758
117758
117757
117756
117755
117755
117754
117753
117752
117751
117750
117749
117748
117748
117747
117746
117745
117744
117744
117743
117743
117742
117742
117742
117741
117740
117740
117739
117738
117738
117737
117737
117736
117735
117734
117733
117732
117731
117731
117730
117730
117729
117728
117727
117726
117725
117724
117724
117723
117723
117722
117721
117721
117721
117720
117719
117718
117718
117717
117717
117716
117715
117715
117714
117714
117713
117712
117712
117712
117711
117710
117709
117708
117707
117707
117706
117706
117706
117705
117704
117704
117703
117703
117702
117701
117701
117700
117700
117699
117699
117698
117698
117698
117698
117697
117696
117695
117694
117693
117692
117692
117691
117690
117689
117688
117687
117686
117686
117686
117685
117684
117683
117682
117681
117680
117679
117678
117677
117676
117675
117674
117674
117673
117673
117673
117673
117672
117672
117672
117672
117672
117672
117671
117670
117669
117668
117668
117667
117667
117666
117665
117664
117663
117663
117663
117662
117661
117661
117661
117661
117660
117659
117658
117657
117656
117656
117655
117654
