132443
132443
132442
132441
132440
132439
132438
132437
132436
132435
132434
132434
132434
132433
132432
132432
132431
132431
132431
132431
132431
132430
132429
132429
132428
132428
132428
132428
132427
132426
132426
132425
132425
132425
132425
132424
132423
132423
132422
132421
132420
132419
132418
132418
132418
132417
132416
132416
132416
132415
132414
132413
132412
132412
132411
132410
132409
132408
132407
132406
132406
132405
132404
132403
132402
132402
132402
132402
132401
132400
132399
132399
132399
132398
132397
132396
132395
132394
132393
132393
132392
132391
132391
132391
132390
132390
132390
132390
132389
132388
132387
132387
132386
132385
132384
132383
132383
132383
132382
132381
132381
132380
132379
132378
132377
132376
132375
132375
132374
132373
132372
132371
132370
132369
132369
132368
132368
132367
132367
132366
132365
132365
132365
132364
132363
132363
132362
132361
132360
132359
132358
132357
132356
132355
132355
132354
132353
132353
132353
132353
132352
132351
132351
132350
132349
132348
132347
132346
132346
132345
132344
132343
132342
132342
132341
132340
132339
132339
132338
132338
132338
132338
132337
132337
132336
132335
132334
132334
132333
132333
132333
132332
132332
132331
132331
132330
132330
132330
132329
132328
132327
132326
132326
132326
132325
132324
132323
132322
132321
132320
132319
132318
132317
132317
132317
132316
132316
132315
132315
132315
132315
132314
132313
132312
132311
132311
132311
132311
132310
132310
132309
132308
132307
132306
132306
132306
132305
132304
132303
132302
132301
132300
132300
132300
132300
132299
132298
132298
132297
132296
132295
132294
132294
132293
132292
132292
132291
132290
132290
132289
132288
132287
132286
132285
132284
132283
132282
132282
132281
132280
132279
132278
132277
132276
132275
132274
132273
132272
132271
132270
132269
132269
132268
132267
132266
132266
132266
132266
132266
132265
132264
132264
132263
132263
132262
132262
132261
132261
132260
132260
132259
132259
132259
132259
132258
132257
132256
132255
132254
132254
132253
132252
132252
132251
132250
132249
132248
132247
132247
132247
132246
132245
132244
132243
132242
132242
132241
132240
132239
132238
132238
132238
132237
132236
132235
132234
132233
132232
132231
132230
132230
132229
132229
132229
132228
132227
132226
132225
132224
132223
132223
132222
132221
132220
132219
132218
132217
132217
132217
132217
132216
132216
132215
132214
132214
132213
132212
132211
132210
132209
132208
132208
132208
132207
132206
132205
132204
132204
132204
132204
132204
132203
132203
132202
132202
132202
132201
132200
132199
132198
132197
132196
132195
132194
132193
132192
132191
132190
132190
132189
132188
132188
132188
132187
132186
132185
132185
132184
132184
132183
132182
132182
132182
132182
132182
132181
132181
132180
132179
132178
132178
132177
132177
132176
132176
132176
132175
132175
132174
132173
132172
132172
132171
132170
132169
132169
132168
132167
132167
132166
132166
132166
132165
132165
132164
132164
132163
132162
132162
132161
132161
132161
132161
132160
132159
132159
132158
132158
132157
132156
132156
132155
132155
132154
132153
132153
132152
132151
132150
132149
132149
132148
132147
132147
132147
132147
132147
132146
132146
132146
132145
132144
132144
132143
132143
132143
132143
132143
132143
132142
132141
132140
132139
132138
132137
132136
132135
132135
132135
132134
132134
132133
132132
132131
132130
132129
132129
132129
132128
132128
132127
132127
132126
132125
132124
132123
132123
132122
132122
132122
132121
132120
132120
132119
132119
132118
132117
132116
132116
132116
132115
132114
132114
132113
132112
132111
132111
132110
132110
132109
132108
132107
132107
132106
132106
132105
132104
132104
132103
132103
132102
132101
132100
132100
132099
132099
132099
132098
132098
132097
132097
132096
132096
132095
132094
132093
132093
132093
132092
132091
132091
132091
132090
132089
132088
132087
132086
132085
132085
132085
132084
132083
132082
132082
132081
132080
132079
132078
132078
132078
132077
132076
132075
132074
132073
132073
132073
132073
132072
132071
132070
132069
132069
132069
132069
132069
132068
132068
132067
132066
132065
132064
132064
132063
132062
132061
132060
132060
132059
132059
132058
132057
132057
132057
132056
132055
132054
132053
132052
132051
132050
132050
132049
132048
132047
132046
132046
132046
132045
132045
132045
132044
132044
132043
132042
132042
132041
132040
132039
132039
132039
132038
132038
132037
132036
132036
132036
132036
132036
132035
132034
132033
132033
132032
132032
132031
132030
132029
132028
132027
132026
132026
132026
132025
132024
132024
132023
132022
132021
132020
132019
132018
132018
132017
132016
132015
132014
132013
132012
132012
132011
132011
132010
132009
132009
132009
132009
132008
132007
132006
132005
132004
132004
132003
132002
132001
132000
131999
131998
131997
131996
131995
131994
131993
131993
131993
131993
131993
131992
131991
131990
131990
131989
131988
131987
131986
131985
131985
131985
131984
131983
131982
131981
131980
131979
131978
131978
131978
131978
131978
131977
131976
131976
131975
131974
131974
131974
131974
131974
131973
131972
131971
131970
131970
131969
131969
131968
131968
131967
131966
131965
131965
131964
131963
131963
131962
131961
131960
131960
131959
131958
131958
131957
131956
131955
131955
131954
131953
131952
131951
131950
131949
131948
131948
131947
131947
131947
131946
131946
131945
131944
131944
131943
131942
131941
131940
131940
131939
131938
131937
131936
131935
131934
131933
131933
131932
131931
131930
131930
131929
131928
131927
131926
131925
131924
131924
131924
131924
131924
131923
131922
131921
131920
131920
131920
131920
131920
131920
131919
131918
131917
131916
131916
131916
131915
131915
131914
131914
131913
131913
131912
131911
131910
131910
131910
131909
131908
131907
131906
131905
131904
131904
131903
131902
131901
131900
131899
131899
131898
131897
131897
131897
131897
131896
131895
131894
131893
131892
131892
131891
131890
131889
131889
131888
131887
131886
131886
131885
131884
131883
131882
131881
131880
131879
131878
131877
131877
131876
131875
131874
131874
131874
131873
131872
131872
131872
131872
131871
131870
131869
131869
131868
131868
131867
131866
131866
131865
131865
131864
131863
131862
131861
131860
131859
131858
131857
131856
131855
131854
131853
131852
131852
131852
131851
131850
131850
131849
131849
131848
131847
131846
131846
131845
131844
131843
131842
131841
131840
131839
131838
131837
131836
131836
131835
131834
131833
131833
131833
131832
131831
131831
131830
131829
131828
131828
131828
131827
131826
131825
131824
131823
131822
131821
131821
131820
131819
131818
131817
131816
131815
131814
131813
131812
131811
131811
131811
131810
131810
131809
131809
131809
131809
131808
131808
131807
131806
131805
131804
131803
131802
131801
131800
131800
131799
131798
131797
131797
131797
131796
131796
131796
131796
131795
131794
131793
131792
131791
131790
131790
131789
131788
131787
131786
131785
131785
131784
131784
131784
131784
131783
131782
131781
131780
131779
131778
131778
131777
131776
131775
131774
131773
131772
131771
131771
131770
131769
131768
131768
131768
131767
131766
131765
131764
131763
131762
131762
131762
131761
131761
131760
131759
131758
131757
131756
131755
131755
131754
131754
131753
131752
131751
131750
131750
131749
131748
131747
131747
131746
131745
131745
131744
131743
131742
131741
131740
131740
131739
131738
131738
131737
131737
131736
131735
131734
131734
131733
131733
131733
131732
131731
131730
131730
131729
131728
131727
131726
131725
131724
131724
131723
131723
131722
131722
131721
131721
131720
131719
131718
131717
131716
131716
131715
131714
131714
131714
131713
131712
131712
131711
131710
131709
131708
131707
131706
131705
131704
131704
131703
131703
131702
131701
131700
131699
131698
131697
131697
131697
131696
131696
131695
131694
131694
131693
131692
131691
131690
131689
131689
131688
131687
131686
131686
131685
131684
131684
131683
131683
131683
131683
131682
131682
131682
131682
131682
131681
131680
131679
131678
131677
131676
131676
131675
131674
131674
131674
131673
131673
131673
131672
131671
131670
131669
131668
131667
131667
131667
131666
131666
131665
131665
131664
131663
131663
131663
131662
131662
131661
131661
131660
131659
131658
131658
131657
131656
131655
131654
131653
131652
131651
131650
131649
131648
131647
131646
131645
131644
131643
131643
131643
131643
131642
131642
131642
131641
131641
131640
131639
131638
131637
131636
131635
131635
131635
131634
131633
131632
131632
131632
131632
131631
131630
131629
131629
131628
131627
131627
131626
131625
131624
131623
131622
131622
131621
131620
131619
131618
131617
131616
131615
131614
131614
131614
131613
131612
131612
131611
131611
131610
131609
131609
131608
131607
131606
131606
131605
131605
131604
131604
131604
131603
131602
131601
131600
131599
131598
131597
131597
131596
131595
131594
131593
131592
131591
131590
131590
131589
131588
131587
131587
131586
131585
131584
131584
131583
131582
131582
131582
131581
131581
131580
131579
131579
131578
131577
131576
131575
131574
131573
131572
131571
131570
131570
131569
131568
131568
131567
131566
131565
131564
131563
131562
131562
131562
131562
131561
131560
131560
131560
131560
131560
131560
131559
131558
131557
131557
131557
131556
131555
131555
131554
131553
131552
131551
131550
131549
131548
131547
131546
131545
131545
131544
131544
131543
131542
131541
131541
131540
131540
131539
131538
131537
131536
131535
131534
131534
131533
131532
131531
131531
131530
131529
131529
131528
131528
131528
131527
131526
131526
131525
131525
131524
131523
131523
131522
131521
131521
131520
131519
131518
131517
131516
131515
131514
131513
131513
131513
131513
131512
131511
131510
131510
131509
131509
131508
131507
131506
131506
131506
131505
131505
131504
131503
131502
131501
131500
131499
131499
131498
131497
131497
131496
131495
131494
131493
131493
131492
131492
131491
131490
131490
131489
131488
131487
131487
131486
131486
131486
131485
131485
131484
131483
131483
131483
131482
131481
131481
131481
131480
131480
131480
131479
131478
131478
131477
131477
131476
131475
131474
131474
131474
131473
131473
131472
131471
131470
131470
131470
131469
131469
131469
131468
131468
131467
131467
131467
131466
131465
131464
131464
131463
131462
131461
131460
131459
131459
131459
131459
131458
131458
131457
131456
131455
131454
131453
131452
131451
131451
131451
131450
131449
131448
131447
131446
131446
131445
131444
131444
131443
131443
131443
131442
131442
131442
131441
131441
131440
131439
131438
131437
131437
131437
131436
131435
131435
131434
131433
131433
131433
131432
131432
131431
131431
131431
131430
131430
131430
131429
131428
131427
131426
131426
131426
131425
131425
131424
131423
131423
131422
131422
131421
131421
131420
131419
131419
131419
131419
131418
131418
131417
131416
131415
131414
131413
131413
131412
131412
131411
131410
131410
131410
131410
131409
131408
131408
131407
131406
131405
131405
131405
131404
131403
131402
131401
131400
131399
131398
131397
131397
131397
131396
131396
131395
131394
131393
131392
131391
131390
131389
131388
131388
131387
131386
131386
131385
131384
131384
131383
131382
131381
131380
131379
131379
131379
131378
131378
131377
131377
131376
131376
131375
131374
131373
131373
131372
131371
131370
131369
131368
131368
131368
131367
131366
131366
131365
131364
131364
131363
131362
131361
131360
131359
131358
131357
131356
131356
131355
131354
131354
131353
131352
131351
131350
131349
131349
131348
131347
131346
131345
131344
131343
131343
131343
131342
131341
131341
131340
131339
131339
131339
131339
131339
131338
131337
131336
131335
131334
131334
131334
131333
131333
131332
131332
131332
131331
131330
131330
131329
131329
131328
131327
131327
131326
131325
131324
131323
131322
131322
131321
131320
131319
131318
131317
131317
131316
131315
131315
131314
131313
131312
131311
131310
131309
131308
131307
131307
131306
131305
131305
131304
131304
131304
131303
131302
131301
131301
131300
131299
131298
131297
131296
131295
131294
131293
131292
131291
131290
131290
131290
131289
131288
131288
131288
131287
131286
131285
131285
131284
131283
131282
131282
131282
131281
131280
131279
131278
131278
131278
131277
131276
131275
131274
131274
131274
131273
131273
131272
131271
131270
131270
131269
131269
131268
131268
131268
131267
131266
131266
131265
131265
131264
131263
131262
131261
131260
131259
131259
131258
131257
131256
131255
131254
131254
131253
131252
131252
131252
131251
131251
131251
131250
131249
131248
131247
131247
131247
131246
131246
131245
131244
131243
131243
131243
131243
131243
131242
131241
131240
131239
131238
131237
131237
131236
131235
131234
131234
131233
131233
131232
131231
131231
131230
131229
131229
131228
131227
131227
131226
131225
131224
131224
131224
131223
131223
131222
131222
131221
131220
131220
131220
131220
131220
131219
131218
131217
131217
131217
131216
131215
131214
131214
131214
131213
131213
131212
131211
131210
131209
131209
131209
131208
131207
131206
131205
131204
131203
131203
131202
131201
131200
131199
131199
131198
131198
131197
131196
131196
131195
131195
131194
131193
131193
131192
131191
131190
131189
131188
131187
131187
131186
131185
131185
131185
131185
131185
131185
131185
131185
131184
131184
131183
131182
131182
131182
131181
131180
131179
131178
131177
131176
131175
131174
131173
131172
131171
131170
131169
131169
131168
131167
131166
131166
131165
131164
131163
131162
131161
131160
131159
131158
131157
131157
131156
131155
131154
131153
131152
131151
131151
131150
131149
131148
131147
131147
131147
131147
131146
131145
131145
131144
131144
131143
131142
131141
131140
131139
131139
131139
131139
131138
131138
131137
131136
131135
131134
131134
131133
131132
131131
131130
131130
131129
131128
131127
131127
131127
131126
131125
131124
131123
131123
131122
131122
131123
131122
131121
131121
131120
131120
131119
131118
131117
131116
131115
131114
131113
131112
131111
131111
131111
131111
131110
131110
131109
131109
131108
131108
131108
131108
131107
131106
131106
131106
131106
131105
131104
131103
131102
131102
131101
131100
131099
131099
131098
131097
131096
131095
131095
131094
131094
131094
131094
131093
131092
131091
131090
131089
131089
131088
131088
131087
131086
131085
131084
131083
131083
131082
131082
131081
131080
131080
131079
131079
131078
131078
131077
131076
131075
131075
131075
131074
131074
131073
131072
131071
131071
131070
131069
131069
131069
131068
131067
131066
131066
131065
131064
131063
131062
131061
131060
131060
131059
131058
131058
131058
131058
131057
131056
131056
131056
131055
131055
131055
131055
131054
131053
131052
131052
131051
131050
131049
131048
131048
131048
131047
131046
131046
131046
131046
131046
131045
131044
131043
131043
131043
131042
131041
131040
131040
131039
131039
131038
131038
131037
131036
131035
131035
131035
131034
131034
131034
131034
131034
131033
131032
131031
131031
131031
131030
131029
131029
131028
131027
131026
131025
131025
131024
131024
131023
131022
131021
131020
131019
131019
131019
131019
131018
131017
131016
131015
131015
131014
131013
131012
131011
131010
131010
131010
131010
131010
131009
131008
131007
131007
131006
131006
131006
131005
131004
131003
131002
131001
131000
130999
130998
130998
130998
130997
130996
130995
130994
130994
130993
130992
130991
130990
130989
130988
130987
130986
130985
130984
130983
130982
130981
130981
130981
130980
130980
130979
130979
130979
130978
130978
130977
130976
130975
130975
130975
130974
130973
130973
130972
130971
130970
130969
130969
130968
130968
130968
130968
130968
130967
130966
130965
130965
130964
130963
130962
130961
130960
130960
130959
130958
130957
130956
130955
130954
130953
130952
130952
130952
130951
130950
130950
130949
130948
130947
130946
130945
130944
130944
130943
130943
130943
130943
130942
130942
130941
130940
130939
130939
130939
130938
130937
130936
130935
130934
130933
130932
130931
130930
130929
130928
130928
130927
130926
130925
130925
130924
130924
130923
130922
130921
130921
130921
130920
130919
130918
130917
130917
130917
130916
130916
130915
130915
130915
130915
130914
130914
130914
130913
130912
130911
130910
130909
130908
130907
130906
130906
130906
130905
130904
130904
130903
130902
130902
130901
130900
130899
130898
130898
130897
130896
130895
130895
130894
130893
130893
130892
130891
130891
130890
130890
130889
130888
130888
130887
130887
130887
130887
130886
130885
130884
130883
130882
130881
130880
130879
130878
130877
130876
130876
130876
130875
130874
130873
130872
130872
130872
130871
130870
130869
130868
130868
130867
130866
130866
130865
130865
130864
130864
130863
130862
130862
130862
130861
130860
130860
130859
130859
130859
130858
130857
130856
130856
130855
130854
130854
130853
130852
130852
130851
130850
130850
130849
130848
130847
130846
130845
130845
130844
130843
130842
130841
130841
130841
130840
130840
130840
130839
130838
130837
130836
130836
130835
130835
130834
130834
130833
130832
130831
130830
130829
130828
130828
130828
130828
130828
130828
130827
130826
130825
130825
130824
130823
130822
130822
130821
130821
130820
130819
130819
130818
130817
130816
130815
130814
130813
130812
130811
130810
130809
130809
130809
130809
130809
130808
130807
130806
130805
130804
130803
130802
130802
130801
130800
130799
130798
130797
130796
130795
130794
130794
130793
130793
130793
130792
130791
130790
130789
130788
130788
130787
130787
130786
130786
130786
130785
130784
130784
130783
130782
130782
130782
130781
130781
130780
130780
130779
130779
130779
130778
130778
130777
130776
130775
130775
130774
130773
130772
130771
130770
130770
130769
130768
130767
130767
130767
130766
130765
130764
130764
130764
130763
130762
130761
130760
130759
130758
130757
130756
130755
130754
130753
130752
130752
130751
130750
130750
130750
130750
130750
130749
130749
130749
130749
130749
130748
130748
130747
130747
130746
130746
130745
130744
130743
130742
130741
130740
130739
130739
130738
130738
130737
130737
130737
130736
130735
130734
130733
130732
130731
130731
130730
130730
130730
130729
130728
130728
130728
130727
130726
130725
130724
130723
130722
130722
130721
130720
130719
130718
130717
130716
130715
130714
130713
130712
130712
130711
130710
130709
130708
130707
130706
130705
130704
130703
130702
130701
130700
130699
130698
130697
130696
130696
130696
130695
130695
130695
130694
130693
130692
130691
130690
130689
130689
130688
130687
130686
130685
130685
130684
130683
130682
130682
130681
130681
130680
130679
130679
130678
130678
130677
130676
130675
130674
130673
130672
130671
130670
130669
130668
130667
130666
130665
130664
130663
130663
130662
130661
130661
130660
130660
130659
130659
130658
130657
130656
130656
130655
130654
130653
130652
130652
130651
130650
130649
130649
130648
130647
130646
130645
130645
130644
130643
130642
130642
130641
130640
130639
130638
130637
130637
130636
130635
130634
130633
130633
130633
130632
130631
130630
130630
130629
130629
130628
130628
130627
130626
130625
130625
130624
130623
130622
130622
130622
130622
130621
130621
130621
130620
130619
130618
130618
130617
130616
130615
130614
130613
130612
130611
130610
130609
130608
130607
130606
130605
130605
130604
130603
130602
130602
130601
130601
130600
130600
130600
130599
130598
130598
130597
130596
130595
130595
130594
130593
130593
130592
130592
130591
130591
130590
130590
130589
130588
130588
130588
130587
130587
130586
130585
130584
130583
130582
130581
130580
130579
130579
130578
130578
130578
130577
130576
130575
130574
130573
130572
130571
130570
130569
130568
130568
130568
130568
130567
130567
130567
130566
130565
130564
130564
130563
130563
130562
130561
130560
130560
130559
130559
130558
130557
130556
130556
130555
130554
130553
130552
130551
130551
130551
130550
130549
130548
130548
130547
130546
130546
130545
130544
130544
130543
130542
130541
130541
130540
130539
130539
130539
130538
130537
130537
130536
130535
130534
130534
130534
130533
130532
130531
130531
130531
130531
130530
130529
130528
130527
130526
130525
130524
130524
130523
130522
130521
130520
130519
130518
130517
130516
130515
130515
130515
130514
130514
130514
130513
130513
130512
130511
130511
130510
130510
130510
130509
130509
130509
130509
130508
130508
130508
130507
130506
130506
130506
130505
130505
130505
130504
130503
130502
130501
130500
130500
130499
130498
130498
130498
130498
130498
130497
130497
130497
130496
130495
130494
130494
130493
130492
130492
130491
130490
130489
130489
130489
130488
130488
130488
130487
130486
130486
130486
130485
130484
130483
130482
130481
130481
130480
130480
130480
130479
130478
130478
130477
130477
130476
130475
130474
130473
130472
130472
130472
130471
130470
130469
130468
130468
130467
130466
130465
130464
130464
130463
130462
130462
130462
130461
130460
130460
130459
130458
130457
130457
130457
130456
130456
130455
130454
130453
130452
130451
130450
130450
130449
130448
130448
130447
130446
130445
130444
130443
130442
130441
130440
130439
130438
130437
130437
130437
130437
130437
130436
130436
130435
130435
130435
130434
130433
130433
130432
130432
130431
130431
130431
130430
130429
130428
130428
130427
130427
130427
130426
130425
130424
130424
130423
130423
130422
130421
130420
130419
130418
130418
130417
130416
130415
130415
130414
130414
130413
130412
130411
130410
130409
130408
130407
130407
130407
130406
130405
130405
130404
130403
130402
130402
130401
130401
130401
130401
130401
130400
130400
130399
130398
130398
130397
130396
130395
130394
130393
130392
130391
130390
130390
130389
130389
130388
130387
130387
130386
130385
130384
130383
130382
130381
130381
130381
130380
130379
130379
130379
130378
130378
130377
130376
130375
130375
130375
130374
130373
130372
130371
130371
130370
130370
130370
130370
130370
130369
130369
130368
130368
130368
130367
130366
130365
130364
130364
130363
130362
130361
130360
130360
130360
130359
130358
130357
130357
130356
130355
130354
130353
130353
130353
130352
130351
130351
130351
130351
130350
130349
130349
130348
130347
130346
130346
130345
130345
130344
130344
130343
130343
130342
130341
130340
130340
130339
130338
130337
130336
130336
130335
130334
130333
130332
130332
130332
130332
130332
130332
130332
130332
130331
130330
130329
130328
130328
130327
130327
130326
130325
130325
130324
130323
130322
130322
130322
130321
130321
130321
130320
130319
130318
130318
130317
130316
130315
130315
130314
130313
130312
130311
130311
130311
130311
130311
130310
130309
130308
130308
130307
130307
130306
130305
130304
130303
130302
130301
130301
130300
130299
130298
130297
130296
130295
130295
130294
130293
130292
130291
130290
130290
130289
130288
130288
130288
130288
130288
130288
130288
130287
130286
130285
130284
130283
130282
130281
130281
130280
130279
130279
130279
130278
130277
130276
130275
130274
130273
130272
130272
130272
130271
130270
130269
130268
130267
130267
130267
130266
130265
130265
130264
130264
130263
130262
130261
130261
130261
130260
130259
130258
130258
130257
130256
130255
130254
130253
130253
130253
130252
130251
130250
130249
130248
130247
130246
130246
130245
130244
130243
130242
130241
130240
130239
130239
130238
130238
130237
130236
130236
130235
130234
130233
130232
130231
130230
130229
130229
130229
130228
130228
130228
130227
130226
130226
130226
130226
130225
130224
130223
130223
130223
130223
130222
130221
130220
130219
130218
130218
130218
130218
130217
130216
130215
130214
130213
130212
130211
130211
130210
130209
130208
130207
130206
130206
130206
130205
130204
130203
130202
130202
130202
130201
130200
130199
130198
130197
130197
130197
130197
130196
130195
130195
130194
130193
130192
130193
130193
130192
130191
130191
130190
130190
130189
130188
130187
130186
130186
130185
130184
130183
130182
130181
130180
130180
130179
130178
130177
130176
130175
130174
130173
130173
130173
130172
130171
130170
130169
130168
130167
130166
130165
130165
130164
130163
130162
130161
130161
130160
130159
130159
130159
130158
130158
130157
130156
130155
130155
130154
130154
130154
130153
130152
130152
130151
130151
130150
130150
130149
130148
130148
130147
130146
130145
130145
130144
130143
130142
130141
130140
130139
130138
130138
130137
130136
130135
130134
130133
130132
130131
130130
130129
130128
130127
130127
130126
130125
130124
130124
130124
130123
130123
130122
130122
130121
130120
130119
130118
130117
130117
130116
130115
130115
130114
130113
130113
130112
130111
130110
130110
130109
130108
130107
130107
130106
130105
130104
130104
130103
130102
130101
130100
130099
130098
130097
130096
130095
130094
130094
130094
130093
130093
130092
130091
130091
130090
130090
130089
130089
130088
130087
130087
130087
130087
130086
130085
130084
130083
130083
130082
130081
130080
130079
130078
130077
130076
130075
130075
130074
130073
130072
130073
130072
130071
130071
130071
130071
130070
130069
130069
130069
130068
130068
130068
130067
130067
130066
130065
130064
130063
130063
130063
130062
130062
130062
130061
130060
130059
130058
130057
130056
130055
130054
130054
130053
130052
130051
130051
130051
130050
130050
130050
130050
130049
130048
130047
130046
130045
130044
130043
130042
130041
130041
130041
130040
130039
130038
130037
130036
130036
130035
130034
130034
130033
130033
130032
130031
130030
130030
130029
130028
130027
130026
130025
130025
130025
130024
130023
130022
130021
130020
130020
130020
130019
130018
130018
130017
130016
130015
130015
130014
130013
130012
130012
130011
130011
130011
130010
130009
130009
130009
130009
130008
130008
130007
130006
130005
130005
130004
130003
130002
130001
130001
130000
129999
129999
129998
129998
129997
129996
129995
129995
129994
129993
129992
129992
129991
129990
129989
129989
129988
129987
129987
129987
129987
129987
129986
129985
129984
129983
129982
129981
129980
129980
129980
129979
129978
129977
129976
129975
129974
129973
129972
129972
129971
129970
129969
129969
129968
129967
129966
129965
129964
129964
129963
129962
129961
129960
129959
129959
129958
129957
129956
129956
129956
129956
129955
129954
129953
129952
129951
129951
129950
129950
129949
129948
129947
129947
129947
129946
129946
129946
129945
129944
129944
129943
129942
129942
129941
129941
129940
129940
129940
129940
129939
129939
129939
129939
129938
129937
129936
129935
129935
129935
129935
129934
129933
129933
129932
129931
129930
129930
129929
129928
129928
129927
129926
129925
129925
129924
129923
129923
129923
129922
129922
129921
129921
129920
129919
129919
129918
129918
129917
129916
129916
129915
129914
129913
129913
129912
129911
129910
129909
129908
129907
129907
129906
129905
129904
129903
129902
129901
129900
129900
129899
129899
129899
129899
129898
129898
129897
129896
129896
129895
129894
129893
129893
129892
129892
129891
129891
129891
129890
129889
129888
129887
129887
129887
129886
129885
129884
129883
129882
129881
129880
129879
129879
129878
129877
129876
129875
129874
129873
129872
129872
129872
129871
129870
129869
129868
129867
129867
129867
129867
129866
129865
129864
129864
129863
129863
129863
129862
129861
129860
129860
129860
129860
129859
129858
129857
129857
129856
129855
129854
129853
129852
129852
129851
129851
129850
129849
129849
129848
129848
129847
129847
129846
129846
129846
129846
129845
129845
129845
129844
129843
129842
129841
129841
129840
129839
129839
129838
129837
129836
129836
129835
129834
129833
129832
129831
129831
129831
129831
129831
129830
129830
129829
129828
129827
129826
129826
129825
129825
129824
129823
129822
129821
129821
129820
129819
129819
129818
129817
129816
129816
129816
129815
129814
129814
129813
129812
129811
129811
129810
129810
129809
129808
129807
129806
129805
129804
129803
129802
129801
129800
129800
129799
129798
129797
129796
129795
129794
129793
129792
129791
129790
129789
129788
129788
129787
129787
129786
129785
129784
129783
129783
129782
129783
129782
129782
129781
129780
129779
129778
129777
129776
129775
129775
129774
129773
129773
129772
129772
129771
129770
129769
129768
129768
129767
129766
129765
129764
129763
129762
129762
129761
129761
129760
129759
129758
129757
129757
129757
129757
129756
129756
129755
129754
129753
129752
129752
129752
129751
129751
129750
129750
129749
129749
129749
129748
129747
129747
129746
129745
129745
129745
129744
129744
129744
129743
129743
129742
129741
129740
129739
129738
129738
129737
129737
129736
129735
129735
129734
129734
129734
129733
129732
129731
129730
129730
129730
129729
129729
129728
129728
129728
129727
129726
129725
129724
129723
129722
129721
129721
129720
129719
129718
129717
129717
129718
129717
129716
129715
129714
129713
129712
129711
129710
129709
129708
129707
129706
129706
129705
129704
129703
129702
129701
129701
129700
129699
129699
129698
129697
129696
129695
129694
129693
129693
129692
129691
129691
129690
129689
129688
129687
129686
129685
129684
129683
129682
129681
129681
129680
129679
129678
129678
129678
129678
129677
129676
129676
129676
129676
129675
129674
129673
129672
129671
129670
129669
129669
129669
129669
129668
129667
129666
129665
129664
129663
129662
129662
129661
129660
129660
129660
129660
129659
129659
129659
129658
129657
129657
129657
129657
129657
129657
129656
129656
129655
129654
129653
129652
129651
129651
129650
129650
129649
129648
129648
129647
129646
129645
129644
129643
129642
129642
129641
129641
129641
129640
129640
129640
129640
129639
129638
129638
129637
129636
129635
129635
129635
129635
129634
129633
129633
129633
129632
129631
129631
129631
129630
129629
129628
129627
129627
129626
129626
129626
129625
129624
129623
129623
129623
129623
129623
129622
129622
129622
129621
129620
129620
129619
129618
129617
129616
129615
129615
129614
129613
129612
129612
129611
129611
129610
129609
129608
129607
129606
129605
129604
129604
129603
129603
129602
129602
129601
129600
129600
129599
129598
129597
129597
129596
129596
129595
129594
129593
129592
129591
129590
129589
129588
129587
129586
129585
129584
129584
129583
129583
129582
129581
129581
129580
129579
129578
129577
129576
129575
129574
129573
129572
129571
129571
129570
129569
129568
129568
129567
129566
129565
129564
129564
129564
129564
129563
129562
129561
129560
129559
129558
129558
129558
129558
129558
129558
129557
129556
129555
129554
129554
129553
129552
129551
129551
129551
129550
129549
129548
129547
129546
129545
129544
129543
129542
129542
129542
129541
129540
129540
129539
129538
129537
129536
129535
129535
129535
129534
129534
129533
129533
129532
129532
129531
129530
129529
129529
129529
129528
129528
129527
129527
129526
129526
129525
129525
129525
129525
129524
129523
129522
129521
129520
129520
129519
129518
129517
129516
129515
129514
129513
129512
129511
129510
129509
129509
129508
129507
129506
129506
129505
129505
129505
129505
129505
129504
129504
129503
129503
129502
129501
129500
129500
129499
129498
129498
129498
129497
129497
129496
129496
129495
129494
129494
129494
129493
129493
129492
129491
129490
129489
129488
129487
129487
129487
129486
129486
129486
129485
129484
129484
129483
129483
129482
129482
129482
129481
129481
129480
129480
129479
129479
129478
129477
129477
129476
129475
129474
129473
129472
129471
129470
129469
129468
129467
129466
129465
129465
129465
129464
129463
129463
129462
129461
129461
129460
129459
129458
129457
129456
129455
129455
129454
129454
129453
129453
129453
129453
129452
129451
129450
129450
129450
129450
129449
129448
129447
129446
129446
129446
129445
129444
129444
129444
129443
129442
129441
129441
129440
129440
129439
129438
129437
129436
129436
129435
129435
129435
129434
129433
129432
129431
129431
129431
129430
129429
129428
129427
129426
129425
129424
129423
129422
129421
129420
129419
129419
129419
129418
129418
129418
129417
129416
129415
129415
129415
129414
129413
129413
129412
129412
129411
129410
129409
129409
129408
129407
129407
129406
129405
129405
129404
129403
129402
129402
129402
129401
129400
129399
129398
129397
129396
129395
129394
129393
129392
129391
129390
129390
129389
129388
129387
129387
129387
129386
129385
129385
129384
129383
129383
129382
129381
129380
129379
129378
129377
129376
129376
129376
129375
129375
129374
129373
129373
129373
129373
129373
129372
129372
129371
129370
129370
129369
129368
129367
129367
129366
129365
129364
129363
129362
129361
129360
129359
129358
129358
129358
129357
129356
129355
129354
129353
129352
129351
129350
129349
129348
129347
129347
129346
129345
129345
129344
129343
129343
129342
129341
129341
129340
129339
129339
129338
129337
129337
129336
129336
129335
129334
129333
129333
129332
129331
129331
129330
129329
129328
129328
129328
129327
129326
129326
129325
129324
129323
129322
129321
129320
129319
129318
129317
129316
129315
129315
129314
129313
129313
129312
129311
129310
129309
129309
129308
129308
129307
129306
129305
129304
129303
129303
129302
129302
129301
129300
129299
129298
129297
129296
129295
129294
129293
129292
129292
129292
129291
129290
129289
129289
129288
129287
129287
129287
129287
129287
129287
129286
129286
129285
129284
129283
129282
129282
129282
129281
129281
129280
129279
129279
129279
129279
129278
129277
129276
129275
129275
129274
129273
129272
129271
129270
129269
129268
129267
129267
129266
129265
129265
129264
129263
129263
129263
129262
129261
129260
129259
129258
129257
129257
129257
129256
129256
129255
129254
129253
129252
129252
129252
129251
129251
129250
129249
129249
129248
129247
129247
129246
129245
129245
129244
129244
129244
129244
129244
129244
129244
129243
129243
129242
129241
129241
129240
129239
129238
129237
129237
129237
129236
129236
129235
129235
129234
129233
129233
129232
129231
129231
129231
129230
129230
129230
129230
129229
129229
129229
129228
129227
129226
129225
129224
129223
129222
129221
129220
129219
129218
129217
129216
129216
129215
129214
129214
129213
129213
129213
129212
129211
129210
129209
129208
129208
129207
129207
129206
129206
129205
129205
129205
129205
129205
129204
129203
129202
129202
129202
129201
129200
129199
129198
129197
129197
129196
129196
129195
129194
129193
129192
129191
129190
129189
129188
129188
129188
129187
129187
129186
129185
129185
129184
129184
129183
129183
129182
129182
129181
129180
129179
129178
129178
129178
129178
129177
129176
129175
129174
129173
129172
129171
129170
129169
129168
129168
129167
129166
129166
129165
129164
129164
129163
129162
129162
129162
129161
129161
129160
129159
129158
129158
129158
129158
129157
129156
129156
129155
129154
129153
129153
129152
129151
129151
129150
129149
129149
129148
129147
129146
129145
129144
129144
129143
129142
129141
129140
129140
129139
129139
129138
129138
129138
129137
129137
129137
129137
129137
129137
129137
129136
129136
129136
129135
129134
129133
129132
129131
129130
129130
129129
129128
129127
129126
129125
129124
129123
129123
129122
129121
129121
129121
129120
129119
129118
129117
129116
129115
129114
129114
129113
129112
129112
129111
129110
129109
129108
129107
129106
129106
129105
129104
129104
129103
129102
129101
129100
129099
129098
129097
129096
129096
129095
129095
129094
129094
129093
129093
129092
129091
129090
129090
129089
129089
129088
129087
129086
129085
129084
129084
129084
129083
129083
129082
129081
129080
129079
129078
129078
129078
129077
129076
129075
129074
129074
129073
129073
129072
129071
129070
129069
129068
129067
129066
129066
129066
129065
129065
129064
129063
129062
129062
129062
129061
129060
