125448
125447
125446
125445
125444
125444
125443
125442
125441
125440
125439
125439
125438
125437
125436
125436
125436
125435
125435
125435
125434
125434
125433
125433
125432
125432
125432
125432
125431
125431
125431
125430
125429
125429
125429
125428
125427
125426
125425
125424
125423
125422
125421
125420
125419
125419
125418
125418
125417
125416
125416
125415
125415
125414
125413
125413
125412
125412
125412
125411
125410
125409
125408
125407
125406
125406
125406
125405
125404
125403
125403
125402
125401
125400
125399
125398
125397
125396
125395
125395
125395
125394
125393
125392
125392
125391
125391
125390
125389
125388
125387
125387
125387
125387
125387
125387
125386
125386
125385
125385
125385
125384
125383
125382
125381
125381
125381
125380
125380
125379
125379
125378
125378
125377
125376
125375
125374
125373
125372
125371
125371
125370
125369
125368
125367
125366
125365
125364
125364
125363
125363
125363
125362
125362
125361
125360
125360
125360
125359
125359
125358
125357
125356
125355
125354
125354
125353
125353
125352
125352
125351
125350
125349
125349
125349
125348
125347
125346
125345
125344
125343
125343
125342
125341
125340
125339
125338
125338
125337
125336
125335
125335
125334
125334
125333
125333
125332
125331
125330
125329
125328
125328
125328
125327
125326
125325
125324
125323
125322
125321
125321
125320
125319
125319
125318
125317
125316
125315
125314
125313
125312
125311
125310
125309
125309
125309
125308
125307
125306
125306
125306
125306
125306
125305
125304
125303
125302
125302
125301
125300
125300
125300
125299
125299
125298
125298
125297
125296
125296
125296
125296
125296
125295
125294
125293
125292
125291
125291
125290
125290
125289
125288
125288
125287
125286
125285
125284
125284
125283
125282
125281
125281
125280
125279
125279
125278
125277
125276
125276
125276
125276
125275
125274
125273
125273
125272
125271
125270
125269
125268
125267
125266
125265
125264
125264
125263
125262
125261
125261
125260
125259
125259
125259
125258
125257
125256
125255
125254
125253
125252
125252
125251
125251
125251
125250
125249
125249
125249
125248
125247
125247
125247
125246
125245
125244
125244
125244
125243
125242
125241
125240
125239
125238
125238
125237
125236
125235
125234
125234
125233
125232
125232
125231
125230
125229
125229
125228
125227
125227
125226
125226
125226
125226
125226
125225
125224
125223
125222
125221
125220
125219
125218
125217
125216
125215
125215
125215
125215
125214
125214
125213
125212
125211
125210
125210
125209
125208
125207
125206
125205
125204
125204
125204
125203
125202
125201
125200
125199
125198
125198
125197
125196
125196
125195
125194
125194
125193
125193
125192
125191
125190
125190
125190
125190
125189
125188
125188
125187
125186
125185
125184
125183
125182
125181
125180
125179
125179
125179
125178
125178
125177
125176
125176
125176
125176
125176
125175
125174
125173
125172
125171
125170
125169
125168
125167
125167
125167
125166
125165
125165
125164
125163
125163
125163
125163
125163
125162
125162
125161
125160
125159
125158
125158
125158
125157
125156
125155
125155
125154
125153
125152
125151
125150
125149
125148
125147
125147
125146
125145
125144
125143
125142
125142
125141
125140
125139
125138
125137
125136
125135
125134
125133
125132
125131
125130
125130
125129
125128
125127
125126
125125
125124
125123
125123
125123
125122
125121
125121
125120
125119
125119
125119
125118
125118
125118
125118
125118
125117
125117
125117
125117
125116
125115
125114
125113
125113
125112
125112
125111
125110
125109
125108
125107
125106
125105
125104
125104
125103
125103
125103
125102
125102
125102
125102
125101
125101
125101
125100
125099
125099
125098
125097
125096
125095
125094
125093
125092
125091
125090
125089
125088
125087
125087
125086
125085
125085
125084
125083
125082
125081
125080
125079
125079
125078
125078
125078
125077
125076
125075
125075
125075
125074
125074
125073
125072
125071
125071
125071
125070
125070
125069
125068
125067
125067
125067
125067
125066
125066
125066
125065
125065
125064
125063
125062
125062
125062
125061
125060
125059
125058
125057
125056
125055
125054
125054
125053
125053
125053
125052
125052
125052
125051
125051
125050
125049
125048
125048
125048
125048
125048
125048
125047
125046
125045
125045
125044
125043
125043
125043
125042
125041
125040
125039
125039
125038
125037
125036
125035
125034
125033
125032
125031
125031
125030
125029
125028
125027
125026
125026
125025
125025
125024
125023
125023
125022
125021
125020
125019
125018
125017
125017
125016
125015
125014
125013
125012
125011
125011
125010
125009
125009
125008
125007
125006
125005
125005
125004
125004
125004
125003
125003
125003
125003
125003
125002
125002
125001
125001
125000
125000
125000
124999
124998
124998
124997
124997
124997
124996
124995
124994
124994
124993
124992
124991
124990
124989
124988
124988
124987
124987
124986
124986
124985
124984
124983
124982
124981
124980
124979
124978
124978
124977
124976
124975
124974
124973
124972
124971
124971
124970
124969
124969
124969
124969
124969
124968
124968
124967
124966
124965
124964
124964
124964
124963
124963
124962
124961
124960
124960
124959
124959
124958
124958
124958
124957
124957
124957
124957
124956
124955
124955
124955
124954
124954
124954
124954
124953
124953
124953
124953
124952
124952
124952
124951
124951
124950
124949
124948
124947
124946
124945
124944
124944
124943
124942
124941
124940
124939
124938
124937
124937
124937
124936
124935
124935
124935
124934
124933
124932
124932
124931
124930
124930
124929
124928
124927
124927
124926
124925
124924
124923
124922
124921
124920
124919
124919
124919
124918
124917
124917
124916
124915
124914
124913
124912
124911
124910
124909
124909
124909
124908
124907
124907
124906
124905
124904
124903
124903
124902
124901
124900
124899
124899
124898
124897
124896
124895
124894
124893
124892
124891
124890
124889
124889
124889
124888
124887
124886
124886
124885
124884
124883
124882
124882
124882
124881
124881
124880
124879
124879
124878
124878
124877
124876
124875
124874
124873
124872
124871
124871
124870
124869
124869
124869
124869
124868
124867
124866
124865
124864
124863
124862
124861
124860
124860
124860
124860
124859
124858
124857
124856
124855
124854
124853
124853
124852
124851
124851
124850
124849
124848
124848
124847
124847
124847
124847
124846
124845
124845
124844
124843
124843
124842
124842
124841
124840
124840
124839
124838
124838
124837
124837
124836
124835
124834
124833
124832
124832
124831
124830
124829
124829
124828
124827
124826
124825
124825
124824
124823
124822
124822
124821
124820
124819
124818
124818
124817
124816
124815
124814
124813
124813
124813
124812
124811
124810
124809
124809
124808
124807
124806
124806
124806
124806
124805
124804
124803
124802
124802
124802
124801
124800
124799
124798
124798
124798
124797
124796
124795
124794
124793
124793
124793
124793
124792
124791
124790
124789
124788
124788
124788
124787
124786
124785
124784
124783
124782
124782
124781
124780
124779
124778
124777
124776
124775
124775
124774
124773
124772
124772
124771
124771
124771
124770
124770
124769
124769
124768
124767
124767
124767
124766
124766
124766
124766
124765
124764
124763
124762
124761
124760
124759
124758
124757
124757
124756
124755
124754
124753
124753
124753
124752
124751
124750
124749
124749
124748
124747
124747
124746
124745
124745
124745
124744
124743
124742
124741
124740
124740
124739
124738
124737
124736
124735
124734
124733
124732
124731
124730
124730
124729
124729
124728
124727
124726
124725
124724
124723
124722
124721
124720
124719
124718
124717
124716
124715
124715
124715
124714
124713
124712
124712
124712
124712
124712
124711
124710
124710
124709
124708
124707
124706
124705
124704
124703
124702
124701
124700
124700
124699
124698
124698
124697
124696
124695
124695
124695
124694
124693
124692
124691
124690
124690
124689
124688
124687
124687
124686
124686
124686
124686
124685
124685
124685
124684
124683
124683
124682
124682
124681
124680
124679
124679
124678
124678
124677
124676
124676
124675
124675
124674
124674
124673
124672
124671
124670
124669
124669
124668
124667
124666
124666
124666
124666
124665
124665
124664
124663
124663
124663
124662
124661
124661
124661
124660
124659
124659
124658
124657
124656
124656
124656
124655
124654
124653
124653
124653
124652
124651
124651
124651
124651
124651
124650
124649
124649
124648
124648
124647
124646
124645
124644
124643
124643
124642
124642
124642
124641
124641
124640
124639
124639
124638
124638
124637
124636
124636
124636
124635
124635
124634
124633
124632
124632
124632
124632
124631
124631
124631
124630
124629
124628
124627
124626
124626
124626
124625
124624
124623
124622
124621
124621
124621
124620
124619
124618
124617
124616
124616
124616
124615
124614
124613
124613
124612
124611
124610
124610
124609
124609
124609
124608
124607
124606
124606
124605
124604
124603
124602
124601
124600
124599
124598
124597
124597
124597
124596
124595
124594
124593
124592
124592
124592
124591
124590
124589
124588
124587
124586
124585
124584
124584
124584
124583
124582
124582
124582
124581
124580
124579
124579
124578
124578
124577
124576
124575
124574
124574
124573
124572
124571
124570
124569
124568
124568
124567
124566
124566
124566
124566
124565
124564
124563
124562
124562
124561
124560
124559
124558
124557
124556
124556
124555
124555
124554
124553
124552
124551
124551
124550
124549
124549
124548
124548
124548
124547
124546
124545
124545
124544
124543
124542
124541
124540
124540
124539
124539
124539
124538
124537
124536
124535
124535
124535
124535
124534
124533
124532
124532
124531
124531
124531
124530
124530
124529
124528
124527
124526
124525
124524
124523
124522
124521
124520
124520
124520
124520
124519
124518
124518
124518
124518
124517
124516
124515
124515
124514
124513
124513
124512
124511
124510
124509
124508
124508
124508
124507
124507
124506
124505
124504
124504
124503
124502
124502
124502
124501
124500
124499
124498
124497
124497
124496
124495
124494
124494
124493
124492
124492
124491
124490
124490
124490
124489
124488
124488
124488
124487
124486
124485
124484
124483
124482
124482
124482
124481
124480
124480
124479
124478
124477
124477
124477
124477
124477
124476
124476
124475
124474
124473
124472
124471
124470
124469
124468
124467
124466
124466
124466
124465
124464
124463
124462
124461
124461
124461
124460
124459
124459
124459
124458
124457
124456
124455
124455
124454
124454
124454
124453
124453
124452
124452
124451
124450
124449
124449
124448
124448
124447
124446
124445
124444
124444
124443
124442
124441
124441
124440
124439
124438
124437
124437
124437
124436
124435
124435
124435
124435
124434
124433
124432
124431
124430
124429
124429
124428
124427
124426
124425
124424
124423
124422
124421
124421
124421
124420
124420
124420
124419
124418
124417
124417
124417
124417
124417
124417
124416
124416
124415
124415
124414
124414
124413
124412
124411
124411
124410
124410
124409
124409
124408
124407
124406
124405
124404
124403
124403
124402
124402
124401
124400
124399
124398
124397
124396
124396
124395
124394
124393
124392
124392
124391
124390
124389
124388
124387
124387
124386
124385
124384
124383
124382
124382
124382
124381
124381
124380
124380
124379
124378
124377
124376
124375
124375
124374
124373
124372
124372
124372
124371
124371
124370
124370
124370
124370
124369
124368
124368
124367
124366
124365
124364
124364
124364
124363
124363
124362
124361
124361
124360
124359
124358
124358
124357
124356
124355
124354
124354
124353
124352
124351
124350
124349
124348
124347
124346
124345
124344
124343
124342
124341
124341
124341
124340
124339
124338
124337
124336
124335
124334
124333
124333
124332
124331
124331
124330
124329
124328
124328
124327
124327
124327
124326
124325
124325
124325
124324
124323
124322
124321
124320
124320
124319
124318
124317
124316
124315
124314
124313
124313
124313
124312
124312
124311
124310
124309
124308
124307
124307
124306
124306
124305
124304
124303
124302
124301
124301
124300
124299
124298
124297
124297
124296
124296
124295
124295
124294
124293
124293
124292
124291
124290
124289
124288
124287
124286
124286
124286
124285
124284
124284
124283
124282
124281
124281
124280
124279
124279
124278
124277
124276
124275
124275
124274
124273
124272
124272
124272
124272
124271
124271
124270
124269
124268
124267
124267
124267
124267
124266
124266
124265
124264
124263
124262
124261
124260
124259
124258
124258
124257
124256
124256
124256
124256
124255
124254
124253
124252
124251
124250
124250
124249
124248
124247
124247
124246
124245
124244
124243
124242
124242
124241
124240
124240
124239
124239
124239
124238
124237
124236
124236
124236
124235
124235
124235
124235
124235
124234
124233
124232
124232
124231
124230
124230
124229
124229
124229
124228
124228
124227
124226
124225
124224
124224
124223
124222
124221
124221
124220
124220
124219
124218
124218
124217
124216
124216
124216
124216
124215
124214
124213
124213
124213
124212
124211
124211
124210
124209
124208
124207
124206
124206
124205
124204
124204
124203
124202
124201
124201
124200
124200
124199
124198
124197
124197
124196
124196
124195
124194
124193
124193
124193
124193
124193
124192
124192
124191
124190
124190
124189
124188
124188
124187
124187
124187
124186
124185
124184
124183
124183
124182
124181
124181
124180
124180
124180
124179
124178
124178
124178
124177
124176
124175
124174
124173
124172
124171
124171
124170
124169
124168
124168
124168
124167
124166
124165
124164
124163
124162
124161
124160
124160
124159
124159
124158
124157
124156
124156
124155
124154
124154
124153
124153
124153
124153
124152
124152
124151
124151
124150
124149
124148
124147
124146
124146
124145
124145
124145
124145
124144
124143
124142
124141
124140
124140
124139
124138
124138
124137
124137
124136
124136
124135
124135
124134
124133
124133
124132
124131
124130
124129
124129
124128
124127
124126
124126
124125
124125
124124
124124
124123
124122
124122
124121
124120
124119
124118
124117
124117
124116
124115
124114
124113
124113
124112
124111
124110
124110
124110
124109
124109
124109
124108
124107
124106
124105
124104
124104
124103
124102
124101
124100
124100
124099
124099
124098
124098
124098
124097
124097
124096
124096
124095
124094
124094
124093
124092
124091
124090
124089
124089
124088
124087
124087
124086
124086
124086
124085
124084
124083
124082
124081
124081
124080
124079
124079
124079
124078
124078
124078
124078
124077
124076
124075
124075
124075
124074
124073
124072
124071
124071
124070
124069
124068
124067
124066
124065
124064
124063
124062
124061
124061
124060
124059
124058
124057
124056
124055
124054
124053
124053
124052
124051
124050
124049
124048
124048
124047
124046
124045
124045
124045
124045
124044
124043
124043
124042
124042
124042
124041
124040
124039
124039
124039
124038
124037
124036
124036
124036
124035
124035
124035
124034
124034
124034
124033
124032
124032
124032
124031
124030
124029
124028
124027
124026
124025
124025
124024
124023
124022
124021
124021
124021
124020
124019
124018
124017
124016
124015
124014
124013
124012
124011
124010
124010
124010
124010
124009
124008
124007
124007
124006
124005
124005
124004
124003
124002
124001
124001
124000
123999
123998
123997
123996
123995
123994
123994
123993
123993
123993
123992
123991
123990
123989
123988
123988
123987
123986
123986
123985
123984
123984
123983
123982
123982
123981
123981
123981
123981
123980
123979
123978
123977
123976
123976
123975
123974
123973
123972
123971
123970
123970
123969
123969
123968
123967
123966
123965
123964
123963
123962
123962
123962
123961
123961
123960
123959
123959
123958
123957
123957
123956
123956
123955
123955
123954
123953
123952
123951
123951
123950
123949
123949
123948
123948
123947
123946
123945
123945
123944
123944
123943
123942
123942
123942
123941
123941
123940
123940
123939
123938
123937
123936
123936
123935
123934
123933
123932
123931
123930
123930
123930
123929
123928
123929
123928
123928
123927
123926
123926
123925
123925
123924
123924
123924
123924
123923
123922
123921
123920
123920
123919
123918
123918
123918
123917
123916
123915
123914
123913
123913
123912
123912
123911
123911
123910
123909
123908
123907
123906
123906
123906
123905
123905
123904
123903
123902
123902
123901
123900
123899
123898
123897
123897
123897
123896
123896
123895
123894
123893
123893
123892
123891
123890
123890
123889
123888
123887
123887
123887
123886
123885
123884
123883
123883
123882
123882
123881
123880
123879
123878
123877
123876
123876
123876
123875
123874
123873
123873
123873
123872
123871
123870
123869
123868
123868
123867
123866
123865
123864
123863
123862
123862
123861
123861
123860
123859
123858
123857
123856
123855
123855
123854
123853
123853
123852
123852
123851
123850
123849
123848
123847
123847
123846
123846
123846
123845
123845
123845
123844
123843
123842
123842
123841
123840
123840
123840
123839
123838
123837
123837
123836
123835
123834
123833
123833
123832
123832
123831
123830
123830
123829
123828
123827
123827
123826
123825
123825
123824
123824
123823
123822
123821
123821
123820
123820
123819
123818
123817
123816
123815
123814
123813
123812
123811
123810
123809
123809
123809
123808
123807
123806
123805
123804
123803
123802
123802
123801
123800
123799
123798
123798
123797
123796
123796
123795
123794
123793
123792
123792
123791
123791
123790
123789
123788
123788
123787
123787
123786
123785
123784
123784
123783
123782
123781
123780
123779
123778
123778
123778
123777
123777
123776
123775
123775
123774
123773
123772
123771
123770
123769
123769
123768
123767
123767
123766
123765
123765
123765
123764
123763
123763
123762
123762
123761
123760
123760
123759
123759
123758
123758
123757
123756
123755
123754
123753
123752
123751
123751
123750
123749
123749
123748
123747
123746
123746
123745
123745
123744
123744
123743
123742
123741
123741
123740
123739
123738
123738
123738
123737
123736
123735
123734
123733
123732
123731
123731
123731
123731
123730
123730
123729
123728
123727
123727
123727
123726
123726
123726
123726
123726
123726
123725
123724
123723
123723
123722
123721
123721
123720
123719
123718
123717
123717
123716
123716
123716
123715
123714
123713
123712
123711
123711
123710
123710
123709
123708
123707
123706
123705
123704
123703
123703
123702
123702
123701
123700
123700
123700
123700
123700
123699
123698
123698
123697
123696
123695
123694
123693
123692
123692
123691
123691
123690
123689
123689
123688
123688
123687
123686
123685
123684
123683
123683
123682
123681
123680
123679
123678
123677
123677
123676
123675
123675
123674
123673
123672
123671
123671
123670
123669
123668
123667
123666
123665
123664
123663
123663
123662
123662
123661
123660
123659
123658
123658
123658
123657
123656
123656
123655
123655
123654
123654
123653
123652
123652
123651
123652
123652
123651
123651
123650
123649
123648
123648
123647
123647
123646
123645
123644
123643
123642
123641
123640
123639
123638
123637
123636
123635
123634
123633
123633
123632
123631
123631
123630
123629
123628
123627
123627
123627
123627
123626
123626
123625
123624
123623
123622
123621
123620
123619
123618
123618
123617
123617
123616
123615
123614
123613
123612
123612
123612
123612
123611
123610
123609
123608
123607
123606
123605
123604
123603
123602
123601
123600
123599
123598
123598
123597
123597
123596
123596
123595
123594
123594
123593
123592
123591
123591
123591
123590
123589
123589
123588
123587
123587
123586
123586
123586
123585
123584
123584
123583
123583
123582
123582
123581
123581
123580
123580
123579
123579
123578
123577
123577
123576
123575
123575
123574
123574
123573
123572
123571
123571
123570
123570
123570
123569
123568
123567
123567
123567
123566
123565
123564
123563
123563
123562
123562
123561
123560
123559
123559
123558
123558
123557
123557
123556
123556
123556
123555
123554
123554
123554
123553
123552
123552
123552
123551
123550
123550
123549
123548
123547
123546
123545
123544
123543
123542
123542
123541
123541
123540
123539
123539
123538
123537
123536
123535
123534
123533
123533
123533
123533
123532
123531
123531
123531
123530
123529
123528
123528
123528
123528
123528
123528
123527
123527
123526
123526
123525
123525
123524
123523
123522
123521
123520
123519
123518
123517
123516
123516
123516
123515
123514
123513
123512
123511
123511
123510
123510
123509
123508
123507
123506
123505
123505
123504
123503
123503
123502
123501
123501
123500
123499
123498
123497
123496
123496
123496
123495
123494
123493
123492
123491
123491
123490
123490
123489
123488
123487
123487
123487
123486
123485
123484
123483
123482
123481
123481
123480
123479
123478
123477
123476
123475
123474
123474
123473
123473
123473
123472
123471
123471
123471
123471
123470
123469
123468
123467
123466
123465
123464
123463
123462
123461
123461
123461
123460
123460
123459
123459
123458
123457
123456
123455
123454
123453
123452
123452
123451
123451
123451
123450
123449
123448
123447
123447
123446
123445
123444
123443
123442
123441
123440
123439
123438
123437
123437
123437
123436
123435
123434
123433
123432
123431
123430
123429
123429
123428
123428
123427
123427
123426
123426
123425
123424
123423
123422
123421
123421
123420
123419
123418
123417
123416
123415
123415
123414
123413
123413
123413
123412
123411
123410
123409
123408
123407
123406
123405
123405
123404
123403
123402
123402
123401
123401
123400
123400
123399
123398
123398
123397
123397
123397
123396
123395
123394
123393
123393
123392
123391
123390
123390
123389
123389
123388
123387
123387
123387
123386
123385
123385
123384
123383
123382
123381
123380
123379
123379
123378
123378
123378
123377
123377
123376
123375
123375
123374
123374
123373
123372
123371
123371
123371
123370
123369
123368
123367
123366
123365
123365
123365
123364
123364
123363
123362
123361
123361
123360
123359
123358
123358
123357
123356
123356
123355
123354
123353
123352
123351
123350
123349
123349
123349
123349
123348
123347
123346
123346
123345
123344
123344
123343
123342
123341
123341
123340
123339
123338
123338
123337
123336
123335
123334
123334
123333
123332
123332
123331
123330
123329
123329
123328
123328
123327
123327
123326
123325
123325
123324
123323
123322
123321
123320
123319
123319
123318
123318
123317
123317
123316
123316
123316
123316
123315
123314
123313
123312
123311
123310
123310
123309
123308
123308
123308
123307
123306
123305
123304
123303
123302
123302
123301
123301
123300
123300
123299
123298
123298
123298
123297
123296
123296
123295
123295
123294
123294
123293
123292
123291
123290
123290
123290
123289
123289
123288
123288
123287
123287
123286
123286
123285
123285
123284
123283
123282
123282
123281
123280
123279
123279
123278
123277
123276
123275
123274
123273
123272
123272
123271
123271
123271
123271
123270
123269
123269
123268
123268
123267
123267
123267
123267
123267
123267
123267
123266
123265
123264
123263
123262
123261
123261
123260
123259
123259
123258
123258
123257
123256
123256
123255
123254
123253
123253
123253
123252
123251
123250
123249
123248
123248
123248
123247
123247
123247
123246
123245
123245
123244
123243
123242
123241
123240
123239
123238
123237
123236
123235
123234
123233
123232
123231
123230
123229
123228
123228
123227
123226
123225
123224
123224
123223
123222
123222
123221
123220
123219
123219
123218
123218
123218
123218
123217
123216
123215
123214
123213
123212
123212
123212
123212
123211
123211
123210
123210
123209
123208
123208
123207
123206
123205
123204
123203
123203
123202
123201
123200
123199
123198
123198
123198
123197
123196
123196
123195
123195
123195
123194
123193
123192
123191
123191
123190
123190
123189
123188
123187
123186
123185
123185
123185
123184
123183
123183
123183
123183
123182
123182
123182
123181
123180
123179
123179
123178
123178
123177
123176
123176
123176
123176
123175
123174
123173
123173
123172
123171
123171
123170
123169
123168
123168
123167
123167
123166
123165
123164
123163
123163
123162
123161
123161
123160
123159
123159
123159
123158
123157
123157
123157
123156
123155
123155
123154
123153
123152
123151
123151
123150
123149
123148
123148
123148
123148
123147
123147
123146
123146
123145
123145
123144
123144
123143
123143
123143
123143
123142
123141
123140
123139
123138
123137
123136
123135
123134
123133
123133
123132
123132
123132
123131
123130
123130
123130
123130
123129
123128
123127
123126
123125
123124
123123
123122
123121
123121
123120
123120
123120
123120
123119
123119
123118
123117
123117
123116
123115
123114
123113
123112
123111
123110
123110
123110
123110
123110
123109
123109
123109
123108
123107
123107
123106
123105
123105
123104
123104
123103
123102
123101
123101
123100
123099
123098
123097
123097
123096
123095
123095
123094
123093
123092
123091
123090
123090
123089
123089
123089
123088
123088
123087
123086
123085
123085
123084
123083
123083
123082
123081
123080
123079
123078
123077
123077
123077
123076
123076
123076
123076
123076
123076
123076
123076
123076
123076
123076
123075
123074
123073
123072
123072
123071
123070
123070
123069
123069
123069
123068
123067
123066
123065
123064
123063
123063
123062
123061
123061
123060
123059
123058
123058
123057
123056
123055
123055
123054
123054
123054
123053
123052
123052
123052
123052
123052
123052
123051
123050
123049
123048
123048
123048
123048
123048
123047
123046
123045
123044
123043
123043
123042
123042
123041
123040
123040
123039
123038
123037
123036
123036
123035
123034
123033
123032
123032
123032
123031
123030
123029
123028
123027
123026
123025
123024
123024
123024
123023
123022
123021
123020
123019
123019
123018
123017
123016
123016
123015
123014
123013
123012
123011
123010
123009
123008
123007
123007
123007
123007
123007
123006
123006
123005
123004
123003
123003
123003
123002
123001
123000
122999
122999
122998
122997
122996
122996
122995
122994
122993
122993
122992
122992
122991
122990
122989
122988
122987
122986
122986
122985
122985
122984
122984
122983
122983
122983
122982
122982
122981
122980
122979
122978
122978
122978
122978
122978
122978
122977
122977
122976
122975
122974
122973
122972
122972
122972
122971
122970
122969
122968
122967
122966
122965
122965
122964
122963
122963
122962
122962
122961
122961
122961
122961
122960
122960
122960
122959
122959
122958
122958
122957
122957
122957
122957
122956
122955
122954
122953
122953
122953
122952
122952
122951
122950
122949
122948
122948
122947
122946
122945
122945
122944
122943
122942
122941
122940
122940
122939
122938
122938
122938
122937
122936
122935
122934
122934
122934
122934
122934
122934
122934
122934
122933
122932
122932
122931
122931
122930
122929
122929
122928
122927
122926
122925
122924
122923
122922
122921
122920
122919
122919
122918
122918
122917
122916
122915
122914
122913
122912
122912
122911
122911
122910
122909
122908
122907
122906
122905
122905
122904
122903
122902
122902
122902
122901
122901
122900
122900
122900
122899
122899
122898
122898
122897
122897
122896
122895
122894
122894
122894
122893
122892
122891
122891
122891
122890
122889
122888
122887
122886
122885
122884
122883
122883
122882
122881
122881
122880
122880
122880
122879
122878
122877
122876
122875
122875
122874
122873
122872
122871
122871
122870
122870
122870
122869
122868
122868
122868
122867
122866
122866
122865
122864
122863
122863
122862
122861
122860
122859
122858
122857
122856
122856
122855
122854
122853
122852
122851
122851
122850
122850
122849
122849
122848
122847
122846
122846
122845
122845
122845
122844
122843
122843
122843
122842
122841
122840
122839
122838
122838
122837
122836
122835
122835
122834
122833
122832
122831
122831
122831
122830
122829
122828
122827
122826
122825
122825
122824
122823
122822
122821
122821
122820
122819
122819
122818
122817
122816
122816
122815
122814
122813
122812
122812
122811
122811
122810
122809
122808
122807
122806
122806
122806
122805
122805
122804
122804
122803
122802
122802
122801
122801
122801
122800
122799
122798
122798
122798
122798
122797
122797
122796
122795
122795
122794
122793
122793
122793
122792
122791
122791
122791
122791
122791
122790
122789
122788
122787
122786
122785
122784
122784
122783
122782
122781
122780
122780
122779
122779
122778
122777
122777
122777
122776
122775
122774
122773
122772
122772
122772
122772
122772
122771
122771
122770
122769
122768
122767
122767
122766
122765
122764
122764
122764
122764
122763
122762
122761
122760
122759
122758
122757
122757
122756
122755
122754
122753
122752
122751
122750
122749
122750
122749
122748
122748
122748
122748
122747
122746
122745
122744
122744
122743
122743
122742
122741
122740
122740
122739
122738
122737
122737
122736
122735
122734
122734
122734
122734
122733
122732
122731
122730
122729
122729
122729
122728
122727
122726
122725
122725
122724
122723
122722
122721
122721
122720
122720
122719
122718
122717
122717
122717
122717
122716
122715
122714
122714
122713
122712
122711
122710
122710
122709
122708
122707
122706
122705
122704
122704
122703
122702
122701
122701
122700
122699
122699
122699
122698
122698
122697
122696
122696
122695
122694
122693
122692
122691
122691
122690
122689
122688
122687
122686
122686
122685
122684
122683
122682
122681
122680
122680
122679
122678
122678
122678
122678
122677
122677
122676
122675
122674
122673
122672
122672
122671
122670
122670
122670
122669
122669
122668
122668
122667
122667
122666
122666
122666
122665
122664
122664
122664
122663
122662
122662
122662
122661
122660
122659
122658
122657
122656
122655
122655
122655
122654
122653
122653
122652
122651
122650
122650
122649
122648
122647
122646
122646
122645
122644
122643
122642
122641
122640
122639
122638
122637
122636
122635
122634
122634
122633
122632
122631
122630
122630
122630
122629
122628
122628
122627
122626
122625
122624
122623
122623
122622
122621
122620
122619
122618
122618
122617
122617
122617
122616
122615
122615
122614
122613
122613
122612
122611
122611
122610
122609
122608
122607
122606
122605
122605
122605
122604
122603
122602
122601
122600
122599
122599
122598
122598
122597
122596
122595
122594
122593
122592
122591
122590
122589
122588
122587
122587
122586
122585
122585
122584
122584
122583
122582
122582
122581
122580
122579
122579
122578
122577
122576
122576
122575
122575
122574
122573
122573
122573
122572
122572
122571
122570
122569
122568
122567
122566
122566
122565
122564
122564
122563
122563
122563
122562
122561
122560
122560
122560
122559
122559
122558
122558
122558
122558
122557
122557
122556
122555
122555
122555
122554
122553
122552
122551
122551
122550
122549
122548
122547
122546
122546
122546
122545
122544
122543
122542
122541
122540
122539
122538
122537
122537
122536
122536
122535
122534
122534
122533
122533
122532
122531
122530
122530
122529
122529
122529
122529
122528
122527
122526
122525
122525
122525
122524
122523
122522
122521
122521
122521
122520
122519
122518
122517
122516
122516
122515
122514
122514
122513
122512
122511
122510
122509
122509
122508
122508
122508
122508
122508
122508
122508
122507
122506
122505
122504
122503
122502
122501
122500
122500
122500
122500
122499
122498
122497
122496
122495
122495
122494
122494
122493
122492
122491
122490
122489
122488
122488
122487
122486
122486
122485
122485
122485
122484
122483
122482
122481
122480
122480
122480
122480
122479
122479
122479
122479
122478
122477
122477
122477
122477
122476
122475
122475
122474
122474
122473
122472
122471
122471
122470
122469
122468
122467
122466
122465
122465
122464
122463
122462
122462
122461
122460
122460
122459
122459
122459
122459
122458
122457
122456
122456
122455
122454
122453
122452
122451
122451
122450
122449
122449
122448
122447
122446
122445
122445
122444
122444
122443
122442
122442
122442
122441
122441
122440
122439
122438
122437
122437
122436
122435
122435
122435
122435
122435
122434
122433
122432
122432
122432
122432
122431
122430
122429
122428
122428
122427
122426
122425
122424
122423
122422
122422
122422
122421
122420
122420
122419
122418
122417
122416
122415
122415
122414
122413
122412
122412
122411
122410
122409
122408
122408
122407
122406
122406
122406
122405
122404
122404
122403
122402
122401
122400
122399
122398
122397
122396
122395
122394
122393
122393
122392
122391
122390
122390
122389
122389
122389
122388
122388
122387
122386
122385
122384
122383
122383
122382
122382
122381
122381
122380
122380
122379
122379
122379
122378
122378
122378
122377
122377
122376
122375
122374
122373
122372
122372
122371
122371
122370
122369
122368
122367
122366
122366
122366
122365
122364
122363
122363
122363
122363
122362
122361
122361
122361
122360
122360
122360
122359
122359
122358
122357
122356
122355
122354
122354
122353
122352
122352
122352
122352
122351
122351
122350
122349
122349
122348
122347
122346
122346
122345
122344
122343
122342
122341
122340
122340
122339
122338
122337
122336
122335
122334
122333
122333
122332
122332
122331
122331
122331
122331
122330
122329
122329
122328
122327
122326
122326
122325
122325
122324
122323
122323
122322
122322
122322
122321
122320
122319
122318
122317
122316
122316
122315
122315
122314
122313
122312
122311
122311
122311
122311
122310
122310
122309
122308
122307
122306
122305
122304
122303
122302
122301
122300
122300
122299
122298
122298
122297
122296
122295
122294
122294
122293
122292
122291
122290
122289
122288
122287
122286
122285
122284
122283
122283
122283
122283
122283
122283
122282
122281
122280
122279
122279
122279
122279
122279
122279
122279
122278
122278
122277
122276
122276
122276
122276
122275
122274
122274
122274
122273
122273
122272
122271
122270
122270
122270
122270
122270
122270
122269
122269
122268
122268
122267
122267
122266
122265
122264
122263
122263
122262
122261
122260
122260
122259
122259
122258
122257
122256
122255
122254
122254
122253
122253
122252
122251
122251
122250
122249
122248
122248
122247
122246
122246
122245
122244
122243
122242
122241
122240
122240
122240
122239
122238
122237
122236
122235
122234
122233
122233
122232
122232
122232
122232
122231
122230
122229
122229
122228
122228
122228
122227
122226
122225
122224
122224
122224
122224
122223
122223
122222
122222
122221
122221
122220
122220
122219
122218
122217
122216
122215
122214
122213
122212
122212
122211
122210
122209
122208
122207
122206
122206
122205
122204
122203
122202
122201
122200
122199
122198
122197
122196
122195
122194
122193
122193
122192
122191
122191
122190
122190
122190
122190
122189
122189
122188
122187
122186
122185
122184
122183
122183
122182
122181
122180
122179
122179
122178
122177
122177
122176
122175
122175
122174
122173
122172
122171
122170
122169
122168
122168
122168
122167
122166
122165
122164
122164
122163
122162
122162
122161
122161
122161
122161
122160
122159
122159
122158
122158
122157
122156
122155
122155
122155
122154
122153
122152
122151
122150
122150
122149
122148
122148
122148
122147
122146
122145
122144
122143
122142
122141
122140
122139
122138
122137
122136
122135
122134
122134
122133
122132
122132
122131
122130
122129
122129
122128
122128
122127
122126
122125
122124
122124
122124
122124
122123
122122
122121
122121
122120
122119
122119
122119
122119
122118
122118
122118
122118
122117
122116
122116
122115
122115
122115
122114
122113
122113
122113
122112
122111
122110
122109
122108
122107
122107
122107
122107
122107
122106
122105
122105
122104
122103
122102
122102
122102
122101
122100
122099
122099
122099
122098
122098
122098
122098
122097
122096
122095
122094
122093
122093
122093
122092
122092
122092
122091
122091
122090
122089
122088
122087
122086
122086
122086
122086
122086
122085
122084
122083
122082
122081
122080
122079
122078
122077
122076
122075
122074
122073
122073
122072
122072
122071
122070
122069
122068
122067
122066
122065
122064
122064
122063
122062
122062
122061
122060
122059
122058
122057
122057
122056
122055
122054
122054
122053
122052
122052
122051
122051
122050
122049
122049
122048
122047
122047
122046
122045
122044
122043
122042
122042
122041
122040
122039
122039
122038
122037
122036
122036
122036
122035
122034
122034
122033
122032
122032
122032
122032
122032
122031
122030
122029
122028
122027
122026
122026
122025
122025
122025
122024
122023
122022
122021
122020
122020
122019
122018
122017
122016
122015
122014
122013
122012
122012
122012
122011
122010
122010
122009
122008
122007
122007
122006
122005
122005
122005
122004
122003
122002
122001
122000
121999
121999
121998
121998
121997
121996
121996
121995
121994
121994
121993
121992
121991
121990
121990
121990
121989
121988
121988
121987
121986
121985
121984
121984
121983
121982
121981
121981
121981
121981
121980
121980
121979
121979
121978
121978
121977
121977
121976
121976
121975
121974
121973
121972
121971
121970
121969
121969
121969
121969
121969
121969
121968
121967
121966
121965
121964
121963
121962
121962
121962
121961
121960
121959
121958
121958
121958
121958
121957
121956
121956
121956
121955
121954
121953
121953
121952
121951
121950
121950
121949
121948
121947
121946
121945
121945
121944
121943
121942
121941
121940
121939
121939
121938
121937
121936
121935
121934
121933
121932
121931
121930
121929
121928
121929
121928
121927
121927
121926
121925
121924
121923
121922
121922
121921
121920
121920
121919
