167379
167379
167378
167378
167378
167378
167378
167377
167376
167376
167376
167375
167375
167374
167373
167372
167371
167370
167369
167369
167368
167368
167367
167367
167366
167365
167364
167363
167362
167361
167360
167359
167358
167358
167358
167357
167356
167355
167354
167353
167352
167352
167352
167352
167351
167350
167349
167349
167348
167348
167347
167346
167346
167346
167346
167345
167344
167343
167343
167342
167341
167340
167340
167339
167339
167339
167338
167337
167336
167335
167334
167334
167333
167333
167332
167331
167330
167329
167328
167328
167327
167326
167325
167324
167324
167323
167323
167322
167321
167320
167319
167318
167317
167316
167315
167314
167313
167312
167312
167311
167311
167310
167309
167308
167307
167306
167305
167304
167304
167304
167304
167304
167303
167302
167301
167300
167299
167298
167297
167297
167297
167296
167295
167295
167294
167293
167292
167292
167292
167291
167290
167289
167288
167288
167287
167287
167286
167285
167284
167283
167282
167282
167282
167281
167281
167280
167280
167279
167278
167278
167278
167277
167276
167276
167275
167275
167275
167274
167274
167273
167272
167271
167270
167269
167268
167267
167266
167265
167264
167264
167263
167262
167261
167261
167260
167259
167258
167257
167256
167255
167254
167253
167252
167251
167251
167250
167250
167250
167249
167249
167248
167247
167247
167246
167245
167245
167245
167245
167244
167244
167243
167243
167243
167242
167241
167240
167239
167239
167239
167238
167238
167237
167237
167236
167235
167235
167235
167235
167234
167233
167233
167232
167232
167232
167232
167231
167230
167229
167228
167227
167226
167225
167225
167224
167223
167223
167222
167221
167220
167219
167219
167218
167217
167216
167215
167214
167213
167213
167212
167211
167210
167209
167208
167207
167206
167205
167205
167204
167203
167202
167201
167200
167199
167198
167198
167197
167197
167196
167195
167194
167194
167193
167192
167191
167190
167189
167188
167187
167186
167185
167184
167183
167182
167181
167180
167179
167178
167178
167177
167177
167176
167175
167174
167173
167172
167172
167171
167170
167170
167170
167169
167168
167167
167166
167166
167165
167165
167164
167164
167163
167162
167161
167161
167160
167159
167159
167158
167157
167156
167155
167154
167153
167152
167151
167150
167150
167150
167149
167149
167148
167147
167146
167145
167145
167144
167143
167142
167141
167140
167139
167138
167137
167136
167136
167136
167135
167134
167134
167133
167133
167133
167132
167132
167132
167131
167130
167129
167128
167128
167128
167127
167126
167125
167124
167123
167122
167121
167120
167119
167118
167117
167117
167116
167116
167115
167114
167114
167113
167112
167111
167111
167110
167109
167108
167108
167108
167108
167107
167106
167106
167105
167105
167105
167104
167103
167102
167101
167100
167099
167098
167097
167097
167096
167096
167096
167095
167094
167094
167094
167094
167094
167093
167093
167092
167092
167091
167090
167090
167090
167090
167089
167089
167088
167087
167087
167086
167085
167084
167083
167082
167081
167081
167080
167079
167078
167077
167076
167076
167075
167075
167075
167075
167074
167073
167072
167071
167070
167069
167068
167068
167067
167066
167066
167065
167065
167064
167063
167063
167063
167063
167063
167063
167062
167061
167060
167060
167060
167059
167058
167058
167057
167057
167056
167056
167055
167054
167054
167053
167052
167051
167050
167050
167049
167048
167047
167047
167046
167045
167044
167044
167043
167043
167042
167042
167041
167041
167040
167039
167038
167037
167037
167036
167035
167034
167034
167033
167032
167032
167031
167031
167030
167030
167029
167029
167029
167028
167027
167026
167025
167025
167025
167024
167023
167022
167021
167021
167021
167020
167019
167019
167018
167018
167018
167017
167016
167016
167015
167014
167013
167012
167011
167011
167010
167010
167010
167009
167008
167007
167007
167006
167006
167005
167005
167004
167003
167002
167001
167000
167000
166999
166998
166997
166997
166996
166995
166994
166994
166993
166992
166991
166990
166990
166989
166988
166987
166986
166985
166984
166983
166982
166981
166980
166979
166978
166977
166976
166975
166974
166974
166974
166974
166974
166973
166973
166973
166972
166971
166970
166969
166969
166968
166967
166966
166965
166964
166964
166964
166964
166963
166962
166962
166961
166961
166961
166960
166960
166960
166960
166959
166958
166957
166957
166957
166957
166957
166956
166955
166955
166955
166955
166954
166954
166954
166953
166952
166951
166950
166949
166949
166948
166947
166946
166946
166946
166946
166945
166944
166943
166943
166942
166942
166941
166940
166939
166939
166938
166937
166936
166935
166935
166934
166933
166932
166931
166931
166930
166929
166929
166928
166927
166926
166925
166924
166923
166923
166922
166921
166920
166919
166919
166919
166919
166918
166917
166917
166916
166915
166915
166914
166913
166912
166911
166911
166911
166911
166910
166909
166909
166908
166908
166908
166908
166907
166906
166905
166904
166904
166903
166903
166902
166901
166900
166900
166900
166899
166898
166897
166896
166896
166896
166896
166895
166894
166894
166894
166894
166893
166893
166892
166891
166890
166889
166889
166889
166888
166887
166886
166885
166884
166883
166882
166881
166881
166881
166881
166880
166880
166879
166879
166878
166877
166876
166875
166875
166874
166873
166872
166872
166872
166872
166871
166870
166869
166868
166868
166867
166866
166866
166865
166865
166864
166864
166864
166863
166862
166862
166862
166861
166861
166861
166861
166860
166859
166859
166859
166858
166857
166856
166855
166854
166853
166853
166853
166852
166851
166851
166850
166850
166849
166848
166847
166847
166846
166845
166844
166843
166843
166843
166842
166841
166840
166840
166839
166838
166837
166837
166836
166836
166835
166834
166833
166832
166831
166830
166830
166830
166830
166829
166829
166828
166827
166826
166826
166825
166824
166823
166822
166821
166821
166820
166819
166818
166817
166817
166816
166815
166814
166814
166814
166813
166812
166812
166812
166812
166812
166812
166812
166811
166810
166809
166808
166808
166807
166807
166806
166806
166805
166805
166804
166803
166803
166802
166802
166801
166800
166799
166798
166797
166796
166796
166795
166794
166794
166794
166793
166792
166791
166790
166789
166788
166787
166787
166787
166786
166786
166786
166785
166784
166784
166783
166783
166782
166781
166781
166780
166779
166778
166777
166777
166776
166775
166774
166774
166773
166773
166772
166772
166771
166770
166770
166769
166769
166768
166768
166767
166767
166767
166766
166765
166765
166764
166763
166762
166762
166762
166761
166760
166760
166759
166758
166758
166757
166757
166756
166755
166754
166753
166752
166752
166752
166751
166751
166750
166750
166749
166749
166749
166748
166747
166746
166745
166744
166744
166744
166743
166742
166742
166742
166741
166740
166739
166738
166738
166737
166736
166735
166734
166733
166732
166731
166731
166731
166730
166730
166729
166728
166728
166727
166726
166725
166724
166723
166722
166721
166721
166720
166719
166718
166717
166716
166716
166715
166714
166713
166713
166712
166712
166712
166711
166710
166709
166708
166708
166707
166706
166706
166706
166705
166704
166703
166703
166703
166702
166701
166700
166700
166700
166699
166698
166698
166697
166696
166696
166695
166694
166693
166692
166691
166690
166690
166689
166688
166687
166686
166686
166685
166685
166685
166684
166683
166682
166681
166681
166680
166680
166679
166678
166678
166677
166677
166676
166675
166674
166673
166672
166671
166671
166670
166670
166669
166668
166667
166667
166666
166665
166664
166663
166662
166661
166660
166659
166658
166658
166657
166656
166655
166655
166655
166654
166653
166652
166652
166651
166650
166649
166648
166648
166647
166647
166647
166646
166645
166645
166644
166644
166643
166642
166641
166640
166639
166638
166638
166637
166636
166635
166634
166633
166632
166632
166631
166630
166629
166628
166627
166627
166626
166626
166626
166625
166625
166625
166624
166623
166622
166621
166620
166619
166618
166618
166618
166618
166618
166617
166617
166616
166615
166614
166614
166613
166612
166611
166610
166610
166609
166608
166607
166606
166605
166604
166603
166603
166602
166602
166601
166601
166600
166599
166598
166598
166597
166596
166595
166594
166593
166592
166591
166590
166589
166589
166588
166587
166586
166585
166584
166583
166583
166582
166582
166581
166580
166579
166578
166577
166576
166575
166575
166574
166573
166572
166571
166571
166570
166569
166568
166567
166566
166565
166565
166564
166563
166562
166562
166562
166561
166560
166559
166559
166558
166557
166557
166556
166556
166556
166555
166555
166554
166553
166552
166551
166551
166551
166551
166550
166549
166549
166548
166547
166546
166545
166545
166545
166544
166543
166543
166543
166542
166542
166541
166540
166540
166539
166538
166537
166536
166536
166535
166534
166533
166532
166531
166530
166530
166529
166528
166528
166527
166526
166525
166524
166524
166524
166524
166523
166522
166521
166520
166519
166518
166518
166517
166517
166516
166515
166514
166514
166513
166512
166511
166510
166509
166508
166507
166506
166506
166505
166505
166504
166504
166503
166502
166501
166500
166500
166500
166499
166498
166497
166496
166495
166494
166493
166492
166492
166491
166491
166490
166490
166489
166489
166489
166489
166488
166487
166487
166487
166486
166485
166484
166483
166482
166481
166481
166480
166479
166478
166477
166476
166476
166475
166474
166474
166474
166473
166472
166471
166471
166470
166470
166469
166469
166468
166468
166468
166468
166467
166467
166466
166466
166465
166464
166463
166462
166461
166461
166460
166460
166460
166459
166458
166458
166458
166457
166456
166455
166454
166453
166452
166452
166451
166450
166450
166449
166448
166447
166446
166445
166444
166443
166443
166443
166443
166443
166442
166441
166440
166439
166438
166437
166436
166435
166435
166434
166433
166433
166433
166433
166432
166431
166430
166429
166428
166427
166426
166425
166424
166423
166422
166421
166420
166420
166419
166419
166418
166418
166417
166416
166416
166415
166414
166414
166414
166414
166413
166413
166412
166411
166410
166409
166408
166408
166407
166406
166406
166406
166406
166405
166404
166404
166403
166402
166401
166401
166400
166399
166398
166397
166396
166395
166395
166394
166394
166394
166393
166393
166393
166393
166392
166391
166390
166389
166388
166387
166386
166385
166384
166384
166383
166382
166381
166381
166380
166379
166378
166377
166376
166375
166374
166373
166373
166373
166372
166371
166371
166371
166370
166369
166368
166368
166367
166367
166367
166367
166366
166365
166364
166363
166362
166362
166362
166361
166360
166360
166359
166358
166357
166356
166355
166355
166354
166353
166352
166351
166351
166350
166349
166349
166348
166347
166346
166346
166346
166345
166345
166344
166343
166342
166341
166341
166340
166339
166338
166337
166337
166337
166336
166335
166334
166333
166332
166331
166331
166330
166329
166328
166327
166326
166326
166325
166324
166324
166324
166323
166323
166322
166322
166322
166322
166321
166321
166321
166320
166319
166318
166317
166316
166315
166314
166313
166313
166313
166312
166311
166310
166309
166308
166308
166308
166307
166306
166305
166304
166303
166303
166302
166301
166300
166299
166299
166298
166298
166298
166297
166296
166295
166295
166294
166293
166293
166292
166291
166291
166290
166289
166288
166287
166286
166285
166284
166284
166283
166283
166282
166281
166280
166280
166279
166278
166278
166277
166276
166275
166275
166275
166274
166274
166273
166272
166272
166271
166270
166269
166269
166268
166267
166267
166267
166266
166265
166264
166263
166263
166263
166262
166262
166261
166260
166259
166258
166257
166257
166257
166256
166255
166254
166253
166252
166251
166251
166251
166250
166249
166248
166247
166246
166246
166245
166244
166243
166242
166241
166240
166239
166239
166238
166237
166236
166235
166234
166234
166233
166232
166231
166230
166229
166229
166229
166228
166228
166227
166227
166226
166225
166224
166224
166223
166223
166222
166221
166221
166220
166219
166218
166217
166216
166216
166215
166214
166213
166213
166212
166211
166210
166210
166210
166209
166208
166207
166206
166205
166204
166204
166203
166202
166202
166202
166201
166200
166199
166199
166198
166197
166196
166195
166195
166194
166194
166194
166194
166193
166192
166191
166190
166189
166188
166187
166187
166186
166186
166185
166184
166183
166182
166181
166180
166179
166178
166178
166177
166176
166176
166176
166175
166174
166173
166172
166171
166170
166169
166168
166167
166167
166166
166165
166164
166164
166163
166162
166161
166160
166159
166159
166158
166157
166156
166155
166154
166153
166152
166151
166150
166149
166148
166147
166146
166145
166145
166145
166144
166143
166142
166141
166141
166140
166140
166139
166139
166139
166139
166139
166139
166138
166137
166136
166135
166135
166134
166134
166134
166133
166132
166131
166130
166130
166129
166129
166128
166127
166126
166125
166125
166124
166123
166122
166122
166121
166120
166120
166119
166118
166118
166117
166116
166115
166114
166114
166113
166112
166111
166110
166110
166110
166109
166108
166108
166108
166107
166106
166105
166104
166103
166102
166101
166100
166100
166099
166098
166097
166096
166095
166094
166094
166094
166093
166093
166092
166091
166090
166089
166088
166087
166086
166086
166085
166084
166083
166082
166081
166080
166080
166079
166078
166077
166076
166075
166074
166073
166072
166071
166071
166070
166070
166069
166068
166067
166066
166065
166064
166063
166062
166061
166061
166060
166060
166060
166059
166058
166057
166056
166056
166055
166055
166054
166053
166052
166051
166050
166049
166049
166048
166047
166046
166046
166046
166046
166045
166044
166044
166044
166043
166042
166041
166040
166039
166038
166037
166036
166036
166036
166036
166035
166034
166033
166032
166031
166031
166030
166029
166029
166028
166027
166026
166025
166025
166024
166023
166023
166022
166021
166021
166020
166020
166020
166019
166018
166017
166016
166015
166014
166014
166013
166012
166012
166012
166011
166010
166009
166009
166009
166008
166007
166007
166006
166005
166005
166004
166004
166003
166002
166002
166001
166000
166000
165999
165998
165998
165997
165996
165995
165994
165993
165992
165991
165991
165991
165991
165991
165990
165989
165988
165988
165988
165987
165986
165985
165984
165984
165983
165983
165982
165981
165980
165979
165978
165977
165977
165977
165976
165976
165975
165974
165973
165973
165972
165971
165970
165970
165970
165969
165969
165969
165968
165967
165967
165966
165966
165965
165964
165963
165962
165961
165960
165959
165958
165957
165956
165955
165954
165954
165954
165954
165953
165952
165951
165950
165950
165949
165948
165947
165946
165945
165944
165943
165943
165943
165942
165942
165941
165941
165940
165940
165939
165938
165937
165936
165935
165934
165933
165933
165932
165931
165930
165929
165928
165928
165927
165926
165925
165925
165924
165923
165923
165922
165921
165920
165919
165919
165918
165917
165917
165916
165915
165914
165914
165913
165912
165911
165910
165910
165910
165909
165908
165907
165906
165906
165905
165904
165904
165904
165903
165902
165901
165900
165899
165899
165898
165898
165897
165897
165896
165896
165895
165894
165893
165892
165892
165891
165890
165889
165888
165888
165888
165887
165886
165886
165885
165884
165883
165883
165882
165881
165880
165880
165879
165878
165877
165877
165876
165875
165874
165873
165872
165871
165870
165869
165869
165868
165868
165867
165866
165865
165864
165863
165863
165863
165862
165862
165861
165861
165860
165859
165858
165858
165857
165856
165855
165854
165853
165852
165851
165851
165850
165849
165848
165848
165847
165846
165846
165845
165844
165843
165843
165842
165842
165841
165841
165840
165839
165838
165837
165837
165837
165836
165835
165834
165833
165832
165831
165831
165830
165829
165829
165828
165827
165827
165826
165825
165824
165824
165824
165824
165823
165822
165821
165820
165819
165819
165818
165817
165816
165815
165814
165814
165813
165812
165811
165810
165809
165809
165808
165807
165807
165806
165806
165805
165804
165804
165803
165802
165801
165800
165799
165798
165797
165797
165797
165796
165796
165796
165796
165795
165795
165794
165794
165794
165793
165792
165791
165790
165789
165788
165787
165787
165787
165787
165786
165785
165784
165784
165783
165782
165781
165781
165780
165779
165778
165778
165777
165776
165776
165775
165774
165774
165774
165774
165774
165773
165772
165771
165770
165770
165769
165768
165767
165766
165765
165765
165764
165763
165762
165762
165761
165761
165760
165759
165758
165757
165756
165755
165755
165754
165754
165754
165754
165753
165752
165752
165751
165751
165750
165749
165748
165747
165746
165746
165745
165745
165745
165745
165744
165744
165743
165742
165741
165740
165740
165740
165739
165738
165737
165736
165735
165734
165734
165733
165732
165731
165730
165729
165728
165727
165726
165725
165724
165724
165723
165722
165721
165720
165719
165718
165717
165717
165717
165716
165715
165714
165714
165714
165713
165713
165712
165712
165711
165710
165709
165708
165707
165706
165706
165705
165705
165704
165703
165702
165701
165700
165699
165698
165697
165696
165695
165694
165693
165692
165691
165690
165689
165689
165689
165688
165687
165686
165685
165684
165683
165682
165681
165680
165679
165678
165677
165677
165676
165676
165676
165676
165675
165675
165674
165673
165672
165671
165670
165669
165669
165668
165667
165667
165666
165665
165665
165664
165664
165663
165662
165661
165660
165659
165658
165657
165656
165655
165655
165654
165654
165653
165652
165651
165650
165650
165649
165649
165649
165648
165648
165647
165647
165646
165646
165646
165645
165644
165644
165644
165643
165643
165643
165642
165641
165640
165639
165639
165638
165638
165638
165637
165636
165635
165635
165635
165634
165634
165633
165632
165631
165630
165629
165628
165627
165626
165625
165624
165624
165624
165623
165622
165621
165620
165619
165618
165618
165617
165616
165616
165616
165615
165615
165614
165613
165613
165612
165612
165611
165610
165609
165609
165608
165607
165607
165606
165605
165604
165604
165604
165603
165602
165601
165601
165601
165600
165599
165598
165597
165596
165595
165594
165593
165592
165591
165590
165589
165588
165587
165586
165586
165585
165585
165584
165583
165582
165581
165580
165580
165579
165578
165577
165577
165576
165575
165574
165573
165572
165572
165571
165571
165570
165569
165569
165568
165567
165566
165565
165565
165564
165564
165563
165562
165561
165560
165559
165558
165557
165557
165556
165555
165555
165555
165554
165553
165553
165552
165552
165551
165550
165550
165549
165548
165547
165547
165546
165545
165545
165545
165544
165544
165543
165542
165541
165540
165540
165540
165539
165538
165537
165536
165535
165534
165533
165532
165531
165530
165529
165528
165527
165527
165526
165525
165525
165525
165524
165523
165523
165522
165521
165520
165520
165520
165519
165518
165517
165516
165516
165516
165515
165514
165513
165513
165512
165512
165512
165511
165511
165511
165511
165511
165510
165509
165508
165507
165507
165507
165507
165507
165506
165505
165505
165505
165505
165504
165503
165502
165501
165501
165500
165499
165499
165498
165497
165496
165495
165495
165494
165493
165492
165491
165491
165490
165489
165489
165488
165487
165486
165486
165485
165485
165485
165485
165484
165483
165482
165481
165481
165480
165480
165480
165480
165479
165478
165477
165476
165476
165476
165476
165475
165474
165473
165472
165471
165470
165470
165470
165469
165469
165468
165467
165467
165467
165467
165466
165465
165464
165464
165464
165463
165462
165461
165460
165460
165460
165459
165458
165458
165457
165456
165455
165454
165453
165452
165451
165450
165449
165448
165448
165447
165446
165445
165444
165443
165443
165442
165442
165441
165440
165440
165439
165438
165437
165436
165435
165434
165433
165432
165432
165431
165431
165430
165429
165428
165428
165427
165426
165425
165425
165424
165423
165423
165422
165422
165421
165420
165419
165418
165417
165416
165416
165416
165415
165414
165413
165412
165412
165412
165412
165412
165411
165410
165410
165409
165408
165407
165406
165405
165404
165403
165402
165401
165400
165400
165399
165398
165397
165397
165396
165395
165395
165394
165394
165394
165393
165393
165392
165392
165391
165391
165390
165389
165388
165387
165387
165387
165386
165385
165384
165384
165383
165382
165381
165380
165379
165379
165378
165378
165377
165377
165376
165376
165375
165374
165373
165372
165372
165371
165371
165370
165369
165368
165368
165367
165366
165365
165364
165363
165362
165362
165362
165362
165361
165360
165359
165358
165357
165356
165355
165354
165353
165352
165351
165350
165349
165348
165347
165347
165347
165346
165346
165345
165344
165343
165343
165342
165341
165340
165339
165338
165337
165336
165336
165336
165335
165335
165334
165333
165332
165332
165331
165330
165329
165328
165327
165326
165325
165324
165324
165324
165323
165322
165321
165320
165319
165319
165318
165317
165317
165316
165316
165315
165314
165313
165312
165312
165311
165310
165310
165310
165309
165308
165307
165307
165306
165305
165305
165304
165303
165302
165301
165301
165300
165299
165298
165297
165297
165296
165296
165295
165294
165294
165293
165292
165291
165290
165289
165288
165287
165286
165285
165284
165283
165282
165282
165281
165280
165279
165279
165279
165278
165277
165277
165276
165275
165274
165273
165273
165273
165272
165271
165270
165270
165269
165268
165267
165266
165266
165265
165264
165263
165263
165262
165261
165260
165259
165258
165258
165257
165257
165256
165255
165254
165254
165253
165252
165252
165251
165250
165249
165248
165248
165247
165246
165246
165246
165245
165244
165243
165242
165241
165241
165240
165240
165239
165238
165237
165237
165236
165235
165234
165233
165232
165231
165230
165229
165228
165227
165226
165226
165225
165224
165223
165222
165221
165220
165219
165218
165218
165217
165217
165216
165215
165215
165214
165213
165213
165212
165212
165212
165212
165211
165210
165209
165208
165207
165207
165206
165205
165204
165203
165202
165202
165202
165202
165201
165200
165200
165200
165199
165199
165199
165199
165198
165198
165197
165197
165196
165195
165194
165193
165192
165192
165191
165190
165190
165190
165189
165189
165188
165187
165186
165186
165185
165185
165184
165183
165182
165182
165182
165181
165180
165179
165178
165178
165177
165176
165176
165175
165174
165173
165172
165171
165170
165169
165168
165167
165166
165165
165165
165165
165164
165164
165163
165163
165163
165162
165161
165161
165160
165159
165159
165158
165157
165156
165156
165155
165154
165154
165154
165153
165152
165152
165152
165151
165151
165150
165150
165150
165149
165148
165147
165146
165146
165145
165145
165144
165143
165143
165142
165142
165141
165141
165141
165140
165139
165138
165137
165136
165136
165135
165135
165135
165134
165133
165132
165131
165130
165129
165128
165127
165127
165127
165126
165125
165125
165125
165125
165124
165124
165123
165122
165121
165120
165119
165118
165117
165116
165116
165115
165114
165114
165113
165112
165112
165111
165110
165110
165110
165109
165108
165107
165106
165105
165105
165104
165103
165102
165101
165101
165101
165100
165100
165100
165099
165098
165097
165096
165096
165095
165094
165093
165092
165092
165091
165090
165090
165089
165089
165088
165087
165086
165085
165085
165085
165084
165083
165082
165082
165081
165080
165079
165078
165078
165077
165076
165076
165076
165076
165075
165075
165074
165073
165072
165071
165070
165070
165069
165068
165067
165066
165066
165065
165064
165063
165062
165061
165060
165059
165058
165058
165057
165057
165056
165056
165056
165055
165055
165054
165053
165052
165051
165050
165049
165048
165047
165046
165045
165044
165043
165042
165041
165040
165039
165038
165037
165036
165036
165036
165035
165034
165033
165033
165032
165031
165031
165030
165029
165028
165028
165028
165027
165027
165026
165025
165024
165023
165022
165021
165020
165020
165020
165019
165018
165017
165016
165016
165016
165015
165014
165013
165012
165011
165011
165010
165009
165008
165008
165007
165006
165005
165004
165003
165002
165001
165000
165000
164999
165000
165000
164999
164998
164997
164996
164996
164995
164994
164993
164992
164991
164990
164989
164988
164987
164986
164985
164984
164984
164983
164982
164981
164980
164979
164979
164979
164979
164978
164977
164976
164975
164974
164973
164972
164971
164970
164969
164968
164967
164967
164967
164966
164965
164964
164964
164963
164962
164962
164961
164961
164960
164959
164958
164957
164956
164956
164955
164954
164953
164952
164951
164950
164949
164948
164948
164947
164946
164945
164944
164944
164943
164943
164943
164943
164943
164943
164943
164942
164941
164941
164940
164939
164938
164938
164938
164938
164937
164937
164936
164935
164935
164934
164933
164932
164931
164930
164929
164928
164928
164927
164927
164927
164926
164926
164925
164925
164924
164923
164922
164921
164920
164919
164919
164918
164917
164916
164915
164915
164914
164913
164913
164913
164912
164912
164911
164910
164909
164908
164907
164906
164905
164904
164904
164903
164902
164902
164901
164900
164899
164898
164897
164897
164897
164896
164895
164895
164894
164894
164893
164893
164892
164891
164891
164891
164890
164889
164889
164888
164888
164888
164887
164887
164886
164886
164885
164884
164883
164882
164881
164880
164879
164878
164878
164878
164877
164876
164875
164875
164874
164873
164872
164872
164872
164871
164870
164869
164868
164868
164867
164867
164866
164865
164865
164864
164863
164862
164862
164862
164861
164860
164859
164858
164857
164856
164855
164855
164854
164854
164853
164853
164853
164852
164852
164852
164851
164850
164849
164849
164848
164848
164847
164847
164846
164845
164844
164844
164843
164843
164842
164842
164841
164840
164839
164839
164838
164837
164836
164835
164834
164833
164832
164831
164830
164830
164829
164828
164827
164827
164826
164825
164825
164824
164823
164823
164822
164822
164821
164820
164819
164819
164818
164817
164816
164816
164815
164814
164813
164812
164812
164812
164812
164812
164812
164811
164810
164809
164808
164807
164806
164805
164804
164804
164803
164802
164801
164801
164800
164799
164798
164797
164797
164796
164796
164795
164794
164794
164793
164792
164792
164792
164791
164790
164789
164789
164789
164788
164787
164786
164785
164784
164784
164783
164782
164782
164781
164780
164779
164778
164777
164776
164775
164775
164774
164773
164773
164772
164771
164771
164771
164770
164769
164769
164769
164769
164768
164768
164767
164767
164766
164765
164765
164764
164763
164762
164761
164761
164761
164760
164759
164758
164757
164756
164755
164754
164754
164753
164752
164751
164750
164750
164749
164748
164748
164747
164747
164747
164747
164746
164745
164744
164743
164743
164742
164741
164740
164739
164738
164737
164736
164735
164734
164734
164733
164732
164732
164732
164731
164730
164729
164728
164727
164726
164725
164724
164724
164723
164722
164721
164720
164720
164719
164718
164717
164716
164715
164714
164713
164712
164712
164711
164710
164709
164709
164708
164707
164706
164706
164705
164704
164704
164703
164702
164701
164701
164700
164699
164698
164698
164697
164696
164695
164695
164694
164693
164692
164691
164690
164689
164689
164688
164687
164687
164687
164686
164685
164685
164684
164684
164684
164683
164683
164682
164682
164681
164680
164679
164679
164678
164678
164677
164676
164676
164675
164674
164674
164674
164674
164673
164673
164672
164671
164671
164670
164670
164670
164669
164668
164667
164667
164667
164667
164666
164665
164664
164663
164663
164662
164661
164661
164660
164659
164659
164658
164657
164656
164656
164655
164654
164653
164652
164651
164650
164649
164648
164648
164647
164647
164646
164645
164644
164643
164642
164641
164640
164639
164638
164637
164636
164635
164634
164633
164632
164631
164630
164630
164629
164629
164629
164629
164628
164628
164627
164626
164625
164624
164624
164624
164623
164622
164621
164620
164619
164618
164618
164618
164617
164616
164615
164614
164614
164613
164613
164612
164611
164610
164609
164609
164608
164608
164608
164607
164606
164605
164604
164604
164603
164602
164602
164601
164601
164600
164599
164598
164598
164597
164597
164596
164596
164596
164595
164594
164594
164593
164592
164592
164591
164591
164591
164591
164591
164590
164589
164589
164588
164588
164588
164587
164587
164586
164585
164584
164584
164583
164583
164583
164582
164581
164580
164580
164579
164579
164578
164578
164577
164576
164576
164575
164574
164573
164572
164571
164570
164569
164568
164567
164566
164565
164565
164564
164563
164562
164561
164560
164560
164559
164558
164557
164556
164555
164554
164554
164553
164553
164552
164551
164550
164550
164550
164549
164548
164547
164547
164546
164546
164545
164544
164543
164542
164541
164540
164539
164538
164537
164537
164536
164535
164534
164534
164534
164534
164534
164533
164532
164532
164531
164531
164530
164529
164529
164529
164528
164527
164526
164526
164526
164525
164524
164523
164522
164521
164520
164520
164519
164518
164517
164516
164516
164516
164516
164515
164514
164513
164513
164512
164511
164510
164510
164509
164508
164507
164506
164506
164506
164505
164504
164503
164503
164503
164503
164502
164502
164501
164500
164499
164498
164497
164496
164495
164494
164493
164493
164492
164492
164491
164490
164489
164488
164487
164487
164486
164485
164484
164483
164482
164481
164480
164480
164480
164479
164478
164478
164477
164477
164476
164476
164476
164476
164476
164476
164475
164474
164473
164473
164472
164472
164471
164470
164469
164468
164467
164467
164467
164466
164465
164464
164463
164462
164461
164460
164459
164458
164458
164457
164456
164457
164457
164456
164455
164454
164453
164452
164451
164450
164450
164449
164448
164447
164446
164446
164446
164446
164445
164444
164443
164442
164441
164440
164439
164438
164437
164436
164435
164434
164433
164432
164431
164430
164429
164428
164427
164427
164426
164425
164424
164424
164424
164423
164422
164421
164421
164421
164420
164420
164419
164418
164417
164416
164415
164414
164414
164413
164412
164411
164410
164410
164410
164409
164409
164409
164408
164407
164407
164406
164405
164404
164403
164403
164402
164401
164400
164399
164398
164397
164397
164396
164395
164394
164393
164392
164391
164390
164389
164389
164388
164387
164387
164387
164386
164386
164386
164385
164385
164385
164385
164384
164383
164382
164382
164381
164381
164380
164380
164379
164378
164377
164376
164376
164375
164375
164374
164374
164373
164372
164371
164370
164369
164368
164367
164367
164367
164367
164367
164366
164365
164365
164364
164363
164363
164363
164362
164361
164361
164361
164360
164359
164358
164358
164358
164358
164358
164358
164357
164356
164356
164355
164355
164354
164354
164353
164352
164352
164352
164351
164351
164351
164350
164349
164348
164347
164346
164345
164344
164343
164343
164343
164342
164341
164341
164340
164340
164340
164339
164338
164337
164336
164336
164336
164335
164334
164333
164332
164331
164330
164329
164328
164327
164327
164326
164326
164325
164324
164323
164323
164322
164321
164320
164319
164318
164318
164317
164316
164315
164314
164313
164312
164311
164311
164310
164309
164309
164309
164309
164308
164307
164306
164305
164304
164304
164303
164302
164301
164300
164299
164298
164297
164296
164295
164294
164293
164293
164293
164292
164291
164290
164289
164288
164288
164287
164286
164286
164286
164285
164284
164283
164282
164281
164280
164280
164280
164279
164278
164277
164276
164276
164275
164275
164275
164274
164274
164273
164272
164271
164271
164270
164269
164268
164268
164267
164266
164265
164264
164263
164262
164261
164261
164260
164259
164258
164257
164257
164257
164256
164256
164256
164256
164256
164255
164255
164255
164254
164253
164253
164252
164252
164251
164250
164249
164249
164248
164248
164247
164246
164245
164244
164243
164242
164241
164241
164240
164239
164238
164237
164237
164236
164236
164235
164234
164234
164234
164233
164232
164231
164230
164229
164228
164227
164227
164226
164225
164225
164224
164224
164223
164223
164222
164221
164220
164220
164219
164219
164218
164217
164216
164215
164214
164213
164212
164212
164211
164211
164211
164210
164210
164209
164208
164207
164206
164205
164204
164203
164203
164202
164201
164201
164200
164200
164200
164199
164198
164198
164197
164196
164196
164195
164194
164193
164192
164191
164191
164191
164190
164190
164189
164188
164187
164186
164185
164184
164183
164182
164182
164182
164181
164180
164179
164178
164177
164177
164176
164175
164174
164173
164172
164171
164171
164171
164170
164170
164169
164169
164168
164168
164167
164166
164166
164165
164164
164163
164163
164163
164162
164161
164161
164160
164160
164159
164158
164157
164156
164156
164156
164155
164154
164153
164153
164152
164152
164152
164151
164150
164150
164149
164149
164148
164148
164147
164146
164145
164145
164144
164144
164143
164142
164142
164141
164140
164139
164139
164139
164138
164137
164136
164136
164136
164135
164135
164134
164134
164134
164134
164133
164132
164131
164130
164129
164128
164128
164127
164126
164125
164124
164123
164123
164122
164121
164120
164120
164119
164119
164118
164117
164116
164116
164115
164115
164114
164113
164113
164112
164111
164110
164109
164109
164109
164109
164108
164108
164107
164107
164107
164106
164105
164105
164105
164104
164103
164102
164101
164100
164099
164098
164098
164098
164097
164096
164095
164094
164093
164092
164091
164091
164090
164089
164089
164088
164087
164086
164086
164085
164084
164083
164082
164081
164080
164079
164079
164078
164078
164078
164077
164076
164075
164074
164074
164074
164074
164073
164072
164071
164070
164069
164068
164067
164066
164065
164064
164063
164062
164062
164061
164060
164059
164058
164057
164056
164055
164054
164053
164052
164052
164052
164052
164052
164051
164050
164049
164048
164047
164047
164046
164045
164044
164044
164043
164043
164043
164042
164041
164041
164041
164041
164040
164039
164038
164038
164038
164038
164037
164036
164035
164035
164034
164033
164032
164031
164030
164030
164029
164028
164027
164027
164026
164025
164024
164024
164023
164022
164021
164020
164019
164018
164018
164017
164016
164015
164014
164014
164014
164014
164013
164012
164012
164012
164011
164010
164009
164009
164008
164008
164007
164006
164005
164005
164004
164004
164004
164003
164002
164002
164001
164000
163999
163998
163997
163996
163996
163995
163994
163993
163993
163992
163991
163990
163989
163988
163988
163987
163986
163986
163985
163985
163984
163983
163983
163982
163981
163980
163980
163979
163978
163977
163977
163976
163975
163974
163973
163972
163971
163970
163969
163969
163969
163969
163969
163969
163969
163968
163967
163966
163965
163964
163963
163964
163963
163962
163962
163961
163960
163960
163959
163958
163957
163956
163955
163954
163953
163952
163952
163951
163950
163949
163948
163948
163947
163947
163946
163946
163945
163944
163943
163942
163941
163940
163939
163939
163938
163937
163936
163936
163935
163935
163935
163935
163934
163934
163934
163933
163933
163933
163933
163932
163931
163930
163929
163929
163929
163928
163927
163926
163925
163924
163924
163923
163923
163922
163921
163920
163919
163918
163917
163916
163916
163916
163915
163914
163913
163913
163912
163912
163912
163911
163910
163909
163909
163909
163908
163907
163907
163907
163906
163905
163904
163904
163903
163902
163901
163900
163899
163898
163897
163896
163895
163894
163894
163893
163892
163891
163890
163889
163888
163887
163886
163885
163884
163883
163882
163882
163882
163882
163882
163881
163881
163881
163880
163879
163878
163877
163877
163877
163877
163877
163876
163876
163876
163876
163875
163874
163873
163873
163872
163871
163870
163869
163868
163867
163866
163865
163865
163864
163863
163863
163862
163861
163860
163859
163859
163859
163858
163858
163857
163857
163856
163855
163854
163854
163854
163853
163853
163852
163852
163851
163850
163849
163849
163848
163848
163848
163847
163846
163845
163844
163843
163842
163842
163842
163841
163840
163839
163838
163837
163836
163835
163835
163835
163834
163833
163832
163831
163830
163829
163828
163827
163826
163825
163824
163823
163822
163822
163821
163820
163820
163820
163819
163818
163817
163816
163815
163814
163813
163812
163812
163812
163812
163811
163811
163811
163810
163810
163809
163808
163808
163807
163806
163805
163804
163803
163802
163801
163800
163799
163798
163799
163798
163798
163797
163797
163797
163797
163796
163795
163795
163794
163794
163794
163793
163793
163792
163792
163792
163792
163792
163791
163790
163789
163788
163787
163786
163785
163785
163784
163783
163783
163783
163783
163782
163781
163780
163779
163778
163777
163777
163777
163777
163776
163776
163775
163774
163773
163772
163771
163770
163769
163768
163767
163767
163766
163766
163765
163764
163764
163764
163763
163762
163761
163761
163760
163760
163759
163758
163758
163757
163756
163756
163755
163755
163755
163754
163754
163753
163752
163751
163750
163749
163748
163747
163746
163745
163744
163744
163744
163744
163744
163744
163743
163742
163742
163742
163741
163740
163739
163738
163737
163736
163735
163735
163734
163733
163732
163731
163730
163729
163729
163729
163728
163728
163728
163728
163728
163727
163727
163726
163726
163725
163724
163724
163723
163722
163721
163720
163720
163719
163719
163718
163717
163716
163715
163714
163713
163712
163711
163710
163709
163708
163707
163706
163705
163704
163703
163702
163701
163701
163700
163700
163700
163699
163698
163697
163697
163696
163695
163694
163693
163692
163691
163690
163689
163689
163688
163687
163686
163685
163684
163683
163682
163682
163682
163681
163680
163679
163678
163678
163677
163676
163676
163676
163676
163675
163674
163673
163672
163671
163670
163669
163668
163667
163667
163667
163666
163666
163666
163665
163665
163664
163663
163662
163661
163660
163660
163660
163660
163659
163659
163658
163657
163656
163655
163655
163654
163653
163652
163652
163651
163650
163649
163648
163647
163646
163645
163644
163643
163642
163642
163642
163641
163640
163639
163638
163637
163637
163636
163635
163634
163633
163632
163633
163633
163632
163631
163630
163629
163628
163627
163627
163627
163627
163626
163625
163625
163624
163623
163623
163623
163622
163621
163620
163619
163618
163617
163616
163616
163615
163615
163615
163614
163613
163612
163611
163611
163610
163609
163608
163608
163607
163606
163605
163604
163604
163603
163603
163603
163603
163603
163602
163601
163601
163601
163600
163600
163599
163598
163598
163597
163597
163596
163596
163596
163595
163594
163594
163593
163592
163591
163590
163589
163588
163587
163587
163587
163586
163585
163584
163584
163583
163583
163582
163582
163581
163581
163580
163579
163579
163578
163578
163577
163577
163576
163576
163575
163574
163573
163572
163572
163571
163570
163570
163569
163568
163567
163566
163566
163566
163566
163565
163565
163564
163563
163562
163562
163561
163560
163559
163558
163558
163558
163558
163557
163557
163556
163555
163554
163553
163552
163552
163553
163553
163552
163552
163551
163551
163550
163549
163549
163548
163547
163546
163545
163544
163544
163544
163543
163542
163541
163541
163540
163540
163539
163539
163539
163538
163537
163536
163535
163534
163533
163532
163531
163530
163530
163530
163530
163530
163529
163529
163529
163528
163527
163527
163527
163526
163526
163525
163525
163525
163525
163524
163524
163524
163523
163522
163521
163520
163519
163518
163517
163517
163516
163516
163516
163515
163514
163514
163513
163513
163512
163511
163511
163510
163510
163509
163509
163508
163507
163506
163506
163505
163504
163503
163502
163501
163500
163499
163498
163497
163496
163495
163495
163494
163494
163493
163492
163491
163491
163491
163490
163489
163489
163488
163487
163486
163486
163485
163484
163483
163482
163482
163482
163481
163481
163481
163481
163480
163479
163478
163478
163477
163476
163475
163475
163475
163475
163474
163474
163474
163473
163472
163471
163471
163471
163471
163470
163469
163468
163467
163467
163467
163466
163465
163465
163464
163463
163462
163461
163461
163461
163460
163460
163459
163458
163458
163458
163457
163456
163455
163455
163454
163453
163452
163451
163450
163449
163448
163448
163448
163448
163447
163447
163446
163445
163444
163443
163442
163441
163441
163440
163440
163439
163438
163438
163437
163437
163437
163436
163436
163436
163435
163435
163434
163433
163432
163432
163432
163431
163430
163430
163430
163429
163429
163428
163428
163427
163426
163425
163424
163424
163424
163423
163422
163421
163420
163419
163418
163417
163416
163415
163415
163415
163414
163413
163412
163411
163411
163410
163409
163408
163407
163407
163406
163405
163404
163403
163403
163402
163401
163400
163400
163399
163399
163398
163397
163396
163395
163395
163395
163394
163393
163392
163392
163391
163391
163390
163389
163388
163388
163387
163386
163385
163384
163383
163383
163382
163381
163380
163379
163378
163377
163376
163376
163376
163375
163375
163374
163373
163372
163371
163370
163369
163368
163367
163366
163366
163365
163365
163365
163364
163363
163362
163361
163360
163359
163358
163358
163357
163356
163355
163355
163354
163353
163352
163351
163351
163351
163350
163349
163349
163348
163347
163347
163347
163346
163346
163346
163345
163344
163344
163343
163343
163343
163342
163342
163341
163340
163339
163338
163337
163336
163335
163335
163334
163333
163333
163332
163332
163332
163332
163332
163331
163330
163330
163330
163329
163328
163327
163327
163327
163326
163325
163324
163323
163322
163321
163320
163319
163318
163317
163316
163315
163314
163313
163312
163311
163310
163309
163308
163307
163306
163305
163304
163303
163302
163302
163301
163300
163300
163299
163298
163297
163296
163295
163294
163293
163293
163292
163292
163291
163290
163289
163288
163287
163287
163286
163285
163284
163283
163282
163281
163280
163279
163279
163278
163278
163278
163277
163277
163276
163275
163274
163274
163273
163272
163272
163272
163271
163271
163270
163269
163268
163267
163266
163266
163265
163264
163263
163262
163261
163260
163259
163258
163258
163257
163256
163255
163254
163253
163252
163251
163251
163250
163249
163249
163248
163247
163247
163246
163246
163246
163246
163245
163244
163243
163242
163242
163241
163240
163239
163238
163237
163236
163235
163234
163233
163232
163231
163230
163229
163228
163228
163228
163228
163227
163227
163227
163226
163225
163224
163224
163223
163223
163222
163222
163222
163222
163222
163221
163221
163220
163219
163218
163218
163217
163216
163216
163215
163215
163214
163213
163212
163212
163211
163211
163211
163210
163210
163209
163208
163207
163206
163205
163205
163205
163204
163203
163202
163201
163201
163201
163200
163199
163198
163197
163196
163195
163195
163194
163194
163193
163192
163191
163190
163189
163188
163188
163188
163188
163188
163188
163188
163187
163186
163185
163184
163183
163182
163182
163181
163181
163180
163179
163179
163179
163178
163178
163178
163177
163176
163175
163174
163174
163174
163174
163174
163173
163173
163172
163171
163170
163169
163169
163168
163167
163167
163166
163165
163164
163163
163162
163162
163162
163161
163161
163160
163159
163158
163158
163157
163156
163155
163154
163153
163152
163152
163152
163152
163152
163151
163150
163150
163149
163148
163147
163146
163146
163145
163145
163144
163143
163142
163141
163140
163139
163138
163137
163137
163136
163136
163135
163134
163134
163133
163132
163132
163132
163132
163131
163130
163129
163128
163127
163126
163125
163124
163123
163122
163121
163121
163121
163120
163119
163118
163117
163116
163115
163114
163113
163112
163111
163110
163109
163109
163109
163109
163108
163107
163106
163105
163105
163104
163103
163102
163101
163100
163099
163098
163097
163096
163096
163095
163095
163094
163094
163094
163094
163094
163093
163092
163092
163092
163091
163091
163091
163091
163090
163089
163088
163088
163087
163086
163086
163086
163085
163084
163084
163084
163083
163082
163082
163081
163081
163081
163080
163079
163078
163077
163077
163077
163076
163076
163075
163074
163074
163074
163073
163073
163072
163071
163071
163071
163070
163069
163068
163067
163066
163065
163064
163063
163063
163062
163061
163061
163060
163060
163059
163059
163058
163058
163058
163057
163057
163057
163056
163055
163054
163053
163053
163053
163052
163051
163051
163051
163050
163049
163048
163047
163046
163046
163046
163045
163044
163043
163042
163041
163040
163039
163038
163037
163037
163036
163035
163035
163034
163033
163032
163031
163031
163030
163029
163028
163027
163027
163026
163025
163024
163024
163023
163022
163022
163021
163020
163019
163018
163017
163016
163016
163015
163014
163013
163012
163011
163010
163010
163009
163008
163007
163006
163005
163004
163004
163003
163003
163003
163003
163003
163002
163001
163001
163000
162999
162998
162997
162996
162995
162994
162993
162992
162991
162990
162989
162988
162987
162986
162985
162984
162984
162983
162982
162981
162981
162981
162980
162979
162978
162978
162978
162977
162977
162976
162975
162974
162973
162972
162971
162970
162969
162969
162969
162969
162969
162968
162968
