176217
176216
176215
176215
176214
176213
176213
176213
176213
176212
176211
176210
176209
176208
176207
176206
176206
176205
176204
176204
176203
176202
176202
176201
176201
176200
176199
176198
176197
176196
176196
176195
176195
176195
176194
176194
176193
176193
176193
176193
176192
176191
176190
176190
176189
176188
176187
176186
176186
176185
176185
176184
176183
176182
176182
176181
176180
176179
176179
176178
176177
176176
176175
176174
176174
176174
176173
176172
176171
176171
176171
176170
176169
176169
176168
176168
176167
176166
176165
176165
176164
176163
176163
176162
176162
176161
176161
176160
176159
176158
176158
176157
176156
176156
176156
176155
176154
176153
176152
176152
176151
176150
176149
176148
176147
176147
176147
176146
176145
176144
176143
176143
176142
176142
176141
176140
176139
176138
176138
176137
176136
176135
176134
176133
176133
176133
176132
176131
176131
176130
176129
176128
176127
176126
176126
176125
176125
176124
176123
176122
176122
176121
176120
176119
176118
176117
176116
176116
176115
176114
176113
176112
176112
176111
176111
176111
176110
176109
176108
176107
176106
176106
176105
176104
176103
176102
176102
176101
176100
176099
176098
176098
176097
176096
176096
176096
176095
176094
176093
176092
176092
176092
176091
176090
176089
176088
176088
176087
176086
176086
176086
176085
176084
176083
176083
176082
176081
176080
176080
176079
176078
176077
176077
176076
176075
176074
176074
176073
176072
176071
176070
176069
176068
176067
176066
176065
176065
176065
176064
176064
176064
176063
176062
176061
176061
176060
176059
176058
176058
176058
176057
176056
176055
176054
176053
176052
176052
176051
176050
176049
176049
176048
176047
176046
176045
176044
176044
176043
176042
176041
176041
176041
176040
176039
176038
176038
176037
176036
176036
176036
176035
176034
176033
176032
176031
176030
176030
176031
176031
176031
176030
176029
176028
176028
176027
176027
176026
176025
176024
176023
176023
176023
176023
176023
176022
176022
176022
176022
176021
176020
176019
176018
176017
176017
176017
176016
176015
176015
176014
176013
176012
176011
176010
176009
176009
176009
176008
176007
176006
176005
176004
176004
176003
176002
176001
176000
175999
175998
175998
175997
175996
175996
175995
175994
175993
175992
175991
175990
175989
175989
175988
175987
175986
175986
175985
175985
175984
175983
175982
175981
175980
175979
175978
175977
175977
175977
175977
175977
175976
175975
175974
175973
175972
175971
175971
175970
175970
175969
175969
175969
175968
175967
175966
175965
175964
175963
175962
175961
175960
175959
175958
175957
175957
175957
175956
175955
175955
175954
175953
175953
175952
175951
175950
175949
175949
175948
175948
175948
175948
175947
175947
175947
175946
175946
175946
175945
175944
175944
175944
175943
175943
175942
175941
175941
175941
175940
175939
175939
175938
175938
175937
175936
175935
175934
175933
175933
175932
175931
175930
175929
175928
175927
175926
175926
175926
175925
175924
175923
175923
175922
175922
175921
175921
175921
175921
175921
175920
175919
175918
175918
175918
175918
175917
175916
175916
175916
175916
175915
175915
175915
175914
175913
175912
175912
175912
175911
175910
175909
175908
175908
175908
175907
175906
175906
175905
175905
175905
175904
175903
175903
175903
175903
175902
175901
175900
175900
175899
175898
175897
175896
175896
175895
175894
175893
175893
175893
175893
175892
175891
175890
175889
175889
175888
175887
175886
175886
175885
175884
175883
175882
175881
175880
175879
175879
175878
175877
175876
175876
175875
175874
175873
175873
175872
175871
175870
175869
175868
175868
175867
175866
175865
175864
175864
175864
175864
175863
175862
175862
175861
175860
175859
175859
175859
175859
175858
175857
175856
175855
175854
175854
175853
175853
175852
175852
175851
175851
175851
175850
175849
175848
175847
175846
175845
175844
175844
175844
175843
175843
175842
175841
175841
175840
175839
175838
175838
175837
175837
175836
175835
175834
175833
175832
175832
175831
175830
175830
175829
175828
175827
175826
175825
175825
175825
175824
175823
175823
175822
175821
175820
175819
175818
175818
175817
175817
175816
175815
175814
175813
175812
175811
175811
175811
175811
175810
175809
175809
175809
175809
175808
175807
175806
175806
175806
175805
175804
175804
175804
175803
175803
175802
175801
175800
175799
175799
175798
175798
175797
175797
175797
175796
175795
175794
175793
175792
175791
175790
175789
175788
175788
175787
175786
175785
175784
175783
175782
175781
175780
175780
175779
175778
175777
175777
175776
175775
175775
175774
175773
175772
175771
175770
175769
175768
175767
175767
175766
175766
175765
175764
175764
175763
175762
175761
175761
175761
175760
175759
175758
175758
175757
175757
175757
175756
175755
175754
175754
175754
175753
175752
175751
175750
175750
175749
175749
175748
175747
175746
175745
175744
175744
175743
175743
175742
175742
175742
175741
175740
175740
175739
175738
175737
175736
175736
175735
175735
175734
175733
175732
175731
175730
175730
175730
175730
175730
175729
175728
175728
175727
175726
175726
175725
175725
175724
175723
175722
175721
175720
175720
175720
175719
175719
175719
175718
175717
175717
175716
175715
175715
175715
175714
175713
175713
175713
175712
175712
175712
175711
175710
175709
175709
175708
175707
175706
175705
175704
175704
175703
175703
175702
175701
175700
175699
175698
175698
175697
175696
175695
175695
175694
175693
175692
175692
175691
175691
175690
175689
175689
175688
175688
175688
175687
175686
175686
175685
175684
175683
175683
175682
175681
175680
175680
175679
175678
175677
175677
175677
175677
175676
175676
175675
175674
175673
175672
175672
175672
175672
175671
175670
175670
175669
175669
175669
175668
175668
175667
175666
175666
175665
175664
175664
175663
175662
175661
175661
175660
175660
175659
175659
175658
175657
175657
175656
175655
175654
175654
175654
175653
175652
175651
175650
175650
175650
175649
175649
175648
175647
175646
175645
175645
175644
175644
175644
175643
175643
175642
175642
175642
175641
175640
175639
175638
175637
175637
175636
175635
175634
175633
175633
175633
175633
175632
175631
175631
175630
175629
175628
175627
175626
175626
175625
175625
175625
175624
175624
175623
175622
175621
175620
175619
175619
175619
175619
175619
175618
175617
175616
175615
175615
175614
175613
175612
175611
175610
175610
175609
175609
175609
175608
175607
175606
175605
175604
175604
175603
175602
175601
175601
175601
175600
175600
175599
175599
175598
175598
175597
175596
175596
175595
175594
175593
175592
175591
175590
175589
175589
175589
175588
175587
175586
175585
175584
175583
175583
175582
175581
175580
175579
175578
175577
175577
175576
175575
175574
175574
175573
175572
175571
175570
175569
175568
175567
175566
175566
175565
175564
175563
175562
175561
175561
175560
175559
175559
175558
175557
175556
175555
175554
175553
175553
175552
175551
175550
175550
175550
175550
175550
175550
175549
175548
175547
175546
175546
175545
175544
175544
175543
175543
175543
175542
175542
175542
175541
175540
175539
175538
175537
175537
175536
175535
175534
175533
175533
175533
175533
175533
175533
175532
175531
175530
175529
175528
175528
175527
175527
175526
175526
175525
175524
175523
175522
175521
175520
175519
175519
175519
175519
175519
175519
175519
175519
175518
175517
175516
175515
175514
175513
175513
175512
175511
175510
175510
175509
175509
175508
175508
175507
175506
175505
175504
175504
175503
175503
175502
175502
175501
175500
175499
175498
175498
175497
175496
175496
175495
175495
175495
175494
175493
175492
175492
175491
175491
175490
175490
175489
175488
175488
175487
175486
175486
175485
175484
175483
175483
175483
175483
175482
175482
175481
175481
175480
175479
175478
175478
175478
175477
175476
175475
175475
175474
175473
175472
175471
175471
175470
175469
175468
175467
175466
175466
175465
175464
175464
175464
175463
175462
175461
175461
175460
175460
175460
175459
175458
175458
175457
175456
175455
175454
175453
175452
175451
175450
175449
175448
175447
175447
175446
175445
175444
175444
175444
175443
175442
175442
175441
175440
175440
175440
175440
175439
175438
175438
175438
175437
175436
175435
175434
175433
175432
175431
175430
175430
175429
175428
175427
175426
175425
175425
175424
175423
175422
175422
175421
175420
175419
175418
175417
175417
175416
175415
175414
175413
175412
175412
175412
175412
175411
175410
175410
175409
175408
175407
175406
175405
175404
175403
175403
175402
175401
175400
175399
175398
175397
175397
175396
175395
175395
175394
175393
175392
175391
175390
175389
175389
175388
175387
175387
175386
175386
175385
175384
175384
175383
175382
175381
175380
175379
175379
175378
175377
175377
175377
175376
175375
175374
175374
175373
175373
175373
175373
175372
175372
175372
175372
175372
175371
175370
175369
175368
175367
175366
175365
175364
175363
175362
175361
175361
175361
175360
175359
175359
175358
175358
175357
175357
175356
175356
175355
175354
175354
175353
175353
175352
175351
175350
175349
175349
175349
175348
175347
175347
175346
175346
175346
175345
175344
175343
175343
175342
175341
175340
175340
175339
175338
175337
175337
175336
175335
175334
175333
175333
175333
175333
175332
175331
175330
175329
175328
175328
175328
175327
175326
175326
175326
175325
175324
175323
175322
175321
175321
175320
175319
175318
175318
175317
175316
175315
175314
175313
175312
175311
175311
175310
175309
175308
175308
175308
175307
175307
175306
175305
175304
175303
175302
175301
175300
175299
175298
175297
175297
175297
175296
175295
175294
175293
175292
175291
175291
175291
175290
175289
175288
175287
175287
175287
175286
175285
175284
175284
175284
175283
175282
175282
175281
175280
175279
175278
175277
175277
175276
175275
175275
175274
175273
175272
175271
175270
175269
175269
175268
175267
175267
175267
175267
175266
175265
175265
175264
175263
175262
175262
175262
175262
175261
175260
175259
175259
175259
175259
175258
175258
175257
175256
175255
175254
175253
175252
175252
175252
175251
175251
175251
175250
175249
175249
175249
175248
175247
175246
175245
175244
175244
175244
175243
175243
175242
175242
175241
175240
175239
175238
175238
175237
175236
175235
175234
175233
175232
175231
175230
175229
175228
175227
175226
175225
175224
175223
175222
175222
175221
175220
175219
175218
175217
175217
175216
175215
175214
175214
175213
175212
175211
175211
175210
175209
175208
175208
175207
175207
175206
175205
175205
175204
175204
175203
175202
175202
175202
175202
175202
175201
175200
175199
175198
175197
175197
175196
175195
175195
175194
175193
175192
175191
175191
175190
175189
175188
175188
175187
175187
175186
175185
175185
175184
175184
175183
175182
175181
175180
175179
175178
175177
175176
175175
175174
175173
175172
175171
175170
175169
175168
175167
175166
175165
175164
175163
175163
175163
175162
175162
175161
175160
175159
175158
175158
175157
175156
175156
175156
175155
175155
175154
175153
175152
175152
175151
175150
175149
175148
175147
175146
175146
175146
175145
175145
175144
175144
175144
175144
175143
175143
175143
175142
175141
175140
175140
175140
175139
175138
175137
175136
175135
175134
175133
175132
175131
175130
175130
175130
175130
175129
175128
175128
175127
175127
175126
175125
175124
175124
175124
175123
175122
175121
175121
175120
175120
175120
175120
175119
175119
175118
175117
175117
175116
175116
175115
175114
175113
175112
175112
175111
175110
175109
175109
175108
175107
175106
175106
175105
175104
175103
175103
175102
175101
175100
175100
175100
175099
175099
175099
175098
175097
175097
175096
175095
175094
175093
175092
175091
175090
175089
175089
175088
175087
175086
175085
175085
175085
175084
175083
175082
175081
175081
175080
175079
175078
175078
175077
175076
175075
175075
175075
175075
175074
175074
175073
175072
175071
175070
175069
175068
175068
175067
175066
175066
175065
175064
175063
175063
175062
175061
175061
175061
175060
175059
175058
175057
175057
175056
175055
175054
175053
175053
175052
175051
175051
175050
175049
175048
175048
175048
175048
175047
175046
175046
175045
175044
175043
175042
175042
175041
175041
175040
175039
175039
175038
175037
175036
175035
175034
175033
175032
175031
175030
175029
175029
175029
175029
175029
175028
175028
175027
175026
175025
175024
175023
175023
175022
175022
175021
175021
175021
175020
175019
175019
175018
175017
175016
175016
175015
175014
175014
175013
175012
175012
175011
175011
175011
175011
175010
175009
175008
175007
175007
175006
175005
175004
175003
175002
175001
175000
174999
174998
174997
174997
174996
174995
174994
174993
174993
174993
174992
174991
174990
174989
174989
174989
174988
174987
174986
174985
174984
174984
174983
174983
174982
174982
174981
174981
174980
174979
174979
174979
174979
174978
174978
174977
174976
174975
174974
174974
174973
174972
174972
174971
174970
174969
174969
174969
174968
174968
174968
174968
174968
174967
174967
174966
174966
174965
174966
174965
174964
174963
174962
174961
174961
174961
174961
174960
174959
174958
174958
174957
174956
174955
174954
174953
174952
174951
174950
174950
174950
174949
174948
174947
174947
174946
174946
174945
174944
174943
174942
174942
174942
174941
174940
174940
174940
174939
174938
174938
174938
174937
174936
174935
174934
174933
174932
174931
174930
174929
174928
174928
174927
174926
174925
174925
174925
174924
174923
174923
174923
174922
174922
174921
174920
174919
174918
174917
174916
174916
174916
174915
174914
174914
174913
174912
174911
174910
174909
174909
174908
174907
174906
174905
174904
174903
174902
174901
174900
174899
174898
174898
174897
174897
174897
174896
174895
174895
174894
174893
174892
174891
174891
174890
174890
174889
174888
174888
174887
174886
174885
174884
174883
174882
174881
174880
174879
174879
174878
174878
174877
174877
174876
174876
174876
174875
174874
174874
174873
174873
174872
174871
174870
174869
174868
174867
174866
174865
174864
174863
174863
174862
174862
174861
174861
174860
174860
174859
174858
174858
174857
174856
174855
174854
174854
174853
174852
174851
174850
174849
174848
174847
174846
174845
174844
174843
174843
174843
174842
174841
174840
174839
174838
174837
174836
174836
174835
174834
174833
174832
174831
174830
174829
174828
174828
174827
174826
174826
174825
174825
174824
174823
174822
174821
174820
174819
174818
174817
174816
174815
174815
174814
174814
174813
174812
174811
174810
174809
174808
174808
174807
174806
174806
174805
174804
174803
174802
174801
174800
174799
174798
174797
174796
174795
174794
174794
174793
174792
174792
174791
174790
174789
174789
174788
174787
174786
174785
174785
174784
174784
174783
174783
174782
174781
174780
174779
174778
174778
174777
174776
174776
174775
174774
174773
174773
174772
174772
174772
174772
174771
174770
174770
174769
174768
174768
174767
174767
174766
174765
174764
174764
174764
174764
174764
174763
174762
174761
174761
174760
174759
174759
174759
174759
174758
174758
174757
174756
174756
174755
174755
174754
174753
174752
174752
174752
174752
174751
174750
174749
174748
174748
174747
174746
174745
174744
174744
174743
174742
174742
174742
174741
174740
174739
174738
174738
174737
174736
174735
174735
174735
174734
174734
174734
174733
174732
174731
174730
174729
174728
174727
174726
174725
174724
174724
174723
174723
174723
174722
174721
174720
174719
174719
174719
174719
174719
174718
174717
174716
174715
174714
174713
174712
174712
174711
174710
174709
174709
174708
174707
174706
174705
174704
174703
174703
174703
174703
174703
174703
174703
174703
174702
174701
174701
174700
174699
174698
174697
174697
174696
174696
174696
174695
174695
174694
174694
174693
174692
174691
174690
174689
174688
174688
174687
174686
174685
174684
174683
174682
174681
174680
174679
174678
174677
174677
174676
174676
174676
174675
174674
174673
174673
174673
174672
174671
174670
174669
174668
174668
174667
174666
174665
174665
174664
174663
174663
174662
174662
174662
174661
174660
174659
174658
174657
174657
174656
174655
174654
174653
174652
174652
174651
174650
174649
174648
174647
174646
174645
174645
174644
174643
174642
174641
174641
174640
174639
174638
174638
174637
174636
174635
174635
174634
174633
174632
174632
174631
174631
174630
174630
174629
174629
174628
174627
174626
174626
174625
174624
174623
174622
174622
174621
174620
174620
174619
174618
174618
174617
174616
174615
174614
174613
174613
174613
174612
174611
174611
174610
174609
174608
174607
174607
174606
174606
174606
174606
174605
174605
174604
174603
174602
174601
174601
174600
174599
174598
174597
174597
174597
174596
174596
174595
174594
174593
174592
174592
174591
174591
174590
174590
174589
174589
174589
174588
174587
174586
174585
174584
174583
174582
174582
174582
174582
174581
174581
174580
174579
174578
174577
174576
174575
174574
174573
174573
174572
174571
174570
174570
174570
174569
174568
174567
174567
174567
174567
174567
174566
174565
174564
174564
174564
174563
174562
174562
174562
174561
174560
174559
174558
174558
174557
174556
174556
174556
174556
174555
174554
174553
174553
174553
174553
174552
174552
174551
174550
174549
174548
174547
174546
174545
174545
174544
174543
174543
174542
174541
174541
174540
174539
174538
174537
174536
174536
174536
174535
174535
174534
174533
174533
174532
174531
174530
174530
174529
174528
174527
174526
174525
174525
174524
174524
174523
174522
174522
174522
174522
174522
174521
174521
174520
174519
174518
174518
174517
174516
174516
174515
174514
174514
174514
174513
174513
174512
174512
174511
174510
174510
174510
174509
174509
174508
174508
174507
174506
174506
174505
174505
174504
174503
174502
174502
174502
174502
174501
174500
174499
174499
174499
174498
174498
174497
174497
174496
174496
174495
174494
174494
174493
174492
174491
174491
174491
174490
174489
174488
174488
174487
174486
174486
174485
174484
174483
174482
174481
174480
174479
174479
174479
174478
174477
174476
174476
174476
174475
174475
174475
174474
174473
174472
174471
174471
174471
174470
174469
174468
174468
174467
174466
174465
174465
174464
174464
174463
174462
174462
174461
174461
174460
174459
174458
174457
174456
174455
174454
174454
174453
174452
174452
174451
174450
174450
174450
174449
174448
174447
174446
174446
174445
174444
174444
174443
174443
174442
174441
174441
174440
174440
174439
174438
174438
174438
174437
174437
174436
174435
174435
174435
174434
174433
174432
174432
174432
174431
174431
174431
174431
174430
174429
174428
174427
174426
174425
174425
174425
174424
174423
174422
174422
174422
174421
174420
174419
174418
174418
174417
174416
174416
174415
174414
174413
174412
174411
174410
174409
174408
174407
174406
174405
174405
174404
174403
174403
174402
174401
174400
174399
174398
174397
174397
174396
174396
174395
174394
174394
174393
174392
174391
174390
174389
174388
174388
174387
174387
174386
174385
174385
174384
174384
174384
174383
174382
174382
174382
174381
174381
174381
174380
174379
174378
174377
174376
174375
174375
174374
174374
174373
174372
174371
174370
174369
174369
174368
174368
174367
174366
174365
174365
174364
174363
174363
174363
174362
174361
174360
174359
174359
174358
174358
174357
174356
174356
174356
174355
174354
174353
174352
174352
174351
174350
174349
174348
174348
174347
174346
174346
174345
174344
174343
174342
174341
174340
174339
174338
174337
174336
174336
174336
174335
174335
174334
174334
174333
174332
174332
174331
174330
174329
174329
174329
174328
174327
174327
174326
174325
174324
174324
174323
174322
174321
174320
174320
174319
174318
174317
174317
174316
174315
174314
174313
174313
174312
174311
174310
174310
174310
174310
174310
174309
174309
174309
174308
174308
174307
174306
174305
174305
174304
174303
174303
174302
174301
174300
174299
174298
174298
174297
174297
174296
174296
174295
174295
174294
174294
174293
174293
174293
174292
174292
174291
174291
174291
174290
174290
174290
174289
174288
174287
174287
174286
174286
174285
174284
174283
174282
174281
174280
174279
174279
174278
174277
174276
174275
174275
174275
174274
174274
174273
174272
174271
174270
174269
174268
174268
174267
174266
174266
174266
174265
174265
174264
174263
174262
174261
174260
174259
174258
174257
174256
174255
174255
174254
174254
174254
174253
174253
174252
174251
174250
174249
174248
174248
174247
174246
174247
174246
174245
174244
174244
174243
174243
174242
174241
174240
174240
174240
174239
174238
174237
174237
174236
174235
174234
174234
174233
174232
174231
174230
174230
174229
174228
174228
174228
174228
174227
174227
174226
174225
174224
174223
174222
174221
174220
174220
174219
174219
174218
174217
174216
174215
174215
174214
174214
174213
174213
174212
174211
174211
174210
174210
174209
174208
174207
174206
174205
174204
174203
174202
174202
174201
174200
174199
174198
174197
174197
174196
174195
174194
174193
174192
174191
174191
174190
174190
174189
174189
174189
174188
174187
174186
174186
174186
174185
174184
174183
174182
174181
174181
174181
174180
174179
174178
174177
174176
174176
174176
174176
174175
174174
174174
174173
174172
174172
174172
174171
174170
174170
174170
174170
174169
174169
174168
174167
174167
174167
174166
174165
174164
174163
174162
174161
174161
174160
174159
174159
174158
174157
174156
174155
174154
174153
174152
174151
174151
174150
174149
174148
174148
174147
174147
174146
174146
174146
174145
174144
174143
174142
174141
174141
174140
174139
174139
174138
174137
174137
174136
174135
174134
174134
174133
174133
174133
174133
174132
174132
174131
174131
174131
174131
174131
174130
174129
174129
174128
174128
174127
174127
174127
174126
174126
174125
174125
174124
174123
174122
174122
174121
174120
174119
174118
174117
174116
174115
174115
174114
174113
174112
174111
174111
174110
174110
174110
174109
174109
174109
174108
174107
174106
174106
174105
174104
174103
174102
174102
174101
174100
174099
174098
174097
174096
174095
174094
174093
174092
174092
174092
174091
174090
174090
174089
174089
174088
174087
174086
174086
174085
174085
174084
174084
174084
174084
174084
174083
174083
174082
174081
174080
174079
174079
174079
174079
174078
174077
174077
174076
174076
174075
174074
174074
174073
174072
174071
174070
174070
174069
174068
174068
174067
174066
174066
174065
174064
174064
174063
174063
174063
174062
174061
174060
174060
174060
174059
174058
174058
174057
174056
174055
174054
174053
174053
174052
174051
174050
174049
174048
174047
174046
174046
174045
174045
174044
174043
174042
174041
174040
174039
174038
174037
174036
174035
174034
174034
174034
174033
174033
174033
174033
174033
174033
174032
174031
174030
174030
174030
174031
174031
174030
174029
174028
174027
174026
174025
174025
174025
174024
174024
174023
174022
174022
174021
174020
174019
174018
174017
174016
174015
174014
174013
174012
174011
174011
174010
174009
174008
174007
174006
174006
174006
174005
174004
174003
174002
174001
174001
174000
174000
173999
173998
173997
173997
173996
173995
173994
173993
173993
173992
173991
173990
173989
173988
173987
173987
173987
173986
173985
173984
173984
173983
173983
173982
173982
173981
173981
173980
173979
173978
173978
173977
173976
173975
173974
173973
173972
173972
173972
173971
173970
173969
173969
173968
173967
173966
173966
173965
173964
173964
173963
173962
173961
173960
173959
173958
173957
173957
173956
173955
173955
173955
173955
173955
173954
173953
173953
173953
173953
173952
173951
173950
173949
173948
173947
173946
173945
173945
173944
173943
173942
173941
173941
173941
173940
173939
173939
173938
173937
173936
173935
173934
173934
173933
173932
173931
173931
173930
173930
173929
173928
173928
173927
173927
173926
173926
173926
173926
173925
173924
173923
173922
173921
173920
173919
173919
173918
173917
173916
173915
173914
173913
173912
173912
173912
173911
173910
173909
173908
173907
173906
173905
173904
173904
173903
173903
173903
173903
173903
173902
173901
173900
173899
173898
173898
173897
173896
173896
173895
173895
173894
173894
173893
173893
173892
173891
173890
173889
173889
173888
173888
173887
173886
173886
173886
173885
173884
173883
173882
173881
173880
173879
173878
173877
173876
173876
173876
173875
173875
173874
173874
173874
173873
173872
173872
173872
173872
173871
173870
173869
173868
173868
173868
173868
173867
173866
173865
173864
173864
173863
173862
173862
173862
173861
173860
173859
173858
173857
173857
173856
173855
173855
173855
173854
173854
173853
173852
173852
173852
173852
173851
173851
173850
173850
173849
173848
173848
173847
173846
173845
173845
173844
173843
173842
173841
173840
173839
173838
173837
173836
173835
173834
173834
173833
173833
173833
173832
173832
173831
173830
173830
173829
173829
173828
173828
173828
173828
173827
173826
173825
173824
173823
173822
173821
173820
173820
173819
173818
173817
173817
173817
173817
173816
173816
173815
173815
173815
173814
173814
173813
173812
173811
173811
173810
173810
173809
173808
173807
173807
173807
173806
173805
173804
173803
173802
173801
173800
173800
173800
173799
173798
173798
173798
173797
173796
173797
173796
173796
173796
173795
173795
173795
173794
173794
173793
173792
173791
173791
173790
173790
173789
173788
173787
173787
173786
173786
173785
173784
173783
173782
173781
173780
173779
173779
173778
173777
173777
173776
173775
173774
173773
173772
173771
173770
173770
173769
173768
173767
173766
173765
173764
173763
173763
173762
173761
173760
173760
173759
173759
173759
173758
173757
173756
173755
173754
173753
173752
173752
173751
173750
173749
173748
173747
173746
173745
173744
173743
173743
173743
173742
173741
173740
173739
173738
173737
173736
173735
173735
173734
173734
173734
173733
173733
173732
173731
173730
173729
173729
173728
173727
173726
173725
173725
173725
173725
173725
173724
173724
173723
173723
173722
173722
173722
173721
173720
173719
173718
173717
173716
173715
173715
173714
173713
173712
173712
173711
173710
173710
173709
173709
173708
173708
173708
173708
173708
173707
173707
173706
173706
173705
173705
173704
173703
173702
173701
173700
173699
173698
173697
173696
173695
173694
173693
173692
173691
173690
173689
173688
173687
173686
173685
173685
173684
173683
173682
173682
173681
173681
173680
173679
173678
173678
173677
173677
173677
173676
173675
173674
173674
173673
173672
173671
173670
173669
173668
173667
173666
173665
173664
173664
173663
173662
173662
173661
173661
173660
173659
173658
173658
173657
173657
173656
173655
173654
173654
173654
173654
173653
173652
173652
173652
173652
173652
173652
173652
173651
173650
173649
173648
173647
173646
173645
173644
173643
173643
173642
173641
173640
173639
173638
173638
173637
173636
173635
173635
173634
173634
173633
173633
173633
173632
173631
173631
173630
173629
173628
173628
173627
173626
173626
173626
173626
173625
173625
173624
173623
173622
173621
173621
173621
173620
173619
173619
173618
173617
173617
173616
173616
173615
173614
173613
173612
173611
173610
173610
173609
173608
173607
173607
173606
173605
173604
173604
173603
173603
173602
173602
173601
173600
173600
173599
173599
173598
173598
173597
173596
173595
173594
173593
173592
173591
173590
173589
173588
173587
173586
173586
173585
173584
173583
173583
173582
173581
173580
173579
173578
173577
173576
173575
173574
173573
173572
173571
173570
173570
173569
173569
173568
173567
173566
173565
173564
173564
173563
173562
173561
173561
173560
173559
173558
173558
173558
173557
173557
173557
173556
173555
173554
173553
173552
173551
173550
173549
173548
173548
173547
173547
173546
173545
173544
173543
173543
173542
173541
173540
173539
173539
173539
173538
173537
173536
173535
173534
173533
173532
173532
173531
173530
173529
173529
173528
173527
173526
173525
173524
173523
173522
173522
173521
173520
173519
173519
173518
173517
173517
173517
173517
173516
173516
173515
173515
173515
173514
173513
173513
173512
173511
173510
173510
173509
173508
173507
173506
173506
173505
173505
173504
173503
173503
173502
173501
173500
173500
173500
173499
173498
173497
173496
173495
173495
173495
173494
173494
173493
173493
173492
173492
173491
173490
173490
173490
173489
173488
173487
173486
173485
173484
173484
173484
173483
173482
173481
173480
173479
173478
173478
173477
173476
173476
173475
173474
173473
173472
173471
173470
173470
173469
173468
173468
173468
173467
173466
173465
173465
173464
173464
173463
173463
173463
173463
173462
173461
173460
173460
173459
173458
173457
173457
173456
173455
173454
173454
173454
173453
173452
173451
173450
173449
173449
173448
173447
173447
173446
173446
173445
173444
173443
173442
173441
173440
173439
173439
173438
173437
173437
173436
173435
173435
173434
173434
173433
173432
173433
173432
173431
173430
173429
173428
173427
173426
173425
173424
173423
173423
173423
173422
173421
173421
173420
173419
173419
173419
173418
173417
173417
173416
173415
173414
173413
173412
173411
173410
173409
173408
173408
173407
173406
173405
173404
173404
173403
173402
173402
173401
173400
173399
173398
173397
173396
173395
173395
173394
173394
173393
173393
173392
173391
173390
173389
173388
173388
173387
173386
173385
173384
173383
173383
173382
173381
173381
173380
173379
173379
173378
173377
173377
173376
173375
173375
173374
173373
173373
173373
173372
173372
173371
173371
173370
173369
173369
173368
173367
173366
173365
173364
173363
173363
173363
173362
173362
173362
173361
173360
173360
173359
173358
173357
173357
173356
173356
173355
173354
173354
173353
173352
173351
173350
173350
173350
173350
173349
173349
173348
173347
173347
173346
173345
173344
173343
173342
173342
173341
173340
173339
173338
173337
173337
173336
173336
173335
173334
173333
173332
173331
173330
173329
173329
173328
173327
173327
173326
173325
173324
173324
173323
173322
173321
173320
173320
173319
173318
173317
173317
173316
173315
173314
173313
173312
173311
173310
173309
173308
173307
173306
173305
173304
173303
173302
173302
173301
173300
173300
173299
173298
173297
173296
173295
173294
173294
173293
173293
173292
173291
173290
173290
173289
173288
173288
173287
173287
173286
173286
173286
173285
173285
173284
173284
173284
173284
173283
173282
173281
173280
173279
173278
173277
173276
173275
173274
173273
173272
173271
173270
173270
173270
173269
173269
173268
173267
173266
173265
173264
173263
173262
173262
173261
173261
173261
173260
173260
173259
173258
173257
173256
173255
173254
173253
173253
173253
173252
173252
173251
173251
173250
173249
173248
173248
173248
173248
173248
173247
173246
173245
173245
173244
173243
173242
173241
173240
173240
173240
173239
173239
173239
173238
173237
173236
173236
173235
173234
173233
173233
173233
173233
173233
173233
173232
173231
173230
173230
173230
173229
173228
173227
173227
173227
173227
173226
173225
173225
173224
173224
173223
173222
173221
173220
173220
173220
173219
173218
173218
173218
173217
173216
173215
173214
173214
173213
173213
173212
173211
173210
173209
173209
173208
173207
173206
173205
173204
173203
173202
173202
173201
173200
173199
173199
173198
173199
173198
173197
173197
173197
173196
173195
173195
173194
173194
173193
173192
173191
173190
173189
173188
173188
173187
173186
173185
173185
173184
173184
173183
173183
173183
173182
173181
173180
173179
173178
173177
173176
173176
173175
173175
173175
173174
173174
173174
173173
173172
173171
173170
173169
173168
173167
173166
173165
173165
173164
173163
173163
173162
173162
173161
173160
173159
173159
173158
173157
173156
173155
173155
173154
173153
173153
173152
173152
173152
173151
173150
173150
173151
173150
173150
173149
173149
173149
173148
173147
173146
173146
173145
173144
173143
173142
173141
173141
173141
173141
173140
173139
173139
173139
173139
173138
173138
173138
173137
173136
173135
173134
173133
173132
173131
173131
173130
173129
173128
173127
173127
173127
173127
173126
173126
173125
173125
173124
173123
173122
173121
173121
173121
173121
173121
173120
173120
173119
173118
173117
173116
173115
173114
173113
173113
173112
173111
173111
173111
173110
173109
173108
173107
173106
173105
173104
173103
173102
173101
173100
173099
173098
173097
173097
173097
173096
173096
173095
173094
173093
173093
173092
173092
173091
173090
173089
173088
173088
173088
173087
173086
173085
173084
173083
173082
173081
173081
173080
173079
173079
173078
173078
173077
173077
173076
173075
173074
173073
173073
173073
173072
173071
173071
173071
173070
173069
173068
173068
173067
173066
173065
173064
173063
173062
173061
173060
173060
173059
173058
173057
173056
173055
173054
173053
173052
173051
173050
173049
173049
173048
173047
173047
173047
173046
173046
173045
173045
173044
173043
173043
173042
173041
173040
173039
173038
173038
173038
173038
173038
173037
173036
173036
173036
173035
173034
173034
173033
173032
173031
173031
173030
173030
173029
173028
173027
173026
173026
173025
173025
173025
173024
173023
173022
173021
173021
173021
173020
173019
173018
173018
173018
173017
173016
173016
173015
173014
173014
173014
173013
173013
173013
173012
173012
173012
173011
173011
173010
173009
173008
173008
173007
173006
173005
173004
173004
173003
173003
173002
173002
173002
173002
173001
173001
173000
172999
172998
172997
172996
172995
172995
172995
172995
172995
172995
172994
172994
172993
172992
172991
172990
172990
172989
172988
172987
172986
172985
172984
172983
172982
172981
172981
172980
172980
172979
172979
172978
172978
172977
172976
172976
172975
172974
172973
172973
172972
172972
172971
172970
172970
172970
172969
172968
172967
172967
172966
172965
172964
172963
172963
172962
172961
172960
172959
172958
172957
172956
172955
172955
172954
172954
172953
172953
172953
172952
172951
172950
172950
172949
172948
172947
172947
172946
172945
172944
172943
172942
172941
172941
172941
172940
172939
172939
172938
172938
172937
172936
172936
172935
172934
172933
172932
172931
172930
172929
172928
172927
172926
172926
172925
172925
172925
172924
172924
172924
172924
172923
172922
172921
172920
172920
172919
172918
172918
172917
172916
172916
172915
172915
172914
172913
172912
172911
172911
172911
172911
172910
172909
172908
172907
172906
172905
172904
172903
172902
172901
172900
172899
172898
172898
172897
172897
172896
172895
172894
172893
172893
172892
172891
172891
172890
172889
172889
172889
172888
172887
172886
172885
172884
172883
172882
172882
172881
172880
172879
172879
172879
172878
172878
172877
172876
172875
172874
172873
172873
172872
172871
172870
172870
172869
172868
172867
172866
172866
172865
172865
172864
172863
172862
172862
172861
172860
172859
172858
172857
172856
172855
172854
172853
172852
172852
172851
172850
172849
172848
172847
172847
172847
172847
172846
172845
172844
172843
172843
172842
172841
172840
172840
172839
172838
172837
172837
172836
172835
172834
172834
172833
172832
172831
172830
172829
172828
172827
172826
172825
172824
172823
172823
172822
172821
172820
172820
172820
172820
172819
172818
172817
172816
172815
172815
172814
172814
172813
172812
172812
172812
172812
172811
172810
172809
172808
172807
172806
172805
172805
172804
172803
172802
172802
172801
172800
172799
172799
172798
172798
172798
172798
172798
172797
172796
172795
172794
172793
172792
172791
172791
172791
172790
172789
172788
172788
172788
172787
172787
172787
172787
172787
172787
172786
172786
172785
172785
172784
172783
172782
172782
172781
172781
172780
172779
172778
172777
172776
172775
172774
172773
172773
172772
172771
172770
172769
172769
172768
172767
172766
172765
172764
172764
172763
172762
172761
172760
172759
172759
172758
172757
172757
172757
172757
172756
172756
172755
172755
172754
172754
172753
172753
172752
172751
172750
172749
172748
172747
172746
172745
172744
172743
172742
172742
172741
172741
172740
172740
172740
172739
172738
172737
172737
172737
172736
172735
172735
172734
172733
172732
172732
172731
172731
172731
172730
172729
172729
172728
172728
172728
172728
172727
172726
172726
172725
172724
172723
172722
172722
172722
172721
172720
172720
172719
172718
172718
172717
172717
172716
172715
172715
172715
172715
172714
172713
172712
172711
172710
172709
172708
172708
172707
172706
172705
172704
172704
172703
172702
172701
172700
172699
172698
172697
172697
172697
172696
172695
172695
172694
172693
172692
172691
172690
172691
172690
172689
172689
172688
172688
172688
172687
172687
172687
172687
172686
172686
172686
172686
172685
172684
172684
172683
172683
172682
172682
172681
172681
172681
172680
172679
172678
172677
172676
172676
172675
172675
172674
172673
172673
172672
172671
172670
172670
172670
172670
172669
172668
172667
172666
172665
172664
172663
172663
172662
172662
172661
172660
172660
172659
172658
172658
172658
172657
172656
172655
172654
172653
172653
172652
172651
172651
172650
172649
172648
172647
172646
172645
172645
172644
172643
172643
172642
172641
172640
172640
172640
172640
172639
172638
172637
172636
172635
172634
172633
172632
172631
172630
172629
172628
172627
172626
172625
172624
172624
172623
172622
172621
172621
172620
172620
172619
172618
172617
172617
172617
172617
172616
172616
172615
172614
172613
172613
172613
172612
172611
172610
172610
172609
172608
172607
172606
172605
172605
172604
172603
172602
172601
172600
172599
172598
172597
172596
172595
172594
172594
172593
172593
172593
172592
172591
172590
172589
172588
172587
172587
172587
172586
172585
172585
172584
172584
172583
172582
172581
172581
172580
172579
172578
172577
172577
172576
172576
172575
172574
172573
172572
172572
172572
172572
172572
172572
172572
172572
172572
172571
172571
172570
172569
172569
172568
172567
172567
172566
172565
172565
172564
172563
172562
172561
172560
172559
172559
172558
172558
172557
172556
172555
172554
172554
172554
172553
172552
172551
172550
172550
172550
172549
172549
172548
172547
172547
172546
172546
172546
172545
172544
172543
172542
172541
172540
172540
172540
172539
172538
172537
172536
172536
172535
172535
172534
172533
172533
172532
172532
172531
172530
172529
172529
172528
172527
172526
172525
172524
172523
172523
172522
172522
172521
172520
172519
172518
172517
172516
172515
172515
172514
172513
172512
172511
172510
172509
172509
172508
172507
172506
172505
172504
172503
172502
172501
172500
172499
172498
172497
172496
172495
172495
172494
172493
172492
172491
172491
172490
172489
172488
172487
172486
172485
172484
172484
172483
172482
172482
172482
172481
172481
172480
172479
172479
172478
172477
172476
172475
172475
172475
172474
172474
172473
172472
172471
172471
172471
172471
172470
172469
172468
172467
172467
172467
172466
172465
172465
172464
172463
172463
172463
172462
172462
172461
172460
172460
172459
172458
172457
172456
172455
172454
172454
172453
172453
172452
172451
172450
172450
172449
172448
172447
172446
172445
172444
172443
172443
172443
172442
172441
172440
172439
172438
172437
172437
172437
172437
172436
172436
172435
172434
172433
172432
172431
172431
172430
172430
172429
172429
172428
172427
172426
172426
172425
172424
172423
172423
172422
172421
172421
172420
172420
172420
172420
172420
172419
172419
172419
172418
172418
172417
172416
172416
172416
172416
172415
172414
172413
172413
172412
172411
172410
172409
172409
172408
172407
172406
172406
172405
172405
172404
172403
172402
172401
172401
172400
172399
172399
172399
172398
172397
172397
172396
172396
172395
172394
172393
172392
172392
172391
172391
172390
172390
172390
172389
172388
172388
172387
172386
172385
172384
172383
172383
172383
172382
172381
172381
172381
172381
172380
172379
172378
172377
172376
172377
172377
172377
172376
172375
172374
172373
172372
172371
172370
172369
172369
172369
172368
172367
172366
172366
172365
172364
172363
172363
172362
172362
172361
172360
172359
172358
172357
172356
172356
172355
172354
172354
172354
172354
172353
172352
172351
172350
172350
172349
172348
172348
172348
172348
172347
172346
172346
172345
172344
172343
172343
172342
172342
172342
172342
172341
172340
172339
172338
172337
172336
172335
172334
172334
172334
172333
172332
172332
172331
172330
172329
172328
172327
172326
172325
172324
172323
172322
172321
172320
172320
172319
172319
172318
172318
172317
172316
172315
172314
172314
172313
172313
172312
172311
172310
172309
172308
172307
172306
172306
172305
172304
172303
172303
172303
172302
172302
172302
172301
172301
172300
172299
172298
172298
172298
172298
172297
172297
172297
172297
172296
172295
172294
172294
172293
172292
172291
172290
172290
172290
172289
172288
172287
172286
172285
172284
172283
172282
172282
172281
172280
172279
172278
172278
172278
172277
172277
172276
172275
172274
172273
172273
172272
172272
172271
172270
172269
172268
172267
172267
172266
172265
172264
172263
172262
172261
172261
172260
172259
172258
172258
172258
172257
172256
172255
172255
172254
172253
172252
172252
172252
172252
172252
172251
172251
172250
172249
172249
172248
172247
172246
172245
172244
172243
172242
172241
172240
172239
172238
172238
172237
172236
172236
172235
172234
172234
172234
172234
172233
172233
172232
172231
172230
172230
172230
172229
172228
172228
172227
172226
172226
172225
172224
172223
172222
172221
172220
172219
172219
172219
172218
172217
172217
172217
172217
172217
172216
172216
172215
172214
172215
172214
172213
172213
172212
172211
172210
172209
172209
172208
172208
172208
172208
172207
172206
172206
172205
172204
172203
172203
172202
172201
172200
172200
172199
172198
172197
172197
172196
172195
172194
172194
172193
172192
172192
172191
172190
172190
172189
172188
172187
172186
172185
172184
172183
172182
172182
172181
172181
172180
172180
172179
172178
172178
172177
172176
172175
172174
172173
172172
172171
172170
172169
172168
172168
172168
172167
172166
172165
172164
172164
172163
172162
172161
172160
172159
172159
172158
172157
172156
172155
172155
172155
172154
172153
172152
172152
172151
172150
172149
172148
172148
172147
172146
172145
172144
172144
172144
172143
172142
172141
172140
172140
172139
172138
172137
172137
172137
172136
172136
172135
172134
172133
172132
172131
172130
172129
172129
172129
172128
172127
172126
172125
172124
172124
172123
172123
172122
172122
172122
172122
172122
172121
172121
172121
172120
172119
172119
172119
172118
172117
172116
172115
172114
172113
172113
172113
172112
172111
172110
172109
172108
172108
172107
172106
172106
172105
172105
172105
172105
172105
172105
172104
172104
172103
172103
172103
172102
172101
172100
172099
172098
172098
172097
172096
172095
172094
172093
172093
172092
172091
172091
172090
172089
172088
172087
172086
172085
172085
172085
172085
172084
172084
172083
172082
172081
172080
172079
172078
172078
172077
172076
172075
172075
172074
172074
172074
172074
172073
172073
172072
172071
172071
172070
172070
172069
172068
172067
172066
172065
172064
172063
172062
172061
172060
172059
172058
172057
172056
172055
172054
172053
172052
172051
172050
172049
172048
172048
172047
172047
172046
172046
172045
172044
172044
172044
172043
172042
172041
172040
172039
172038
172038
172037
172036
172036
172035
172035
172034
172033
172032
172032
172031
172031
172030
172029
172028
172027
172026
172026
172026
172025
172024
172023
172022
172021
172020
172019
172019
172018
172017
172016
172015
172014
172014
172013
172012
172011
172011
172011
172011
172010
172010
172009
172009
172008
172007
172006
172005
172004
172003
172002
172001
172000
172000
171999
171998
171997
171996
171995
171994
171994
171993
171992
171991
171991
171991
171990
171990
171990
171989
171989
171988
171987
171987
171987
171986
171986
171985
171984
171983
171982
171981
171981
171980
171979
171978
171977
171977
171977
171977
171977
171976
171976
171976
171975
171974
171973
171972
171972
171971
171970
171969
171969
171968
171968
171967
171966
171965
171965
171965
171965
171965
171964
171963
171962
171961
171960
171960
171959
171958
171957
171957
171957
171957
171956
171955
171954
171953
171952
171951
171951
171950
171950
171949
171949
171948
171948
171947
171946
171945
171944
171944
171944
171943
171943
171943
171943
171942
171941
171940
171939
171939
171938
171937
171936
171936
171936
171935
171934
171933
171932
171932
171931
171930
171929
171928
171928
171928
171928
171927
171926
171925
171924
171923
171923
171922
171921
171920
171919
171919
171918
171917
171916
171916
171915
171915
171914
171913
171912
171912
171911
171910
171909
171908
171907
171906
171906
171905
171904
171903
171902
171902
171902
171902
171902
171902
171901
171900
171899
171899
171898
171898
171897
171896
171895
171895
171894
