147097
147096
147095
147095
147094
147094
147093
147092
147091
147090
147089
147089
147088
147088
147087
147086
147086
147086
147085
147084
147083
147082
147081
147080
147079
147078
147077
147076
147075
147074
147073
147073
147073
147072
147071
147071
147070
147069
147068
147067
147067
147066
147065
147064
147064
147063
147063
147062
147062
147062
147061
147061
147060
147060
147060
147060
147060
147059
147058
147057
147057
147056
147056
147055
147055
147054
147054
147053
147052
147051
147051
147051
147051
147051
147051
147050
147049
147048
147047
147046
147046
147045
147045
147045
147045
147044
147043
147043
147043
147042
147042
147041
147040
147040
147039
147038
147037
147036
147035
147035
147034
147033
147032
147031
147030
147030
147030
147030
147030
147029
147029
147028
147028
147027
147026
147025
147024
147023
147023
147023
147022
147022
147021
147020
147019
147018
147018
147018
147017
147016
147016
147015
147014
147013
147012
147011
147010
147009
147009
147009
147008
147008
147008
147007
147006
147005
147004
147004
147004
147003
147003
147002
147002
147002
147001
147001
147000
147000
146999
146999
146998
146997
146996
146996
146996
146995
146995
146995
146994
146994
146993
146992
146991
146991
146990
146989
146988
146987
146986
146985
146984
146984
146984
146983
146982
146981
146980
146980
146979
146978
146977
146976
146975
146975
146974
146973
146972
146972
146971
146970
146970
146970
146970
146969
146968
146968
146968
146967
146967
146966
146965
146964
146964
146963
146963
146963
146963
146962
146961
146960
146959
146959
146958
146957
146956
146955
146954
146953
146953
146952
146951
146950
146950
146950
146949
146948
146947
146947
146947
146946
146945
146944
146943
146942
146941
146941
146940
146939
146938
146937
146937
146936
146935
146934
146933
146933
146932
146931
146930
146929
146929
146929
146928
146928
146927
146926
146925
146924
146923
146923
146922
146921
146921
146920
146919
146919
146918
146917
146917
146917
146917
146916
146915
146914
146913
146913
146912
146912
146911
146910
146909
146908
146908
146907
146907
146906
146905
146904
146904
146903
146902
146901
146901
146900
146899
146898
146897
146896
146896
146896
146895
146894
146894
146893
146892
146891
146890
146889
146888
146887
146886
146886
146886
146885
146884
146884
146883
146882
146882
146881
146881
146880
146880
146879
146878
146877
146876
146875
146874
146873
146873
146873
146872
146871
146870
146869
146868
146867
146867
146867
146866
146865
146864
146863
146863
146862
146861
146860
146859
146859
146859
146858
146857
146856
146855
146854
146853
146853
146852
146851
146850
146849
146848
146847
146847
146846
146845
146845
146844
146843
146842
146841
146841
146840
146839
146839
146839
146839
146838
146837
146837
146836
146835
146835
146834
146833
146832
146832
146831
146831
146830
146830
146829
146828
146827
146826
146825
146825
146825
146824
146824
146823
146822
146822
146821
146821
146820
146819
146818
146817
146816
146815
146814
146813
146812
146811
146811
146810
146809
146809
146808
146808
146807
146806
146805
146804
146803
146802
146801
146800
146799
146799
146798
146797
146796
146796
146795
146794
146794
146793
146792
146791
146791
146790
146789
146789
146788
146787
146786
146785
146784
146783
146783
146783
146782
146782
146782
146782
146782
146781
146780
146780
146780
146780
146780
146779
146779
146778
146777
146777
146777
146777
146776
146775
146774
146773
146772
146771
146770
146769
146768
146767
146766
146766
146765
146765
146764
146763
146763
146763
146763
146762
146762
146762
146761
146760
146759
146758
146757
146756
146756
146755
146755
146754
146754
146754
146753
146752
146752
146751
146751
146750
146750
146749
146749
146748
146747
146746
146745
146744
146744
146743
146743
146742
146742
146741
146740
146739
146738
146737
146736
146736
146735
146734
146734
146733
146732
146731
146731
146730
146730
146730
146730
146729
146728
146727
146727
146726
146725
146724
146724
146724
146724
146723
146722
146722
146722
146722
146721
146720
146719
146718
146717
146717
146717
146716
146716
146716
146715
146714
146714
146713
146713
146712
146711
146710
146710
146709
146709
146708
146708
146708
146707
146706
146706
146705
146705
146704
146704
146704
146703
146703
146703
146703
146703
146702
146701
146700
146699
146698
146697
146697
146696
146695
146694
146693
146693
146692
146691
146690
146689
146688
146687
146686
146686
146686
146685
146685
146684
146683
146682
146681
146680
146679
146678
146677
146676
146676
146676
146676
146675
146674
146674
146674
146674
146673
146672
146671
146670
146669
146668
146667
146667
146666
146666
146665
146665
146664
146663
146662
146661
146660
146660
146659
146658
146657
146657
146657
146657
146657
146656
146655
146654
146653
146652
146651
146650
146649
146648
146647
146647
146646
146645
146645
146644
146643
146642
146642
146641
146641
146640
146639
146638
146637
146637
146637
146636
146636
146636
146635
146635
146635
146635
146635
146635
146635
146635
146635
146635
146634
146634
146634
146633
146633
146632
146631
146630
146629
146628
146627
146626
146626
146625
146624
146623
146622
146621
146620
146620
146620
146620
146619
146618
146617
146616
146616
146615
146614
146613
146612
146611
146610
146609
146608
146608
146607
146607
146607
146606
146605
146604
146603
146602
146601
146600
146599
146598
146598
146597
146597
146596
146595
146594
146594
146594
146594
146593
146593
146592
146591
146591
146590
146589
146588
146587
146586
146585
146584
146583
146582
146581
146580
146579
146578
146577
146576
146575
146575
146574
146573
146573
146572
146571
146571
146570
146570
146570
146570
146569
146569
146569
146568
146567
146566
146566
146565
146565
146564
146563
146562
146561
146561
146561
146561
146560
146559
146558
146558
146558
146557
146556
146555
146555
146555
146554
146554
146553
146552
146551
146550
146549
146548
146547
146546
146545
146544
146543
146542
146542
146542
146541
146540
146539
146539
146539
146538
146537
146536
146536
146535
146535
146535
146534
146533
146532
146531
146530
146529
146529
146528
146527
146526
146526
146525
146524
146523
146523
146522
146521
146520
146519
146518
146519
146518
146517
146516
146516
146515
146515
146515
146514
146514
146513
146513
146513
146512
146511
146510
146509
146508
146507
146506
146505
146505
146505
146504
146503
146502
146501
146500
146500
146500
146499
146498
146497
146496
146496
146496
146495
146495
146494
146493
146493
146492
146492
146491
146491
146491
146491
146490
146489
146488
146487
146486
146485
146485
146485
146485
146485
146485
146484
146484
146484
146484
146484
146484
146483
146483
146482
146481
146481
146480
146480
146480
146480
146480
146479
146478
146477
146476
146475
146474
146473
146472
146471
146470
146470
146469
146468
146467
146466
146466
146465
146464
146463
146462
146461
146460
146459
146458
146458
146458
146457
146456
146455
146454
146454
146453
146452
146452
146451
146450
146449
146449
146448
146447
146446
146445
146445
146445
146445
146444
146443
146442
146442
146441
146440
146439
146438
146437
146437
146436
146436
146436
146435
146434
146434
146434
146434
146433
146433
146432
146432
146431
146431
146431
146431
146431
146430
146429
146428
146427
146426
146426
146425
146425
146424
146424
146423
146422
146421
146420
146419
146419
146418
146417
146416
146415
146414
146413
146412
146412
146412
146411
146411
146410
146410
146409
146408
146407
146406
146406
146405
146405
146404
146404
146403
146402
146401
146400
146399
146399
146399
146398
146397
146396
146395
146394
146393
146392
146391
146390
146389
146388
146387
146386
146385
146385
146384
146384
146383
146382
146381
146381
146381
146380
146379
146379
146378
146377
146376
146375
146375
146374
146374
146374
146373
146372
146371
146370
146370
146369
146368
146368
146367
146367
146366
146365
146364
146363
146362
146362
146361
146360
146360
146359
146358
146357
146356
146355
146354
146354
146354
146354
146354
146354
146353
146352
146352
146352
146351
146350
146350
146349
146348
146348
146348
146348
146347
146347
146346
146345
146344
146344
146343
146342
146341
146340
146339
146339
146338
146337
146336
146335
146334
146334
146333
146332
146332
146331
146331
146330
146329
146328
146327
146326
146326
146325
146324
146323
146322
146322
146322
146321
146320
146319
146319
146318
146317
146316
146315
146315
146314
146314
146314
146314
146313
146312
146311
146311
146311
146310
146309
146309
146308
146307
146306
146305
146304
146303
146302
146301
146300
146300
146300
146299
146298
146297
146296
146295
146294
146293
146292
146291
146290
146289
146289
146288
146287
146286
146286
146285
146285
146284
146283
146282
146281
146281
146280
146279
146279
146279
146278
146277
146277
146277
146276
146276
146276
146275
146275
146274
146273
146273
146273
146272
146272
146271
146270
146269
146269
146268
146268
146267
146266
146265
146265
146264
146264
146264
146264
146264
146263
146263
146262
146262
146262
146261
146261
146260
146260
146260
146259
146258
146257
146257
146257
146256
146255
146254
146254
146254
146253
146252
146252
146252
146251
146251
146251
146250
146249
146249
146248
146248
146247
146246
146245
146244
146243
146242
146242
146241
146240
146240
146239
146239
146238
146238
146237
146237
146237
146236
146235
146234
146233
146232
146231
146230
146229
146228
146228
146228
146227
146226
146225
146224
146223
146222
146221
146220
146220
146220
146219
146218
146217
146216
146216
146215
146215
146214
146213
146212
146212
146211
146211
146210
146209
146209
146208
146208
146208
146208
146207
146207
146206
146205
146204
146203
146202
146202
146201
146201
146200
146199
146199
146198
146197
146196
146195
146195
146194
146194
146193
146192
146191
146190
146191
146191
146190
146190
146190
146190
146190
146190
146189
146189
146189
146188
146187
146186
146185
146185
146184
146183
146182
146181
146180
146180
146179
146178
146177
146176
146175
146174
146173
146172
146172
146171
146171
146171
146170
146170
146169
146168
146167
146167
146166
146165
146164
146163
146162
146161
146160
146159
146158
146157
146156
146155
146155
146154
146154
146153
146153
146152
146151
146150
146150
146150
146149
146148
146147
146146
146145
146145
146144
146143
146142
146141
146140
146139
146138
146138
146137
146136
146135
146135
146135
146135
146135
146134
146133
146133
146133
146133
146132
146131
146130
146129
146128
146127
146127
146126
146125
146125
146125
146124
146123
146123
146122
146122
146121
146120
146119
146118
146117
146117
146116
146115
146114
146114
146113
146113
146112
146111
146111
146110
146109
146108
146107
146106
146105
146104
146103
146102
146101
146100
146099
146099
146099
146098
146098
146097
146096
146095
146094
146093
146092
146091
146090
146090
146090
146089
146088
146087
146087
146086
146085
146084
146083
146082
146081
146080
146079
146079
146078
146077
146076
146076
146075
146074
146073
146072
146071
146070
146069
146069
146068
146067
146066
146065
146064
146063
146062
146061
146060
146059
146058
146058
146058
146057
146056
146055
146054
146053
146053
146053
146052
146051
146050
146049
146048
146047
146047
146047
146046
146045
146044
146044
146044
146044
146043
146042
146041
146040
146040
146039
146038
146037
146036
146036
146035
146034
146034
146033
146033
146032
146032
146031
146030
146029
146028
146027
146026
146025
146025
146024
146023
146022
146021
146021
146020
146019
146019
146018
146017
146017
146016
146016
146015
146014
146014
146013
146013
146012
146011
146010
146009
146009
146008
146008
146008
146007
146006
146005
146004
146004
146003
146003
146003
146002
146001
146000
145999
145999
145998
145997
145996
145996
145995
145995
145995
145995
145995
145994
145994
145993
145992
145992
145991
145990
145989
145988
145987
145986
145985
145984
145983
145983
145982
145982
145981
145980
145979
145979
145978
145977
145977
145976
145975
145975
145974
145973
145972
145971
145970
145970
145970
145969
145968
145968
145968
145968
145968
145967
145966
145965
145964
145964
145964
145964
145963
145962
145962
145962
145961
145960
145960
145959
145958
145957
145956
145955
145954
145954
145954
145953
145952
145952
145952
145951
145951
145951
145950
145950
145949
145948
145947
145946
145945
145944
145943
145943
145943
145942
145942
145942
145941
145940
145939
145939
145938
145937
145936
145935
145935
145935
145934
145934
145933
145932
145931
145930
145929
145929
145928
145928
145927
145926
145925
145924
145923
145922
145922
145921
145921
145920
145919
145918
145917
145917
145916
145915
145914
145913
145912
145911
145910
145909
145908
145908
145908
145907
145907
145906
145905
145905
145904
145903
145903
145902
145901
145900
145900
145899
145898
145898
145898
145897
145896
145896
145895
145895
145894
145893
145893
145892
145891
145891
145891
145891
145890
145889
145888
145887
145886
145885
145885
145884
145883
145882
145881
145881
145881
145881
145881
145881
145881
145880
145879
145878
145877
145877
145877
145876
145875
145874
145873
145872
145872
145871
145870
145869
145868
145867
145866
145865
145864
145864
145864
145863
145862
145861
145860
145859
145858
145857
145857
145856
145855
145854
145854
145854
145853
145852
145851
145851
145850
145849
145849
145849
145849
145848
145847
145846
145845
145844
145843
145843
145843
145842
145842
145842
145842
145841
145840
145839
145838
145838
145838
145837
145836
145836
145836
145835
145834
145834
145833
145832
145831
145831
145831
145830
145830
145830
145830
145829
145828
145827
145826
145825
145825
145824
145824
145823
145822
145821
145821
145820
145819
145818
145817
145816
145815
145815
145814
145813
145812
145812
145811
145810
145809
145808
145807
145806
145806
145805
145804
145803
145802
145801
145800
145799
145798
145797
145797
145796
145796
145795
145794
145793
145793
145793
145792
145791
145790
145789
145788
145788
145788
145787
145786
145785
145785
145785
145785
145784
145784
145783
145782
145782
145781
145780
145779
145778
145777
145776
145775
145774
145774
145773
145772
145772
145771
145771
145771
145770
145770
145770
145769
145768
145767
145766
145766
145766
145766
145765
145764
145763
145762
145761
145760
145759
145758
145758
145757
145757
145757
145756
145756
145756
145755
145755
145755
145755
145754
145753
145752
145751
145750
145749
145748
145747
145746
145746
145746
145746
145745
145745
145744
145743
145742
145741
145741
145741
145740
145739
145739
145739
145738
145737
145736
145735
145735
145735
145734
145733
145732
145732
145731
145731
145730
145729
145728
145727
145727
145727
145726
145725
145724
145723
145722
145721
145720
145719
145718
145717
145716
145715
145714
145713
145713
145712
145711
145711
145711
145710
145709
145708
145708
145707
145706
145706
145705
145704
145704
145703
145703
145702
145702
145701
145700
145700
145699
145699
145698
145698
145698
145697
145696
145695
145694
145693
145692
145691
145690
145689
145688
145687
145687
145686
145685
145684
145683
145682
145681
145680
145679
145678
145678
145677
145676
145676
145676
145675
145675
145674
145674
145674
145673
145673
145673
145672
145671
145671
145670
145669
145668
145667
145667
145667
145666
145665
145665
145664
145663
145662
145661
145660
145660
145659
145658
145657
145656
145655
145654
145653
145652
145651
145650
145649
145649
145649
145648
145647
145646
145646
145646
145645
145644
145643
145642
145641
145640
145639
145638
145637
145636
145635
145634
145634
145633
145632
145631
145631
145630
145630
145629
145628
145627
145626
145625
145624
145624
145623
145622
145622
145621
145620
145619
145618
145617
145617
145617
145617
145616
145616
145616
145615
145614
145613
145613
145613
145612
145611
145610
145609
145609
145609
145608
145607
145606
145605
145605
145604
145603
145602
145601
145600
145599
145599
145598
145598
145597
145597
145597
145596
145596
145596
145595
145594
145593
145592
145592
145591
145590
145590
145589
145588
145587
145586
145585
145585
145584
145583
145582
145581
145580
145580
145579
145578
145577
145577
145577
145577
145577
145577
145576
145575
145574
145574
145573
145573
145573
145572
145571
145570
145569
145568
145568
145567
145567
145567
145566
145566
145566
145566
145566
145565
145564
145563
145562
145561
145561
145560
145559
145558
145557
145556
145556
145555
145555
145554
145554
145554
145553
145552
145551
145551
145550
145549
145548
145547
145546
145545
145545
145545
145545
145544
145544
145543
145543
145542
145542
145541
145540
145539
145539
145538
145537
145537
145536
145535
145534
145533
145532
145532
145532
145532
145532
145531
145530
145529
145528
145528
145528
145527
145526
145525
145525
145524
145524
145523
145522
145521
145521
145520
145519
145519
145518
145517
145516
145516
145515
145514
145514
145514
145513
145513
145513
145512
145511
145510
145509
145509
145509
145508
145507
145506
145506
145506
145506
145505
145504
145503
145503
145502
145501
145500
145499
145498
145497
145496
145496
145495
145494
145493
145493
145493
145492
145491
145490
145489
145488
145487
145486
145486
145485
145484
145483
145482
145482
145481
145480
145479
145479
145478
145477
145476
145475
145475
145474
145474
145473
145472
145472
145471
145470
145469
145469
145469
145468
145467
145466
145466
145465
145464
145464
145463
145463
145463
145462
145462
145462
145461
145460
145459
145459
145458
145457
145456
145456
145456
145456
145456
145456
145456
145456
145455
145454
145453
145453
145452
145452
145451
145450
145449
145448
145447
145447
145446
145446
145445
145444
145443
145443
145442
145441
145440
145440
145439
145439
145439
145439
145438
145438
145437
145436
145436
145436
145435
145434
145434
145433
145433
145432
145432
145431
145431
145430
145429
145428
145427
145427
145426
145426
145425
145424
145423
145422
145421
145420
145419
145418
145417
145416
145416
145415
145414
145413
145412
145411
145412
145411
145410
145409
145408
145407
145406
145405
145404
145403
145402
145401
145400
145400
145399
145399
145398
145397
145396
145395
145394
145393
145393
145393
145392
145391
145391
145390
145389
145388
145387
145386
145385
145384
145383
145382
145381
145381
145380
145380
145379
145378
145378
145378
145378
145377
145377
145376
145375
145374
145373
145372
145371
145371
145370
145370
145369
145368
145367
145367
145366
145365
145364
145363
145363
145362
145361
145360
145360
145359
145359
145358
145357
145356
145356
145355
145354
145353
145352
145351
145351
145350
145349
145349
145348
145347
145346
145346
145345
145344
145344
145343
145342
145341
145340
145339
145339
145338
145337
145336
145335
145334
145334
145334
145334
145333
145332
145332
145332
145332
145331
145331
145330
145330
145329
145329
145328
145328
145327
145326
145325
145324
145323
145323
145322
145321
145320
145320
145319
145318
145317
145316
145315
145315
145314
145313
145312
145311
145310
145309
145308
145307
145306
145305
145305
145305
145304
145304
145303
145302
145301
145300
145299
145299
145298
145298
145298
145298
145298
145298
145298
145297
145296
145295
145294
145294
145293
145292
145291
145290
145290
145290
145289
145288
145287
145286
145286
145285
145285
145284
145283
145283
145283
145282
145281
145280
145280
145279
145278
145277
145277
145277
145277
145276
145275
145274
145274
145273
145273
145273
145272
145271
145270
145269
145268
145268
145267
145266
145265
145264
145263
145262
145261
145260
145259
145259
145259
145259
145259
145259
145259
145258
145257
145256
145255
145254
145253
145252
145252
145251
145250
145250
145249
145248
145247
145247
145247
145246
145246
145245
145244
145243
145243
145242
145242
145242
145242
145241
145241
145240
145239
145238
145237
145236
145235
145234
145234
145233
145233
145232
145231
145230
145229
145228
145227
145226
145225
145225
145224
145224
145223
145222
145221
145221
145220
145219
145218
145218
145217
145217
145216
145215
145215
145214
145213
145213
145212
145211
145211
145211
145210
145209
145208
145207
145207
145206
145205
145205
145204
145204
145204
145203
145202
145202
145201
145200
145200
145200
145200
145199
145198
145197
145197
145196
145195
145195
145194
145193
145192
145191
145191
145191
145190
145189
145188
145187
145187
145187
145186
145185
145185
145185
145185
145184
145184
145183
145183
145182
145181
145181
145180
145179
145178
145177
145176
145175
145174
145173
145173
145173
145172
145171
145171
145170
145169
145168
145167
145166
145165
145164
145164
145163
145162
145162
145161
145160
145159
145158
145157
145156
145155
145155
145154
145153
145152
145151
145151
145150
145149
145149
145148
145147
145146
145145
145145
145144
145143
145143
145142
145141
145141
145140
145140
145139
145138
145137
145136
145135
145135
145134
145133
145132
145132
145131
145130
145129
145128
145127
145126
145125
145124
145123
145122
145121
145121
145121
145120
145120
145119
145118
145117
145116
145115
145114
145113
145112
145112
145111
145110
145109
145108
145108
145107
145106
145105
145104
145104
145104
145103
145102
145101
145101
145100
145099
145098
145097
145096
145096
145095
145095
145094
145093
145092
145092
145091
145090
145090
145089
145088
145087
145086
145085
145084
145083
145082
145081
145081
145080
145079
145078
145077
145076
145075
145075
145074
145073
145072
145071
145070
145070
145069
145068
145067
145066
145065
145064
145063
145062
145061
145061
145060
145060
145059
145059
145059
145059
145058
145057
145056
145055
145054
145054
145053
145052
145051
145050
145049
145048
145047
145046
145045
145044
145044
145043
145042
145041
145040
145040
145039
145038
145037
145036
145035
145034
145033
145032
145031
145030
145030
145029
145028
145027
145026
145025
145025
145025
145025
145025
145025
145024
145023
145022
145022
145022
145022
145021
145020
145020
145020
145019
145018
145017
145016
145015
145015
145015
145015
145014
145014
145014
145014
145014
145014
145013
145012
145012
145012
145011
145010
145009
145009
145008
145008
145008
145007
145007
145007
145007
145007
145006
145006
145005
145004
145004
145003
145002
145001
145000
144999
144998
144997
144996
144995
144994
144993
144993
144993
144992
144991
144990
144990
144989
144988
144988
144988
144988
144987
144986
144985
144984
144984
144984
144983
144983
144982
144981
144980
144980
144979
144979
144978
144977
144977
144976
144976
144976
144975
144974
144973
144972
144971
144971
144970
144969
144969
144968
144968
144968
144967
144966
144966
144966
144966
144965
144964
144963
144962
144961
144960
144959
144959
144958
144958
144958
144957
144957
144956
144955
144954
144953
144952
144952
144952
144951
144950
144949
144948
144947
144946
144945
144944
144944
144944
144943
144942
144941
144940
144939
144939
144939
144938
144937
144937
144936
144935
144934
144933
144932
144932
144931
144930
144929
144928
144928
144928
144928
144927
144926
144926
144925
144924
144923
144922
144921
144921
144920
144919
144918
144917
144916
144915
144915
144915
144914
144913
144912
144912
144912
144911
144911
144910
144909
144908
144907
144906
144906
144906
144905
144904
144903
144902
144902
144902
144902
144901
144900
144899
144898
144897
144897
144897
144896
144896
144895
144894
144893
144893
144892
144891
144891
144891
144890
144889
144888
144887
144886
144886
144885
144885
144884
144883
144883
144882
144881
144880
144879
144878
144877
144877
144876
144875
144874
144873
144872
144872
144871
144870
144869
144868
144867
144867
144867
144867
144867
144866
144866
144865
144865
144864
144864
144863
144862
144862
144861
144860
144860
144859
144858
144858
144857
144856
144856
144856
144855
144854
144853
144852
144851
144851
144850
144849
144848
144848
144848
144847
144847
144846
144846
144846
144845
144844
144843
144842
144841
144840
144839
144838
144837
144837
144836
144836
144836
144835
144834
144834
144834
144834
144833
144832
144831
144831
144830
144830
144830
144829
144828
144827
144827
144826
144825
144824
144824
144824
144824
144823
144823
144822
144821
144820
144819
144818
144817
144816
144815
144814
144813
144812
144811
144810
144809
144808
144808
144807
144807
144807
144806
144805
144804
144804
144803
144803
144802
144801
144800
144800
144799
144798
144797
144796
144795
144794
144794
144793
144792
144792
144791
144790
144790
144789
144788
144787
144786
144785
144784
144784
144784
144783
144782
144781
144780
144779
144778
144778
144777
144776
144775
144774
144773
144772
144771
144771
144771
144770
144769
144768
144767
144766
144765
144764
144764
144763
144762
144762
144761
144761
144760
144759
144759
144758
144757
144756
144756
144755
144754
144754
144753
144752
144751
144750
144750
144749
144749
144749
144749
144748
144747
144747
144746
144746
144745
144745
144744
144743
144743
144743
144743
144742
144741
144741
144740
144739
144738
144737
144737
144736
144735
144734
144733
144732
144732
144732
144731
144731
144730
144729
144729
144729
144729
144728
144727
144726
144726
144725
144724
144723
144722
144721
144720
144720
144719
144719
144718
144717
144716
144715
144714
144713
144712
144712
144711
144711
144711
144711
144710
144709
144709
144709
144708
144707
144707
144706
144705
144704
144703
144702
144701
144701
144700
144699
144698
144697
144696
144696
144695
144694
144693
144692
144691
144690
144690
144689
144689
144688
144687
144686
144686
144685
144684
144684
144683
144683
144683
144682
144681
144680
144679
144679
144678
144677
144676
144676
144675
144675
144675
144675
144674
144673
144673
144672
144671
144671
144670
144670
144670
144669
144668
144668
144667
144666
144666
144665
144664
144663
144662
144662
144661
144661
144660
144659
144659
144659
144658
144657
144656
144655
144654
144653
144652
144652
144652
144651
144650
144649
144649
144649
144648
144647
144646
144645
144644
144643
144643
144642
144641
144640
144639
144638
144637
144636
144635
144634
144634
144634
144633
144633
144632
144631
144630
144630
144629
144628
144627
144626
144625
144624
144624
144623
144622
144621
144620
144620
144619
144618
144617
144616
144615
144615
144614
144613
144612
144611
144610
144610
144609
144608
144608
144607
144607
144606
144605
144604
144604
144604
144603
144602
144602
144601
144600
144599
144598
144598
144597
144596
144595
144595
144595
144594
144593
144592
144591
144590
144590
144590
144589
144589
144588
144588
144588
144587
144586
144585
144585
144585
144584
144584
144583
144582
144582
144582
144582
144581
144580
144580
144580
144580
144579
144578
144577
144576
144575
144575
144574
144573
144572
144571
144570
144570
144570
144569
144568
144567
144567
144566
144566
144565
144564
144564
144564
144563
144562
144561
144561
144560
144559
144559
144559
144559
144558
144558
144558
144557
144556
144555
144554
144553
144552
144551
144551
144551
144550
144550
144550
144549
144548
144547
144546
144546
144545
144544
144543
144542
144541
144541
144541
144541
144540
144539
144538
144537
144536
144535
144535
144534
144533
144532
144531
144530
144529
144529
144529
144528
144528
144527
144527
144526
144525
144524
144523
144523
144523
144522
144521
144520
144519
144518
144518
144517
144516
144515
144514
144514
144513
144512
144512
144511
144511
144510
144509
144508
144507
144506
144505
144504
144503
144503
144503
144502
144501
144500
144500
144499
144499
144498
144498
144497
144496
144495
144495
144494
144493
144492
144492
144491
144490
144489
144489
144488
144487
144486
144485
144484
144483
144483
144482
144481
144481
144480
144479
144478
144477
144476
144475
144474
144473
144473
144473
144473
144472
144471
144470
144469
144469
144468
144467
144467
144467
144467
144467
144466
144465
144465
144465
144464
144463
144463
144462
144461
144461
144460
144459
144458
144457
144456
144455
144454
144453
144452
144452
144452
144452
144451
144451
144450
144450
144450
144449
144448
144447
144447
144446
144445
144445
144444
144443
144443
144442
144441
144441
144440
144440
144440
144439
144439
144438
144438
144437
144436
144435
144435
144434
144433
144432
144432
144431
144431
144430
144429
144429
144429
144428
144427
144426
144426
144426
144425
144424
144424
144423
144422
144421
144420
144419
144418
144417
144417
144416
144415
144414
144413
144412
144412
144411
144410
144410
144410
144409
144408
144407
144407
144406
144405
144405
144405
144404
144403
144403
144402
144401
144400
144399
144399
144399
144398
144398
144397
144396
144395
144394
144394
144393
144393
144393
144392
144392
144391
144391
144390
144389
144388
144387
144386
144385
144384
144383
144383
144382
144381
144380
144380
144379
144378
144377
144377
144376
144376
144375
144375
144374
144373
144372
144372
144371
144371
144371
144370
144369
144368
144367
144366
144366
144365
144365
144365
144365
144364
144363
144362
144362
144361
144360
144359
144359
144358
144357
144357
144356
144355
144354
144353
144352
144352
144352
144351
144351
144351
144350
144349
144349
144348
144347
144347
144347
144346
144346
144345
144345
144344
144344
144343
144342
144342
144341
144341
144341
144340
144339
144339
144339
144338
144337
144336
144335
144334
144333
144333
144332
144332
144332
144331
144331
144331
144331
144330
144329
144329
144328
144327
144327
144327
144327
144326
144325
144324
144324
144323
144322
144321
144321
144320
144320
144320
144319
144319
144319
144318
144317
144316
144316
144316
144315
144314
144314
144314
144313
144312
144311
144310
144310
144309
144308
144307
144306
144305
144304
144304
144303
144302
144302
144302
144302
144301
144301
144300
144299
144298
144298
144297
144296
144295
144294
144293
144292
144292
144291
144290
144289
144289
144288
144287
144287
144286
144286
144285
144285
144284
144283
144283
144282
144281
144280
144280
144279
144278
144277
144276
144276
144276
144275
144275
144275
144274
144273
144273
144272
144271
144270
144270
144270
144269
144269
144269
144268
144267
144266
144265
144265
144265
144264
144264
144263
144262
144261
144260
144259
144258
144257
144257
144256
144255
144254
144253
144252
144252
144252
144251
144251
144250
144250
144249
144248
144247
144247
144247
144246
144245
144245
144244
144243
144242
144241
144241
144240
144239
144238
144237
144236
144235
144234
144233
144232
144231
144231
144230
144230
144229
144228
144227
144227
144227
144226
144225
144224
144223
144223
144222
144222
144222
144221
144221
144220
144219
144218
144217
144216
144216
144215
144214
144213
144212
144211
144210
144209
144208
144207
144207
144207
144207
144206
144205
144204
144203
144202
144201
144200
144199
144198
144198
144197
144197
144196
144195
144194
144193
144192
144192
144191
144190
144190
144189
144188
144188
144188
144187
144186
144186
144185
144185
144185
144184
144183
144182
144181
144180
144180
144179
144178
144178
144177
144176
144175
144174
144173
144172
144171
144171
144170
144169
144169
144168
144167
144166
144165
144165
144164
144163
144162
144161
144160
144159
144158
144157
144157
144156
144155
144154
144153
144152
144152
144151
144150
144149
144148
144147
144146
144145
144145
144145
144144
144143
144142
144141
144141
144140
144139
144138
144137
144136
144136
144135
144134
144133
144133
144133
144132
144131
144130
144129
144129
144129
144129
144128
144127
144126
144125
144125
144124
144123
144122
144121
144120
144120
144120
144119
144119
144118
144118
144117
144116
144116
144116
144115
144114
144114
144113
144113
144112
144112
144111
144110
144109
144109
144109
144108
144107
144106
144105
144104
144103
144103
144102
144101
144101
144101
144100
144099
144099
144099
144098
144097
144097
144096
144096
144095
144094
144094
144094
144094
144094
144093
144093
144092
144091
144091
144090
144089
144088
144087
144087
144087
144086
144085
144084
144083
144082
144081
144081
144080
144079
144078
144077
144076
144075
144074
144074
144073
144072
144072
144071
144070
144069
144069
144068
144068
144067
144066
144065
144064
144063
144062
144061
144060
144059
144058
144057
144056
144056
144056
144056
144056
144055
144055
144054
144054
144053
144052
144051
144050
144049
144048
144048
144047
144046
144045
144044
144044
144044
144043
144042
144041
144041
144040
144040
144039
144038
144038
144037
144036
144036
144035
144035
144034
144033
144033
144032
144031
144030
144030
144030
144030
144029
144028
144028
144027
144027
144026
144025
144024
144024
144023
144022
144021
144020
144019
144018
144018
144017
144016
144015
144015
144015
144014
144013
144013
144012
144012
144012
144012
144011
144010
144009
144008
144008
144007
144006
144005
144005
144005
144004
144003
144002
144002
144002
144001
144000
144000
143999
143998
143998
143997
143997
143996
143995
143994
143993
143993
143992
143991
143990
143989
143988
143987
143987
143986
143986
143986
143985
143984
143983
143982
143981
143981
143980
143979
143978
143978
143977
143976
143975
143974
143973
143972
143971
143970
143969
143969
143968
143967
143967
143967
143967
143966
143965
143964
143963
143962
143961
143960
143959
143958
143958
143958
143958
143957
143957
143957
143956
143956
143955
143954
143954
143954
143954
143953
143952
143952
143952
143952
143951
143950
143950
143949
143948
143948
143947
143946
143946
143945
143945
143944
143943
143942
143942
143941
143941
143941
143940
143939
143938
143937
143936
143935
143934
143933
143932
143931
143931
143930
143929
143929
143928
143927
143927
143926
143926
143925
143924
143924
143923
143922
143921
143920
143919
143918
143918
143917
143916
143915
143914
143913
143912
143911
143910
143909
143908
143908
143907
143906
143906
143905
143904
143903
143902
143902
143902
143902
143902
143901
143900
143899
143899
143899
143899
143898
143898
143897
143897
143896
143895
143895
143895
143894
143893
143892
143892
143891
143890
143889
143888
143887
143886
143885
143885
143885
143885
143884
143884
143883
143882
143881
143880
143879
143878
143877
143876
143875
143874
143874
143873
143872
143872
143871
143871
143870
143869
143868
143867
143867
143866
143866
143865
143864
143863
143863
143863
143862
143862
143861
143860
143859
143859
143859
143858
143857
143856
143855
143854
143853
143852
143851
143850
143849
143848
143848
143847
143846
143845
143844
143843
143843
143842
143841
143841
143841
143841
143840
143839
143839
143838
143837
143836
143835
143835
143834
143834
143834
143833
143833
143832
143831
143831
143830
143829
143828
143827
143827
143826
143826
143825
143825
143825
143825
143824
143823
143822
143821
143821
143820
143819
143819
143818
143817
143817
143817
143816
143815
143815
143815
143814
143813
143812
143811
143810
143810
143810
143810
143809
143808
143807
143806
143805
143804
143803
143803
143802
143802
143801
143801
143800
143799
143799
143799
143798
143798
143797
143797
143796
143796
143795
143795
143794
143793
143792
143791
143790
143789
143788
143787
143786
143785
143785
143784
143783
143783
143782
143781
143781
143781
143780
143779
143778
143778
143778
143778
143777
143776
143775
143775
143774
143774
143773
143773
143772
143771
143771
143770
143769
143768
143767
143766
143765
143764
143763
143762
143761
143760
143759
143758
143757
143756
143755
143754
143753
143752
143751
143750
143750
143749
143748
143748
143748
143747
143746
143746
143746
143745
143744
143743
143742
143741
143741
143741
143741
143740
143739
143739
143738
143737
143736
143735
143734
143734
143733
143732
143732
143732
143731
143730
143729
143729
143728
143727
143726
143725
143724
143723
143723
143722
143722
143722
143721
143720
143719
143718
143717
143716
143716
143716
143715
143714
143713
143712
143711
143710
143709
143708
143707
143706
143705
143704
143703
143702
143701
143700
143699
143699
143698
143698
143698
143698
143698
143698
143698
143697
143697
143696
143695
143695
143695
143695
143695
143695
143694
143693
143692
143691
143690
143690
143689
143689
143689
143688
143687
143686
143685
143684
143683
143682
143682
143681
143680
143679
143678
143677
143676
143675
143674
143674
143673
143673
143672
143671
143671
143670
143670
143671
143670
143670
143670
143669
143669
143669
143668
143667
143666
143665
143664
143663
143662
143662
143661
143660
143659
143658
143657
143657
143656
143655
143654
143653
143652
143651
143651
143650
143650
143649
143648
143648
143647
143646
143645
143645
143644
143643
143642
143642
143641
143641
143641
143641
143641
143640
143640
143639
143638
143638
143637
143636
143635
143634
143633
143632
143632
143632
143631
143630
143629
143628
143627
143626
143625
143624
143623
143622
143621
143620
143619
143618
143617
143617
143617
143617
143616
143616
143615
143614
143614
143613
143612
143612
143611
143611
143611
143610
143609
143609
143608
143607
143606
143606
143605
143604
143604
143603
143602
143601
143600
143599
143598
143597
143596
143595
143595
143595
143595
143594
143594
143593
143593
143592
143592
143592
143591
143590
143590
143589
143588
143587
143586
143586
143585
143584
143583
143583
143582
143581
143581
143580
143579
143578
143577
143576
143576
143575
143574
143573
143572
143571
143570
143570
143570
143569
143569
143568
143567
143566
143565
143564
143564
143563
143563
143562
143561
143560
143560
143559
143558
143558
143558
143557
143556
143555
143554
143553
143553
143552
143552
143552
143551
143551
143551
143550
143549
143549
143548
143547
143546
143546
143545
143545
143544
143544
143543
143543
143543
143542
143541
143540
143539
143539
143538
143538
143538
143537
143536
143536
143536
143535
143534
143533
143532
143531
143531
143531
143531
143530
143529
143529
143528
143527
143527
143527
143527
143527
143526
143525
143524
143523
143522
143521
143521
143520
143519
143518
143518
143517
143517
143516
143516
143516
143515
143514
143514
143513
143512
143512
143512
143511
143510
143509
143508
143508
143507
143506
143506
143505
143504
143503
143502
143501
143500
143499
143499
143498
143498
143497
143496
143495
143494
143493
143492
143492
143491
143490
143489
143489
143489
143488
143487
143486
143485
143484
143483
143482
143482
143481
143480
143479
143478
143478
143478
143478
143478
143477
143476
143475
143474
143474
143474
143474
143473
143472
143472
143471
143471
143471
143470
143470
143470
143470
143469
143468
143468
143468
143468
143467
143467
143466
143466
143465
143464
143463
143463
143462
143461
143461
143461
143461
143460
143459
143459
143458
143457
143457
143456
143455
143454
143453
143452
143452
143451
143451
143450
143450
143449
143449
143449
143448
143447
143446
143445
143444
143443
143442
143442
143441
143440
143439
143439
143439
143438
143437
143436
143435
143434
143433
143432
143431
143431
143431
143430
143429
143428
143427
143426
143425
143424
143424
143423
143423
143422
143422
143421
143420
143419
143418
143417
143416
143415
143415
143414
143414
143414
143414
143413
143412
143412
143411
143411
143411
143411
143411
143410
143410
143409
143409
143409
143408
143407
143406
143406
143406
143405
143404
143404
143403
143402
143401
143401
143401
143401
143401
143401
143401
143400
143399
143398
143397
143396
143395
143395
143394
143393
143392
143391
143390
143389
143388
143387
143386
143385
143385
143384
143384
143383
143383
143383
143382
143381
143380
143379
143378
143377
143376
143375
143375
143374
143374
143373
143373
143372
143371
143370
143369
143369
143368
143367
143367
143366
143365
143364
143364
143364
143363
143362
143361
143360
143359
143358
143358
143357
143357
143357
143356
143355
143355
143354
143353
143353
143352
143351
143351
143351
143350
143349
143349
143348
143348
143348
143347
143346
143346
143345
143344
143343
143342
143341
143340
143340
143339
143338
143337
143336
143336
143335
143334
143334
143333
143332
143331
143330
143330
143329
143329
143328
143327
143326
143326
143325
143324
143323
143323
143322
143321
143320
143319
143318
143317
143317
143316
143315
143314
143313
143312
143312
143311
143310
143310
143310
143310
143310
143309
143308
143307
143306
143305
143305
143304
143304
143303
143302
143301
143300
143300
143300
143299
143298
143297
143297
143297
143297
143296
143295
143294
143294
143293
143293
143292
143291
143290
143290
143289
143288
143287
143286
143285
143285
143285
143285
143284
143283
143282
143281
143281
143281
143280
143279
143278
143278
143278
143277
143276
143275
143274
143273
143273
143272
143272
143271
143271
143270
143270
143269
143268
143268
143267
143266
143265
143265
143264
143263
143262
143261
143260
143260
143260
143259
143258
143258
143257
143256
143255
143254
143254
143254
143254
143254
143253
143253
143253
143252
143251
143251
143250
143250
143249
143248
143247
143246
143246
143246
143245
143245
143245
143245
143245
143244
143244
143243
143243
143242
143241
143240
143240
143239
143239
143239
143238
143237
143237
143236
143235
143234
143233
143232
143232
143231
143231
143230
143229
143228
143227
143226
143226
143225
143225
143224
143223
143222
143221
143220
143219
143218
143217
143216
143215
143214
143214
143213
143213
143212
143211
143210
143210
143209
143209
143208
143207
143206
143205
143205
143205
143204
143203
143203
143202
143201
143200
143199
143198
143197
143197
143196
143196
143195
143194
143193
143193
143192
143191
143191
143191
143190
143189
143188
143188
143187
143186
143185
143184
143183
143182
143181
143181
143181
143181
143180
143179
143178
143177
143176
143175
143174
143173
143173
143172
143171
143171
143170
143169
143168
143167
143167
143167
143166
143166
143166
143165
143165
143164
143163
143163
143162
143161
143160
143159
143158
143158
143157
143156
143155
143154
143153
143153
143153
143153
143152
143152
143151
143150
143150
143150
143149
143148
143147
143147
143146
143146
143145
143144
143143
143142
143142
143141
143141
143141
143141
143141
143141
143140
143139
143138
143137
143137
143136
143136
143135
143134
143133
143132
143132
143131
143130
143129
143128
143128
143128
143127
143126
143125
143125
143124
143123
143123
143122
143121
143120
143119
143119
143118
143117
143117
143116
143115
143114
143113
143112
143112
143111
143110
143110
143109
143108
143107
143107
143106
143105
143104
143103
143102
143102
143101
143100
143100
143100
143099
143098
143098
143097
143097
143096
143095
143095
143095
143094
143093
143092
143091
143090
143089
143088
143088
143088
143087
143086
143085
143084
143083
143083
143082
143082
143082
143081
143080
143079
143079
143079
143079
143078
143077
143077
143076
143076
143076
143076
143075
143075
143075
143075
143074
143073
143073
143072
143071
143070
143069
143069
143069
143068
143067
143067
143066
143065
143064
143063
143062
143061
143060
143059
143059
143058
143057
143056
143055
143054
143053
143053
143052
143052
143052
143052
143051
143050
143050
143049
143049
143048
143048
143047
143046
143045
143044
143044
143043
143042
143041
143041
143040
143040
143040
143040
143039
143038
143038
143037
143036
143035
143034
143033
143033
143032
143031
143031
143030
143029
143029
143028
143027
143026
143025
143024
143023
143023
143023
143022
143021
143020
143019
143018
143017
143016
143016
143015
143015
143014
143013
143012
143011
143010
143010
143009
143008
143007
143006
143005
143004
143004
143004
143004
143003
143002
143001
143001
143001
143000
142999
142998
142997
142997
142997
142996
142996
142996
142995
142994
142993
142992
142991
142990
142990
142989
142988
142987
142987
142986
142985
142985
142985
142984
142983
142982
142982
142981
142980
142980
142980
142979
142979
142978
142977
142977
142977
142976
142975
142974
142973
142972
142971
142970
142969
142969
142969
142968
142967
142966
142965
142965
142965
142964
142964
142963
142962
142962
142961
142960
142960
142959
142958
142958
142957
142957
142957
142957
142956
142955
142954
142953
142953
142953
142952
142951
142950
142950
142949
142948
142947
142946
142945
142945
142944
142943
142943
142942
142942
142942
142942
142941
142940
142939
142939
142938
142938
142937
142937
142936
142935
142934
142933
142932
142932
142931
142930
142930
142929
142928
142928
142928
142928
142927
142927
142927
142926
142925
142924
142923
142923
142922
142921
142920
142919
142918
142917
142916
142916
142915
142914
142913
142912
142911
142910
142910
142909
142909
142909
142908
142908
142907
142907
142906
142905
142905
142905
142905
142904
142903
142903
142902
142901
142900
142900
142899
142898
142898
142897
142897
142896
142896
142897
142897
142896
142895
142894
142893
142892
142891
142891
142890
142889
142889
142888
142888
142887
142887
142886
142885
142885
142884
142883
142882
142881
142880
142879
142879
142879
142878
142878
142877
142877
142876
142875
142875
142875
142874
142873
142872
142871
142871
142871
142870
142870
142869
142868
142868
142867
142867
142866
142866
142865
142864
142863
142862
142861
142860
142859
142858
142857
142857
142857
142856
142855
142854
142853
142852
142851
142850
142849
142848
142847
142846
142845
142844
142843
142842
142842
142841
142840
142839
142839
142839
142838
142837
142836
142836
142835
142835
142834
142833
142832
142831
142831
142830
142829
142829
142828
142827
142827
142827
142827
142826
142825
142824
142823
142822
142821
142820
142819
142818
142817
142816
142815
142814
142813
142813
142812
142811
142810
142810
142809
142808
142808
142807
142806
142805
142805
142804
142804
142804
142803
142802
142801
142800
142799
142798
142797
142796
142795
142794
142793
142792
142792
142791
142790
142790
142789
142788
142788
142787
142786
142785
142784
142783
142782
142781
142780
142780
142780
142779
142778
142777
142776
142775
142775
142774
142773
142773
142772
142772
142771
142771
142770
142769
142768
142767
142767
142767
142766
142766
142766
142765
142764
142763
142763
142762
142761
142760
142760
142760
142759
142759
142758
142757
142757
142756
142756
142755
142754
142754
142753
142753
142753
142753
142753
142753
142752
142751
142750
142749
142748
142747
142748
142748
142747
142747
142746
142745
142745
142744
142744
142743
142742
142742
142741
142740
142739
142738
142737
142736
142736
142737
142736
142735
142734
142733
142732
142732
142732
142731
142730
142729
142728
142728
142727
142727
142726
142726
142725
142724
142723
142722
142721
142721
142720
142720
142720
142719
142718
142718
142717
142717
142716
142715
142714
142713
142712
142711
142710
142709
142709
142708
142707
142707
142706
142705
142704
142703
142702
142701
142700
142699
142698
142697
142696
142695
142694
142694
142693
142692
142691
142691
142690
142690
142690
142689
142688
142687
142687
142686
142686
142685
142684
142683
142682
142682
142682
142681
142681
142681
142680
142680
142679
142678
142677
142676
142675
142674
142673
142673
142672
142672
142671
142670
142670
142669
142668
142668
142667
142667
142666
142666
142665
142664
142664
142664
142663
142662
142662
142661
142660
142659
142658
142658
142657
142657
142656
142655
142654
142654
142653
142653
142652
142652
142651
142651
142650
142650
142650
142649
142648
142648
142647
142646
142645
142644
142643
142643
142642
142641
142640
142640
142639
142638
142638
142638
142638
142638
142638
142637
142636
142635
142634
142633
142632
142632
142631
142630
142629
142629
142628
142627
142626
142625
142624
142624
142623
142622
142622
142621
142620
142620
142620
142619
142618
142617
142616
142615
142614
142614
142614
142613
142612
142611
142610
142610
142609
142609
142608
142607
142606
142605
142604
142603
142602
142602
142602
142602
142601
142601
142600
142599
142599
142599
142598
142597
142597
142597
142596
142595
142594
142593
142593
142592
142591
142590
142590
142590
142590
142589
142589
142588
142587
142587
142586
142585
142584
142583
142583
142582
142581
142580
142579
142578
142577
142577
142576
142575
142574
142573
142572
142571
142570
142569
142569
142569
142568
142568
142567
142567
142566
142566
142566
142566
142565
142565
142564
142563
142562
142561
142561
142560
142559
142558
142557
142556
142557
142556
142556
142555
142554
142553
142552
142551
142550
142549
142549
142548
142548
142547
142547
142546
142545
142545
142545
142544
142543
142542
142542
142541
142540
142539
142539
142538
142537
142537
142537
142536
142535
142534
142533
142532
142531
142530
142530
142529
142528
142527
142526
142525
142524
142523
142522
142521
142520
142520
142521
142520
142520
142519
142519
142518
142518
142518
142518
142518
142517
142516
142515
142515
142515
142515
142514
142514
142514
142513
142512
142512
142512
142512
142511
142511
142511
142511
142511
142511
142510
142509
142508
142507
142507
142507
142507
142507
142506
142505
142504
142504
142503
142502
142502
142501
142500
142500
142500
142499
142498
142497
142496
142495
142494
142494
142493
142492
142492
142492
142492
142491
142490
142489
142488
142488
142487
142487
142486
142485
142484
142484
142483
142482
142481
142480
142479
142478
142478
142478
142477
142477
142476
142475
142475
142474
142473
142473
142472
142471
142471
142470
142469
142469
142468
142468
142467
142466
142465
142464
142463
142462
142461
142460
142459
142459
142459
142459
142458
142457
142457
142457
142456
142455
142455
142454
142453
142453
142452
142451
142450
142449
142449
142449
142448
142447
142447
142447
142447
142446
142445
142445
142444
142444
142443
142442
142442
142441
142441
142440
142439
142438
142438
142437
142436
142435
142435
142435
142435
142435
142434
142433
142432
142431
142431
142430
142429
142429
142428
142427
142426
142425
142425
142424
142423
142423
142422
142421
142420
142419
142418
142417
142417
142418
142417
142417
142417
142417
142417
142416
142416
142415
142415
142414
142413
142412
142412
142412
142412
142411
142411
142410
142409
142409
142408
142407
142407
142406
142405
142405
142404
142403
142403
142403
142402
142401
142401
142401
142400
142399
142399
142398
142397
142396
142396
142395
142394
142394
142393
142392
142391
142390
142389
142388
142388
142388
142388
142387
142386
142386
142386
142385
142385
142384
142384
142383
142382
142381
142380
142379
142378
142378
142377
142376
142376
142375
142374
142374
142373
142372
142372
142371
142370
142369
142368
142367
142367
142366
142366
142366
142365
142364
142363
142363
142362
142362
142361
142361
142361
142360
142359
142359
142358
142358
142357
142357
142356
142355
142354
142354
142354
142353
142352
142352
142352
142351
142351
142351
142350
142349
142349
142348
142347
142346
142346
142345
142344
142343
142342
142341
142340
142339
142338
142337
142336
142335
142336
142335
142335
142335
142334
142333
142332
142332
142331
142331
142330
142329
142329
142328
142327
142327
142326
142326
142325
142325
142324
142323
142323
142323
142322
142321
142320
142320
142319
142318
142318
142317
142316
142315
142314
142314
142314
142313
142312
142312
142311
142311
142310
142310
142309
142308
142307
142306
142305
142304
142303
142302
142301
142301
142300
142300
142300
142299
142298
142297
142297
142296
142296
142296
142296
142296
142296
142296
142296
142295
142294
142294
142294
142293
142292
142291
142290
142289
142288
142288
142287
142286
142285
142284
142283
142282
142281
142281
142280
142279
142278
142277
142276
142275
142274
142273
142272
142271
142270
142270
142269
142269
142269
142268
142268
142267
142266
142265
142265
142265
142264
142264
142263
142262
142261
142261
142260
142260
142259
142258
142257
142257
142256
142255
142255
142255
142255
142254
142253
142252
142251
142250
142249
142248
142248
142248
142247
142246
142245
142244
142244
142243
142243
142242
142241
142240
142240
142239
142239
142238
142237
142236
142235
142234
142233
142232
142231
142230
142230
142229
142229
142229
142228
142227
142226
142226
142225
142224
142224
142223
142222
142222
142222
142221
142221
142220
142219
142219
142218
142218
142217
142217
142216
142215
142214
142214
142213
142212
142211
142210
142210
142209
142209
142208
142208
142207
142206
142206
142205
142205
142204
142203
142202
142202
142202
142201
142200
142199
142199
142199
142198
142197
142196
142195
142194
142193
142192
142192
142192
142191
142190
142190
142189
142188
142187
142186
142185
142184
142184
142183
142182
142181
142180
142180
142180
142180
142179
142178
142177
142176
142176
142175
142174
142173
142173
142173
142172
142172
142171
142170
142169
142169
142169
142169
142169
142168
142168
142169
142169
142168
142168
142167
142166
142165
142165
142164
142163
142162
142161
142160
142159
142158
142158
142158
142158
142158
142157
142157
142157
142156
142156
142155
142154
142154
142154
142153
142153
142152
142151
142151
142150
142150
142150
142149
142149
142148
142147
142147
142146
142145
142145
142144
142144
142144
142144
142143
142143
142142
142142
142141
142140
142139
142139
142138
142138
142137
142136
142135
142134
142133
142132
142131
142130
142130
142129
142128
142127
142126
142125
142124
142123
142123
142122
142121
142120
142119
142118
142117
142116
142116
142115
142114
142114
142114
142113
142112
142111
142110
142110
142109
142108
142108
142108
142107
142106
142105
142105
142105
142104
142104
142104
142103
142102
142102
142101
142100
142099
142098
142097
142097
142097
142096
142096
142096
142095
142094
142093
142092
142091
142090
142089
142088
142088
142087
142086
142085
142084
142083
142082
142082
142082
142081
142081
142080
142079
142078
142077
142076
142076
142075
142075
142074
142073
142072
142071
142071
142070
142070
142069
142068
142067
142066
142065
142064
142063
142063
142062
142061
142060
142059
142058
142057
142056
142056
142056
142055
142054
142054
142053
142053
142052
142051
142051
142050
142050
142050
142049
142049
142048
142047
142047
142046
142046
142045
142044
142044
142044
142043
142042
142041
142040
142039
142038
142037
142036
142035
142035
142035
142034
142033
142032
142031
142030
142030
142029
142028
142027
142027
142027
142026
142026
142026
142025
142025
142025
142024
142024
142023
142023
142022
142021
142021
142020
142019
142018
142017
142016
142016
142016
142015
142015
142015
142014
142013
142013
142013
142013
142013
142012
142012
142012
142012
142011
142010
142009
142009
