195596
195595
195594
195594
195594
195593
195593
195593
195592
195592
195591
195590
195589
195589
195588
195587
195586
195585
195584
195583
195582
195581
195580
195579
195578
195578
195577
195576
195575
195574
195574
195573
195572
195571
195570
195569
195568
195567
195566
195565
195564
195563
195563
195562
195561
195560
195559
195558
195557
195556
195555
195554
195553
195553
195553
195552
195551
195550
195550
195549
195548
195547
195546
195545
195544
195544
195543
195542
195542
195541
195540
195540
195539
195538
195537
195536
195536
195535
195534
195533
195532
195531
195530
195529
195528
195528
195527
195526
195525
195524
195523
195522
195521
195521
195520
195519
195518
195517
195516
195516
195515
195514
195514
195513
195512
195511
195510
195509
195508
195508
195507
195506
195506
195505
195504
195504
195503
195503
195502
195501
195501
195501
195500
195500
195499
195498
195497
195496
195496
195496
195495
195494
195493
195493
195492
195491
195490
195489
195488
195487
195486
195485
195485
195485
195485
195484
195483
195482
195482
195481
195481
195481
195481
195481
195480
195479
195478
195477
195476
195475
195474
195473
195472
195472
195471
195470
195470
195469
195468
195467
195466
195465
195464
195463
195462
195462
195461
195461
195460
195460
195459
195459
195458
195458
195458
195458
195457
195456
195456
195455
195455
195454
195454
195453
195452
195452
195451
195451
195451
195450
195449
195449
195448
195447
195446
195445
195444
195443
195443
195442
195441
195440
195439
195439
195438
195437
195436
195435
195434
195433
195433
195432
195432
195431
195430
195429
195429
195428
195428
195427
195427
195426
195425
195424
195423
195422
195421
195421
195420
195419
195418
195418
195417
195417
195416
195415
195415
195414
195413
195413
195413
195412
195411
195411
195410
195409
195408
195408
195407
195406
195405
195405
195404
195404
195403
195402
195401
195401
195401
195400
195399
195398
195398
195397
195397
195396
195395
195394
195393
195392
195391
195390
195390
195390
195389
195389
195389
195388
195387
195387
195386
195385
195384
195384
195383
195383
195382
195382
195382
195381
195380
195379
195378
195377
195376
195375
195375
195374
195373
195372
195371
195370
195369
195369
195368
195368
195367
195366
195366
195365
195364
195363
195363
195362
195361
195360
195360
195360
195359
195358
195358
195357
195357
195356
195355
195354
195353
195352
195352
195351
195350
195349
195349
195349
195348
195348
195347
195346
195346
195346
195345
195344
195343
195342
195341
195341
195340
195339
195339
195338
195338
195337
195337
195337
195336
195335
195334
195333
195332
195331
195331
195330
195330
195330
195330
195329
195329
195329
195329
195328
195328
195328
195327
195326
195325
195324
195324
195323
195322
195321
195320
195319
195318
195318
195317
195317
195317
195316
195315
195315
195314
195313
195312
195312
195312
195311
195311
195310
195309
195308
195307
195307
195307
195307
195307
195306
195305
195305
195305
195304
195303
195302
195301
195301
195300
195300
195299
195298
195298
195297
195296
195295
195294
195293
195292
195291
195290
195289
195288
195287
195287
195286
195285
195285
195284
195283
195282
195281
195281
195280
195279
195278
195277
195276
195275
195274
195273
195272
195271
195270
195269
195268
195268
195267
195266
195265
195264
195263
195262
195261
195260
195259
195258
195257
195256
195255
195255
195255
195254
195253
195252
195252
195251
195250
195249
195249
195249
195249
195248
195247
195246
195245
195244
195243
195242
195241
195241
195240
195239
195239
195238
195237
195236
195235
195234
195233
195233
195232
195232
195231
195230
195229
195228
195228
195227
195226
195225
195225
195224
195224
195224
195223
195222
195222
195222
195221
195220
195219
195218
195217
195216
195215
195214
195214
195214
195213
195213
195213
195212
195212
195212
195211
195210
195210
195209
195208
195208
195208
195207
195206
195205
195204
195203
195202
195201
195201
195200
195200
195199
195198
195197
195196
195196
195195
195194
195193
195192
195192
195192
195191
195190
195189
195188
195187
195186
195185
195185
195185
195185
195184
195183
195183
195182
195181
195181
195180
195179
195178
195177
195176
195176
195175
195174
195174
195173
195173
195172
195171
195170
195169
195168
195167
195166
195165
195164
195163
195162
195162
195161
195160
195159
195158
195157
195156
195155
195154
195153
195152
195151
195151
195150
195149
195149
195148
195147
195146
195146
195145
195144
195143
195143
195142
195141
195141
195140
195140
195139
195138
195137
195136
195135
195135
195135
195135
195134
195133
195132
195131
195130
195130
195130
195129
195128
195127
195126
195125
195125
195125
195125
195124
195123
195123
195122
195121
195120
195119
195118
195118
195117
195116
195115
195114
195113
195112
195112
195111
195111
195111
195110
195109
195108
195107
195106
195105
195105
195104
195103
195103
195103
195102
195101
195100
195099
195099
195098
195097
195096
195095
195095
195094
195093
195092
195092
195091
195091
195091
195090
195090
195089
195088
195087
195086
195085
195084
195083
195082
195082
195081
195080
195080
195080
195079
195078
195078
195078
195077
195076
195076
195075
195074
195073
195073
195072
195071
195070
195070
195069
195068
195067
195066
195065
195065
195064
195064
195063
195063
195063
195063
195063
195062
195062
195061
195060
195059
195058
195058
195057
195056
195055
195054
195053
195052
195052
195051
195050
195050
195049
195049
195048
195047
195047
195046
195045
195044
195043
195042
195041
195040
195040
195040
195039
195038
195037
195036
195036
195035
195034
195034
195034
195034
195033
195032
195031
195030
195029
195028
195027
195026
195026
195025
195024
195024
195023
195022
195022
195021
195020
195019
195019
195018
195017
195016
195015
195014
195014
195013
195013
195013
195012
195012
195011
195010
195010
195009
195008
195008
195007
195007
195006
195005
195004
195003
195002
195001
195000
194999
194998
194998
194998
194998
194998
194998
194998
194998
194997
194997
194996
194995
194994
194993
194992
194991
194990
194989
194988
194988
194987
194986
194985
194985
194985
194984
194983
194982
194982
194981
194980
194979
194978
194978
194977
194976
194975
194974
194973
194972
194972
194971
194970
194969
194968
194967
194966
194965
194964
194964
194964
194963
194962
194961
194960
194959
194958
194958
194957
194956
194955
194954
194954
194953
194952
194951
194950
194950
194950
194949
194948
194948
194947
194947
194946
194946
194945
194945
194944
194943
194943
194943
194942
194942
194941
194940
194939
194938
194937
194937
194936
194936
194936
194936
194935
194935
194934
194933
194933
194933
194932
194932
194932
194932
194931
194931
194930
194930
194929
194928
194928
194927
194926
194925
194924
194923
194922
194921
194921
194921
194921
194920
194920
194919
194918
194917
194916
194915
194914
194913
194912
194912
194912
194911
194910
194910
194909
194908
194908
194907
194906
194906
194906
194905
194904
194904
194903
194902
194902
194901
194901
194900
194900
194900
194899
194899
194898
194897
194896
194895
194895
194895
194895
194894
194893
194892
194892
194891
194890
194889
194888
194888
194887
194886
194885
194885
194884
194883
194882
194881
194881
194880
194879
194879
194878
194878
194877
194876
194875
194875
194875
194874
194873
194872
194871
194870
194869
194868
194868
194868
194867
194866
194865
194865
194865
194864
194863
194862
194862
194862
194861
194861
194860
194859
194858
194857
194857
194856
194855
194855
194855
194855
194855
194855
194854
194853
194852
194851
194851
194850
194849
194848
194847
194846
194845
194844
194843
194843
194842
194841
194840
194839
194838
194838
194837
194836
194836
194835
194834
194834
194834
194833
194832
194831
194830
194830
194829
194829
194828
194827
194827
194826
194825
194824
194823
194822
194821
194820
194819
194819
194819
194819
194819
194818
194817
194816
194815
194814
194813
194812
194811
194810
194809
194808
194807
194807
194806
194805
194804
194803
194802
194801
194800
194799
194798
194797
194797
194796
194795
194794
194793
194792
194791
194790
194789
194788
194787
194786
194785
194785
194785
194784
194783
194782
194781
194780
194780
194779
194779
194779
194778
194777
194776
194775
194774
194773
194772
194771
194770
194770
194769
194768
194767
194766
194765
194764
194764
194764
194764
194764
194764
194763
194763
194763
194762
194761
194760
194759
194759
194759
194758
194757
194756
194755
194754
194753
194752
194751
194750
194749
194748
194747
194746
194745
194744
194744
194743
194743
194742
194742
194741
194740
194739
194738
194737
194736
194735
194734
194733
194732
194732
194731
194730
194729
194728
194727
194726
194725
194724
194723
194722
194721
194720
194720
194719
194718
194718
194717
194716
194715
194714
194713
194712
194711
194710
194709
194708
194707
194707
194706
194705
194705
194704
194704
194703
194703
194702
194702
194701
194700
194699
194698
194697
194696
194696
194695
194694
194694
194693
194692
194691
194691
194691
194690
194690
194690
194690
194690
194689
194689
194688
194687
194686
194685
194684
194683
194683
194682
194682
194682
194681
194681
194680
194679
194679
194678
194677
194676
194675
194674
194673
194673
194672
194672
194671
194670
194669
194669
194668
194668
194667
194666
194665
194665
194664
194664
194663
194662
194662
194662
194662
194661
194660
194660
194659
194658
194657
194656
194656
194656
194655
194654
194654
194653
194652
194651
194650
194649
194649
194648
194647
194646
194645
194644
194644
194643
194642
194641
194640
194640
194639
194639
194639
194639
194638
194637
194636
194636
194635
194634
194633
194632
194632
194631
194631
194631
194630
194629
194628
194627
194627
194626
194625
194625
194625
194624
194624
194624
194624
194624
194623
194622
194621
194620
194619
194618
194617
194617
194617
194616
194615
194614
194614
194614
194613
194612
194611
194610
194610
194609
194608
194607
194606
194605
194605
194604
194603
194602
194601
194600
194599
194598
194597
194597
194597
194596
194595
194595
194595
194594
194593
194592
194591
194590
194590
194589
194588
194587
194586
194585
194584
194583
194583
194582
194582
194582
194581
194580
194580
194579
194579
194579
194578
194577
194576
194576
194575
194574
194573
194572
194572
194571
194570
194569
194569
194568
194567
194567
194566
194565
194565
194565
194565
194564
194563
194563
194562
194561
194560
194559
194558
194557
194556
194555
194554
194553
194553
194552
194551
194550
194549
194548
194548
194547
194546
194545
194544
194543
194542
194541
194541
194541
194541
194540
194540
194539
194540
194539
194538
194538
194537
194536
194536
194535
194535
194534
194533
194533
194533
194533
194532
194531
194530
194529
194529
194529
194529
194528
194527
194526
194525
194524
194523
194522
194521
194521
194521
194521
194520
194519
194518
194517
194516
194516
194515
194515
194514
194514
194513
194513
194512
194512
194512
194512
194512
194512
194511
194511
194510
194510
194509
194508
194508
194508
194507
194507
194506
194505
194504
194503
194502
194501
194500
194499
194498
194498
194497
194496
194495
194494
194493
194492
194492
194492
194491
194490
194490
194490
194489
194489
194488
194488
194488
194487
194486
194486
194486
194486
194486
194485
194484
194484
194483
194482
194481
194480
194480
194479
194478
194477
194476
194475
194474
194473
194473
194472
194471
194470
194470
194469
194468
194467
194466
194465
194465
194464
194464
194463
194463
194462
194462
194461
194460
194460
194459
194458
194458
194458
194458
194457
194456
194455
194455
194455
194454
194453
194452
194452
194452
194451
194450
194450
194449
194448
194448
194447
194446
194445
194444
194443
194442
194442
194442
194442
194441
194440
194440
194439
194438
194437
194436
194435
194434
194434
194433
194432
194431
194430
194430
194429
194429
194429
194428
194428
194427
194426
194425
194424
194423
194422
194421
194421
194420
194420
194419
194418
194417
194417
194417
194416
194415
194414
194413
194412
194412
194411
194411
194410
194409
194408
194407
194406
194405
194404
194404
194404
194403
194402
194401
194400
194399
194398
194397
194396
194395
194394
194393
194392
194391
194391
194390
194389
194388
194388
194387
194387
194387
194386
194386
194385
194384
194383
194383
194382
194382
194381
194381
194380
194380
194379
194378
194377
194377
194376
194375
194375
194375
194374
194373
194372
194372
194371
194371
194370
194369
194369
194368
194368
194368
194367
194366
194366
194366
194365
194364
194364
194363
194362
194361
194360
194359
194359
194358
194357
194356
194356
194355
194354
194353
194352
194351
194350
194350
194349
194348
194348
194347
194346
194345
194345
194344
194344
194343
194343
194343
194342
194341
194340
194339
194338
194337
194336
194335
194335
194334
194334
194333
194332
194331
194330
194329
194328
194327
194327
194327
194326
194325
194324
194323
194323
194322
194321
194320
194319
194318
194318
194317
194316
194316
194315
194314
194313
194313
194312
194311
194311
194310
194309
194309
194308
194307
194306
194305
194304
194303
194303
194302
194301
194300
194299
194299
194298
194298
194297
194296
194295
194294
194293
194293
194293
194292
194291
194290
194289
194289
194288
194288
194287
194286
194286
194286
194285
194284
194283
194282
194281
194280
194280
194279
194279
194278
194278
194277
194276
194275
194275
194274
194273
194272
194271
194270
194269
194269
194268
194267
194266
194265
194264
194264
194263
194263
194262
194262
194261
194261
194261
194260
194260
194260
194259
194258
194257
194256
194255
194254
194254
194253
194252
194252
194251
194250
194249
194248
194247
194247
194246
194245
194244
194244
194244
194243
194243
194242
194241
194240
194239
194239
194238
194237
194236
194235
194234
194233
194233
194232
194231
194231
194230
194229
194228
194227
194227
194227
194226
194225
194224
194223
194222
194222
194222
194221
194220
194219
194218
194218
194217
194216
194215
194215
194214
194213
194212
194211
194211
194210
194210
194209
194208
194207
194206
194206
194206
194205
194204
194204
194203
194202
194202
194201
194200
194200
194199
194198
194197
194196
194195
194194
194193
194192
194192
194192
194192
194192
194191
194191
194191
194191
194190
194189
194188
194187
194187
194186
194185
194185
194184
194183
194182
194181
194180
194180
194179
194178
194178
194177
194177
194176
194175
194174
194173
194172
194171
194170
194169
194168
194167
194166
194166
194166
194166
194165
194164
194164
194163
194162
194161
194161
194160
194159
194158
194158
194157
194157
194157
194156
194155
194154
194153
194153
194152
194152
194151
194150
194150
194149
194148
194148
194147
194146
194146
194145
194144
194144
194143
194143
194142
194142
194142
194141
194140
194139
194138
194138
194137
194136
194136
194135
194134
194133
194133
194132
194131
194130
194129
194128
194128
194127
194126
194126
194125
194125
194124
194124
194123
194123
194122
194121
194120
194120
194119
194119
194118
194117
194116
194115
194115
194115
194114
194114
194113
194112
194111
194110
194109
194108
194107
194107
194106
194105
194104
194104
194104
194103
194102
194101
194100
194100
194099
194099
194098
194098
194097
194097
194096
194095
194095
194094
194093
194093
194093
194093
194092
194091
194090
194089
194088
194088
194087
194086
194085
194085
194084
194083
194082
194082
194081
194080
194080
194080
194080
194079
194079
194079
194078
194077
194076
194076
194075
194074
194073
194072
194071
194070
194070
194069
194068
194068
194067
194066
194065
194064
194064
194063
194062
194061
194060
194060
194060
194059
194058
194057
194056
194055
194055
194054
194053
194052
194051
194051
194050
194049
194048
194048
194048
194047
194047
194046
194045
194044
194043
194042
194042
194041
194040
194039
194038
194037
194036
194035
194035
194034
194033
194032
194031
194030
194029
194028
194027
194027
194027
194027
194027
194026
194025
194024
194024
194024
194023
194022
194022
194022
194021
194020
194020
194019
194018
194018
194017
194016
194015
194014
194013
194012
194011
194010
194009
194009
194009
194008
194007
194006
194005
194004
194004
194003
194002
194001
194000
193999
193998
193998
193998
193997
193996
193995
193994
193994
193994
193993
193992
193991
193990
193989
193989
193989
193988
193987
193987
193987
193986
193986
193986
193985
193984
193983
193982
193982
193982
193981
193980
193979
193979
193979
193978
193977
193976
193976
193975
193974
193973
193973
193973
193972
193971
193970
193969
193968
193968
193967
193966
193965
193964
193963
193963
193962
193962
193961
193960
193959
193958
193957
193956
193956
193955
193954
193953
193953
193952
193951
193951
193950
193949
193948
193947
193946
193946
193945
193944
193943
193942
193941
193940
193939
193938
193937
193936
193935
193934
193934
193933
193932
193932
193932
193932
193932
193931
193930
193929
193928
193928
193927
193926
193925
193924
193924
193923
193923
193922
193922
193922
193921
193920
193919
193919
193919
193919
193919
193919
193918
193918
193917
193917
193916
193915
193915
193914
193914
193914
193914
193913
193912
193911
193910
193909
193909
193908
193908
193907
193907
193906
193905
193904
193904
193903
193902
193902
193901
193900
193899
193898
193897
193896
193895
193894
193893
193893
193893
193893
193893
193892
193891
193891
193890
193890
193890
193890
193890
193889
193889
193889
193888
193887
193886
193885
193884
193883
193882
193882
193881
193880
193880
193879
193879
193879
193878
193878
193877
193877
193876
193875
193874
193874
193873
193872
193871
193870
193869
193868
193867
193866
193865
193865
193864
193863
193863
193862
193861
193860
193859
193858
193857
193856
193855
193855
193854
193854
193853
193852
193851
193851
193850
193850
193849
193848
193848
193847
193846
193845
193845
193844
193843
193843
193842
193841
193841
193841
193841
193840
193839
193839
193838
193838
193838
193837
193836
193835
193834
193833
193832
193832
193832
193831
193830
193829
193828
193827
193826
193825
193824
193823
193823
193822
193821
193820
193820
193820
193820
193819
193818
193818
193817
193816
193816
193816
193817
193817
193817
193816
193815
193814
193813
193812
193811
193810
193809
193809
193808
193807
193806
193805
193805
193804
193803
193803
193802
193802
193802
193801
193800
193799
193798
193798
193797
193797
193797
193796
193795
193794
193793
193792
193791
193790
193789
193789
193789
193789
193788
193787
193786
193785
193784
193784
193783
193783
193783
193782
193782
193781
193780
193779
193778
193778
193777
193776
193775
193774
193773
193772
193771
193770
193769
193768
193767
193767
193766
193765
193764
193764
193763
193763
193762
193761
193760
193760
193760
193759
193759
193759
193758
193757
193756
193755
193754
193754
193754
193753
193753
193752
193752
193751
193751
193750
193750
193749
193748
193747
193746
193745
193744
193744
193743
193742
193741
193740
193740
193740
193739
193738
193738
193738
193738
193737
193736
193735
193734
193734
193734
193733
193732
193732
193732
193731
193730
193729
193729
193728
193728
193728
193727
193727
193727
193726
193725
193725
193724
193724
193724
193724
193723
193722
193721
193720
193719
193719
193718
193717
193716
193715
193714
193714
193714
193713
193712
193712
193711
193710
193710
193709
193708
193708
193707
193706
193705
193704
193703
193702
193701
193701
193700
193700
193699
193698
193697
193697
193696
193695
193694
193693
193692
193691
193690
193689
193689
193688
193687
193686
193685
193684
193684
193683
193682
193682
193681
193680
193680
193679
193678
193678
193678
193677
193676
193676
193676
193675
193674
193673
193672
193672
193671
193670
193670
193669
193668
193667
193667
193667
193667
193666
193665
193664
193663
193662
193661
193660
193660
193659
193659
193658
193657
193656
193656
193655
193654
193653
193652
193651
193651
193651
193651
193650
193649
193648
193648
193647
193646
193645
193644
193643
193642
193641
193640
193639
193639
193638
193637
193636
193635
193634
193634
193633
193633
193633
193633
193632
193631
193631
193630
193629
193628
193627
193626
193625
193624
193623
193623
193622
193621
193620
193619
193618
193617
193617
193616
193615
193615
193614
193614
193613
193612
193611
193610
193609
193608
193607
193606
193605
193604
193603
193603
193602
193601
193600
193600
193599
193598
193597
193596
193595
193594
193593
193592
193592
193591
193590
193589
193588
193587
193586
193586
193586
193585
193584
193584
193583
193582
193581
193580
193580
193579
193578
193577
193576
193575
193575
193574
193573
193572
193572
193571
193571
193570
193569
193568
193567
193566
193566
193565
193565
193564
193563
193562
193561
193560
193559
193559
193558
193558
193557
193556
193555
193555
193554
193554
193554
193553
193552
193551
193550
193549
193548
193547
193546
193545
193544
193543
193543
193543
193542
193541
193541
193541
193541
193540
193539
193538
193538
193537
193536
193535
193535
193534
193534
193533
193532
193532
193531
193530
193530
193529
193528
193528
193527
193526
193525
193524
193523
193522
193521
193520
193520
193519
193518
193517
193516
193516
193515
193515
193514
193513
193513
193512
193511
193510
193509
193508
193508
193508
193507
193506
193505
193504
193503
193502
193502
193501
193500
193499
193498
193497
193496
193495
193495
193494
193494
193493
193492
193491
193490
193489
193488
193488
193487
193486
193485
193484
193483
193482
193482
193481
193480
193479
193478
193477
193476
193475
193474
193474
193473
193472
193471
193470
193469
193468
193467
193466
193465
193464
193463
193462
193461
193460
193459
193459
193458
193457
193456
193456
193455
193454
193454
193453
193452
193451
193450
193450
193450
193449
193448
193448
193447
193446
193446
193445
193445
193444
193443
193443
193442
193441
193440
193440
193439
193439
193438
193437
193436
193435
193435
193434
193433
193433
193433
193432
193431
193430
193429
193428
193427
193426
193425
193424
193423
193422
193421
193420
193419
193419
193418
193417
193416
193415
193414
193414
193414
193413
193412
193411
193410
193409
193408
193407
193406
193405
193404
193404
193403
193402
193401
193400
193399
193398
193397
193397
193396
193395
193394
193394
193393
193393
193392
193391
193391
193390
193389
193389
193388
193387
193386
193385
193384
193383
193382
193381
193380
193379
193379
193379
193378
193377
193377
193377
193376
193375
193375
193375
193374
193373
193373
193373
193373
193373
193372
193371
193370
193369
193369
193368
193367
193366
193365
193364
193364
193364
193363
193362
193361
193361
193360
193359
193359
193358
193357
193356
193356
193356
193356
193355
193354
193354
193353
193352
193351
193351
193350
193349
193348
193347
193347
193346
193345
193344
193344
193344
193343
193342
193341
193340
193339
193339
193338
193337
193337
193336
193336
193335
193334
193333
193333
193332
193331
193330
193329
193328
193327
193326
193325
193324
193324
193323
193322
193321
193321
193320
193319
193318
193318
193317
193317
193316
193316
193316
193315
193314
193313
193312
193311
193311
193310
193310
193309
193308
193307
193306
193306
193305
193305
193304
193304
193303
193302
193302
193302
193301
193300
193300
193300
193300
193299
193298
193297
193296
193295
193295
193294
193293
193292
193292
193292
193291
193290
193290
193290
193289
193288
193288
193287
193287
193287
193287
193287
193287
193287
193286
193285
193284
193283
193282
193281
193281
193280
193280
193279
193278
193278
193277
193276
193275
193275
193274
193274
193273
193272
193271
193270
193270
193269
193268
193268
193268
193267
193267
193267
193267
193267
193266
193266
193265
193265
193264
193264
193264
193264
193263
193262
193261
193261
193260
193260
193259
193258
193258
193257
193256
193256
193256
193255
193255
193254
193253
193252
193251
193250
193249
193248
193247
193246
193245
193245
193245
193244
193244
193243
193242
193241
193241
193240
193240
193239
193238
193237
193237
193236
193235
193235
193234
193234
193233
193233
193232
193232
193231
193230
193230
193229
193228
193228
193227
193226
193226
193226
193225
193224
193223
193222
193222
193221
193220
193220
193219
193218
193218
193217
193217
193217
193216
193216
193215
193214
193213
193212
193211
193210
193209
193208
193207
193207
193206
193205
193204
193203
193202
193201
193200
193200
193199
193198
193197
193196
193195
193194
193193
193192
193191
193191
193191
193190
193189
193189
193188
193187
193186
193185
193184
193183
193182
193182
193182
193181
193180
193179
193178
193177
193176
193175
193175
193174
193173
193172
193171
193171
193170
193169
193168
193167
193167
193166
193166
193166
193165
193164
193163
193162
193161
193160
193159
193158
193157
193157
193156
193156
193155
193154
193154
193153
193152
193151
193151
193150
193149
193148
193147
193147
193146
193145
193144
193143
193142
193141
193140
193139
193139
193138
193138
193138
193137
193136
193135
193134
193134
193133
193132
193131
193131
193130
193129
193128
193128
193127
193126
193125
193124
193124
193123
193122
193121
193121
193120
193119
193118
193117
193116
193115
193115
193114
193113
193112
193112
193111
193110
193109
193108
193108
193107
193107
193106
193106
193105
193104
193104
193103
193102
193102
193101
193101
193100
193099
193099
193099
193098
193097
193096
193095
193095
193094
193093
193093
193092
193091
193090
193090
193089
193089
193089
193088
193087
193086
193086
193086
193085
193085
193085
193084
193083
193083
193082
193082
193082
193081
193080
193079
193078
193078
193077
193076
193076
193076
193075
193075
193074
193073
193072
193071
193071
193070
193070
193069
193068
193067
193066
193065
193065
193065
193064
193063
193062
193061
193061
193060
193060
193059
193059
193058
193057
193056
193055
193054
193053
193053
193052
193052
193051
193050
193049
193048
193047
193047
193046
193045
193044
193044
193043
193043
193042
193042
193041
193040
193039
193038
193037
193037
193036
193035
193035
193034
193033
193032
193032
193031
193030
193029
193028
193028
193028
193027
193027
193026
193025
193024
193023
193022
193021
193020
193020
193019
193018
193017
193016
193015
193014
193013
193012
193011
193010
193009
193008
193007
193006
193006
193005
193005
193004
193004
193003
193002
193002
193001
193000
193000
192999
192999
192999
192999
192999
192999
192998
192997
192997
192997
192997
192996
192995
192994
192993
192993
192992
192991
192991
192990
192989
192989
192988
192988
192987
192986
192985
192984
192983
192983
192983
192983
192982
192982
192981
192981
192980
192980
192979
192978
192977
192976
192975
192974
192973
192972
192971
192970
192969
192968
192968
192967
192966
192966
192965
192965
192965
192964
192963
192962
192961
192961
192960
192959
192959
192958
192957
192956
192955
192954
192953
192952
192951
192950
192949
192949
192948
192947
192947
192947
192946
192945
192944
192943
192942
192941
192940
192939
192939
192938
192937
192937
192936
192935
192934
192934
192933
192932
192932
192931
192930
192929
192928
192927
192926
192925
192925
192924
192923
192922
192922
192922
192922
192922
192921
192921
192921
192921
192921
192920
192920
192919
192918
192917
192917
192916
192916
192915
192914
192914
192913
192912
192911
192910
192909
192908
192908
192908
192907
192906
192905
192904
192903
192902
192901
192901
192900
192899
192898
192897
192896
192896
192896
192895
192895
192895
192894
192893
192892
192891
192890
192889
192888
192887
192887
192887
192887
192888
192887
192886
192885
192884
192883
192883
192882
192882
192881
192881
192880
192879
192878
192877
192876
192876
192875
192874
192874
192873
192873
192872
192872
192872
192871
192870
192869
192868
192867
192867
192867
192867
192866
192865
192865
192864
192863
192863
192862
192862
192861
192860
192859
192858
192858
192857
192857
192856
192855
192854
192853
192852
192851
192851
192850
192849
192848
192847
192846
192846
192846
192846
192845
192844
192843
192842
192842
192841
192841
192840
192840
192839
192838
192838
192837
192836
192836
192835
192835
192834
192834
192834
192833
192832
192831
192830
192830
192829
192828
192827
192826
192825
192824
192823
192823
192823
192822
192821
192821
192821
192820
192819
192818
192818
192817
192816
192815
192814
192813
192813
192813
192813
192813
192813
192812
192811
192810
192810
192810
192810
192809
192809
192808
192807
192806
192805
192804
192804
192804
192803
192802
192801
192800
192799
192798
192798
192797
192796
192795
192794
192793
192793
192792
192791
192791
192790
192789
192788
192788
192787
192787
192786
192785
192785
192784
192783
192782
192781
192780
192780
192780
192779
192778
192778
192778
192778
192777
192776
192775
192775
192774
192773
192772
192772
192771
192771
192771
192771
192771
192770
192770
192770
192770
192769
192769
192768
192767
192766
192766
192765
192764
192763
192762
192761
192761
192761
192760
192760
192759
192758
192757
192756
192755
192754
192753
192752
192752
192752
192752
192751
192751
192750
192749
192748
192747
192746
192745
192745
192744
192743
192743
192742
192741
192740
192739
192739
192738
192737
192736
192736
192735
192734
192733
192732
192732
192731
192731
192730
192730
192730
192730
192730
192729
192728
192727
192726
192725
192725
192724
192723
192722
192722
192721
192721
192721
192720
192719
192719
192718
192717
192716
192715
192714
192714
192713
192713
192712
192711
192710
192709
192708
192708
192708
192707
192707
192706
192705
192705
192705
192704
192703
192702
192702
192701
192701
192701
192700
192699
192698
192698
192697
192696
192695
192695
192694
192693
192692
192691
192690
192689
192688
192688
192687
192687
192686
192685
192684
192684
192684
192683
192682
192681
192680
192679
192678
192678
192677
192677
192677
192676
192675
192674
192673
192672
192671
192670
192670
192669
192668
192667
192667
192666
192665
192664
192663
192662
192661
192661
192661
192660
192659
192658
192658
192657
192656
192655
192655
192655
192654
192653
192652
192652
192652
192651
192650
192649
192648
192647
192646
192645
192644
192643
192642
192642
192641
192640
192639
192638
192637
192637
192636
192635
192635
192635
192635
192635
192634
192634
192633
192633
192632
192631
192631
192630
192630
192629
192628
192627
192626
192625
192624
192623
192622
192622
192622
192622
192621
192621
192620
192619
192619
192618
192617
192617
192616
192616
192616
192615
192614
192614
192613
192612
192611
192610
192609
192609
192608
192607
192606
192606
192605
192605
192605
192604
192603
192602
192601
192600
192600
192599
192599
192598
192597
192596
192595
192595
192594
192594
192593
192593
192592
192591
192591
192590
192589
192588
192587
192587
192586
192586
192585
192584
192583
192583
192582
192581
192580
192580
192580
192579
192578
192577
192576
192576
192575
192574
192573
192573
192572
192571
192570
192569
192569
192569
192568
192567
192567
192566
192566
192565
192564
192563
192563
192562
192561
192560
192559
192558
192557
192556
192556
192556
192555
192554
192553
192553
192552
192552
192551
192551
192551
192550
192549
192548
192547
192546
192546
192545
192545
192544
192543
192542
192541
192540
192540
192540
192539
192538
192537
192536
192535
192534
192533
192533
192532
192531
192530
192529
192528
192528
192527
192526
192525
192525
192524
192524
192523
192522
192521
192520
192519
192519
192518
192517
192517
192517
192517
192516
192515
192514
192513
192512
192511
192510
192510
192510
192509
192508
192507
192506
192506
192505
192504
192504
192503
192502
192501
192500
192499
192498
192498
192498
192497
192496
192495
192494
192493
192492
192491
192490
192489
192488
192487
192487
192486
192485
192485
192484
192483
192482
192482
192481
192480
192479
192478
192477
192476
192475
192474
192474
192473
192473
192473
192473
192472
192471
192470
192469
192468
192468
192468
192467
192467
192466
192466
192465
192465
192464
192463
192463
192463
192462
192461
192460
192459
192458
192458
192458
192457
192456
192456
192456
192455
192454
192453
192453
192452
192452
192451
192450
192450
192450
192449
192448
192447
192446
192446
192445
192444
192443
192442
192442
192441
192441
192440
192439
192438
192437
192436
192435
192434
192433
192432
192431
192431
192430
192429
192428
192428
192427
192426
192425
192424
192423
192422
192421
192421
192420
192420
192420
192419
192418
192417
192417
192416
192416
192415
192414
192413
192413
192413
192412
192412
192411
192410
192410
192409
192409
192409
192408
192408
192408
192407
192406
192405
192405
192405
192405
192405
192404
192404
192404
192403
192402
192401
192400
192399
192398
192397
192396
192395
192394
192393
192393
192392
192391
192390
192390
192390
192389
192388
192388
192388
192388
192387
192387
192386
192385
192384
192383
192383
192382
192381
192381
192380
192379
192378
192377
192377
192376
192376
192375
192375
192374
192373
192373
192372
192372
192371
192370
192369
192368
192367
192367
192366
192366
192365
192364
192364
192364
192364
192363
192362
192362
192361
192360
192359
192359
192358
192357
192356
192355
192354
192353
192353
192352
192351
192351
192350
192349
192349
192348
192348
192347
192346
192345
192344
192343
192343
192342
192341
192340
192339
192338
192338
192338
192337
192336
192335
192334
192334
192333
192332
192331
192330
192329
192328
192327
192326
192325
192324
192324
192324
192323
192323
192322
192321
192320
192320
192320
192319
192318
192317
192316
192316
192315
192314
192313
192312
192311
192311
192310
192309
192308
192307
192306
192305
192304
192303
192302
192301
192300
192300
192300
192299
192299
192299
192299
192298
192297
192297
192297
192296
192295
192295
192294
192293
192293
192293
192293
192292
192291
192290
192290
192289
192288
192287
192286
192285
192284
192284
192283
192282
192281
192280
192279
192279
192278
192278
192277
192276
192275
192275
192274
192273
192272
192271
192271
192271
192270
192269
192268
192267
192267
192267
192266
192265
192264
192264
192264
192263
192262
192261
192260
192260
192259
192258
192257
192257
192256
192256
192255
192254
192253
192253
192252
192252
192251
192250
192250
192249
192249
192248
192248
192247
192247
192247
192246
192245
192244
192244
192244
192243
192243
192242
192241
192240
192239
192238
192237
192236
192236
192235
192235
192234
192233
192232
192232
192231
192231
192231
192231
192230
192229
192228
192227
192226
192226
192225
192224
192223
192222
192221
192220
192219
192218
192217
192216
192215
192214
192213
192213
192212
192211
192210
192209
192209
192209
192208
192207
192206
192206
192205
192205
192204
192203
192202
192201
192200
192199
192198
192197
192197
192196
192195
192194
192193
192192
192191
192191
192190
192190
192189
192188
192187
192186
192185
192185
192185
192184
192184
192183
192182
192182
192181
192181
192181
192181
192180
192179
192178
192177
192176
192175
192174
192173
192172
192172
192171
192170
192169
192169
192168
192167
192166
192165
192165
192164
192164
192163
192162
192161
192160
192159
192159
192158
192158
192157
192157
192156
192156
192155
192154
192154
192154
192154
192153
192152
192151
192150
192149
192148
192147
192147
192146
192146
192146
192145
192144
192143
192142
192141
192140
192139
192138
192137
192137
192136
192135
192134
192134
192133
192133
192132
192131
192131
192130
192130
192129
192129
192128
192127
192127
192126
192125
192124
192123
192122
192122
192122
192121
192120
192120
192119
192118
192118
192117
192116
192116
192116
192115
192114
192113
192113
192113
192112
192112
192111
192110
192109
192108
192108
192108
192108
192107
192106
192106
192105
192104
192103
192102
192101
192100
192099
192098
192098
192097
192096
192095
192094
192093
192093
192092
192091
192090
192090
192089
192088
192088
192087
192086
192085
192084
192083
192082
192082
192081
192081
192080
192079
192078
192077
192076
192075
192074
192073
192073
192073
192072
192071
192070
192069
192069
192068
192067
192066
192065
192064
192063
192062
192061
192061
192061
192060
192059
192059
192058
192057
192057
192056
192055
192054
192054
192053
192053
192053
192053
192053
192052
192051
192050
192049
192048
192048
192047
192047
192046
192045
192044
192043
192043
192042
192041
192041
192040
192040
192040
192040
192039
192038
192037
192036
192035
192034
192034
192033
192033
192033
192032
192032
192031
192030
192030
192029
192029
192029
192028
192027
192026
192025
192025
192024
192023
192022
192021
192020
192020
192019
192018
192018
192017
192016
192016
192016
192015
192015
192015
192015
192015
192014
192013
192013
192013
192012
192011
192010
192009
192009
192009
192008
192008
192007
192006
192006
192005
192004
192003
192003
192002
192001
192001
192001
192000
191999
191999
191998
191997
191996
191996
191995
191995
191994
191993
191992
191992
191991
191991
191990
191990
191990
191989
191988
191987
191986
191986
191985
191984
191984
191984
191983
191983
191982
191982
191982
191981
191980
191980
191979
191978
191977
191976
191976
191975
191974
191973
191972
191971
191970
191969
191969
191968
191967
191966
191966
191966
191966
191966
191966
191965
191964
191963
191962
191961
191961
191960
191959
191959
191958
191958
191958
191958
191957
191957
191957
191956
191956
191955
191955
191954
191954
191953
191952
191951
191950
191950
191949
191948
191948
191947
191946
191945
191945
191945
191944
191944
191943
191942
191941
191940
191939
191938
191938
191937
191936
191936
191936
191935
191934
191933
191932
191931
191930
191930
191930
191929
191928
191927
191927
191926
191925
191925
191924
191923
191922
191921
191920
191919
191918
191917
191916
191915
191914
191913
191913
191912
191912
191911
191911
191911
191910
191909
191908
191907
191906
191906
191906
191905
191904
191904
191903
191902
191901
191900
191900
191900
191900
191899
191898
191897
191897
191896
191895
191894
191893
191892
191891
191890
191889
191889
191888
191887
191887
191886
191886
191886
191885
191884
191884
191884
191883
191882
191881
191880
191880
191879
191878
191877
191877
191877
191876
191876
191876
191875
191875
191874
191873
191872
191872
191872
191871
191871
191870
191870
191869
191869
191868
191868
191867
191866
191865
191865
191865
191865
191865
191865
191865
191864
191863
191862
191861
191860
191860
191859
191858
191857
191857
191856
191856
191855
191854
191854
191853
191852
191852
191851
191850
191849
191848
191847
191846
191845
191844
191843
191842
191841
191841
191840
191839
191838
191838
191837
191836
191836
191835
191835
191834
191834
191833
191832
191832
191831
191831
191830
191830
191829
191828
191827
191826
191826
191825
191825
191824
191824
191824
191823
191823
191822
191822
191822
191821
191820
191819
191819
191818
191817
191817
191817
191817
191817
191817
191817
191817
191817
191817
191817
191816
191815
191814
191813
191812
191811
191811
191811
191810
191809
191809
191808
191808
191807
191806
191806
191805
191804
191803
191803
191803
191802
191801
191800
191799
191799
191799
191799
191798
191797
191797
191796
191796
191795
191795
191795
191794
191794
191793
191792
191791
191790
191789
191788
191787
191786
191786
191785
191785
191784
191783
191782
191781
191780
191779
191779
191778
191777
191776
191776
191775
191775
191774
191774
191773
191772
191771
191770
191769
191769
191768
191768
191767
191766
191765
191765
191764
191763
191762
191762
191761
191760
191759
191758
191757
191756
191755
191754
191753
191752
191752
191752
191751
191750
191750
191749
191749
191749
191749
191748
191747
191746
191745
191745
191744
191743
191742
191741
191740
191739
191738
191737
191736
191736
191735
191734
191733
191733
191733
191732
191732
191732
191732
191731
191730
191729
191729
191728
191727
191726
191725
191724
191723
191723
191722
191721
191720
191719
191718
191718
191718
191717
191716
191715
191714
191713
191712
191711
191710
191709
191708
191707
191706
191706
191705
191704
191703
191702
191701
191701
191700
191699
191699
191699
191699
191699
191698
191697
191696
191695
191694
191693
191692
191691
191691
191690
191689
191689
191688
191687
191686
191686
191686
191685
191685
191684
191683
191683
191682
191681
191680
191680
191679
191678
191678
191678
191677
191676
191675
191674
191673
191672
191671
191670
191670
191669
191668
191667
191666
191665
191665
191664
191663
191663
191663
191662
191661
191661
191661
191661
191661
191660
191659
191658
191658
191658
191657
191656
191655
191654
191653
191653
191652
191652
191651
191650
191650
191650
191649
191649
191648
191647
191647
191646
191645
191644
191643
191642
191642
191642
191642
191641
191640
191640
191639
191638
191638
191637
191637
191636
191635
191634
191633
191632
191631
191630
191629
191628
191627
191627
191627
191626
191626
191625
191624
191624
191624
191623
191622
191621
191620
191619
191618
191617
191616
191615
191614
191614
191614
191614
191614
191614
191614
191613
191612
191611
191610
191609
191608
191607
191607
191606
191606
191606
191605
191604
191603
191603
191602
191602
191601
191600
191600
191599
191599
191599
191598
191598
191598
191597
191596
191595
191594
191593
191592
191591
191590
191590
191589
191588
191588
191587
191586
191585
191584
191583
191582
191581
191581
191581
191581
191580
191580
191580
191579
191579
191578
191577
191576
191576
191575
191574
191573
191573
191572
191571
191571
191570
191569
191569
191568
191567
191566
191565
191565
191564
191563
191562
191561
191561
191560
191559
191558
191557
191557
191556
191556
191555
191554
191555
191554
191553
191552
191551
191551
191551
191551
191550
191549
191548
191547
191546
191545
191545
191544
191544
191543
191542
191541
191541
191540
191540
191539
191538
191538
191537
191536
191535
191534
191534
191534
191533
191533
191532
191531
191531
191531
191530
191530
191530
191529
191528
191527
191526
191525
191525
191524
191523
191522
191521
191520
191520
191519
191518
191518
191518
191518
191517
191516
191515
191514
191513
191513
191513
191513
191513
191513
191512
191512
191511
191510
191509
191509
191509
191508
191507
191506
191505
191505
191504
191503
191503
191502
191501
191500
191500
191499
191498
191498
191497
191496
191496
191495
191494
191493
191492
191492
191491
191490
191489
191489
191489
191489
191488
191487
191486
191485
191485
191484
191483
191482
191481
191480
191479
191478
191477
191476
191476
191476
191475
191475
191474
191473
191472
191471
191470
191469
191468
191468
191468
191467
191466
191465
191464
191464
191463
191462
191462
191462
191462
191462
191461
191461
191460
191460
191459
191459
191458
191458
191457
191457
191457
191456
191455
191454
191453
191452
191452
191451
191450
191449
191448
191447
191446
191445
191444
191444
191443
191442
191441
191440
191439
191438
191437
191437
191436
191436
191435
191434
191433
191432
191431
191431
191431
191431
191430
191429
191429
191429
191428
191427
191427
191426
191426
191425
191424
191423
191422
191421
191420
191420
191419
191418
191418
191417
191416
191415
191415
191414
191413
191412
191411
191410
191409
191409
191409
191408
191407
191406
191406
191405
191404
191403
191403
191402
191401
191400
191400
191399
191398
191398
191397
191396
191395
191395
191394
191393
191392
191391
191391
191390
191390
191389
191389
191389
191388
191388
191387
191387
191386
191385
191384
191384
191384
191384
191383
191382
191381
191381
191380
191379
191378
191377
191377
191376
191375
191374
191373
191372
191372
191371
191370
191369
191369
191368
191367
191366
191365
191365
191364
191363
191363
191363
191362
191362
191361
191360
191360
191359
191359
191359
191358
191358
191358
191357
191357
191356
191355
191354
191354
191354
191353
191352
191351
191350
191349
191349
191348
191348
191347
191347
191347
191346
191345
191345
191345
191344
191343
191343
191342
191342
191341
191340
191339
191338
191338
191338
191338
191338
191337
191337
191336
191335
191334
191333
191332
191331
191330
191329
191329
191328
191327
191326
191325
191325
191324
191323
191323
191322
191322
191321
191321
191320
191319
191318
191317
191316
191315
191314
191313
191312
191311
191310
191309
191308
191307
191307
191306
191305
191304
191303
191303
191303
191303
191302
191301
191301
191301
191301
191301
191300
191299
191299
191299
191299
191299
191298
191297
191296
191295
191294
191294
191293
191292
191291
191290
191289
191289
191288
191288
191287
191286
191285
191284
191283
191282
191282
191281
191281
191280
191279
191279
191278
191277
191277
191277
191276
191276
191275
191274
191273
191272
191271
191270
191269
191268
191267
191266
191265
191264
191264
191264
191264
191263
191262
191261
191261
191260
191259
191258
191258
191257
191256
191255
191254
191253
191253
191252
191252
191251
191250
191250
191250
191249
191249
191248
191247
191247
191246
191245
191244
191244
191243
191242
191242
191242
191241
191241
191240
191239
191239
191238
191237
191236
191235
191234
191234
191233
191232
191231
191231
191230
191230
191229
191228
191228
191227
191227
191226
191225
191225
191224
191223
191222
191221
191220
191219
191218
191218
191217
191217
191216
191215
191215
191214
191213
191213
191212
191211
191210
191209
191208
191208
191207
191206
191205
191205
191205
191204
191203
191202
191201
191200
191200
191199
191199
191198
191197
191196
191195
191194
191194
191193
191193
191193
191193
191192
191191
191190
191189
191188
191187
191187
191186
191185
191185
191185
191185
191184
191184
191183
191182
191181
191180
191179
191178
191178
191177
191176
191175
191174
191173
191172
191171
191171
191171
191170
191169
191168
191167
191167
191166
191165
191164
191163
191162
191161
191161
191161
191161
191160
191159
191158
191157
191156
191155
191154
191153
191152
191152
191152
191152
191152
191152
191151
191150
191150
191149
191148
191148
191148
191147
191146
191145
191145
191145
191144
191144
191143
191142
191141
191140
191140
191139
191139
191139
191138
191138
191137
191136
191135
191134
191133
191132
191132
191132
191132
191131
191131
191130
191129
191128
191127
191127
191126
191125
191124
191124
191123
191122
191121
191120
191120
191120
191120
191119
191118
191117
191117
191117
191116
191115
191114
191114
191114
191113
191112
191111
191111
191110
191110
191109
191108
191107
191106
191105
191105
191104
191103
191103
191102
191101
191100
191099
191098
191097
191096
191095
191094
191093
191092
191091
191091
191090
191090
191089
191088
191087
191086
191086
191086
191086
191085
191084
191084
191083
191082
191081
191080
191079
191078
191077
191076
191075
191074
191073
191073
191072
191071
191070
191070
191070
191069
191068
191067
191067
191066
191065
191064
191063
191062
191062
191062
191062
191062
191061
191060
191059
191059
191058
191057
191056
191055
191054
191053
191052
191052
191051
191051
191050
191049
191049
191048
191047
191046
191046
191046
191045
191044
191044
191043
191043
191043
191043
191043
191043
191042
191042
191042
191042
191041
191040
191039
191039
191038
191038
191037
191037
191038
191038
191037
191036
191035
191035
191034
191034
191033
191032
191031
191030
191029
191029
191028
191027
191026
191025
191024
191023
191022
191021
191020
191019
191018
191018
191017
191016
191016
191015
191014
191013
191012
191012
191011
191010
191010
191009
191008
191007
191006
191005
191004
191003
191002
191002
191001
191001
191000
190999
190999
190999
190998
190998
190998
190997
190996
190996
190995
190994
190993
190993
190993
190992
190992
190992
190992
190991
190990
190990
190990
190990
190989
190988
190988
190987
190986
190985
190984
190983
190983
190982
190981
190981
190980
190979
190978
190977
190976
190975
190974
190974
190974
190973
190973
190973
190972
190971
190970
190969
190968
190967
190967
190966
190965
190965
190964
190964
190963
190963
190962
190962
190961
190960
190959
190959
190959
190958
190958
190957
190957
190956
190955
190954
190953
190953
190952
190951
190950
190950
190949
190948
190947
190946
190946
190945
190944
190944
190943
190942
190941
190940
190939
190939
190938
190938
190938
190937
190936
190935
190934
190933
190932
190931
190930
190929
190928
190927
190927
190926
190925
190924
190923
190923
190922
190922
190922
190921
190920
190920
190919
190918
190918
190918
190917
190917
190916
190915
190914
190913
190912
190911
190910
190910
190910
190910
190910
190909
190909
190909
190910
190910
190909
190908
190907
190906
190905
190904
190904
190903
190903
190902
190901
190900
190899
190898
190897
190896
190895
190895
190894
190893
190892
190891
190891
190890
190889
190888
190887
190886
190885
190885
190884
190884
190883
190883
190882
190881
190880
190879
190878
190877
190876
190875
190874
190873
190872
190872
190871
190870
190869
190868
190867
190867
190866
190865
190865
190864
190863
190863
190862
190862
190862
190861
190860
190860
190859
190859
190858
190857
190856
190855
190854
190853
190852
190851
190851
190850
190849
190848
190848
190847
190846
190845
190845
190845
190844
190844
190843
190842
190841
190840
190839
190838
190838
190838
190838
190837
190837
190836
190835
190834
190833
190832
190831
190830
190829
190828
190828
190828
190827
190826
190825
190824
190824
190823
190822
190821
190820
190820
190820
190820
190819
190818
190818
190818
190818
190818
190817
190816
190815
190814
190813
190813
190812
190812
190811
190811
190810
190809
190808
190807
190807
190806
190805
190804
190803
190803
190802
190801
190801
190800
190799
190798
190798
190798
190797
190796
190795
190794
190793
190792
190791
190790
190789
190788
190787
190786
190786
190786
190785
190784
190783
190783
190782
190781
190780
190779
190778
190777
190777
190776
190775
190774
190773
190772
190771
190771
190771
190771
190770
190769
190769
190768
190767
190766
190765
190765
190765
190765
190764
190764
190763
190763
190762
190761
190760
190760
190759
190758
190757
190757
190756
190755
190754
190753
190753
190752
190751
190751
190751
190750
190750
190749
190749
190748
190747
190747
190746
190746
190745
190745
190745
190744
190743
190742
190741
190741
190741
190740
190739
190738
190737
190736
190735
190734
190733
190733
190733
190732
190731
190731
190730
190729
190728
190727
190726
190726
190726
190726
190725
190725
190725
190724
190724
190724
190724
190723
190722
190722
190721
190720
190720
190719
190719
190719
190718
190718
190717
190716
190715
190714
190713
190713
190713
190712
190711
190710
190709
190708
190707
190707
190706
190705
190705
190704
190703
190702
190702
190701
190701
190700
190700
190699
190698
190697
190696
190695
190694
190694
190694
190694
190693
190693
190693
190693
190692
190692
190691
190690
190689
190688
190687
190686
190685
190684
190683
190683
190682
190682
190682
190681
190680
190679
190678
190677
190676
190675
190675
190674
190673
190673
190672
190671
190670
190669
190668
190667
190666
190665
190665
190664
190663
190663
190662
190661
190660
190660
190659
190659
190658
190657
190657
190656
190655
190655
190654
190653
190653
190652
190651
190650
190650
190649
190649
190648
190647
190646
190645
190645
190644
190643
190642
190642
190641
190641
190640
190640
190639
190638
190637
190636
190636
190635
190635
190634
190633
190633
190633
190632
190631
190630
190630
190629
190628
190627
190626
190625
190625
190624
190624
190623
