235757
235756
235755
235755
235754
235753
235752
235751
235750
235750
235750
235749
235748
235747
235747
235746
235745
235744
235743
235742
235741
235740
235739
235738
235737
235736
235736
235736
235735
235734
235734
235733
235732
235732
235731
235730
235729
235729
235728
235727
235727
235726
235725
235725
235724
235724
235723
235722
235722
235721
235720
235719
235718
235718
235717
235717
235716
235716
235715
235715
235715
235714
235713
235713
235712
235711
235710
235710
235709
235708
235708
235707
235706
235705
235704
235704
235703
235702
235701
235700
235699
235699
235698
235697
235696
235696
235696
235695
235695
235694
235693
235692
235691
235691
235690
235689
235688
235687
235687
235686
235686
235685
235685
235684
235683
235683
235683
235682
235681
235680
235680
235680
235679
235678
235677
235677
235676
235675
235674
235674
235673
235673
235672
235672
235671
235671
235671
235671
235670
235669
235668
235667
235667
235666
235666
235665
235664
235664
235663
235662
235661
235660
235659
235658
235657
235656
235656
235655
235654
235653
235652
235652
235652
235651
235650
235650
235649
235648
235647
235646
235646
235645
235645
235644
235643
235642
235641
235641
235640
235639
235638
235638
235637
235636
235635
235634
235633
235633
235632
235632
235631
235630
235629
235628
235627
235627
235626
235625
235624
235623
235623
235622
235621
235620
235620
235619
235618
235617
235616
235616
235615
235614
235613
235612
235612
235611
235610
235609
235609
235609
235609
235608
235607
235606
235605
235605
235604
235603
235602
235601
235601
235600
235599
235599
235599
235598
235597
235597
235596
235595
235594
235593
235592
235591
235591
235590
235589
235588
235588
235587
235586
235585
235584
235584
235583
235583
235582
235582
235581
235581
235580
235580
235580
235580
235580
235580
235579
235578
235577
235576
235575
235574
235573
235572
235571
235570
235569
235568
235567
235566
235566
235566
235565
235564
235563
235562
235562
235561
235560
235559
235559
235558
235557
235556
235555
235555
235555
235555
235554
235553
235552
235551
235550
235550
235549
235549
235548
235547
235547
235546
235545
235545
235544
235544
235544
235543
235542
235541
235541
235540
235540
235539
235539
235539
235538
235538
235537
235536
235535
235534
235534
235533
235532
235531
235531
235530
235530
235530
235529
235529
235529
235528
235528
235527
235526
235526
235526
235525
235524
235524
235524
235523
235522
235521
235520
235519
235519
235518
235517
235517
235516
235515
235514
235513
235513
235513
235512
235511
235510
235510
235509
235508
235508
235507
235507
235506
235505
235504
235504
235503
235503
235502
235502
235501
235501
235501
235500
235499
235498
235497
235497
235496
235495
235495
235494
235494
235494
235493
235492
235491
235490
235489
235489
235488
235487
235487
235487
235486
235485
235485
235485
235485
235484
235483
235483
235482
235482
235481
235480
235480
235479
235478
235477
235476
235475
235475
235474
235473
235472
235471
235471
235470
235469
235468
235468
235467
235466
235466
235465
235464
235463
235462
235462
235461
235460
235460
235460
235459
235458
235457
235457
235456
235455
235455
235455
235454
235454
235454
235453
235453
235453
235453
235452
235451
235451
235450
235450
235450
235449
235449
235449
235448
235447
235446
235445
235444
235443
235442
235441
235440
235440
235439
235439
235438
235437
235437
235437
235437
235436
235436
235435
235435
235434
235433
235433
235432
235431
235430
235429
235428
235428
235428
235428
235428
235427
235426
235425
235424
235424
235423
235422
235421
235421
235420
235419
235418
235417
235416
235415
235414
235413
235412
235411
235410
235410
235410
235410
235410
235409
235408
235408
235407
235406
235405
235404
235404
235403
235402
235401
235400
235399
235398
235397
235396
235395
235394
235393
235392
235391
235390
235389
235389
235389
235388
235387
235386
235385
235384
235384
235383
235383
235383
235383
235382
235381
235381
235380
235380
235380
235379
235378
235378
235378
235378
235377
235376
235376
235375
235375
235374
235374
235373
235372
235371
235370
235369
235368
235367
235367
235367
235366
235366
235366
235366
235365
235364
235363
235362
235362
235361
235361
235361
235361
235360
235359
235358
235357
235356
235355
235354
235354
235354
235354
235353
235353
235353
235352
235351
235350
235349
235349
235348
235347
235346
235345
235344
235344
235343
235343
235342
235341
235340
235339
235339
235339
235338
235337
235336
235335
235334
235334
235334
235333
235333
235332
235332
235332
235331
235331
235330
235329
235328
235327
235326
235325
235324
235323
235322
235321
235320
235319
235318
235317
235317
235317
235316
235316
235315
235315
235314
235314
235313
235313
235312
235312
235311
235310
235309
235308
235308
235307
235306
235305
235304
235304
235303
235302
235301
235300
235300
235299
235299
235298
235298
235297
235296
235295
235294
235294
235294
235293
235293
235292
235291
235291
235290
235289
235288
235288
235287
235286
235285
235285
235284
235283
235282
235281
235280
235279
235279
235279
235279
235279
235278
235278
235277
235276
235275
235274
235273
235272
235271
235270
235269
235268
235267
235266
235265
235265
235265
235264
235264
235263
235262
235261
235260
235259
235259
235258
235257
235256
235256
235255
235254
235254
235253
235253
235252
235252
235252
235251
235251
235250
235249
235248
235247
235246
235245
235244
235243
235243
235242
235241
235240
235239
235238
235238
235237
235236
235235
235234
235233
235232
235231
235230
235229
235228
235228
235228
235227
235226
235225
235224
235223
235222
235222
235221
235221
235220
235219
235219
235218
235217
235217
235216
235216
235215
235214
235214
235214
235213
235213
235212
235211
235211
235210
235210
235209
235208
235207
235207
235207
235206
235206
235206
235205
235204
235204
235203
235202
235201
235201
235201
235200
235199
235199
235198
235197
235197
235197
235196
235196
235195
235194
235193
235193
235192
235192
235191
235190
235189
235188
235188
235188
235187
235187
235186
235185
235185
235184
235184
235184
235183
235182
235181
235180
235179
235178
235177
235177
235176
235176
235175
235174
235173
235172
235171
235171
235170
235170
235170
235170
235169
235168
235168
235168
235168
235167
235166
235165
235164
235164
235163
235162
235161
235160
235160
235159
235159
235158
235157
235156
235155
235154
235153
235152
235151
235150
235150
235149
235148
235148
235147
235146
235146
235145
235145
235144
235143
235142
235141
235141
235140
235139
235138
235138
235137
235136
235135
235134
235133
235133
235132
235132
235132
235131
235130
235130
235129
235128
235127
235126
235125
235124
235123
235122
235121
235120
235119
235118
235118
235118
235117
235117
235116
235115
235115
235115
235115
235114
235114
235113
235112
235112
235111
235110
235109
235109
235108
235107
235106
235105
235104
235103
235102
235102
235102
235102
235102
235102
235101
235100
235099
235098
235098
235098
235097
235096
235095
235094
235093
235092
235091
235090
235090
235090
235089
235089
235088
235087
235086
235085
235084
235083
235082
235081
235081
235080
235080
235079
235078
235077
235077
235076
235075
235074
235073
235072
235071
235070
235069
235068
235067
235066
235066
235065
235064
235063
235063
235063
235062
235061
235060
235059
235058
235058
235057
235056
235055
235054
235054
235054
235053
235053
235052
235051
235050
235049
235048
235048
235047
235046
235045
235045
235045
235044
235044
235044
235043
235042
235042
235041
235040
235039
235039
235039
235038
235037
235037
235037
235036
235036
235035
235035
235034
235034
235034
235033
235033
235032
235032
235031
235030
235029
235028
235028
235027
235027
235026
235025
235024
235024
235023
235022
235021
235021
235020
235019
235018
235017
235016
235015
235014
235013
235012
235011
235011
235010
235010
235009
235008
235008
235008
235007
235006
235006
235005
235005
235004
235003
235002
235001
235000
234999
234998
234997
234997
234997
234996
234996
234995
234994
234993
234992
234991
234991
234991
234991
234990
234989
234988
234987
234986
234985
234985
234985
234984
234983
234982
234982
234981
234981
234981
234981
234980
234980
234979
234978
234977
234976
234976
234975
234974
234973
234973
234972
234972
234971
234970
234969
234968
234967
234966
234965
234965
234964
234963
234962
234961
234960
234959
234958
234957
234956
234955
234954
234954
234954
234954
234953
234952
234951
234951
234951
234950
234949
234948
234947
234947
234946
234945
234945
234944
234943
234942
234941
234940
234940
234940
234939
234939
234938
234937
234937
234937
234936
234935
234934
234933
234932
234931
234931
234930
234930
234929
234928
234927
234927
234926
234926
234925
234924
234924
234923
234922
234921
234920
234919
234919
234918
234917
234917
234917
234917
234916
234915
234914
234913
234913
234913
234912
234911
234910
234909
234909
234908
234908
234907
234906
234905
234904
234903
234902
234902
234901
234900
234899
234898
234897
234896
234895
234894
234893
234893
234892
234891
234890
234890
234889
234888
234887
234887
234886
234885
234884
234883
234883
234882
234881
234882
234882
234881
234881
234881
234880
234880
234879
234878
234878
234878
234877
234876
234875
234874
234873
234873
234872
234871
234870
234869
234868
234867
234867
234866
234865
234864
234863
234863
234862
234862
234861
234860
234859
234858
234858
234857
234856
234856
234855
234854
234853
234852
234851
234850
234850
234850
234849
234849
234849
234849
234849
234848
234847
234846
234845
234844
234844
234843
234842
234841
234840
234840
234840
234839
234839
234839
234838
234837
234836
234836
234835
234834
234833
234832
234831
234831
234831
234830
234829
234829
234828
234827
234826
234826
234826
234826
234825
234824
234823
234822
234821
234821
234820
234820
234820
234819
234818
234818
234817
234816
234816
234816
234816
234815
234814
234814
234814
234813
234812
234811
234811
234810
234810
234809
234808
234807
234806
234805
234804
234804
234803
234802
234801
234800
234799
234798
234797
234797
234796
234795
234795
234794
234793
234792
234792
234792
234791
234790
234789
234788
234787
234787
234786
234786
234786
234785
234784
234783
234782
234781
234781
234780
234779
234778
234777
234776
234776
234776
234775
234774
234773
234773
234772
234772
234771
234770
234769
234768
234768
234767
234766
234766
234766
234765
234764
234763
234762
234762
234761
234760
234759
234759
234758
234758
234757
234757
234756
234756
234755
234754
234753
234752
234751
234750
234749
234749
234748
234747
234747
234746
234745
234744
234743
234742
234742
234741
234740
234739
234738
234737
234736
234735
234734
234733
234733
234732
234731
234731
234730
234729
234729
234728
234727
234727
234726
234725
234724
234723
234723
234722
234721
234720
234720
234719
234719
234718
234717
234716
234715
234714
234714
234713
234712
234712
234711
234710
234709
234709
234709
234708
234707
234707
234706
234706
234705
234704
234703
234702
234702
234702
234702
234702
234701
234701
234700
234699
234698
234697
234696
234695
234695
234694
234693
234692
234691
234690
234690
234690
234689
234689
234688
234688
234687
234686
234685
234685
234685
234684
234683
234682
234681
234680
234680
234679
234679
234679
234679
234679
234678
234677
234676
234675
234674
234673
234673
234673
234672
234672
234671
234671
234670
234669
234668
234668
234667
234667
234666
234665
234664
234664
234663
234662
234662
234661
234660
234659
234658
234657
234656
234655
234654
234653
234652
234651
234651
234650
234650
234649
234649
234648
234647
234647
234647
234647
234646
234646
234645
234645
234644
234643
234642
234641
234640
234639
234638
234637
234636
234635
234634
234633
234632
234631
234630
234630
234629
234629
234628
234627
234626
234625
234625
234624
234623
234622
234622
234621
234620
234620
234619
234618
234617
234616
234615
234614
234613
234613
234612
234611
234611
234611
234610
234609
234608
234607
234606
234605
234604
234603
234602
234602
234602
234601
234601
234601
234600
234599
234598
234597
234596
234595
234595
234594
234594
234594
234593
234592
234592
234592
234592
234591
234590
234589
234588
234587
234586
234585
234584
234583
234582
234581
234580
234579
234578
234577
234576
234575
234574
234573
234572
234571
234570
234570
234570
234569
234568
234567
234566
234566
234565
234564
234563
234562
234562
234561
234561
234560
234559
234559
234558
234558
234558
234557
234556
234555
234554
234553
234552
234551
234551
234550
234550
234549
234548
234547
234547
234546
234546
234545
234544
234543
234542
234541
234541
234540
234539
234538
234537
234536
234536
234535
234534
234533
234532
234532
234531
234530
234530
234530
234529
234528
234528
234528
234527
234527
234526
234526
234525
234525
234524
234523
234522
234521
234521
234520
234519
234518
234518
234517
234517
234516
234515
234514
234514
234514
234514
234513
234512
234511
234510
234509
234508
234507
234506
234506
234506
234505
234504
234504
234503
234503
234502
234501
234500
234499
234498
234497
234496
234495
234494
234493
234492
234491
234490
234489
234488
234487
234487
234486
234486
234485
234484
234483
234483
234482
234481
234480
234480
234479
234478
234478
234478
234477
234477
234477
234476
234475
234474
234473
234472
234471
234470
234469
234468
234467
234466
234466
234465
234464
234464
234463
234462
234462
234461
234461
234460
234460
234460
234459
234459
234458
234457
234456
234456
234455
234454
234453
234452
234451
234450
234449
234448
234447
234447
234446
234446
234446
234446
234445
234445
234444
234444
234443
234442
234442
234441
234440
234439
234439
234438
234438
234438
234437
234436
234436
234435
234434
234434
234433
234433
234432
234432
234432
234431
234430
234430
234429
234428
234427
234427
234426
234426
234425
234424
234424
234424
234423
234422
234422
234421
234420
234420
234419
234418
234417
234416
234415
234414
234414
234413
234412
234411
234411
234410
234409
234408
234407
234406
234405
234404
234403
234403
234403
234402
234402
234401
234400
234399
234399
234398
234397
234397
234397
234396
234396
234395
234394
234393
234392
234392
234392
234392
234391
234390
234389
234388
234387
234387
234387
234386
234386
234385
234384
234383
234382
234381
234382
234381
234380
234379
234378
234377
234376
234375
234374
234373
234372
234371
234370
234370
234369
234368
234367
234367
234366
234365
234364
234363
234363
234363
234362
234362
234362
234361
234360
234359
234358
234357
234356
234355
234355
234354
234353
234352
234351
234351
234350
234350
234349
234348
234348
234347
234347
234346
234345
234344
234343
234342
234342
234341
234341
234341
234340
234340
234339
234339
234339
234339
234338
234338
234337
234337
234336
234336
234336
234335
234335
234335
234334
234333
234333
234333
234333
234332
234331
234331
234330
234329
234329
234328
234328
234327
234326
234326
234325
234325
234325
234324
234323
234322
234321
234321
234321
234320
234319
234318
234317
234317
234317
234316
234315
234315
234314
234313
234312
234311
234310
234309
234309
234308
234308
234307
234306
234306
234305
234304
234304
234303
234303
234302
234301
234300
234299
234298
234297
234297
234297
234296
234295
234294
234293
234292
234291
234290
234289
234288
234287
234286
234285
234284
234283
234282
234282
234281
234280
234280
234280
234279
234278
234278
234278
234278
234277
234276
234275
234274
234273
234272
234271
234270
234270
234270
234269
234268
234267
234266
234265
234264
234263
234262
234261
234260
234260
234260
234259
234259
234259
234258
234257
234257
234256
234255
234254
234253
234252
234251
234250
234249
234248
234248
234247
234246
234245
234244
234243
234242
234241
234240
234239
234239
234238
234238
234237
234236
234235
234234
234233
234232
234231
234230
234229
234229
234228
234228
234227
234226
234225
234224
234223
234223
234222
234222
234221
234221
234221
234221
234221
234221
234221
234220
234219
234218
234218
234218
234218
234217
234216
234215
234214
234213
234213
234212
234211
234211
234211
234210
234209
234209
234208
234207
234206
234205
234204
234203
234203
234203
234202
234201
234200
234199
234198
234197
234197
234196
234195
234194
234193
234192
234192
234191
234190
234189
234188
234188
234188
234187
234186
234185
234184
234184
234183
234182
234182
234181
234180
234179
234178
234177
234176
234175
234175
234174
234173
234172
234171
234171
234170
234170
234169
234168
234167
234166
234165
234164
234164
234163
234162
234161
234160
234160
234159
234158
234157
234157
234157
234156
234156
234155
234154
234154
234153
234152
234151
234150
234149
234148
234147
234146
234146
234146
234145
234145
234144
234144
234143
234142
234142
234142
234142
234141
234140
234139
234138
234138
234138
234137
234136
234135
234134
234134
234133
234132
234132
234132
234131
234131
234131
234131
234130
234130
234129
234128
234127
234126
234126
234125
234125
234125
234124
234123
234122
234121
234120
234120
234119
234118
234117
234116
234116
234115
234114
234114
234114
234113
234113
234113
234112
234111
234111
234111
234110
234109
234108
234107
234107
234106
234105
234105
234104
234104
234103
234103
234102
234102
234101
234101
234101
234100
234099
234099
234099
234099
234098
234097
234096
234095
234094
234093
234092
234091
234091
234090
234089
234088
234088
234087
234086
234085
234084
234083
234083
234083
234082
234082
234082
234081
234081
234080
234079
234079
234079
234078
234077
234076
234075
234075
234074
234073
234072
234071
234071
234070
234069
234068
234067
234066
234065
234064
234064
234063
234062
234061
234060
234059
234058
234057
234056
234055
234054
234054
234053
234053
234052
234051
234050
234049
234048
234048
234047
234046
234045
234045
234044
234043
234042
234042
234041
234040
234039
234038
234037
234037
234036
234035
234034
234033
234033
234032
234032
234032
234032
234031
234030
234029
234028
234028
234027
234026
234025
234025
234024
234024
234024
234023
234022
234021
234020
234019
234018
234018
234017
234016
234015
234015
234014
234013
234012
234011
234010
234010
234009
234008
234007
234006
234005
234004
234004
234004
234003
234003
234003
234003
234002
234001
234001
234001
234000
233999
233999
233998
233998
233997
233996
233996
233995
233995
233994
233994
233993
233993
233992
233991
233990
233989
233988
233987
233987
233986
233985
233984
233984
233983
233982
233981
233981
233980
233979
233979
233978
233977
233976
233975
233975
233975
233974
233973
233972
233971
233970
233969
233968
233967
233967
233967
233966
233965
233964
233963
233963
233963
233963
233962
233962
233962
233961
233960
233960
233960
233959
233959
233959
233958
233957
233956
233955
233954
233954
233953
233952
233951
233950
233949
233949
233948
233948
233948
233947
233946
233945
233944
233944
233943
233942
233941
233940
233939
233938
233937
233937
233936
233935
233935
233934
233933
233932
233932
233931
233930
233930
233930
233929
233928
233928
233927
233927
233926
233926
233925
233925
233924
233923
233922
233921
233921
233920
233919
233919
233919
233919
233918
233917
233916
233915
233914
233915
233914
233913
233913
233913
233912
233911
233910
233910
233910
233909
233908
233907
233906
233906
233906
233905
233904
233903
233902
233901
233900
233900
233899
233898
233897
233897
233896
233896
233896
233896
233896
233895
233895
233894
233894
233893
233892
233891
233891
233890
233889
233889
233888
233888
233888
233888
233887
233886
233885
233884
233884
233884
233883
233882
233881
233881
233881
233880
233880
233879
233878
233878
233877
233876
233876
233876
233876
233875
233875
233874
233873
233872
233872
233871
233870
233869
233868
233867
233866
233866
233865
233864
233863
233863
233863
233862
233861
233860
233860
233859
233859
233858
233857
233857
233857
233856
233855
233855
233854
233853
233852
233852
233851
233850
233849
233848
233848
233847
233847
233846
233845
233844
233843
233842
233842
233842
233841
233840
233840
233839
233838
233838
233837
233837
233836
233836
233835
233834
233833
233833
233833
233832
233831
233831
233830
233829
233829
233828
233828
233827
233826
233825
233824
233823
233822
233821
233821
233821
233820
233819
233819
233819
233818
233817
233816
233815
233814
233813
233812
233811
233811
233810
233810
233809
233808
233807
233807
233806
233805
233804
233803
233802
233802
233802
233801
233800
233799
233799
233798
233797
233796
233796
233795
233795
233794
233793
233793
233792
233791
233790
233789
233789
233788
233787
233787
233786
233785
233784
233783
233782
233782
233781
233780
233779
233778
233777
233776
233776
233775
233774
233773
233772
233771
233770
233770
233769
233768
233767
233766
233765
233764
233763
233762
233761
233760
233759
233758
233758
233757
233756
233755
233754
233753
233752
233751
233751
233750
233749
233748
233748
233747
233746
233745
233745
233744
233744
233743
233742
233742
233741
233740
233739
233738
233737
233737
233736
233735
233734
233734
233733
233732
233731
233730
233730
233729
233728
233727
233726
233725
233725
233724
233724
233723
233722
233721
233720
233720
233719
233718
233717
233716
233715
233714
233714
233713
233713
233713
233712
233711
233710
233709
233709
233708
233707
233707
233706
233705
233704
233703
233702
233701
233700
233700
233699
233698
233697
233696
233695
233694
233693
233693
233693
233692
233692
233691
233690
233689
233688
233687
233686
233686
233685
233684
233683
233682
233682
233681
233680
233679
233678
233677
233676
233675
233675
233674
233673
233672
233672
233672
233671
233670
233669
233668
233668
233667
233667
233666
233666
233665
233665
233664
233663
233663
233663
233662
233662
233662
233661
233660
233659
233658
233658
233657
233656
233655
233654
233653
233652
233651
233650
233649
233649
233649
233648
233647
233646
233645
233644
233643
233642
233642
233642
233641
233640
233640
233639
233638
233638
233637
233637
233636
233635
233635
233634
233633
233634
233633
233632
233632
233632
233632
233632
233632
233631
233631
233631
233630
233629
233628
233628
233627
233626
233625
233624
233623
233622
233621
233621
233620
233619
233618
233618
233617
233616
233615
233614
233613
233612
233612
233611
233610
233609
233608
233608
233608
233607
233606
233605
233604
233604
233603
233602
233601
233600
233599
233598
233598
233598
233597
233596
233595
233594
233594
233593
233593
233593
233592
233592
233591
233590
233589
233588
233587
233587
233586
233585
233585
233585
233585
233584
233583
233582
233581
233580
233580
233580
233580
233579
233579
233578
233577
233576
233575
233574
233573
233572
233571
233571
233570
233570
233570
233569
233568
233568
233567
233567
233566
233565
233565
233564
233564
233564
233564
233563
233562
233562
233562
233561
233560
233559
233558
233557
233556
233555
233554
233553
233553
233553
233552
233552
233552
233551
233550
233549
233548
233547
233546
233545
233545
233544
233543
233542
233541
233540
233539
233538
233537
233536
233536
233536
233536
233535
233534
233533
233532
233531
233530
233530
233529
233529
233528
233528
233528
233527
233527
233526
233526
233525
233524
233523
233522
233522
233522
233521
233520
233520
233519
233518
233517
233516
233515
233514
233514
233513
233513
233512
233511
233511
233510
233509
233508
233507
233506
233506
233506
233506
233505
233504
233503
233502
233501
233500
233499
233498
233497
233496
233495
233494
233494
233494
233493
233492
233491
233490
233489
233488
233487
233486
233485
233484
233484
233483
233482
233481
233480
233479
233479
233479
233478
233477
233477
233476
233476
233476
233475
233475
233474
233474
233473
233472
233471
233471
233470
233469
233468
233467
233467
233467
233467
233466
233466
233466
233465
233464
233464
233463
233462
233461
233460
233459
233458
233458
233457
233456
233456
233455
233454
233454
233453
233452
233451
233450
233449
233448
233448
233447
233447
233447
233447
233446
233446
233445
233444
233443
233442
233442
233441
233440
233440
233439
233438
233437
233436
233435
233435
233434
233434
233433
233433
233432
233431
233430
233429
233428
233427
233427
233426
233425
233424
233423
233422
233422
233421
233421
233420
233419
233418
233417
233416
233416
233415
233414
233413
233412
233412
233411
233410
233409
233408
233408
233407
233407
233406
233405
233406
233406
233405
233404
233403
233402
233401
233400
233400
233399
233399
233398
233397
233396
233395
233394
233393
233393
233392
233391
233391
233391
233390
233389
233389
233389
233389
233388
233388
233388
233388
233387
233387
233387
233387
233387
233386
233385
233385
233384
233383
233382
233382
233381
233380
233380
233379
233379
233378
233377
233376
233375
233375
233375
233375
233374
233373
233372
233371
233371
233371
233370
233369
233368
233367
233366
233365
233364
233363
233362
233361
233361
233361
233360
233359
233358
233357
233356
233355
233354
233354
233353
233352
233352
233351
233351
233351
233350
233349
233348
233347
233347
233346
233345
233344
233343
233342
233341
233340
233339
233339
233338
233337
233337
233336
233335
233334
233333
233333
233333
233332
233332
233331
233330
233329
233329
233328
233327
233326
233326
233326
233326
233325
233325
233324
233323
233323
233323
233322
233322
233321
233321
233320
233319
233319
233319
233318
233317
233317
233316
233315
233314
233313
233312
233312
233312
233311
233310
233309
233309
233308
233307
233306
233305
233304
233303
233303
233303
233302
233302
233302
233302
233301
233300
233299
233299
233299
233298
233297
233297
233297
233296
233296
233295
233295
233294
233293
233292
233292
233292
233291
233290
233290
233289
233289
233289
233288
233287
233286
233285
233284
233283
233282
233281
233280
233279
233279
233278
233277
233276
233275
233274
233273
233272
233271
233271
233271
233271
233270
233269
233268
233268
233267
233266
233265
233265
233264
233263
233263
233262
233261
233261
233260
233259
233258
233257
233257
233256
233256
233255
233254
233253
233252
233251
233250
233250
233249
233248
233247
233246
233246
233245
233245
233244
233244
233243
233242
233241
233240
233239
233238
233237
233237
233237
233236
233235
233234
233234
233233
233233
233232
233231
233231
233231
233231
233230
233229
233228
233227
233226
233225
233224
233224
233224
233223
233222
233221
233221
233220
233220
233219
233219
233218
233218
233217
233216
233215
233214
233213
233212
233212
233212
233212
233212
233211
233210
233209
233208
233207
233207
233207
233206
233205
233204
233203
233202
233202
233201
233201
233201
233201
233200
233199
233199
233198
233198
233197
233197
233196
233195
233194
233193
233192
233192
233191
233190
233190
233189
233189
233188
233188
233188
233187
233186
233186
233185
233184
233184
233183
233182
233182
233182
233181
233180
233180
233179
233178
233178
233177
233177
233177
233176
233175
233174
233173
233173
233172
233171
233171
233171
233170
233169
233168
233167
233166
233166
233166
233165
233164
233163
233162
233161
233160
233160
233159
233158
233158
233157
233156
233155
233154
233154
233153
233153
233152
233151
233151
233150
233149
233148
233147
233146
233145
233144
233143
233142
233142
233142
233141
233140
233139
233139
233139
233138
233138
233137
233137
233136
233136
233136
233135
233134
233134
233133
233133
233133
233132
233131
233130
233129
233129
233129
233128
233127
233127
233126
233125
233124
233123
233122
233121
233120
233119
233118
233117
233117
233116
233115
233114
233114
233114
233113
233112
233111
233110
233110
233109
233108
233107
233107
233107
233107
233106
233106
233105
233105
233105
233104
233103
233103
233102
233101
233100
233099
233098
233097
233096
233095
233094
233093
233092
233091
233090
233089
233089
233089
233088
233088
233087
233086
233085
233084
233083
233082
233081
233080
233079
233078
233077
233076
233076
233075
233074
233074
233074
233074
233074
233073
233073
233072
233072
233071
233070
233069
233068
233067
233067
233066
233065
233064
233063
233063
233062
233061
233060
233059
233059
233058
233058
233057
233056
233056
233055
233054
233053
233052
233051
233050
233050
233049
233049
233049
233048
233047
233046
233045
233044
233044
233043
233042
233041
233040
233040
233039
233038
233037
233036
233036
233036
233035
233034
233033
233032
233031
233031
233031
233031
233031
233031
233030
233029
233029
233028
233028
233028
233027
233026
233025
233024
233024
233024
233023
233022
233021
233020
233019
233018
233017
233016
233015
233014
233013
233012
233011
233010
233010
233009
233009
233008
233007
233007
233006
233005
233004
233003
233002
233002
233002
233002
233001
233001
233000
232999
232998
232997
232996
232996
232995
232995
232995
232994
232993
232993
232992
232992
232991
232990
232990
232990
232989
232988
232988
232987
232987
232986
232985
232984
232984
232983
232983
232983
232982
232981
232980
232980
232980
232980
232979
232979
232979
232979
232978
232977
232976
232976
232975
232974
232974
232973
232972
232971
232971
232970
232970
232969
232969
232968
232967
232967
232966
232965
232964
232963
232962
232962
232962
232961
232960
232959
232959
232959
232958
232957
232956
232955
232954
232953
232952
232951
232950
232949
232948
232947
232946
232945
232944
232944
232943
232943
232943
232942
232941
232940
232939
232938
232937
232936
232936
232935
232934
232934
232933
232933
232932
232931
232930
232929
232928
232927
232927
232926
232925
232924
232923
232922
232922
232921
232920
232919
232919
232919
232918
232918
232918
232918
232917
232916
232915
232915
232914
232913
232913
232912
232911
232910
232909
232908
232907
232907
232906
232905
232905
232904
232904
232903
232902
232901
232900
232900
232899
232898
232897
232896
232895
232894
232893
232893
232892
232891
232890
232889
232888
232887
232886
232885
232884
232883
232882
232881
232880
232879
232879
232878
232877
232876
232875
232874
232874
232873
232872
232871
232870
232870
232869
232868
232867
232866
232865
232864
232864
232863
232862
232862
232862
232862
232861
232860
232859
232859
232858
232857
232856
232855
232854
232854
232853
232852
232852
232851
232850
232849
232848
232848
232848
232848
232847
232847
232847
232846
232845
232844
232844
232844
232843
232843
232842
232842
232842
232841
232841
232840
232840
232839
232839
232839
232838
232837
232837
232836
232835
232834
232833
232832
232831
232830
232829
232828
232827
232827
232827
232826
232825
232824
232823
232822
232821
232820
232819
232818
232817
232816
232816
232815
232814
232814
232814
232813
232813
232813
232812
232811
232810
232810
232809
232808
232807
232806
232806
232805
232804
232804
232803
232803
232803
232802
232801
232801
232800
232800
232800
232800
232800
232799
232798
232797
232796
232795
232794
232793
232792
232791
232791
232790
232789
232788
232788
232788
232787
232787
232786
232786
232785
232785
232785
232784
232784
232784
232783
232782
232782
232781
232780
232779
232778
232777
232776
232775
232775
232774
232773
232772
232772
232772
232771
232771
232771
232770
232770
232769
232768
232767
232766
232765
232765
232764
232763
232762
232762
232762
232761
232760
232759
232758
232758
232757
232757
232756
232755
232754
232753
232753
232752
232751
232750
232749
232748
232747
232746
232745
232745
232744
232743
232742
232741
232741
232740
232740
232739
232738
232738
232737
232737
232737
232736
232735
232735
232734
232734
232733
232733
232732
232732
232731
232731
232731
232731
232731
232730
232729
232728
232727
232726
232725
232724
232723
232722
232721
232720
232719
232718
232717
232717
232717
232717
232716
232715
232714
232713
232712
232712
232712
232712
232712
232711
232710
232709
232708
232707
232707
232706
232705
232705
232704
232704
232704
232703
232702
232701
232700
232700
232699
232699
232698
232697
232696
232695
232694
232694
232694
232693
232693
232692
232691
232690
232690
232689
232689
232688
232687
232687
232686
232685
232685
232684
232683
232683
232683
232682
232682
232681
232680
232679
232679
232679
232678
232677
232677
232676
232676
232675
232675
232674
232674
232673
232673
232672
232671
232670
232669
232669
232668
232667
232666
232666
232665
232664
232663
232663
232663
232663
232663
232662
232662
232661
232661
232660
232660
232660
232659
232658
232658
232657
232656
232656
232655
232655
232654
232653
232652
232651
232650
232649
232648
232647
232646
232645
232644
232643
232642
232642
232642
232641
232641
232640
232639
232638
232637
232636
232635
232635
232635
232634
232633
232633
232633
232632
232632
232632
232631
232630
232629
232628
232627
232627
232626
232625
232624
232623
232623
232622
232622
232622
232622
232621
232620
232620
232619
232618
232618
232618
232617
232616
232616
232615
232614
232614
232613
232613
232612
232611
232610
232609
232609
232609
232608
232607
232606
232605
232604
232603
232603
232603
232602
232601
232600
232599
232599
232598
232597
232596
232595
232594
232594
232593
232593
232593
232593
232592
232591
232590
232589
232588
232588
232587
232586
232586
232586
232586
232585
232584
232584
232583
232582
232582
232582
232582
232582
232582
232582
232582
232582
232581
232580
232580
232579
232579
232578
232577
232576
232575
232574
232573
232572
232571
232571
232570
232569
232568
232567
232567
232566
232566
232565
232564
232564
232563
232563
232562
232561
232560
232560
232559
232559
232558
232558
232558
232557
232557
232556
232556
232556
232555
232554
232553
232552
232551
232551
232550
232549
232549
232548
232547
232546
232545
232544
232543
232543
232542
232541
232540
232539
232538
232537
232536
232535
232534
232534
232533
232533
232532
232531
232530
232529
232528
232527
232527
232526
232526
232526
232525
232525
232525
232524
232523
232522
232521
232520
232519
232518
232518
232517
232516
232515
232514
232514
232513
232512
232511
232510
232509
232508
232507
232507
232506
232506
232505
232504
232504
232504
232504
232503
232502
232501
232500
232499
232499
232499
232499
232498
232497
232496
232495
232494
232493
232492
232491
232490
232489
232489
232488
232487
232487
232486
232485
232484
232483
232482
232482
232482
232481
232480
232480
232479
232478
232477
232476
232476
232476
232475
232474
232473
232473
232472
232471
232470
232470
232469
232469
232468
232467
232466
232465
232464
232463
232462
232462
232461
232460
232460
232459
232459
232458
232457
232456
232456
232455
232454
232454
232453
232453
232452
232452
232451
232451
232450
232449
232448
232448
232447
232446
232445
232444
232443
232443
232442
232441
232440
232439
232439
232438
232437
232436
232435
232434
232434
232433
232432
232431
232431
232431
232430
232429
232428
232428
232428
232427
232426
232425
232424
232424
232424
232424
232423
232422
232421
232420
232419
232419
232418
232417
232416
232416
232416
232415
232414
232413
232412
232411
232411
232411
232411
232410
232409
232408
232408
232408
232407
232406
232406
232405
232405
232404
232403
232402
232401
232401
232400
232399
232398
232397
232396
232395
232395
232394
232393
232392
232391
232391
232390
232389
232388
232388
232387
232386
232385
232384
232383
232382
232382
232381
232380
232380
232379
232378
232377
232377
232376
232375
232374
232374
232373
232372
232371
232370
232369
232368
232367
232366
232366
232365
232364
232363
232362
232361
232360
232359
232358
232357
232356
232355
232354
232353
232352
232351
232350
232349
232348
232347
232346
232346
232346
232345
232344
232343
232343
232343
232343
232343
232342
232341
232340
232339
232339
232338
232338
232337
232336
232335
232334
232333
232332
232331
232330
232330
232329
232328
232327
232327
232326
232326
232326
232325
232325
232324
232324
232324
232324
232323
232323
232323
232322
232321
232320
232319
232318
232317
232316
232316
232316
232315
232314
232314
232313
232312
232312
232311
232310
232310
232309
232308
232307
232307
232306
232305
232304
232304
232303
232302
232301
232300
232300
232299
232298
232297
232296
232295
232295
232295
232295
232295
232294
232293
232293
232292
232291
232291
232290
232289
232289
232288
232287
232286
232285
232284
232283
232282
232281
232280
232280
232280
232280
232279
232279
232278
232277
232277
232276
232276
232276
232275
232274
232273
232273
232273
232272
232271
232270
232269
232268
232267
232266
232266
232265
232264
232263
232263
232262
232261
232260
232259
232258
232258
232257
232256
232255
232254
232254
232254
232254
232254
232253
232252
232251
232250
232249
232248
232247
232246
232245
232245
232245
232244
232243
232242
232241
232241
232240
232240
232239
232238
232238
232237
232236
232235
232234
232233
232232
232232
232231
232230
232229
232229
232228
232227
232227
232226
232225
232224
232223
232222
232221
232220
232219
232218
232218
232218
232217
232216
232216
232216
232215
232214
232214
232213
232212
232211
232211
232211
232211
232210
232209
232208
232208
232208
232207
232207
232206
232205
232204
232203
232202
232201
232201
232201
232201
232200
232199
232198
232197
232196
232195
232195
232194
232193
232192
232192
232191
232190
232189
232188
232188
232187
232186
232185
232185
232184
232184
232183
232182
232181
232180
232179
232178
232178
232177
232176
232175
232175
232175
232174
232173
232172
232172
232172
232171
232171
232170
232169
232168
232168
232167
232166
232166
232165
232164
232163
232163
232163
232163
232162
232161
232161
232160
232159
232159
232158
232157
232156
232155
232154
232153
232153
232152
232151
232151
232151
232150
232149
232149
232149
232149
232149
232149
232148
232147
232146
232145
232144
232143
232142
232141
232140
232139
232138
232137
232137
232137
232136
232135
232134
232134
232133
232132
232132
232132
232131
232131
232130
232130
232130
232130
232130
232130
232129
232128
232127
232127
232126
232125
232124
232123
232123
232122
232121
232120
232119
232118
232118
232117
232117
232116
232115
232115
232114
232113
232112
232111
232111
232111
232111
232110
232109
232109
232109
232108
232107
232106
232105
232104
232103
232102
232101
232100
232099
232098
232097
232096
232095
232094
232094
232093
232092
232091
232090
232089
232089
232089
232088
232087
232086
232085
232084
232084
232084
232083
232082
232082
232081
232080
232080
232079
232079
232078
232077
232076
232075
232075
232075
232075
232074
232074
232073
232072
232071
232071
232071
232070
232070
232070
232070
232070
232069
232068
232067
232066
232065
232065
232064
232063
232062
232062
232062
232062
232061
232060
232059
232058
232057
232056
232056
232055
232054
232053
232052
232051
232050
232050
232049
232048
232047
232047
232046
232045
232045
232044
232043
232042
232041
232041
232040
232039
232039
232038
232037
232036
232035
232034
232033
232032
232031
232031
232030
232029
232028
232028
232027
232026
232025
232024
232024
232024
232023
232022
232021
232020
232019
232019
232018
232017
232016
232015
232014
232013
232012
232011
232010
232010
232009
232009
232008
232007
232006
232005
232004
232003
232002
232001
232000
231999
231998
231997
231996
231996
231996
231996
231996
231995
231994
231993
231993
231992
231992
231991
231990
231990
231989
231989
231988
231987
231986
231986
231986
231986
231986
231985
231985
231984
231983
231982
231981
231980
231980
231979
231979
231979
231978
231978
231978
231977
231976
231975
231974
231973
231972
231971
231971
231971
231970
231969
231968
231967
231967
231966
231965
231965
231964
231964
231963
231962
231962
231961
231960
231959
231958
231957
231956
231956
231955
231954
231953
231953
231952
231951
231950
231949
231949
231948
231947
231946
231945
231944
231943
231942
231942
231941
231940
231939
231939
231938
231938
231937
231937
231936
231935
231934
231933
231932
231931
231930
231930
231929
231928
231927
231926
231926
231925
231924
231923
231923
231922
231921
231921
231920
231919
231918
231918
231917
231916
231916
231915
231914
231913
231912
231911
231911
231910
231910
231909
231909
231909
231908
231907
231907
231906
231905
231905
231904
231903
231903
231902
231902
231902
231901
231901
231900
231899
231898
231897
231897
231897
231896
231896
231896
231895
231894
231893
231892
231891
231891
231890
231889
231888
231888
231887
231886
231886
231886
231885
231884
231884
231883
231882
231881
231880
231879
231879
231879
231878
231878
231878
231877
231876
231875
231874
231873
231872
231871
231871
231871
231871
231870
231869
231868
231867
231867
231867
231866
231865
231865
231865
231864
231863
231862
231861
231860
231859
231859
231858
231857
231856
231855
231854
231853
231852
231851
231851
231850
231849
231848
231847
231846
231845
231844
231843
231843
231842
231841
231840
231839
231838
231837
231836
231835
231834
231833
231832
231832
231831
231831
231830
231830
231829
231828
231827
231826
231825
231825
231824
231823
231822
231821
231820
231819
231818
231818
231817
231816
231815
231815
231815
231814
231813
231812
231811
231811
231811
231810
231810
231809
231808
231808
231807
231806
231805
231805
231804
231803
231802
231801
231801
231800
231800
231800
231799
231798
231797
231797
231796
231795
231795
231795
231795
231794
231793
231792
231792
231791
231790
231789
231788
231787
231786
231786
231786
231785
231785
231784
231783
231783
231783
231782
231782
231781
231780
231779
231778
231777
231776
231775
231774
231773
231772
231771
231771
231771
231771
231770
231769
231768
231767
231766
231765
231764
231763
231762
231761
231760
231759
231758
231757
231757
231756
231756
231755
231755
231755
231754
231753
231752
231751
231750
231750
231749
231749
231748
231747
231746
231745
231744
231744
231743
231743
231742
231742
231741
231740
231740
231740
231739
231738
231738
231738
231738
231737
231737
231736
231736
231735
231734
231734
231733
231732
231731
231731
231730
231730
231730
231729
231728
231727
231726
231726
231725
231725
231725
231724
231723
231722
231722
231721
231721
231721
231720
231719
231719
231718
231717
231717
231717
231716
231716
231715
231714
231714
231714
231714
231713
231712
231711
231710
231709
231708
231708
231708
231708
231707
231707
231706
231705
231705
231704
231704
231703
231703
231703
231702
231701
231700
231699
231698
231698
231697
231696
231696
231695
231695
231694
231694
231693
231692
231691
231690
231689
231688
231687
231686
231685
231684
231683
231682
231681
231680
231679
231679
231678
231677
231676
231675
231674
231673
231672
231671
231670
231670
231670
231669
231669
231668
231668
231667
231667
231666
231666
231666
231665
231665
231664
231663
231662
231662
231661
231660
231660
231660
231660
231659
231658
231657
231656
231655
231654
231653
231652
231651
231650
231649
231648
231647
231646
231645
231644
231643
231643
231642
231641
231641
231640
231639
231638
231638
231637
231636
231636
231636
231635
231635
231634
231634
231634
231633
231633
231633
231632
231631
231630
231630
231629
231628
231627
231626
231625
231624
231624
231624
231623
231622
231621
231621
231620
231619
231619
231618
231617
231617
231616
231615
231614
231614
231614
231613
231612
231611
231610
231610
231609
231608
231607
231606
231606
231606
231606
231605
231605
231605
231605
231604
231603
231602
231601
231600
231599
231599
231598
231597
231596
231595
231595
231594
231593
231592
231592
231592
231591
231590
231589
231588
231587
231586
231585
231584
231583
231582
231582
231581
231580
231580
231579
231578
231578
231577
231576
231575
231574
231573
231573
231572
231571
231570
231570
231569
231568
231567
231566
231565
231565
231564
231563
231562
231562
231562
231561
231561
231560
231559
231558
231558
231557
231557
231556
231556
231555
231554
231554
231554
231553
231552
231552
231551
231551
231550
231549
231548
231548
231548
231548
231547
231546
231545
231544
231543
231542
231541
231540
231539
231539
231538
231537
231536
231535
231534
231533
231532
231531
231530
231530
231530
231530
231529
231528
231527
231527
231526
231525
231525
231524
231523
231523
231522
231521
231520
231520
231519
231518
231517
231516
231515
231514
231513
231512
231511
231511
231510
231510
231510
231509
231508
231507
231506
231505
231505
231504
231503
231502
231501
231501
231500
231499
231498
231498
231498
231497
231496
231496
231495
231495
231495
231494
231493
231493
231492
231491
231490
231489
231488
231487
231486
231485
231485
231485
231484
231483
231483
231483
231482
231481
231480
231479
231478
231477
231476
231475
231474
231473
231473
231472
231471
231471
231471
231470
231469
231469
231469
231468
231467
231467
231467
231466
231466
231466
231465
231464
231463
231462
231461
231460
231459
231458
231458
231457
231456
231455
231454
231453
231452
231451
231451
231450
231449
231449
231449
231448
231447
231446
231445
231444
231443
231443
231442
231441
231440
231440
231439
231438
231437
231436
231435
231434
231433
231432
231432
231432
231432
231431
231430
231430
231429
231428
231428
231428
231427
231426
231425
231424
231424
231424
231424
231423
231423
231423
231422
231421
231420
231419
231418
231418
231417
231416
231415
231414
231413
231413
231412
231411
231410
231409
231408
231408
231407
231407
231406
231405
231404
231403
231403
231403
231403
231403
231402
231401
231401
231400
231399
231399
231398
231398
231398
231397
231396
231395
231394
231393
231392
231391
231390
231389
231388
231387
231386
231385
231384
231384
231384
231383
231382
231381
231380
231379
231379
231379
231378
231378
231377
231377
231376
231375
231374
231373
231372
231372
231371
231370
231369
231368
231368
231368
231368
231368
231368
231367
231367
231366
231365
231364
231363
231362
231361
231361
231360
231359
231358
231357
231356
231356
231356
231355
231354
231353
231352
231352
231351
231350
231349
231348
231348
231347
231346
231345
231344
231343
231342
231342
231341
231340
231339
231338
231337
231336
231335
231334
231333
231333
231332
231331
231330
231329
231328
231327
231326
231325
231324
231323
231322
231322
231321
231320
231320
231319
231318
231317
231316
231316
231315
231314
231313
231312
231311
231311
231310
231310
231310
231309
231308
231307
231306
231305
231304
231303
231303
231302
231302
231301
231301
231300
231300
231299
231299
231299
231298
231297
231297
231296
231295
231295
231295
231294
231293
231293
231293
231292
231291
231291
231290
231289
231288
231287
231286
231285
231284
231283
231282
231282
231281
231281
231280
231280
231279
231278
231277
231276
231275
231274
231274
231273
231272
231271
231270
231269
231268
231267
231267
231267
231267
231266
231265
231265
231264
231264
231263
231263
231262
231261
231260
231259
231258
231257
231256
231255
231255
231254
231253
231252
231252
231251
231251
231250
231250
231250
231249
231248
231247
231246
231245
231244
231244
231243
231242
231242
231241
231240
231239
231238
231237
231236
231235
231234
231234
231234
231233
231232
231231
231231
231230
231229
231228
231227
231227
231226
231225
231225
231224
231223
231223
231222
231222
231221
231220
231220
231220
231219
231218
231218
231218
231217
231217
231217
231216
231215
231214
231214
231213
231213
231212
231211
231210
231209
231209
231208
231207
231206
231206
231205
231205
231204
231203
231202
231201
231201
231200
231199
231198
231197
231196
231196
231196
231195
231195
231194
231193
231192
231191
231191
231191
231190
231189
231189
231189
231188
231188
231187
231186
231185
231184
231183
231183
231182
231181
231181
231180
231180
231179
231178
231177
231177
231176
231175
231174
231173
231173
231172
231171
231170
231170
231169
231169
231169
231168
231167
231166
231165
231165
231165
231164
231163
231162
231161
231160
231159
231158
231157
231157
231156
231155
231155
231154
231153
231152
231151
231151
231150
231149
231149
231149
231149
231148
231147
231147
231146
231145
231144
231143
231142
231141
231140
231140
231139
231138
231137
231136
231135
231134
231134
231133
231132
231131
231130
231130
231129
231128
231128
231127
231126
231125
231124
231123
231123
231122
231122
231121
231120
231119
231119
231119
231119
231119
231118
231117
231116
231116
231115
231115
231114
231114
231113
231113
231112
231112
231111
231110
231109
231108
231107
231106
231106
231106
231106
231105
231104
231103
231103
231102
231101
231101
231100
231099
231098
231097
231096
231095
231094
231093
231092
231091
231090
231089
231088
231087
231086
231086
231085
231084
231084
231083
231083
231083
231082
231082
231081
231080
231080
231079
231078
231077
231077
231076
231075
231075
231075
231074
231074
231073
231073
231073
231072
231071
231070
231069
231069
231068
231068
231068
231068
231067
231066
231065
231065
231064
231063
231062
231061
231060
231060
231059
231059
231058
231058
231057
231057
231056
231055
231055
231055
231054
231053
231052
231052
231051
231050
231049
231048
231048
231048
231048
231048
231048
231047
231046
231045
231044
231044
231043
231043
231043
231043
231042
231042
231042
231041
231041
231041
231041
231040
231039
231039
231038
231038
231038
231037
231037
231037
231037
231036
231036
231035
231035
231034
231033
231033
231033
231032
231032
231031
231030
231029
231028
231028
231027
231026
231026
231025
231025
231025
231024
231023
231023
231022
231021
231020
231019
231018
231018
231018
231018
231018
231017
231016
231016
231016
231016
231015
231014
231014
231014
231013
231012
231012
231012
231011
231010
231009
231008
231007
231007
231006
231006
231005
231005
231005
231004
231004
231003
231003
231002
231001
231001
231001
231001
231000
231000
230999
230998
230997
230996
230995
230994
230993
230992
230991
230991
230990
230990
230989
230989
230988
230988
230988
230988
230987
230986
230985
230984
230983
230982
230981
230981
230980
230980
230979
230978
230977
230976
230975
230974
230973
230972
230971
230970
230970
230969
230968
230967
230966
230965
230964
230964
230964
230963
230962
230961
230960
230959
230958
230957
230956
230955
230954
230954
230954
230953
230953
230952
230951
230950
230949
230949
230949
230948
230947
230946
230946
230945
230944
230943
230942
230941
230941
230940
230939
230939
230939
230938
230938
230938
230938
230938
230937
230936
230935
230934
230933
230933
230932
230931
230930
230929
230929
230928
230928
230927
230927
230927
230927
230926
230925
230924
230923
230922
230921
230920
230919
230918
230917
230917
230917
230916
230915
230915
230915
230914
230913
230912
230911
230910
230909
230908
230908
230908
230907
230906
230905
230904
230904
230903
230902
230902
230901
230901
230900
230899
230898
230897
230897
230896
230895
230895
230894
230893
230892
230892
230891
230890
230889
230888
230887
230886
230885
230884
230884
230884
230884
230883
230882
230881
230880
230880
230879
230878
230877
230876
230875
230874
230874
230874
230873
230873
230872
230872
230871
230870
230870
230870
230869
230869
230868
230867
230866
230865
230865
230864
230864
230863
230863
230862
230861
230861
230860
230860
230859
230858
230857
230857
230856
230855
230854
230854
230853
230852
230851
230851
230850
230849
230848
230847
230847
230846
230846
230845
230845
230846
230845
230845
230844
230843
230843
230842
230841
230840
230840
230840
230839
230838
230837
230836
230836
230835
230834
230833
230832
230831
230830
230829
230828
230828
230828
230827
230827
230826
230825
230824
230824
230824
230823
230823
230822
230821
230821
230820
230819
230819
230818
230817
230816
230815
230815
230815
230814
230813
230812
230811
230810
230810
230809
230808
230807
230806
230806
230805
230804
230803
230802
230801
230800
230799
230798
230797
230796
230796
230795
230794
230793
230793
230793
230792
230791
230790
230790
230789
230788
230787
230786
230786
230785
230785
230785
230784
230783
230782
230781
230780
230779
230778
230778
230777
230776
230775
230774
230774
230773
230772
230772
230771
230770
230770
230769
230768
230767
230766
230765
230764
230764
230763
230763
230762
230762
230761
230761
230760
230759
230758
230757
230756
230755
230754
230753
230752
230752
230751
230750
230750
230749
230748
230747
230746
230746
230745
230745
230744
230743
230743
230742
230741
230741
230740
230739
230738
230738
230737
230736
230736
230735
230735
230735
230734
230733
230732
230731
230730
230730
230730
230729
230728
230727
230727
230726
230725
230725
230724
230724
230723
230722
230722
230721
230721
230720
230719
230719
230718
230718
230717
230716
230715
230715
230715
230714
230713
230712
230711
230710
230709
230708
230707
230706
230705
230705
230704
230703
230703
230702
230701
230700
230699
230698
230697
230697
230697
230697
230696
230696
230695
230694
230693
230692
230691
230690
230690
230690
230690
230690
230689
230689
230689
230688
230687
230686
230685
230684
230683
230683
230682
230681
230680
230680
230679
230678
230678
230677
230677
230676
230676
230676
230675
230674
230673
230672
230672
230671
230670
230670
230669
230668
230667
230666
230665
230664
230663
230662
230662
230661
230660
230659
230658
230658
230657
230657
230656
230656
230655
230654
230653
230653
230653
230652
230652
230651
230651
230651
230650
230650
230649
230648
230647
230647
230646
230645
230644
230643
230643
230642
230641
230640
230639
230638
230637
230636
230635
230634
230633
230632
230632
230632
230632
230632
230631
230631
230631
230631
230630
230630
230629
230628
230627
230627
230626
230626
230625
230624
230623
230623
230622
230621
230620
230619
230618
230617
230616
230615
230615
230614
230614
230614
230613
230612
230612
230611
230611
230610
230609
230608
230607
230606
230605
230605
230604
230603
230602
230602
230602
230601
230600
230599
230599
230598
230598
230598
230597
230597
230597
230597
230596
230595
230594
230593
230593
230592
230591
230590
230589
230588
230587
230586
230586
230585
230585
230584
230583
230583
230583
230583
230582
230581
230581
230581
230581
230580
230579
230579
230578
230577
230576
230575
230574
230574
230573
230572
230571
230570
230569
230568
230568
230568
230567
230566
230565
230564
230563
230563
230562
230561
230561
230560
230559
230558
230557
230556
230555
230554
230554
230553
230553
230553
230553
230552
230552
230551
230550
230549
230548
230547
230547
230547
230547
230547
230547
230547
230547
230546
230545
230544
230543
230542
230541
230541
230541
230541
230540
230540
230540
230539
230538
230537
230536
230535
230534
230534
230533
230533
230533
230533
230532
230531
230530
230529
230528
230528
230527
230526
230525
230525
230525
230525
230524
230523
230522
230522
230521
230520
230520
230519
230518
230517
230517
230516
230516
230515
230514
230513
230512
230512
230511
230511
230510
230510
230509
230508
230508
230507
230506
230505
230504
230503
230502
230501
230500
230500
230500
230500
230499
230498
230497
230496
230495
230494
230493
230492
230491
230491
230490
230489
230488
230487
230486
230485
230484
230483
230482
230482
230481
230480
230479
230479
230479
230478
230477
230476
230475
230474
230473
230472
230472
230472
230471
230471
230471
230470
230469
230468
230468
230467
230467
230467
230466
230465
230464
230463
230462
230462
230461
230460
230459
230458
230458
230458
230457
230456
230456
230455
230455
230454
230453
230452
230451
230450
230450
230450
230449
230448
230447
230446
230445
230444
230444
230443
230442
230441
230440
230439
230439
230438
230437
230437
230436
230435
230434
230433
230433
230432
230431
230430
230429
230428
230427
230426
230425
230425
230425
230425
230424
230423
230422
230421
230420
230419
230419
230418
230417
230416
230415
230415
230414
230413
230413
230413
230412
230411
230410
230409
230409
230408
230408
230407
230407
230407
230406
230406
230405
230405
230404
230404
230403
230402
230401
230401
230400
230399
230399
230399
230398
230398
230397
230396
230396
230395
230394
230393
230392
230392
230391
230391
230390
230390
230389
230388
230387
230386
230385
230384
230383
230383
230382
230381
230381
230381
230380
230379
230379
230378
230377
230376
230375
230374
230373
230373
230372
230372
230372
230371
230370
230369
230368
230367
230367
230367
230367
230366
230366
230365
230364
230363
230362
230361
230360
230359
230358
230357
230357
230356
230355
230354
230353
230352
230352
230351
230350
230350
230349
230349
230348
230347
230346
230345
230344
230343
230343
230342
230341
230340
230339
230338
230337
230337
230338
230337
230337
230336
230336
230335
230335
230334
230334
230333
230332
230331
230330
230330
230329
230328
230329
230329
230328
230327
230326
230325
230324
230324
230324
230324
230324
230324
230323
230323
230323
230322
230321
230320
230319
230318
230318
230317
230316
230315
230314
230314
230314
230314
230313
230312
230311
230310
230310
230309
230308
230307
230306
230305
230304
230303
230302
230301
230300
230300
230299
230298
230298
230297
230297
230296
230296
230296
230295
230295
230295
230295
230294
230293
230292
230291
230290
230289
230288
230287
230286
230286
230286
230285
230284
230283
230282
230282
230282
230281
230281
230280
230279
230279
230279
230278
230278
230277
230277
230276
230276
230275
230274
230273
230272
230271
230270
230269
230269
230268
230268
230268
230268
230267
230266
230265
230264
230263
230263
230262
230262
230262
230261
230260
230261
230261
230261
230261
230261
230260
230259
230258
230257
230257
230256
230255
230254
230253
230252
230251
230250
230250
230249
230249
230248
230247
230246
230245
230244
230244
230243
230242
230242
230242
230242
230241
230240
230240
230239
230238
230237
230237
230236
230236
230235
230235
230234
230233
230232
230231
230230
230230
230229
230228
230227
230227
230226
230225
230225
230224
230224
230223
230222
230221
230221
230221
230221
230221
230221
230220
230219
230218
230217
230217
230216
230216
230215
230214
230213
230212
230212
230212
230211
230210
230209
230208
230207
230207
230206
230205
230204
230203
230202
230202
230202
230201
230200
230199
230199
230198
230197
230197
230196
230195
230195
230194
230193
230192
230191
230190
230189
230188
230187
230186
230185
230184
230183
230182
230181
230181
230180
230179
230178
230177
230176
230175
230175
230174
230173
230172
230171
230170
230169
230168
230168
230167
230167
230167
230166
230166
230165
230164
230163
230162
230162
230162
230162
230161
230160
230160
230159
230158
230158
230157
230156
230155
230154
230153
230153
230153
230153
230153
230152
230151
230150
230150
230149
230148
230147
230147
230147
230147
230147
230146
230145
230144
230144
230144
230143
230143
230143
230142
230142
230141
230140
230140
230140
230139
230138
230137
230136
230135
230134
230133
230132
230131
230130
230130
230129
230128
230127
230126
230125
230124
230124
230124
230123
230122
230121
230120
230120
230120
230120
230119
230118
230117
230117
230116
230115
230114
230114
230114
230113
230112
230111
230110
230110
230109
230109
230108
230107
230107
230106
230105
230104
230104
230103
230103
230102
230101
230101
230100
230099
230099
230099
230098
230097
230096
230096
230096
230095
230094
230093
230093
230093
230093
230093
230093
230093
230093
230093
230093
230092
230091
230090
230089
230089
230089
230088
230087
230086
230085
230084
230083
230083
230083
230083
230083
230083
230082
230081
230081
230080
230080
230080
230079
230078
230077
230076
230076
230075
230074
230074
230073
230072
230072
230071
230070
230069
230068
230068
230068
230068
230068
230068
230067
230066
230065
230065
230065
230064
230064
230064
230064
230063
230063
230063
230062
230062
230061
230060
230059
230058
230058
230057
230057
230057
230056
230056
230055
230054
230053
230052
230052
230051
230051
230050
230049
230048
230048
230047
230047
230046
230046
230046
230046
230045
230044
230044
230044
230044
230043
230042
230042
230041
230040
230040
230039
230038
230037
230036
230035
230035
230034
230034
230033
230032
230031
230030
230030
230031
230030
230029
230028
230027
230026
230025
230025
230024
230024
230024
230024
230024
230023
230023
230022
230021
230020
230019
230019
230019
230019
230018
230018
230017
230016
230015
230014
230013
230013
230012
230012
230012
230012
230011
230011
230011
230010
230010
230010
230009
230009
230009
230009
230008
230008
230008
230007
230006
230005
230004
230004
230003
230002
230001
230000
230000
230000
230000
229999
229999
229999
229998
229997
229996
229996
229995
229994
229994
229993
229993
229992
229992
229991
229990
229989
229988
229987
229986
229985
229984
229984
229983
229982
229981
229980
229980
229979
229979
229978
229978
229977
229976
229975
229974
229974
229974
229973
229972
229971
229971
229970
229969
229968
229967
229966
229966
229965
229965
229964
229963
229962
229961
229960
229959
229959
229959
229958
229957
229956
229956
229955
229954
229953
229952
229951
229950
229950
229949
229948
229948
229948
229947
229946
229946
229946
229945
229944
229944
229944
229943
229943
229943
229942
229942
229941
229941
229941
229941
229941
229940
229939
229938
229938
229938
229937
229936
229936
229935
229935
229934
229933
229933
229932
229931
229930
229929
229929
229928
229927
229926
229925
229925
229924
229923
229922
229921
229920
229920
229919
229918
229917
229916
229915
229914
229913
229912
229911
229910
229910
229909
229909
229908
229907
229907
229906
229905
229904
229903
229902
229901
229901
229900
229900
229899
229899
229898
229897
229896
229895
229895
229894
229893
229893
229893
229893
229892
229892
229892
229891
229890
229890
229889
229889
229889
229889
229889
229888
229888
229887
229886
229886
229885
229884
229883
229883
229883
229882
229881
229881
229880
229879
229878
229877
229876
229875
229874
229873
229873
229873
229873
229873
229872
229871
229870
229869
229868
229868
229867
229866
229865
229864
229864
229864
229864
229863
229862
229861
229860
229859
229859
229858
229858
229857
229857
229856
229855
229854
229854
229854
229853
229852
229851
229851
229850
229849
229849
229848
229847
229846
229845
229844
229844
229844
229844
229843
229842
229842
229841
229841
229841
229841
229840
229840
229839
229838
229837
229836
229835
229834
229833
229832
229831
229831
229830
229829
229829
229828
229827
229827
229826
229825
229824
229823
229822
229821
229821
229821
229820
229820
229819
229819
229818
229817
229816
229815
229814
229813
229812
229812
229811
229811
229811
229810
229809
229808
229807
229806
229805
229805
229804
229803
229802
229801
229800
229799
229798
229797
229796
229795
229794
229793
229792
229791
229791
229790
229789
229789
229788
229788
229788
229788
229788
229787
229786
229786
229785
229784
229783
229782
229781
229781
229781
229780
229779
229778
229778
229778
229778
229777
229776
229775
229775
229774
229773
229772
229772
229771
229771
229770
229770
229769
229769
229769
229769
229769
229769
229768
229768
229767
229766
229765
229764
229763
229762
229762
229762
229762
229761
229760
229759
229758
229758
229757
229757
229756
229756
229755
229754
229753
229753
229753
229753
229753
229753
229752
229752
229751
229750
229750
229749
229748
229748
229748
229747
229747
229746
229745
229744
229744
229743
229742
229741
229740
229740
229739
229739
229739
229738
229738
229737
229736
229736
229735
229735
229734
229733
229732
229731
229730
229729
229728
229728
229727
229727
229727
229726
229725
229724
229723
229723
229723
229722
229722
229721
229720
229719
229718
229717
229716
229716
229715
229715
229714
229713
229712
229711
229710
229709
229709
229708
229708
229707
229706
229705
229704
229703
229703
229702
229702
229702
229701
229701
229701
229700
229699
229698
229697
229696
229696
229695
229695
229694
229693
229693
229692
229691
229690
229689
229688
229688
229687
229686
229686
229685
229685
229684
229683
229682
229681
229681
229680
229679
229678
229677
229676
229675
229675
229674
229673
229672
229671
229671
229671
229670
229669
229669
229668
229667
229666
229666
229665
229664
229664
229663
229663
229662
229662
229662
229661
229660
229660
229659
229658
229657
229656
229655
229654
229654
229654
229653
229652
229651
229651
229650
229649
229648
229647
229646
229645
229644
229643
229642
229641
229640
229639
229638
229638
229637
229637
229636
229635
229634
229633
229632
229631
229630
229630
229629
229629
229628
