3232
59
32
9
39
11
36
11
32
11
36
9
31
10
36
9
32
11
40
9
40
12
38
12
33
10
40
10
30
8
35
9
36
11
40
11
30
9
34
8
33
10
38
10
28
10
34
10
32
10
31
8
33
13
39
10
30
10
36
12
35
9
38
9
32
10
35
10
31
10
36
10
36
12
37
10
29
10
33
9
34
10
31
8
32
10
33
9
36
10
35
9
33
9
33
10
31
9
35
9
34
10
35
10
34
10
34
10
33
10
35
8
32
10
37
12
31
9
30
8
28
9
38
9
31
13
35
9
33
10
42
10
31
10
40
10
36
10
37
10
33
10
37
10
30
10
40
10
29
9
37
9
33
10
34
9
41
12
36
10
37
11
36
10
36
11
37
13
30
10
40
10
36
10
31
10
33
10
40
9
36
11
34
12
31
11
36
10
24
9
37
10
31
11
32
9
34
12
40
11
34
10
