12622
551
64
21
62
25
65
24
66
22
68
17
66
20
58
25
67
28
66
24
59
27
57
24
67
23
66
21
64
25
61
20
62
17
62
20
65
20
64
28
62
23
67
22
64
25
64
32
64
24
66
21
63
32
67
22
62
28
65
24
64
28
68
17
65
18
65
28
68
24
67
27
67
23
66
17
60
25
67
21
66
23
64
21
58
31
65
22
65
20
65
21
67
26
64
17
62
32
65
34
65
22
64
22
59
33
62
31
64
22
67
18
69
28
66
20
67
21
58
27
63
29
62
26
64
28
69
19
69
20
59
21
65
24
66
21
56
38
60
25
61
33
66
21
63
21
58
29
64
17
63
29
66
27
64
29
66
27
63
20
65
25
52
41
63
34
66
28
62
21
66
18
63
33
64
24
64
29
65
24
68
20
64
19
67
24
62
24
67
23
69
28
62
27
67
17
65
17
67
26
64
23
