66
653 1 509 393 1041 30 1049 746 519 898 772 417 374 289 645 1541 1440 553 1932 461 310 236 1849 890 531 1513 681 339 112 1718 323 873 749 1419 1191 365 93 439 321 643 521 1971 319 1205 1464 1184 375 728 963 357 1398 358 1798 403 1987 750 1135 714 1655 693 1508 1459 1402 691 1977 1886 1390 1512 1705 816 1648 1107 1794 496 875 958 1687 284 1228 305 1810 1364 1262 228 1039 973 866 441 1789 930 1567 630 110 1400 1313 1844 82 1025 1136 430 870 1088 1563 157 1278 953 379 1652 637 1728 353 649 1927 1337 878 1306 840 1629 466 928 38 122 369 1962 1717 879 622 1907 1864 1974 1532 1098 272 673 862 150 118 1276 69 1271 1495 96 383 540 988 1719 1776 697 1176 505 811 1130 742 1401 1634 1998 1575 1125 1456 164 472 1509 180 1862 129 248 1373 997 111 601 1670 422 1729 88 557 1709 572 734 1371 290 1535 334 1106 42 617 1615 1264 278 927 1490 342 1129 855 563 1609 489 629 600 317 1338 1857 201 1379 1830 889 178 814 470 1434 1046 1243 695 1267 536 666 270 1612 834 1552 1845 841 1378 363 606 1416 1067 1101 486 678 934 1752 1879 912 1211 1543 1089 1190 350 1757 1245 151 123 1677 73 604 730 620 1432 1616 978 33 1383 137 981 542 1323 1746 1539 565 215 1118 1531 979 160 1516 960 1690 1229 1064 198 140 1341 386 906 1565 1280 1497 11 527 593 1194 851 16 337 777 1809 361 1450 395 651 1861 709 341 967 1030 1068 1654 1477 214 1751 1802 1009 301 1492 187 831 655 1997 1171 801 1769 14 1986 1433 1403 1896 1596 1210 193 34 869 1626 391 1150 1305 3 1165 921 24 1114 1750 90 1257 1711 1855 1282 1408 585 52 919 1613 1892 239 1730 62 1240 39 826 970 1330 1375 389 1838 106 1788 408 171 1423 1453 1733 84 396 849 1503 510 1491 6 22 1372 7 1115 1001 1707 177 715 559 1758 994 159 63 423 66 551 1507 143 1787 127 987 1132 1891 1112 1833 1846 1740 940 796 1489 29 203 371 465 1308 1773 1353 1032 264 895 1309 488 1935 1795 735 650 43 1153 1288 1954 76 907 288 266 1923 303 1937 1232 842 276 186 872 1034 1529 1589 700 1059 147 1494 689 1996 425 1095 1310 1409 1417 1870 1934 1604 1231 538 722 1691 1697 725 1324 1352 1077 624 844 719 1924 1270 378 1710 1555 1611 829 64 1163 1449 1761 376 764 263 55 1183 216 1126 1792 48 1980 1768 222 1192 1111 144 1154 1269 1521 938 51 1451 508 1281 320 273 1283 116 1595 964 1454 1474 936 255 595 343 1006 128 1832 1847 1122 1759 1569 1108 845 787 1930 1506 1518 1560 1897 1662 1389 1369 833 896 603 1874 1586 1904 1084 646 884 1290 1502 234 613 1800 1137 1735 1791 1953 1908 1646 657 676 412 1418 1635 821 92 57 812 1484 1320 1148 748 549 482 556 100 275 788 1010 1116 991 2 874 1485 1435 544 249 1916 950 1255 888 1887 1179 192 1645 495 752 1340 615 1483 380 1664 506 9 1149 366 773 235 154 47 1656 1493 1665 104 1342 597 433 349 1716 1354 852 1749 1914 1754 145 402 951 340 789 1268 795 596 720 1128 426 587 165 1918 1087 935 247 242 1091 512 686 846 1177 1549 1554 1981 1778 1899 130 1517 1272 91 1357 1868 1957 53 1920 498 865 181 793 134 293 942 1475 1968 1063 
2 21 1425 
2 44 546 
2 50 954 
2 119 312 
2 126 462 
2 135 1146 
2 146 922 
2 189 1568 
2 241 1131 
2 309 1688 
2 326 1174 
2 347 227 
2 401 1579 
2 446 1487 
2 475 915 
2 487 668 
2 491 429 
2 518 1576 
2 529 302 
2 534 1499 
2 550 523 
2 623 282 
2 640 1256 
2 641 1951 
2 654 434 
2 658 1421 
3 760 513 1252 
3 775 1827 27 
2 791 675 
2 850 931 
2 854 729 
165 908 1947 1883 313 1796 453 779 838 1348 471 864 1015 1804 1078 1902 754 232 479 900 1293 1033 933 1856 89 1779 1721 294 683 463 1931 268 1571 1052 1684 1296 569 786 1959 1356 196 1119 245 792 4 125 1678 1523 739 94 962 1246 97 1092 1189 1251 1056 218 492 711 727 95 1457 1720 1266 1928 573 1713 406 324 1573 1438 1273 460 1455 952 448 1200 899 1639 713 687 1558 1818 1979 1990 1023 250 1070 1195 910 1669 1689 464 1545 199 669 1234 1890 1399 1247 555 1627 590 1969 1110 743 680 621 1394 1848 1999 1431 407 769 287 1427 1060 946 1035 1905 1124 1003 594 1548 652 1465 612 1327 1151 883 1236 1610 923 871 1727 977 1991 1442 1944 480 449 1345 1365 694 955 399 45 823 805 1214 1405 1396 58 1415 1895 1945 903 209 1542 5 1220 1203 1700 1040 1772 
3 980 937 1332 
3 1057 1546 277 
2 1079 1854 
2 1160 229 
2 1173 1607 
2 1261 80 
2 1263 109 
3 1286 37 483 
21 1298 776 961 167 1065 836 1578 68 784 809 1196 1872 182 1463 1819 763 586 400 1086 280 1547 
2 1302 1572 
2 1325 67 
2 1358 708 
2 1367 416 
2 1406 1653 
2 1527 856 
2 1536 10 
2 1540 1198 
3 1556 1762 1641 
2 1562 1218 
2 1581 665 
2 1621 1692 
3 1633 1004 384 
3 1698 528 993 
2 1731 230 
3 1766 524 1619 
2 1774 1472 
2 1807 881 
3 1888 155 1500 
2 1910 2000 
2 1946 703 
2 1952 1660 
664 1976 716 679 394 411 1831 671 982 1995 1158 598 71 877 1133 1446 631 1693 1906 639 1701 584 219 1659 354 1062 1260 1072 149 736 830 1362 1319 1643 99 1096 1726 418 1478 1215 1681 1755 1462 1007 300 1756 136 1304 299 1202 1753 1429 473 545 469 552 98 753 1808 891 1121 1859 1680 148 1663 1351 1622 15 1426 813 699 1936 207 802 1871 1708 72 1230 444 1382 74 511 220 1331 286 1651 443 1470 548 1858 1054 213 1551 1561 19 1582 944 1058 1414 60 661 1155 1747 269 1244 1182 710 392 1748 1175 311 670 918 1882 329 77 59 589 632 1076 1630 905 87 1254 1447 785 1649 1350 913 359 1441 1316 1822 892 274 1850 925 1636 976 1782 1143 611 1134 1528 1732 1168 1676 1715 911 1881 757 751 712 853 1161 285 582 574 1014 1875 382 863 634 956 325 578 262 455 627 1734 256 799 515 1407 1392 1017 1668 484 721 1140 1587 591 1909 1672 163 706 36 965 1741 1225 957 1695 1187 205 1591 322 674 1277 1043 926 1501 1585 1815 1869 535 1841 969 1138 1055 1439 1950 1249 996 1222 1912 564 568 424 1764 1430 1387 1366 1852 356 1511 435 397 619 440 797 971 1863 421 260 221 1159 1780 1127 781 231 939 1736 243 1012 688 1557 1583 1994 625 503 493 839 1739 1329 1335 419 1913 507 1514 427 1081 1703 1597 212 1955 308 677 929 1292 297 28 897 1397 827 1488 1328 1577 1989 124 1461 1725 184 404 1686 1117 1384 1444 1021 61 1956 233 1162 1505 860 1917 1374 1865 18 1921 83 175 1386 1919 259 571 188 1013 170 1515 1805 566 1315 705 837 388 346 1099 451 868 733 79 1642 252 560 1878 1482 1744 445 947 1019 26 1903 139 1274 1781 172 1538 254 974 1828 1120 70 663 1343 1876 1326 1355 1022 1217 747 1471 345 333 1048 1745 808 1806 1164 692 1814 261 738 1199 1051 1361 517 1911 1061 316 1424 360 1038 660 664 1738 344 306 499 1047 1699 533 1790 1771 948 265 1377 1287 156 1712 202 893 648 1239 1975 1992 1180 1598 1942 1436 1073 107 398 770 152 413 8 1349 717 1594 1008 362 114 54 1241 1623 13 504 338 744 998 1666 642 920 1625 206 685 1300 1866 1843 1821 372 690 1347 31 336 1785 327 32 949 968 672 1837 1834 385 1840 1411 1097 1178 1836 1166 1614 330 771 113 1938 283 1289 1265 1803 1275 1011 1445 780 1102 1829 575 381 577 1186 502 477 984 352 1853 1793 885 707 1650 806 579 102 85 304 377 592 1250 1071 217 208 1599 1204 537 1534 1185 1763 762 1496 1197 1100 1972 200 828 1682 614 117 1460 1519 1984 1216 880 335 1188 782 1026 1940 1825 1018 835 454 755 1142 428 211 458 761 1207 467 1601 1704 1966 932 1628 1080 525 1939 1988 990 436 1631 959 698 1334 810 1045 768 1113 414 432 848 368 1395 1193 667 1767 1926 1219 410 924 1671 476 1638 1673 794 1157 75 1420 983 916 1031 731 191 1053 279 1667 1637 1603 46 1036 162 1694 500 1801 1317 1037 1743 570 1094 328 267 1760 999 1467 1737 815 1723 1279 1237 1702 1093 1299 174 532 1145 819 1000 1851 1452 1480 1685 861 501 1233 1510 1860 1291 1835 1537 409 1765 1553 1812 1169 774 1090 894 258 759 23 457 1973 790 1661 1820 843 1024 847 1893 992 1388 35 1284 438 818 1783 858 995 367 431 1898 986 1588 1085 1566 387 1066 602 766 131 1083 1152 778 497 348 859 1385 
2 1982 1413 

