102
1190 1 1971 1798 1912 1276 1844 368 1062 1267 1141 112 55 1013 1782 703 20 1084 1269 1187 402 1097 1745 1655 1882 1431 1091 1003 1048 1388 382 377 980 684 786 1660 1611 848 1082 599 1654 89 1342 36 634 952 1658 835 995 1138 208 255 1586 1667 371 1790 1386 775 863 1126 1884 657 897 1579 477 1384 1374 843 1603 1641 1750 697 1893 1472 101 1314 19 37 1191 1416 586 1340 1161 388 588 392 284 600 405 1357 1795 627 854 1090 343 668 1941 1787 1768 302 1099 1982 619 761 130 1513 801 1916 345 201 1988 1361 635 178 82 1093 1646 823 430 1313 1225 1440 414 464 1530 1811 508 269 793 394 834 594 598 1266 106 1936 460 1536 470 1227 14 1438 1439 1743 205 769 1755 1263 532 1569 1359 548 1307 943 1650 712 378 100 456 1301 749 78 1609 569 535 9 1771 353 379 43 187 1896 1354 1488 1246 1975 568 1341 1910 152 787 1072 1954 1831 38 1450 1726 541 165 964 1264 1799 257 1529 75 1125 1112 741 1852 1501 258 596 620 632 587 322 1332 359 1843 955 1535 709 1459 407 300 1930 1810 1430 592 1974 1402 1626 180 489 1502 466 554 1425 1812 609 254 1827 1349 648 643 276 159 1525 1038 350 437 1706 1292 1291 1721 767 221 47 1715 272 514 1387 1154 1929 374 799 949 167 231 337 505 340 432 369 984 1543 425 512 1527 1179 253 176 1469 1175 172 1242 423 328 1347 1195 1326 10 652 1290 158 1670 986 68 929 1466 580 1145 825 1308 722 688 998 1194 1355 426 140 922 1643 536 1334 40 1373 1151 1939 59 95 1959 134 766 27 614 920 582 1217 820 395 1762 727 1756 1103 331 61 1727 1456 1962 809 1648 728 1421 325 1863 202 15 503 1584 39 1871 1955 607 1188 399 1572 1597 1628 1574 171 579 669 1001 472 1748 1317 471 183 1375 783 1996 708 857 1221 797 1965 993 1231 612 453 417 1409 1747 638 212 370 1510 1462 765 1190 233 1078 398 903 1304 911 1637 1461 1800 974 151 720 1740 497 449 1362 1163 412 1095 1366 99 1765 1897 1663 966 1826 1717 999 107 1075 367 358 1192 1994 865 1662 1919 452 1282 1542 206 650 320 1277 992 1938 1300 23 1998 1861 944 347 1198 1168 1619 1602 686 355 919 779 1047 291 1162 934 628 442 533 1423 821 1980 774 977 465 808 1718 125 1297 538 633 1724 225 1624 906 742 1237 968 1089 1815 529 1116 500 74 1719 1130 1106 1498 1862 1519 482 435 1358 1824 1978 17 951 256 296 601 1348 844 444 1289 1515 1890 1552 1236 410 1068 1376 593 1261 885 136 1071 1967 737 354 146 1244 1113 1867 521 739 1411 546 764 431 908 1152 714 562 92 1014 458 1989 871 796 1422 11 970 238 1024 1220 1205 699 1669 303 149 1418 1211 1953 780 1752 440 716 141 357 67 1835 672 603 166 1239 1638 520 946 1253 1454 324 1533 1697 1730 1280 1541 311 852 434 1708 1647 285 768 1732 175 710 1353 251 292 318 52 120 566 1692 905 1351 826 338 1335 1499 33 1635 200 763 544 1115 1832 1496 1608 384 1651 932 267 1031 373 1794 947 1449 1858 243 704 1532 1060 1042 1057 563 1478 1696 1523 1791 859 1372 1868 1508 1589 1127 1746 1055 135 1475 1223 1887 455 994 197 381 281 736 50 694 1913 157 305 1738 516 718 618 1680 57 380 882 864 898 239 1249 572 798 1428 1327 1255 840 133 1588 153 1296 1581 1010 467 707 150 1961 695 507 1012 1144 1600 902 450 664 1924 1661 79 945 1436 1744 90 511 364 295 1248 1937 454 1230 321 117 866 1685 900 1539 1920 815 1594 642 839 1659 1722 1640 488 1460 574 891 1385 1316 1840 1908 1526 1352 1432 926 387 486 1556 126 1601 1632 989 1363 86 1370 901 1039 750 794 822 1495 1278 1105 1260 1210 800 297 483 1121 875 242 1613 1963 270 830 1506 51 1008 234 190 636 1159 4 283 342 683 113 1796 1925 907 528 752 810 1516 1990 654 896 1281 690 1617 1050 1494 828 972 1895 1734 1565 192 85 1842 1820 1778 492 1865 941 1368 2000 310 1064 293 791 1511 1789 702 156 660 278 1485 982 1148 1185 186 1311 1123 104 1657 1952 1117 1400 1027 1846 5 899 1492 422 1518 1272 1504 1004 271 1124 419 1412 80 1069 837 1853 1111 1649 744 630 427 416 539 631 218 129 304 1170 8 1063 1132 1268 988 406 478 1476 1917 1905 174 1181 138 1850 645 625 685 1656 25 1841 649 735 1343 1712 413 1636 352 1243 207 18 996 436 706 1073 1464 1829 961 910 1135 1615 1735 1465 1507 286 570 1770 1644 1538 1585 428 1369 526 443 1779 519 1463 1309 851 681 1695 351 22 1285 792 24 1577 1883 1520 287 1691 1401 979 1587 1689 1331 1045 1006 439 1631 733 1033 66 1114 890 169 1433 1947 313 1435 1503 1100 1299 1781 119 886 1979 122 1894 1265 1172 506 641 219 1749 485 1298 1571 1226 385 696 893 30 191 1713 87 1807 481 747 161 1199 1484 1074 1061 1878 1270 751 1025 262 1976 879 1040 1885 915 433 666 1128 1763 1562 829 462 1305 1325 591 301 1958 274 1742 1102 711 1725 1817 1703 740 265 782 610 877 913 1183 1030 1549 1150 1234 545 1483 1739 447 279 1607 1604 555 1851 1557 1622 1892 288 31 564 41 268 1407 525 1671 1668 1200 1828 651 530 266 1157 1203 677 1540 1630 334 28 1686 451 277 1767 556 1214 220 1911 827 333 1688 670 375 1935 1888 241 1043 1780 42 1991 1949 1813 1944 365 575 1279 223 1447 2 1666 838 1818 1568 330 1218 1985 53 1178 978 1474 1583 1041 1773 1453 1207 1429 1563 235 853 692 1383 616 1158 168 1338 617 1017 1256 1534 391 1473 948 1623 1874 1083 1491 1002 1783 1009 1561 103 1531 916 236 1512 1345 927 585 389 1737 1931 13 819 1946 1839 789 1044 56 640 3 1245 128 1582 892 457 469 1848 1736 1356 34 770 663 656 1942 346 831 1250 1446 1918 230 344 1437 1889 1792 1505 1184 1020 1904 1808 1707 581 816 701 510 841 682 1391 415 1330 77 62 193 96 1705 860 1182 411 418 1451 760 953 115 491 217 1684 1405 222 118 319 1966 1903 1760 1880 
2 73 621 
3 102 868 1107 
2 143 98 
2 148 1558 
2 155 693 
2 181 1677 
2 195 805 
2 203 818 
2 211 1922 
2 244 1303 
2 264 626 
2 307 189 
2 341 1940 
2 349 49 
2 366 1323 
2 421 137 
2 473 872 
2 480 1426 
2 499 931 
2 502 109 
2 513 597 
2 552 1427 
2 567 776 
2 590 290 
2 602 1468 
2 604 785 
2 606 495 
2 615 1761 
3 658 496 260 
2 667 959 
2 674 637 
2 675 468 
3 687 802 873 
2 713 1186 
2 729 876 
2 732 935 
2 746 557 
2 824 850 
2 836 811 
3 846 12 584 
2 930 493 
3 942 1480 1252 
2 958 1528 
2 1007 1390 
2 1011 1856 
2 1023 1700 
2 1029 1119 
2 1046 1987 
2 1049 715 
2 1067 275 
2 1080 1616 
2 1085 498 
2 1108 661 
2 1122 1229 
2 1131 673 
2 1140 997 
3 1146 924 445 
2 1160 1420 
2 1173 1970 
2 1174 147 
2 1216 1550 
2 1251 748 
2 1273 1367 
2 1274 1059 
2 1287 1271 
2 1302 1143 
2 1324 939 
2 1371 1098 
2 1379 323 
3 1392 1547 1310 
2 1408 756 
2 1441 356 
2 1445 1147 
3 1455 551 198 
4 1490 762 1066 1969 
2 1493 26 
2 1500 1733 
3 1553 70 1857 
3 1580 522 1948 
2 1606 29 
2 1618 1981 
2 1642 501 
113 1653 1016 463 1956 653 1627 867 1394 105 162 1344 1333 479 1434 973 72 1993 725 753 1825 1415 1634 1614 1598 335 734 339 1866 605 757 608 559 724 1224 420 646 1005 956 484 1926 1788 1241 730 1639 1378 446 1444 196 1968 280 813 1814 282 1802 94 227 1521 1417 1404 1591 7 1879 185 1336 459 116 888 962 139 543 1973 1481 1838 315 1247 108 1396 1339 807 743 306 1424 1909 124 1028 1393 1672 441 1109 1551 1548 184 1575 1854 558 1212 1382 1675 58 540 1693 1232 173 372 1950 121 1546 1891 795 1443 960 553 531 
2 1676 1593 
2 1679 1448 
2 1681 971 
2 1682 1096 
2 1683 1293 
3 1741 298 565 
2 1753 332 
2 1772 1169 
3 1785 154 111 
2 1801 383 
2 1803 547 
3 1845 1077 1360 
2 1875 1524 
2 1881 804 
2 1902 390 
2 1914 1283 
2 1934 644 
2 1951 1819 

