300
467 1 283 469 1392 243 1222 912 606 1445 278 1694 813 254 925 1380 386 661 1646 158 463 229 1681 1540 565 1284 35 57 120 1957 1009 6 1675 275 1099 1423 631 965 1605 473 138 67 470 364 1489 126 1890 1381 1252 81 1120 1903 1425 961 522 390 744 653 664 1235 1020 1063 881 1647 1075 17 1591 992 1013 1459 1997 1439 1579 635 40 867 1956 1580 201 1557 1634 1782 1873 481 1324 1981 1056 1748 1700 1598 1800 329 79 976 1664 1936 484 671 1394 942 1387 726 1424 668 1897 1132 1089 1487 1185 1193 87 1574 1909 883 1674 795 1723 1000 1169 1935 328 396 136 898 711 359 1253 440 1049 1565 451 1054 629 774 1376 1680 1287 171 1111 265 338 573 1030 1017 1512 1153 371 80 1416 1400 735 672 487 507 1960 24 927 802 666 808 159 1884 1673 1514 1526 1541 558 856 97 228 619 370 1186 1141 184 504 1915 1805 1510 1184 1032 1572 510 1912 1353 490 271 110 1740 368 1058 1826 60 859 1345 287 804 1312 534 1432 542 1196 889 525 533 297 31 135 1087 827 286 304 1722 1876 404 340 1814 1183 1321 42 460 1835 1096 499 1739 1875 663 196 63 1669 1551 1889 1858 1816 1254 1036 1077 1958 985 1266 871 1383 1389 1340 1921 536 1870 204 645 1178 1995 1938 605 1970 837 1419 517 486 1092 682 1708 669 1660 550 847 765 1313 1240 1402 918 778 331 236 944 1733 936 22 187 990 1484 425 1209 1827 474 1481 447 689 1119 966 227 1123 968 920 355 848 1768 535 583 1808 84 217 538 1834 1386 215 1199 433 1998 798 437 593 772 656 1815 1333 620 348 1051 713 2000 1326 258 1777 1343 325 1588 906 1763 74 1910 421 1148 44 1558 1113 578 1506 1753 168 61 1711 929 471 383 821 1511 296 1996 1450 707 1796 954 900 114 457 613 1961 1295 1549 947 523 1047 1902 1898 801 655 783 1053 146 607 1900 960 880 1268 1044 519 1770 1408 1822 23 378 1628 861 1335 1979 1743 637 1623 1778 251 300 887 506 1354 1725 763 1349 353 380 1016 1671 109 1415 1838 1986 1656 1207 1034 1497 1093 1793 492 230 1065 1480 339 1688 752 1279 1883 192 122 1206 360 1499 981 1621 882 1760 1367 1702 143 1855 1560 858 1265 1932 1569 1208 1046 957 555 247 790 1482 640 842 1728 1705 1258 213 815 1226 55 665 569 1828 838 1455 1585 385 1166 1388 674 190 895 1593 1143 
2 9 1920 
2 16 955 
2 19 178 
2 25 111 
2 36 1041 
2 37 413 
2 45 995 
2 48 276 
2 56 252 
3 78 560 375 
2 82 1929 
2 85 1420 
2 86 1757 
2 88 1021 
2 90 1534 
4 106 1347 1216 302 
2 107 1802 
3 127 660 780 
2 130 299 
2 131 773 
2 133 98 
2 134 1928 
2 140 50 
2 141 639 
2 145 1248 
2 147 18 
2 149 1396 
2 152 443 
2 157 155 
2 173 1301 
2 175 657 
2 177 1504 
3 185 617 764 
2 189 1934 
4 194 1355 188 334 
2 197 771 
5 202 1963 1684 904 1853 
2 209 817 
2 223 26 
3 235 835 240 
2 237 103 
2 245 1318 
2 246 615 
3 259 1908 776 
3 269 1005 1442 
2 273 1285 
2 279 1315 
2 288 853 
2 292 646 
2 298 1444 
14 313 1976 1913 116 1809 1272 911 626 488 454 1999 553 198 901 
3 316 1715 1690 
4 318 207 706 699 
2 324 687 
161 326 1085 1303 1911 1810 1023 851 305 449 818 730 857 886 233 1010 958 1949 1133 791 214 1163 1243 1764 1470 1962 1443 248 1880 154 1869 1807 816 1305 1616 1641 1004 1270 1083 20 978 1606 125 1029 749 998 722 1422 1139 1556 186 708 301 930 1751 721 1600 262 1989 991 1619 1435 1177 716 913 477 649 784 734 1493 320 257 1357 948 1652 1407 1262 1931 1398 1706 972 1843 628 399 1264 1280 1573 1906 1738 1244 953 333 989 1406 1015 997 1599 540 501 153 75 494 1592 831 485 1968 1788 1467 1181 1718 1784 1940 899 1490 986 1438 1028 39 295 314 266 1941 766 54 1536 1509 1086 352 319 714 1879 634 1746 205 1215 1866 151 170 915 1393 104 1687 934 33 182 1966 476 627 557 1223 1161 179 13 1003 1829 537 1079 1894 462 330 1061 394 
3 332 1379 854 
2 335 584 
2 343 1325 
2 347 1597 
2 361 1025 
2 365 1136 
2 367 1417 
2 374 1825 
4 379 865 590 690 
2 384 789 
2 397 1172 
3 400 928 872 
2 408 1156 
2 416 174 
2 424 546 
3 432 1395 1785 
2 434 1485 
2 444 826 
2 448 1152 
3 459 1717 697 
2 472 1752 
2 483 1678 
4 495 516 1532 740 
2 502 216 
3 524 281 1473 
2 532 1081 
2 539 1130 
2 541 1601 
4 548 1520 253 132 
3 556 312 1977 
3 564 825 1638 
3 567 1067 1724 
2 570 1904 
2 571 1350 
3 575 513 1602 
3 586 1031 1117 
3 591 1657 572 
2 596 208 
2 602 423 
2 604 422 
3 608 874 1378 
2 612 760 
3 616 156 576 
2 621 1078 
2 643 1803 
3 644 1146 2 
3 647 1643 1365 
2 648 779 
4 650 1019 181 787 
3 652 356 351 
2 673 1328 
5 678 456 1734 1667 598 
2 679 1421 
2 680 412 
2 683 244 
2 684 95 
2 691 372 
3 694 1552 829 
2 695 381 
2 702 1495 
2 705 1939 
2 717 594 
2 719 1850 
2 720 1201 
3 723 53 51 
2 729 1881 
4 737 910 467 922 
2 754 164 
2 762 264 
2 768 1205 
2 786 1167 
2 803 967 
4 807 221 1384 543 
2 809 1361 
2 812 552 
2 819 601 
3 832 1635 411 
2 833 1677 
5 843 1108 1817 521 692 
3 846 1899 1413 
2 849 160 
2 852 896 
2 864 1645 
2 866 970 
2 868 1848 
2 869 428 
4 870 346 824 308 
3 873 1428 34 
2 876 1105 
3 877 1292 1766 
2 884 1214 
2 894 741 
3 937 3 1247 
2 939 1283 
2 943 878 
2 949 1043 
3 951 526 810 
3 959 1666 1037 
2 973 1618 
3 975 999 1465 
2 994 1624 
2 1001 1522 
2 1006 641 
4 1008 1405 68 1158 
2 1011 963 
3 1012 1988 1625 
3 1014 1811 509 
2 1024 1257 
2 1027 830 
2 1033 162 
2 1038 974 
2 1045 49 
2 1048 1107 
2 1069 342 
2 1072 595 
2 1076 1097 
2 1080 270 
2 1084 1548 
2 1088 1431 
2 1098 1563 
2 1100 703 
2 1101 1200 
2 1102 1501 
2 1110 1719 
2 1112 862 
2 1121 642 
2 1125 349 
3 1131 430 1914 
2 1135 1278 
4 1137 255 582 1261 
2 1151 406 
2 1154 1330 
3 1159 226 732 
2 1162 1959 
2 1173 415 
3 1180 529 401 
2 1182 700 
2 1188 964 
2 1189 310 
2 1190 855 
2 1192 10 
2 1197 1114 
2 1213 1454 
2 1217 1801 
2 1219 317 
2 1221 739 
2 1225 892 
2 1238 651 
3 1245 718 987 
2 1249 1679 
3 1250 1149 1263 
3 1251 1820 1427 
2 1259 14 
3 1269 350 1234 
2 1271 1348 
2 1281 89 
2 1282 923 
2 1290 1494 
3 1297 294 121 
3 1300 1818 1918 
2 1307 73 
4 1309 1311 1720 1517 
2 1310 1322 
2 1314 1228 
2 1316 1507 
2 1346 409 
4 1363 1905 241 439 
2 1366 1609 
3 1401 759 1375 
2 1404 840 
2 1412 1220 
2 1430 1062 
2 1433 337 
2 1447 1792 
2 1453 1462 
3 1458 980 96 
3 1460 1294 369 
3 1461 210 775 
2 1464 282 
2 1491 461 
2 1498 1437 
2 1508 1975 
2 1515 1352 
2 1525 211 
2 1546 29 
2 1550 1362 
3 1566 850 238 
4 1567 436 902 1505 
4 1570 677 508 1372 
2 1576 11 
2 1577 777 
2 1595 1942 
2 1610 696 
2 1612 1926 
3 1622 200 249 
2 1626 1390 
2 1632 727 
2 1640 755 
3 1642 1830 267 
2 1649 118 
2 1653 144 
2 1654 431 
2 1665 373 
2 1683 1861 
2 1695 1765 
3 1696 686 701 
2 1701 844 
3 1709 1804 1486 
3 1712 909 1888 
3 1730 618 600 
2 1736 1203 
3 1745 1954 1356 
2 1761 1689 
2 1762 1155 
4 1772 988 738 1426 
3 1779 1210 743 
3 1794 1693 165 
2 1812 393 
5 1819 123 1545 938 1685 
3 1823 420 756 
6 1831 321 614 1441 797 284 
2 1839 1607 
2 1841 419 
3 1856 1617 15 
3 1860 1277 105 
2 1863 446 
2 1867 983 
2 1885 952 
2 1891 1596 
5 1893 1204 903 1613 468 
2 1895 1871 
2 1917 993 
4 1933 1106 1452 1429 
2 1937 344 
2 1944 725 
3 1945 1267 1787 
3 1948 1456 1488 
62 1951 863 497 1341 1775 388 1806 1451 489 311 1150 124 323 916 1714 395 115 794 199 176 1187 1974 1229 1478 581 1359 1568 520 1776 632 12 191 1369 163 547 195 169 636 675 1518 1655 924 1230 941 745 1786 1767 1468 47 1191 27 62 112 1983 70 545 1993 1496 1377 1276 1370 303 
3 1965 293 505 
3 1972 268 239 
2 1973 893 
3 1984 659 354 
2 1987 1851 
2 1992 475 

