338
88 1 710 90 1773 705 1258 924 693 1971 1411 73 281 1217 81 1513 333 1460 742 247 311 1926 1483 1020 639 141 1266 678 1434 637 1049 1637 1004 540 1374 441 169 1386 1605 1383 1783 497 1678 369 1675 565 1843 579 1986 456 938 89 1139 1102 1097 1256 643 561 1914 16 1286 1459 230 785 1680 1207 85 200 1738 957 655 1526 367 8 612 1725 1602 1752 1653 1144 1018 814 1657 346 761 1903 1307 1692 154 
2 4 944 
2 5 182 
2 9 664 
2 22 414 
2 23 328 
2 35 421 
12 42 869 661 416 1882 1134 868 272 932 231 52 323 
6 45 123 827 1192 1098 464 
2 46 1779 
3 55 151 1836 
4 58 1499 1544 555 
2 60 201 
2 68 1665 
2 79 1556 
4 84 883 1165 1432 
3 86 411 1612 
4 92 494 1012 358 
2 98 1638 
3 103 1087 1187 
2 113 1046 
3 114 1456 1810 
2 116 667 
3 125 1542 607 
2 145 1777 
2 146 1448 
6 160 765 1351 1551 1488 183 
2 193 19 
2 195 96 
4 198 811 1302 1985 
18 205 95 1521 1195 870 800 1644 314 951 1090 718 1964 523 1850 708 1317 849 509 
2 215 1839 
2 238 1334 
10 239 382 485 15 1942 1415 547 1310 1724 2 
4 241 373 738 1410 
2 243 1264 
4 245 227 1092 758 
2 255 1240 
2 261 684 
2 263 82 
4 267 1228 305 1770 
6 268 1367 999 843 1609 304 
2 274 948 
2 277 364 
5 278 1787 172 153 887 
3 288 1697 852 
3 289 1236 1721 
4 292 1100 1539 1983 
8 296 1546 180 1748 1335 427 142 1475 
2 307 132 
2 313 1509 
5 319 863 1601 1679 568 
2 326 1739 
12 334 1227 101 895 1818 1221 1936 293 1757 663 862 1875 
2 339 942 
2 341 1676 
3 352 652 233 
3 353 1385 905 
2 354 1909 
2 357 506 
2 362 1727 
2 372 1931 
2 387 549 
3 400 946 879 
4 401 747 279 647 
4 420 1186 1625 1076 
2 458 264 
4 459 835 21 1944 
3 473 1177 929 
2 474 1525 
3 484 1835 1661 
7 495 137 246 1199 798 1585 41 
2 501 522 
2 504 751 
6 505 1838 1962 478 1394 1631 
3 510 1906 1392 
3 513 539 366 
2 525 34 
8 527 1600 554 878 287 719 1140 1121 
4 542 1571 1698 1277 
2 553 300 
7 557 1248 131 423 402 393 1173 
3 558 1119 24 
4 560 1124 1751 1594 
3 563 338 757 
2 569 1615 
3 576 780 1353 
2 580 1001 
3 593 1039 178 
2 596 301 
5 602 1716 610 492 1607 
3 604 1798 949 
2 605 1327 
3 609 665 59 
2 611 365 
11 613 156 1852 1873 374 1141 521 1034 1484 1495 297 
2 622 1431 
2 624 668 
2 640 1704 
3 644 1977 345 
35 651 1328 157 654 995 1510 584 1161 1553 1497 1832 257 217 633 755 1812 771 1487 282 412 404 1907 83 222 1143 1182 56 1323 1189 1642 1413 1761 1599 1987 736 
2 653 1052 
7 672 57 209 204 1572 138 78 
30 677 500 888 1437 961 854 368 49 451 804 422 1166 1597 1540 1682 206 317 787 1136 111 994 920 537 1959 88 1170 1745 291 176 1447 
2 686 350 
7 687 1807 162 1848 732 10 219 
3 690 482 1149 
3 703 1503 990 
3 717 695 1560 
2 720 381 
6 722 1577 1247 1966 1634 1804 
3 740 1945 1229 
3 746 1849 1574 
15 749 909 1249 1162 1956 324 617 308 1709 490 1593 1982 430 1991 50 
2 752 712 
2 760 876 
2 776 1961 
2 778 733 
4 791 437 1805 679 
2 797 392 
3 809 1208 1881 
2 817 70 
5 821 1714 1533 1298 1611 
6 823 1952 252 683 1870 1713 
5 824 1892 31 383 899 
2 825 813 
3 832 342 1784 
22 833 1904 648 351 179 377 625 1950 550 1213 167 343 801 1588 424 873 1516 1210 1110 1603 1878 716 
22 839 915 1632 471 491 155 135 133 477 533 1145 1481 38 1629 618 1402 1566 1461 242 1759 325 1891 
2 847 1313 
2 850 1535 
2 856 1677 
12 860 129 1518 1889 348 340 628 1504 634 1194 110 658 
2 884 1464 
2 886 75 
3 897 629 1616 
3 901 711 171 
5 902 517 77 1801 1492 
2 906 977 
3 912 1316 630 
3 925 1058 893 
4 931 1045 1200 741 
5 933 1104 91 1219 1077 
3 936 1408 529 
2 953 385 
2 955 1025 
3 956 1708 1293 
2 958 1329 
3 959 660 968 
2 962 838 
2 965 1371 
5 972 674 1979 1081 803 
2 978 598 
2 983 786 
12 984 726 170 709 426 1454 12 1430 1068 1829 1373 312 
2 988 1760 
16 989 1178 433 1093 406 1655 1500 1922 1869 526 1793 1879 1671 158 1384 697 
4 998 399 581 880 
2 1002 127 
2 1008 1175 
3 1010 591 1467 
2 1017 97 
2 1019 666 
14 1022 480 1111 657 1580 398 1063 1352 608 1160 1648 939 1825 1000 
2 1024 636 
2 1033 975 
5 1035 419 641 779 1918 
18 1042 1659 20 1496 1278 1800 1078 875 228 65 1688 1038 448 1469 1814 882 1687 197 
2 1043 1960 
2 1044 872 
3 1051 115 331 
3 1065 450 121 
3 1075 284 1586 
3 1080 512 857 
4 1084 1974 889 472 
2 1096 327 
2 1114 1491 
2 1118 1342 
7 1120 528 1796 316 1937 601 1842 
3 1123 1062 1853 
2 1128 969 
4 1133 124 63 1765 
2 1146 898 
2 1153 619 
2 1154 1624 
2 1156 2000 
2 1172 846 
4 1174 1347 120 1112 
5 1176 62 1163 603 177 
8 1203 1746 1336 1021 1654 109 1031 134 
2 1204 1103 
2 1205 793 
2 1206 991 
6 1216 395 452 943 1877 1231 
2 1218 759 
2 1224 1916 
2 1230 130 
10 1233 37 165 1915 1344 1070 914 964 1621 498 
2 1239 1449 
2 1251 587 
2 1254 516 
2 1257 26 
2 1262 627 
3 1270 982 1534 
2 1276 330 
3 1279 748 859 
2 1287 349 
2 1291 1016 
42 1295 1274 1730 1445 735 53 1109 615 166 1558 967 1618 389 992 1485 186 1452 1921 1992 463 1193 777 1126 1694 940 544 1418 1883 144 676 1085 1029 1552 532 1545 1820 1014 1054 250 188 781 1527 
29 1309 1414 1400 207 853 117 815 1866 1905 453 360 645 632 40 69 1333 1269 1989 1519 1241 1663 1951 1421 743 1747 1493 858 1360 1318 
3 1314 1436 28 
8 1319 1268 670 1397 225 692 1196 802 
3 1320 253 1946 
3 1332 391 734 
2 1337 1427 
2 1338 790 
2 1355 1451 
2 1362 536 
2 1366 1306 
20 1377 1368 1856 499 941 530 1396 891 487 725 444 1806 1980 1715 213 1559 214 1596 1003 1132 
2 1378 562 
2 1387 1130 
2 1389 1041 
3 1391 1817 950 
2 1395 1929 
2 1399 1548 
2 1406 1330 
2 1425 1754 
20 1438 1744 429 696 1321 1048 275 306 769 820 1782 855 1066 455 1234 439 1158 1369 1339 1050 
15 1441 1573 1567 927 534 1417 594 1855 48 1702 1168 1305 164 993 1981 
2 1442 356 
4 1443 900 1595 1864 
4 1446 470 1554 1617 
2 1450 706 
3 1453 1390 1288 
26 1462 1923 756 792 128 673 1529 1536 1674 1117 415 794 1138 249 772 1439 903 1223 1999 1250 1587 844 985 1523 810 1973 
2 1463 1215 
5 1468 1343 1719 574 1057 
2 1470 1890 
2 1473 1822 
3 1477 980 1911 
3 1478 229 649 
4 1486 475 11 1407 
4 1489 161 187 1996 
3 1490 1429 386 
2 1494 1660 
4 1501 1968 1591 1047 
2 1502 1781 
2 1505 861 
3 1511 397 1105 
2 1512 87 
7 1520 976 1212 908 1887 986 713 
2 1522 1693 
2 1531 1455 
7 1541 1147 1876 147 675 1941 1847 
2 1543 1426 
2 1557 140 
2 1562 1036 
6 1563 1304 1763 1840 556 1767 
2 1564 774 
3 1576 1684 1152 
2 1578 199 
2 1582 1561 
2 1590 715 
2 1598 763 
2 1606 575 
3 1613 254 462 
3 1614 1340 1108 
6 1622 43 585 1409 896 194 
2 1626 656 
3 1635 1933 483 
4 1636 1736 244 1583 
2 1640 232 
2 1641 834 
3 1643 309 36 
2 1650 302 
2 1651 256 
15 1662 1382 1420 1261 1243 822 1630 564 1376 286 1255 234 443 974 1181 
3 1666 650 727 
2 1670 867 
2 1672 407 
3 1681 1867 1131 
3 1685 1997 1388 
3 1689 1129 1528 
2 1691 739 
2 1700 1841 
2 1701 67 
2 1703 1699 
2 1705 1324 
2 1706 447 
2 1720 1308 
2 1733 659 
5 1737 1214 1393 136 1880 
2 1762 1900 
3 1771 18 224 
4 1772 1405 1416 1471 
3 1778 371 812 
2 1780 1088 
2 1786 1750 
4 1788 1180 514 1925 
5 1790 1645 1061 1284 1356 
3 1795 1538 1341 
2 1797 566 
2 1808 1275 
3 1811 1858 1743 
3 1815 945 467 
9 1816 159 1244 1508 1198 100 1331 489 1803 
3 1819 1846 1364 
3 1821 1015 1955 
2 1830 1292 
2 1837 590 
3 1845 299 808 
7 1854 318 379 1127 298 260 599 
2 1863 702 
3 1865 1346 1059 
3 1886 1620 208 
3 1888 1290 54 
2 1894 66 
3 1895 336 541 
3 1901 1957 465 
2 1902 148 
3 1910 770 1091 
3 1917 829 507 
2 1920 963 
11 1927 1592 1349 375 1570 425 1628 1157 918 1667 269 
7 1930 907 1238 273 987 1159 966 
2 1932 616 
5 1939 1401 1245 508 1792 
2 1943 874 
4 1948 1652 597 1354 
2 1965 551 
2 1967 721 
2 1970 728 
2 1972 1537 
2 1976 335 
3 1978 680 729 
2 1988 840 
2 1994 1734 

