431
81 1 1370 389 1558 283 1070 1096 1350 1721 851 1359 1947 1649 1615 377 835 1102 638 901 907 400 1139 719 320 1099 529 343 1297 1843 1296 1275 587 650 233 294 1991 162 731 568 1710 949 133 1827 664 623 127 846 1098 344 29 235 393 1172 1378 1260 867 1413 511 1358 507 1303 1760 1095 1529 1424 503 1780 30 1785 239 1197 909 1612 1718 1002 874 447 482 855 1273 1520 
8 2 1382 918 1795 1510 1757 1109 1404 
2 3 1160 
3 15 1052 1103 
2 19 5 
3 23 212 1123 
2 28 1415 
5 32 404 475 137 109 
3 37 746 1766 
2 41 1379 
3 44 734 1538 
3 45 187 324 
2 47 338 
2 48 1826 
9 51 1042 883 1205 1446 200 181 78 953 
2 53 1480 
2 55 463 
3 84 1163 1574 
3 88 401 941 
2 89 1913 
2 92 662 
3 95 1889 870 
2 96 1581 
3 98 261 1704 
2 100 452 
2 101 174 
3 102 134 259 
3 107 1882 816 
3 112 1005 1950 
2 113 1715 
5 115 1034 963 1938 1986 
2 120 966 
3 125 35 1623 
5 126 410 1749 1813 639 
3 131 1838 105 
2 145 1018 
2 150 707 
2 154 659 
2 161 1127 
3 163 1329 1423 
4 167 574 1348 1038 
4 175 860 597 367 
2 177 1509 
2 178 43 
2 182 1999 
4 188 1527 834 936 
4 191 562 643 810 
6 209 1181 1859 961 1223 1738 
2 210 1217 
3 211 18 565 
3 220 247 759 
2 230 1258 
2 231 1899 
3 232 409 1692 
5 236 1868 610 969 1700 
2 244 290 
5 246 1248 848 1588 1450 
3 260 1024 386 
2 263 1887 
4 268 1654 878 1526 
6 269 471 713 1594 1274 42 
2 276 1240 
5 293 581 262 921 1097 
3 296 1695 118 
2 303 796 
5 308 776 1875 939 1111 
5 316 138 277 1159 1768 
3 318 571 1239 
3 322 886 1536 
3 325 1776 1512 
2 330 1917 
3 334 979 1008 
2 337 328 
2 341 280 
5 346 240 744 1357 965 
2 355 1377 
2 360 814 
6 363 1132 923 1234 1901 1253 
2 369 1049 
3 375 735 1189 
2 388 321 
2 402 1645 
5 403 786 836 99 1230 
3 411 1606 439 
2 426 975 
2 427 1620 
2 431 1949 
2 436 1367 
2 443 1837 
2 446 504 
5 449 692 1567 1811 229 
2 453 81 
2 456 1047 
2 457 910 
4 466 1518 1821 1971 
4 470 1761 1268 339 
2 472 362 
2 474 547 
4 476 20 147 1135 
2 477 781 
3 478 434 1578 
4 483 678 1978 1272 
4 485 56 1120 1489 
3 491 1883 524 
5 500 1232 368 1057 132 
2 501 999 
4 502 542 561 149 
3 506 1228 876 
4 509 331 1554 1756 
3 510 750 538 
2 512 747 
5 514 530 628 241 397 
3 519 820 947 
2 526 608 
4 536 900 350 119 
3 537 895 1782 
2 540 1368 
2 545 881 
4 552 1131 1674 33 
3 553 1513 1524 
4 559 304 1040 398 
2 567 1763 
3 573 682 1497 
2 578 1457 
2 580 1589 
3 590 888 821 
5 593 652 672 1104 473 
2 601 811 
3 611 988 1337 
3 612 960 1658 
3 614 589 255 
2 615 1977 
3 619 933 1634 
4 621 1714 669 1743 
2 622 1754 
3 624 1459 26 
2 630 1865 
2 636 124 
2 641 225 
2 645 424 
4 646 551 1416 1176 
2 656 36 
3 660 413 496 
2 665 928 
2 673 1001 
3 679 1026 274 
2 694 653 
3 697 1107 1341 
2 703 1741 
2 704 618 
5 706 742 1219 829 49 
4 708 1227 1243 868 
3 716 469 1203 
2 717 70 
6 728 569 1751 1728 1565 197 
5 729 825 441 1629 696 
4 743 39 1078 1685 
2 754 1697 
2 755 66 
2 760 1614 
2 761 1007 
3 763 1702 1624 
2 769 927 
3 772 1793 1082 
3 773 1004 423 
4 783 1161 1386 1744 
3 785 387 94 
2 793 103 
2 794 680 
2 795 1808 
2 809 289 
2 815 1084 
2 819 484 
8 831 295 1153 557 1022 1288 69 539 
2 833 757 
2 838 802 
3 850 1045 1507 
2 861 668 
5 863 1599 305 1748 123 
2 864 733 
3 869 858 27 
2 877 142 
6 880 1854 1593 1650 1211 1352 
5 882 130 566 1621 1905 
4 889 549 217 1320 
3 897 301 1845 
2 898 1124 
3 899 445 352 
3 904 983 1412 
3 906 1844 919 
2 913 1391 
3 914 1814 1855 
7 917 1716 738 1706 8 1598 208 
3 925 77 1542 
3 930 634 1890 
5 932 1496 797 1580 1560 
3 935 789 1552 
2 943 1015 
2 946 172 
3 954 1366 1305 
3 974 1138 1592 
3 994 314 1080 
3 995 644 849 
2 1009 432 
3 1011 214 204 
3 1014 1804 497 
2 1019 727 
2 1020 579 
4 1029 1338 663 1207 
2 1031 908 
2 1043 1263 
3 1053 1954 1384 
2 1056 710 
10 1060 1640 333 1553 417 1178 265 548 481 238 
4 1061 1965 1940 1864 
2 1088 1126 
2 1091 1726 
3 1110 1089 122 
3 1114 1364 450 
2 1115 442 
5 1129 1802 435 21 1319 
5 1130 68 1355 1340 817 
2 1140 376 
2 1144 312 
2 1145 595 
2 1146 1849 
2 1147 1074 
2 1154 170 
5 1155 1184 887 1468 1438 
29 1156 1481 1956 1458 460 964 1173 1308 1535 1499 7 1067 1025 1891 852 563 837 1191 1669 550 1242 1261 1600 1575 1486 1727 1090 1870 1886 
6 1174 1116 711 1222 725 525 
2 1179 1125 
6 1180 1997 1703 586 1632 25 
2 1182 572 
2 1190 1166 
2 1196 104 
3 1224 1023 1393 
2 1233 201 
2 1238 1013 
3 1245 1064 203 
2 1247 348 
2 1250 700 
3 1269 1879 1942 
2 1277 730 
4 1281 54 576 1953 
3 1284 158 801 
2 1285 1445 
5 1287 1213 459 896 1682 
2 1289 1570 
5 1309 695 920 438 871 
2 1311 1397 
2 1312 1663 
4 1315 1058 1831 1611 
6 1317 1036 1979 83 250 1842 
2 1318 1226 
4 1322 1667 1215 1800 
2 1323 788 
5 1325 1414 1568 651 1948 
3 1331 1903 560 
3 1335 1711 1678 
3 1336 1220 1597 
2 1339 1369 
2 1342 1037 
2 1346 690 
2 1351 989 
3 1353 1063 604 
2 1354 71 
2 1362 151 
4 1363 1187 635 968 
5 1365 1550 632 1958 691 
2 1371 1333 
3 1372 902 1030 
2 1376 1992 
2 1380 264 
3 1389 271 677 
5 1390 448 499 1911 1987 
4 1394 1403 1747 827 
2 1396 11 
3 1399 702 1244 
2 1402 1993 
2 1406 942 
2 1408 1361 
3 1409 327 737 
3 1410 1551 1321 
2 1427 1392 
3 1434 647 970 
2 1439 926 
5 1440 937 686 598 808 
2 1444 258 
4 1448 380 745 394 
2 1451 865 
6 1453 980 1072 1540 1461 1264 
2 1460 986 
2 1463 654 
2 1467 1698 
8 1469 22 1989 1605 1613 583 202 1279 
2 1471 1304 
3 1474 198 1436 
2 1475 1935 
2 1477 6 
2 1478 950 
2 1479 286 
2 1483 313 
4 1485 1428 272 1635 
2 1491 249 
2 1492 903 
2 1493 1572 
10 1495 792 245 513 1375 440 227 1028 1731 1255 
2 1504 164 
2 1505 577 
3 1508 813 1418 
4 1516 1850 977 1998 
4 1519 288 1169 1701 
2 1525 1199 
5 1539 1200 1295 1806 839 
2 1546 270 
3 1555 1231 135 
2 1557 1010 
2 1559 1374 
3 1561 826 24 
3 1564 688 1503 
3 1569 1563 1892 
2 1571 1158 
4 1573 984 1044 1796 
2 1579 1825 
2 1587 86 
6 1596 1326 1133 1143 1684 10 
2 1601 1454 
2 1603 1928 
2 1607 136 
2 1608 822 
3 1609 588 891 
3 1610 1585 1566 
6 1618 1924 620 1421 1344 1874 
3 1626 228 1637 
2 1627 1852 
2 1630 155 
2 1641 534 
2 1642 414 
3 1644 1443 1933 
2 1652 613 
5 1653 189 144 353 1687 
2 1655 429 
2 1656 266 
3 1659 721 1638 
2 1662 1872 
3 1664 165 1528 
3 1666 617 433 
2 1671 1016 
13 1673 640 1076 1167 378 372 676 1803 1449 1488 1643 666 1689 
2 1675 1360 
2 1677 1328 
3 1679 418 847 
2 1688 962 
3 1690 1764 505 
2 1696 1884 
3 1707 800 982 
4 1722 1225 1501 38 
4 1724 302 1407 1201 
3 1730 79 1490 
5 1732 520 1995 885 1271 
3 1733 279 661 
3 1735 121 1543 
3 1736 1900 1425 
2 1742 226 
5 1752 307 905 603 62 
2 1759 1462 
2 1762 840 
2 1774 1807 
3 1777 1334 681 
4 1787 924 790 215 
6 1791 415 873 1356 1041 1628 
2 1794 1511 
2 1799 1212 
14 1810 396 1283 951 806 649 129 1032 655 732 1797 1927 1920 72 
2 1815 1472 
5 1816 1079 629 600 1866 
2 1820 1729 
3 1823 1556 1398 
5 1824 1871 1314 701 1668 
4 1829 1980 340 148 
2 1832 739 
2 1834 1292 
3 1835 168 1683 
5 1841 1487 146 117 845 
2 1851 1533 
3 1853 854 1345 
7 1856 1625 106 752 1515 464 153 
2 1857 517 
2 1862 1105 
5 1863 234 832 807 90 
2 1869 584 
5 1873 242 479 361 879 
2 1878 1921 
3 1888 976 1164 
2 1893 1282 
3 1895 862 291 
2 1896 1198 
5 1897 684 494 1767 1313 
2 1898 480 
2 1902 1291 
3 1909 764 812 
4 1910 1544 1983 1121 
2 1912 1027 
2 1915 1464 
3 1919 1583 1602 
17 1923 892 216 1798 1262 749 777 412 1591 1534 767 422 195 1294 1691 740 671 
2 1925 1065 
4 1929 1388 1033 1270 
2 1934 1719 
4 1936 300 1265 1522 
6 1937 199 275 642 1137 223 
2 1939 383 
2 1941 58 
2 1944 206 
3 1945 12 1150 
3 1946 720 1280 
5 1951 1307 1422 218 1521 
3 1955 1069 490 
2 1957 531 
3 1961 1259 1327 
2 1963 267 
2 1967 648 
2 1968 546 
3 1972 922 625 
4 1976 985 844 564 
2 1982 779 
3 1984 85 1772 
3 1990 1577 667 
2 1996 354 
2 2000 1066 

