76
584 1 448 1039 493 38 317 620 1616 1654 1995 1209 1258 1686 1446 1191 1372 1546 1009 1210 440 1558 1668 1718 1866 1920 1632 946 1129 1366 961 570 1110 1878 1180 1217 1628 1838 1224 1786 1086 163 1390 120 1037 1837 1905 1557 1504 329 487 285 1699 1088 497 1036 1053 1774 658 297 1563 512 814 1433 1417 169 1688 265 1248 930 21 101 1354 1101 27 559 1211 224 1927 1449 230 563 516 26 1569 72 33 272 1584 592 1700 1399 625 507 1696 1004 1155 857 225 1059 1338 154 950 608 913 1184 1168 1796 830 796 732 781 733 1489 1852 442 1854 1385 1133 1072 1010 275 543 1100 1092 91 1323 739 532 380 840 560 1125 1571 1583 618 1716 981 1598 604 149 1840 234 1522 675 1822 737 1829 683 1472 417 1961 531 1606 1196 1500 1640 1108 1303 135 746 25 975 691 731 1551 903 1370 300 226 1081 223 1067 483 384 1208 446 420 1173 845 208 1626 1815 1634 1548 866 1572 1342 1573 1363 460 1131 47 1470 1511 1650 23 1959 1427 1422 222 1672 1582 1993 1495 96 893 48 686 295 589 1165 1562 374 660 42 1734 1394 727 1897 1157 1738 956 1330 458 1091 130 554 1848 1044 1458 358 886 433 810 219 508 63 806 1912 1940 1479 875 1885 666 505 1482 1415 926 769 409 1262 1843 530 1914 835 30 1659 1193 201 506 385 846 140 180 884 1963 341 1144 908 626 1939 933 157 1264 9 1798 104 396 628 1769 404 1944 851 741 1428 1352 1771 412 1884 1070 1312 1955 1595 671 1992 1228 469 1528 1322 3 1119 320 894 850 1382 1389 764 430 1802 1974 1816 1983 1675 584 1872 784 1762 1429 373 867 655 31 1748 1471 881 1540 1080 1657 1066 1189 702 1658 1601 999 1656 1612 863 1350 1724 1945 36 1267 475 1016 904 1135 1308 1777 985 1805 1900 44 774 858 1017 352 1560 210 647 1698 1590 18 1617 213 980 1585 167 1529 1539 700 1430 1592 740 1396 1484 1824 495 160 118 168 231 1326 1967 1785 1969 934 342 870 338 299 12 1988 720 581 74 1013 995 1353 1593 1849 232 1314 694 401 1325 679 1779 455 1544 1212 1630 470 1830 503 1029 155 1007 452 938 19 328 595 1476 1159 1753 634 551 1048 823 97 1888 1179 1412 425 1160 431 1387 1681 998 1233 462 725 1751 8 111 735 363 801 387 10 1126 1347 766 1757 1871 1711 1510 1270 1957 1845 1050 1046 253 795 1761 1022 1052 534 1142 1227 1304 82 1341 1984 1869 1095 984 215 1895 1473 773 1400 1252 1641 427 1783 876 1532 359 577 1876 1001 1559 263 1746 304 1402 1467 110 415 447 287 1813 1295 1296 1236 1547 919 426 927 1611 646 622 954 1321 1549 745 254 1883 974 185 166 1109 1194 947 1825 1249 1907 693 1930 1026 1998 1316 1879 1923 1032 663 1201 1652 842 936 357 284 1553 1542 1991 68 1760 1407 138 1624 644 1235 892 388 1320 162 281 1990 833 1502 790 383 399 944 197 343 269 819 1526 1972 916 78 957 639 1521 1154 1477 306 1642 1006 1689 368 1633 
2 54 572 
2 64 65 
15 85 1722 221 1743 1899 1736 565 890 1453 1660 1773 1623 1867 403 978 
2 121 1643 
2 134 486 
2 144 5 
2 175 1766 
65 183 291 834 1414 540 293 1889 200 418 529 1750 991 612 912 1625 1999 1371 1424 1578 582 315 510 1820 794 765 479 1172 1695 1440 1358 1554 1607 453 1692 14 1198 89 1709 1367 1976 586 1730 108 1807 1812 330 1379 920 28 1456 1166 878 1515 1297 688 80 1875 1860 1019 1469 1784 308 1395 1434 759 
2 184 1768 
147 188 792 836 736 1568 1127 1416 1167 590 899 826 804 1255 1377 301 119 1797 406 1996 1759 1565 1524 309 861 1527 70 1497 1519 214 1958 1589 557 1176 192 49 1767 348 1505 1772 29 472 831 340 1925 1503 1855 1864 305 395 1409 87 632 1465 324 1863 1411 1800 1564 1292 504 610 955 1220 621 1420 1253 262 556 1317 772 992 196 1720 423 382 1516 1204 364 922 174 825 1638 61 1644 1111 1719 1425 413 310 865 1534 1137 22 288 1552 535 1674 1706 1538 1437 1087 837 449 261 1499 1138 1263 1868 1132 687 997 32 738 1171 432 588 918 211 1985 1239 1645 1077 248 513 1776 1460 1814 585 1535 1740 1404 311 1089 346 302 924 1670 1978 514 987 1122 807 672 699 1238 1603 1152 
2 207 1481 
2 216 654 
2 323 1639 
2 331 164 
2 377 1835 
2 390 1475 
2 408 362 
2 435 983 
2 474 1744 
2 533 701 
2 547 715 
2 602 1115 
2 613 102 
2 640 1099 
2 670 1134 
2 678 1094 
2 692 1653 
2 724 601 
2 757 1143 
148 768 1113 1432 1222 1986 1163 1361 283 83 1244 1728 652 1714 1369 1114 1810 1116 355 53 1610 1741 528 873 1596 1880 1935 1301 1374 722 1030 822 1971 152 1954 209 749 125 719 1570 1694 1218 84 1646 1648 1448 1850 179 708 105 1758 56 637 960 579 990 1335 573 1977 709 1011 1483 1823 1898 1951 1828 523 1289 1742 605 829 51 428 1763 988 1574 948 567 229 165 171 877 1207 379 1221 1943 569 583 1397 145 1085 1378 1230 1060 645 696 1120 606 366 599 976 1151 424 653 642 1567 290 106 1117 1319 67 397 762 1047 1327 127 524 1982 1287 276 854 1997 788 321 126 674 1012 638 7 1942 641 1020 860 716 1906 880 1910 1770 925 1821 509 564 172 247 697 277 243 1794 949 
8 787 971 1062 958 268 1853 669 250 
2 816 177 
3 856 1426 1436 
2 952 93 
2 968 1550 
2 1002 1561 
2 1024 1707 
2 1057 680 
2 1063 937 
2 1074 316 
2 1178 1273 
2 1203 594 
2 1216 1281 
2 1256 1223 
2 1284 917 
2 1302 1536 
2 1307 1237 
29 1315 494 703 386 555 517 485 777 34 698 1514 1291 597 580 1517 1713 707 1508 1926 1195 392 1842 711 676 844 1461 1808 1398 1661 
2 1331 511 
2 1332 677 
29 1403 748 1360 1506 58 943 799 690 468 218 1702 206 1073 349 783 147 1260 1732 775 1620 193 1318 471 1027 476 370 319 682 1913 
144 1492 17 600 372 1908 117 1162 1576 198 853 656 750 443 668 1917 1745 1097 333 1359 1613 1410 1328 191 303 1329 1254 437 137 1819 429 1071 1145 1383 661 2000 1801 1139 827 190 756 1065 1677 389 871 1831 864 1575 942 1729 1311 763 868 1588 1756 88 969 4 1896 478 116 1463 1146 793 809 591 859 461 353 1932 445 434 1587 575 780 1309 356 817 1076 236 1153 1749 945 921 1278 217 1102 631 41 940 760 347 1170 260 1715 1543 1507 932 967 393 839 1673 1733 40 1214 20 1078 847 966 289 1980 1664 1277 296 993 1665 1266 527 456 1717 1704 1300 1693 499 95 1381 1684 544 1490 187 550 1362 502 251 1462 59 227 220 1438 1577 1915 1219 123 1000 1123 
2 1496 1272 
2 1498 1384 
3 1531 1118 35 
2 1533 1604 
185 1541 1250 898 915 1130 1832 1413 1368 1979 367 480 891 107 50 15 662 1340 902 1206 1229 1931 1752 1339 862 178 633 1225 587 113 545 1890 911 195 1444 1947 1061 1431 1457 973 778 624 76 1809 298 1112 332 1629 571 46 1938 398 204 710 895 345 1443 1098 24 852 1439 1708 1164 467 484 1787 928 1213 1619 1450 1051 1605 143 734 536 158 659 1555 1393 156 789 1288 282 313 1727 953 754 1049 879 1068 1903 1501 1459 1041 376 1827 1294 1447 1921 813 258 874 704 1861 1780 615 405 441 482 1175 1182 1865 1334 897 69 1799 1058 705 464 761 986 391 1033 712 1136 6 1105 444 182 1608 1609 791 354 57 979 1948 1064 962 1185 1523 1313 407 996 1781 1349 1161 325 907 1031 1451 1468 92 1197 1486 744 1392 235 728 344 552 249 1649 832 62 1739 883 977 1937 150 1445 142 1882 39 473 1655 1283 1435 558 798 1556 714 1790 233 491 273 1107 
2 1631 394 
2 1635 1676 
3 1666 128 151 
2 1690 869 
2 1691 718 
2 1723 901 
2 1737 360 
2 1747 327 
6 1788 1886 1147 889 1192 1128 
2 1818 1408 
22 1892 99 520 598 1121 802 71 1293 578 1226 1243 906 695 1205 1792 1310 1874 1793 1485 782 1795 1028 
65 1904 1953 1298 375 1480 747 1324 176 1778 1622 1083 665 463 1232 539 181 1344 1924 1008 1683 1343 989 1181 1269 820 1056 421 255 743 436 266 872 1970 1275 245 1594 1803 838 1636 1651 361 267 1464 492 887 1731 294 1721 1518 541 1679 742 681 365 914 1851 1245 885 1282 1375 1662 1373 1106 929 1950 
61 1918 1187 1268 603 79 751 489 1478 1069 148 1174 2 537 1240 805 964 212 1306 882 1764 1337 562 1082 60 841 855 1922 623 1710 1775 1834 609 131 1581 1621 771 1513 1637 546 1247 1345 351 548 1669 1826 402 1789 1765 1960 173 326 818 1280 1357 318 1580 611 1103 477 629 1599 
2 1936 124 
2 1946 312 
3 1962 115 1246 
2 1981 1705 
2 1989 337 

