242
274 1 1082 1801 805 291 1108 1926 1331 884 1247 1196 45 238 703 1107 885 1375 1886 1627 1920 331 1691 878 1260 840 1524 209 136 171 57 298 1821 386 920 448 1628 1778 913 1024 816 910 1900 1555 879 1435 1151 1667 807 359 1930 831 348 1670 821 829 1568 581 536 1896 1880 813 1712 163 1764 1814 492 37 454 795 1669 1195 767 873 935 8 1127 1407 251 1996 250 556 221 733 1735 521 392 912 1656 734 1386 681 1981 525 1250 1095 100 1074 889 1856 53 931 567 1573 143 153 1836 535 766 189 69 333 633 1835 1701 155 696 364 1433 1288 670 579 458 169 1800 1927 1837 508 547 1995 129 1604 613 270 117 788 174 1791 1559 697 16 10 1476 1120 1964 515 114 809 1279 125 408 792 1223 327 656 1826 1357 1182 470 1345 439 993 1608 506 645 917 217 872 1955 1408 1388 1420 196 1401 1295 1316 1529 1802 484 1658 102 1681 1033 430 632 1311 1411 255 370 126 152 874 1314 314 773 21 1666 678 1193 1539 1235 1274 826 339 1945 737 1185 630 906 342 1773 452 47 456 512 455 908 979 951 1597 1207 587 603 1641 23 1522 1617 178 1649 927 394 1525 741 1965 762 785 1305 1871 955 1620 722 1348 870 666 419 198 124 1216 318 1696 1665 1727 702 1290 841 1940 1784 605 105 304 1767 1204 130 718 426 541 751 1052 1242 1482 585 565 1777 1974 1811 
3 6 1458 1838 
2 7 1503 
3 26 1565 1706 
2 32 232 
2 36 1616 
2 75 1891 
2 78 1423 
2 81 1402 
2 93 1653 
4 107 1571 1520 1190 
3 121 162 222 
2 138 228 
3 140 1189 1022 
4 150 1514 738 634 
3 164 1615 288 
3 175 1895 936 
2 187 277 
3 197 1051 959 
3 210 1535 311 
2 214 1157 
2 219 1914 
3 242 902 626 
3 253 1282 995 
2 256 1227 
3 259 629 637 
3 263 1176 1662 
3 290 229 1346 
2 301 511 
2 309 962 
3 313 1668 1226 
2 321 1063 
3 322 1781 312 
4 330 307 1947 264 
2 336 297 
2 341 970 
2 343 1787 
3 346 1737 1754 
2 349 529 
2 365 1972 
2 367 1572 
3 369 380 1807 
2 375 1381 
2 377 1371 
5 387 854 1614 213 1312 
2 390 1817 
4 393 1917 1131 1457 
3 403 428 504 
2 417 857 
2 421 716 
3 436 1093 25 
2 440 1898 
2 447 1757 
3 449 1416 1452 
2 459 77 
2 466 1758 
4 469 1083 326 776 
3 473 649 1912 
3 489 1113 1473 
2 495 820 
2 500 510 
2 538 267 
2 572 79 
2 584 1470 
2 589 404 
2 590 1391 
2 592 127 
2 620 1159 
3 622 1538 1731 
2 627 643 
3 628 292 161 
4 642 266 1477 1365 
3 657 1750 316 
2 662 1769 
3 671 468 746 
3 673 240 361 
37 676 410 1532 391 1683 522 684 1722 1449 1035 1594 1454 1199 1531 907 1054 1786 1861 1642 966 218 1564 1088 677 546 1708 877 880 798 770 1728 595 76 760 1046 1434 505 
3 688 1426 497 
3 709 968 1626 
2 713 482 
3 721 1602 1370 
4 723 1337 11 1589 
127 726 1428 1006 945 540 1613 355 1601 1736 1774 745 1923 499 1322 1533 68 1991 1016 1253 1874 1229 1711 1352 708 675 1954 596 1629 1743 170 1343 1951 530 224 593 1495 1502 1979 1465 1622 1280 60 1273 1966 1368 1884 1937 1575 916 103 1676 1721 328 1147 278 1561 1174 230 1471 89 1803 1841 918 315 561 1899 485 866 206 1747 1300 123 961 882 1313 771 1490 1043 1277 756 1154 1710 215 943 981 532 614 1243 360 1562 983 698 1320 1586 1816 1382 513 1493 51 1638 519 1726 668 1150 1582 1882 772 1585 1686 782 1755 646 156 180 1049 1588 1685 1292 1498 576 46 269 725 72 682 1101 754 
2 732 1219 
4 735 1921 844 1187 
2 747 1026 
5 757 1424 1105 184 1808 
2 761 1591 
2 764 1976 
2 774 181 
3 789 1857 64 
2 794 420 
2 796 921 
2 811 208 
2 812 1687 
2 815 1894 
3 819 479 720 
4 823 1771 1592 1909 
2 825 135 
2 827 867 
3 833 431 769 
2 849 1999 
3 852 1110 1005 
3 856 551 1827 
2 861 1978 
2 871 142 
2 881 1098 
3 886 520 1859 
2 887 99 
2 888 43 
3 890 19 1468 
2 895 18 
2 898 1334 
2 914 1178 
3 938 946 1864 
4 941 1012 244 1567 
2 971 203 
2 982 248 
4 987 835 552 1390 
2 996 400 
2 1003 80 
2 1007 389 
4 1008 1109 1194 1840 
4 1010 1988 52 30 
4 1013 759 810 928 
3 1042 1294 320 
2 1048 904 
2 1053 1682 
160 1057 324 1916 284 464 204 443 1047 836 1483 1633 1087 714 1599 848 273 560 1034 1867 293 285 1719 1922 86 1695 283 925 27 1551 851 915 441 731 1152 1122 1792 1459 954 779 1297 744 1977 1327 937 151 1506 1143 652 83 1444 1432 289 1958 1372 578 683 1850 1499 1038 1606 1655 967 1646 548 1160 922 201 923 990 1310 828 588 736 853 491 1489 701 486 1137 1542 96 70 944 892 989 279 300 1058 1509 1399 325 445 340 1484 1360 1275 1025 442 112 94 200 1873 1358 1211 543 1635 964 784 1077 1793 787 1753 476 1474 544 1475 193 1688 1221 1415 1703 295 191 1259 1556 768 407 1919 438 233 15 1419 1129 1156 1883 1611 655 1570 116 494 1125 1975 186 1436 433 793 977 1985 775 855 1942 1115 1251 1929 1913 35 1387 50 1266 1086 
2 1076 1377 
3 1078 488 323 
3 1079 1862 212 
2 1081 1244 
2 1085 1675 
2 1092 1112 
3 1104 599 842 
2 1114 147 
2 1116 1512 
2 1124 1623 
2 1134 149 
2 1139 1044 
2 1141 1948 
2 1145 1283 
2 1146 1385 
2 1158 679 
2 1161 211 
2 1162 1843 
2 1163 781 
3 1164 1946 586 
2 1165 710 
2 1171 1117 
3 1179 1745 1466 
2 1184 948 
2 1200 1872 
2 1205 67 
2 1208 1181 
2 1209 727 
3 1231 1183 412 
2 1246 557 
14 1248 894 1593 453 82 641 1021 1888 1970 303 1854 1526 663 1425 
3 1249 350 1944 
3 1255 503 1847 
3 1269 302 1072 
4 1271 883 226 498 
2 1276 847 
2 1289 749 
2 1302 1245 
2 1303 1446 
3 1308 84 1521 
3 1309 205 1809 
3 1325 1222 1497 
3 1332 865 1258 
2 1333 1293 
2 1336 188 
3 1339 1480 172 
2 1361 674 
2 1363 1153 
3 1373 1918 817 
3 1374 1015 1061 
36 1405 1201 1014 707 1448 472 742 207 258 194 335 1263 1173 405 705 1596 1600 1788 368 1984 1863 1959 1089 1406 1903 598 352 700 185 9 1794 1870 195 1723 1230 1759 
3 1414 481 1028 
2 1422 1071 
3 1430 1318 1447 
2 1438 1987 
3 1440 1729 1619 
2 1445 814 
2 1451 526 
2 1460 168 
2 1463 719 
2 1464 539 
43 1467 471 1317 1212 694 1393 680 758 378 450 1102 1714 1496 974 296 1834 1523 947 173 1011 1431 570 1270 413 119 1580 897 1574 692 963 1879 1080 144 909 1544 524 1186 1329 739 299 177 308 1732 
2 1487 1439 
2 1491 1140 
2 1501 1672 
2 1528 29 
2 1537 837 
2 1541 1395 
2 1549 444 
2 1569 1924 
2 1587 137 
2 1612 1096 
2 1618 24 
2 1621 192 
2 1625 531 
2 1636 461 
3 1648 597 317 
2 1659 1237 
2 1663 790 
46 1697 1485 1037 801 1905 1306 88 1321 13 1421 973 960 1166 875 358 56 580 601 1550 345 564 1121 559 558 609 1536 236 669 1716 553 179 1890 1252 1167 262 777 92 667 1680 1603 1734 90 42 924 1284 220 
2 1733 1236 
3 1739 1103 1192 
4 1756 1335 1790 1664 
2 1761 1530 
3 1765 1519 305 
2 1772 1353 
2 1776 44 
2 1780 940 
2 1782 743 
3 1806 1934 1893 
4 1819 1998 1100 1724 
2 1822 451 
4 1823 388 134 55 
3 1829 120 1702 
3 1831 549 1210 
3 1844 1770 1324 
2 1849 241 
2 1855 1396 
3 1875 1000 1704 
2 1878 434 
2 1887 1217 
2 1902 999 
2 1904 555 
84 1910 1023 101 1698 1805 1472 1268 1869 542 824 1018 1953 294 374 462 1241 893 28 1952 148 104 724 397 1845 74 1982 1170 1198 59 33 1694 1720 602 765 528 1202 1906 363 1299 1813 992 422 166 1650 1111 704 583 496 843 159 1527 1657 834 1709 1261 49 1554 573 919 1938 869 1494 425 949 1427 467 409 986 562 190 806 780 1177 1560 1291 1679 48 1939 876 1389 501 1384 1344 1949 
4 1911 1224 1660 1968 
2 1925 396 
2 1935 569 
2 1943 276 
2 1960 158 
2 1961 108 
3 1989 903 1513 
2 1990 1915 
2 1993 699 

