426
52 1 1630 1220 712 887 1228 967 190 1097 537 1241 380 1627 1862 94 453 1283 375 1056 1798 296 146 951 1959 1362 1214 805 472 1187 891 1726 976 1463 481 764 1993 172 1898 1387 371 176 1643 959 431 466 1058 1584 1413 1662 1150 1914 1833 
3 10 910 1785 
5 11 753 148 1931 60 
4 14 201 1805 228 
2 24 198 
2 25 1090 
5 27 1779 513 687 216 
2 29 685 
2 31 1595 
4 39 724 1061 1495 
3 43 565 881 
3 50 149 292 
2 55 161 
3 63 1176 1594 
2 72 1014 
2 73 1217 
2 78 824 
2 86 174 
2 92 558 
2 98 1397 
2 103 1652 
2 104 616 
2 112 314 
3 114 1372 100 
3 129 28 1624 
6 134 888 1855 1406 70 900 
2 135 1386 
2 136 1371 
6 137 966 1258 1359 9 376 
6 139 677 747 1588 386 1407 
2 141 387 
3 147 666 1927 
4 155 1937 796 1963 
2 160 210 
8 164 1859 1398 348 1586 1871 1577 1851 
4 166 1145 617 670 
3 173 1718 1539 
2 189 233 
8 199 927 1866 19 607 347 827 1374 
4 206 703 303 318 
2 212 625 
2 221 683 
2 245 1208 
2 248 1366 
3 257 1126 457 
20 259 1680 1128 1603 1530 838 1308 1727 1245 1936 1227 1638 1928 476 4 936 238 1681 546 1081 
3 269 788 1551 
6 270 668 91 264 1668 1175 
3 271 1998 930 
5 298 845 1744 614 62 
4 301 872 286 467 
2 320 178 
2 321 1575 
4 322 568 1897 1549 
2 335 609 
2 338 1042 
2 339 1269 
3 341 1167 1416 
2 343 954 
2 355 1062 
3 358 471 678 
4 362 1096 1755 1875 
2 366 1673 
2 372 97 
3 374 1546 484 
2 378 116 
3 385 133 344 
2 389 410 
42 391 1649 20 1099 459 1964 197 145 1060 144 1037 1935 550 896 732 440 950 32 522 398 1837 65 1108 1267 1599 989 691 354 1843 608 478 340 1523 1518 185 1713 1592 1641 1333 458 1272 1410 
2 396 1617 
2 400 138 
4 402 95 1600 906 
5 404 868 1676 483 1301 
4 411 1317 1945 1642 
3 419 1593 894 
3 423 1313 213 
2 438 1982 
2 441 285 
2 443 812 
3 445 618 1558 
2 454 1033 
3 470 16 80 
4 479 253 151 718 
2 480 110 
2 482 1502 
3 489 1211 524 
3 492 299 1084 
7 498 1743 1568 1860 234 1764 1850 
3 505 420 1229 
2 506 1221 
3 511 924 1430 
4 512 353 1318 621 
2 516 975 
4 521 102 211 390 
2 523 799 
2 525 408 
3 527 1256 886 
3 533 1995 1494 
3 536 612 1501 
2 542 785 
5 549 1349 539 544 1506 
9 552 702 64 1189 1887 650 1053 1135 648 
2 553 1705 
4 554 1024 251 1940 
3 560 379 970 
3 561 462 51 
3 569 200 1335 
3 576 442 87 
4 586 1278 1528 826 
3 589 563 1651 
3 594 530 1710 
2 597 122 
13 604 1080 567 774 1965 244 1742 760 534 79 181 880 1838 
3 606 180 1684 
2 615 971 
3 623 1173 1184 
4 629 757 818 1261 
2 630 249 
4 635 977 247 1912 
4 636 810 8 1306 
3 640 923 1489 
6 641 254 260 720 639 520 
2 656 879 
2 658 77 
3 660 706 1361 
4 662 1067 157 377 
2 664 1589 
2 667 111 
2 671 1941 
2 672 704 
3 673 207 1633 
2 675 1168 
11 679 468 1520 728 582 696 231 345 1611 1953 475 
2 688 1482 
2 690 1553 
3 692 1863 727 
2 694 1572 
2 700 1768 
2 713 1950 
3 725 46 3 
2 730 357 
2 734 1456 
5 735 1534 1900 1622 765 
7 736 605 1222 1319 866 1972 1948 
3 738 194 1074 
5 740 1360 1493 403 1587 
2 744 1316 
3 745 52 117 
13 752 143 929 578 1071 45 23 412 587 493 746 312 1364 
3 754 58 1782 
3 762 613 384 
2 769 422 
2 771 742 
6 777 429 236 1142 850 1224 
3 778 992 994 
2 781 870 
4 784 1535 1452 168 
7 789 1504 42 628 332 822 1608 
2 794 477 
3 795 278 922 
2 798 837 
6 808 1832 1069 974 861 637 
2 820 1322 
2 829 1555 
2 830 1784 
4 832 21 1801 460 
3 834 1055 707 
9 843 603 932 1109 1990 1284 1540 1271 1852 
4 844 68 1719 555 
3 848 123 463 
2 852 1368 
6 858 291 187 726 317 1720 
2 859 267 
4 860 381 1550 579 
2 863 1557 
2 867 1280 
2 869 919 
4 874 1566 1740 1425 
2 884 1453 
2 885 432 
2 899 748 
3 901 449 1007 
2 902 1298 
6 904 1338 1899 226 5 1909 
2 905 1467 
3 911 465 1490 
3 918 1542 1605 
2 920 131 
2 925 1444 
2 938 120 
2 948 1091 
5 952 1363 846 1447 1559 
3 962 1207 330 
6 968 1708 763 1957 716 288 
2 978 556 
3 979 517 1505 
4 984 1646 1839 1780 
2 985 1614 
4 988 1844 1656 451 
4 993 430 791 1068 
4 995 1846 1101 108 
2 998 783 
2 999 1989 
5 1009 437 729 709 1141 
3 1017 54 1958 
2 1022 41 
4 1023 490 399 1193 
2 1025 1874 
3 1028 996 828 
3 1032 1138 262 
2 1034 737 
4 1036 61 1311 1291 
2 1044 1195 
2 1046 1215 
2 1054 895 
4 1063 1678 907 414 
2 1064 130 
3 1070 1823 786 
2 1072 1892 
2 1077 577 
2 1079 575 
6 1086 18 1513 373 749 773 
3 1087 1341 1933 
2 1089 1766 
2 1100 535 
2 1102 293 
2 1104 1116 
2 1107 987 
2 1110 803 
3 1115 1521 47 
4 1117 961 1733 510 
3 1120 1427 1648 
5 1121 242 1487 1845 1524 
2 1122 1095 
2 1124 2 
2 1127 584 
2 1132 304 
4 1133 1351 88 393 
2 1134 1203 
3 1137 1357 1369 
2 1140 175 
3 1144 731 1650 
2 1147 282 
2 1149 825 
7 1151 1160 1483 1828 1671 681 721 
2 1155 1440 
4 1159 1834 1674 241 
2 1161 1552 
6 1162 179 997 697 602 1763 
2 1169 912 
2 1170 214 
3 1172 926 1754 
4 1181 689 1395 495 
4 1183 406 169 1796 
3 1190 1429 1244 
2 1191 973 
2 1196 969 
2 1201 957 
3 1204 1783 1503 
2 1206 1978 
2 1218 939 
2 1219 581 
2 1225 953 
2 1237 1878 
3 1238 1790 101 
2 1243 1434 
5 1248 1075 346 1236 935 
3 1250 1960 1354 
2 1252 1057 
2 1259 1849 
2 1260 956 
4 1262 871 1343 559 
2 1273 229 
2 1275 1403 
3 1277 1902 758 
2 1286 814 
4 1290 960 1985 426 
3 1295 359 415 
2 1307 514 
3 1309 1178 1326 
3 1310 946 1437 
2 1312 1716 
4 1315 360 1469 1883 
2 1321 1567 
7 1328 152 1378 1734 1119 802 1817 
4 1334 833 1836 1831 
4 1336 661 1792 474 
2 1344 1906 
2 1346 1729 
2 1353 1223 
3 1365 1010 263 
2 1367 741 
2 1391 1377 
8 1402 276 1574 170 1986 266 1065 1728 
3 1415 643 770 
3 1419 1454 680 
2 1422 624 
3 1428 1475 1004 
2 1431 1152 
3 1435 599 600 
5 1438 1153 1975 1266 835 
3 1439 59 1901 
4 1443 958 983 128 
4 1445 519 955 507 
5 1449 1125 592 1008 719 
5 1457 1436 1131 132 305 
2 1460 142 
5 1466 409 252 165 631 
2 1474 1388 
2 1476 573 
3 1478 1666 1880 
2 1481 1757 
2 1485 551 
4 1486 417 1973 1073 
3 1492 1384 593 
2 1498 853 
8 1499 1636 717 1623 325 53 710 1949 
2 1500 1925 
2 1507 1987 
2 1508 1246 
2 1512 739 
3 1514 1800 367 
3 1522 790 751 
4 1527 1581 571 1628 
10 1532 191 1856 1093 893 1745 1515 1021 557 676 
5 1538 698 1571 775 273 
2 1541 836 
2 1545 633 
2 1570 1853 
3 1576 813 1491 
9 1578 1154 857 914 1050 1857 230 90 1156 
3 1580 627 1442 
4 1582 156 1809 435 
3 1583 1158 107 
4 1585 1458 928 1747 
4 1601 1626 1239 1765 
2 1606 647 
2 1607 1826 
3 1609 1714 766 
4 1610 1314 1525 1279 
3 1616 239 26 
2 1619 1030 
2 1620 1329 
2 1621 1543 
3 1632 1288 488 
2 1637 701 
2 1639 1983 
7 1640 1076 644 610 1304 1644 1829 
3 1645 456 167 
3 1653 1660 1999 
3 1654 1289 1560 
2 1657 106 
2 1659 1517 
3 1663 1961 1920 
2 1664 965 
4 1665 1683 793 1772 
6 1667 1393 1052 947 1984 223 
2 1670 13 
2 1677 1292 
5 1685 1337 218 439 1531 
2 1686 1462 
2 1687 1382 
2 1688 258 
7 1689 171 1746 425 1655 1324 119 
3 1692 290 1544 
3 1693 1496 1026 
2 1695 1732 
2 1696 1296 
3 1697 1882 622 
2 1700 196 
2 1702 1596 
3 1709 792 222 
4 1723 1715 649 392 
4 1735 1812 1171 1212 
2 1752 684 
3 1760 1405 588 
5 1761 370 1942 1130 1974 
2 1769 162 
2 1770 564 
2 1771 1287 
2 1774 203 
2 1788 1806 
2 1791 949 
2 1813 182 
3 1827 1913 1192 
4 1830 963 585 1908 
4 1835 255 1811 693 
2 1840 1345 
2 1841 811 
2 1847 1285 
3 1858 545 96 
2 1861 1509 
2 1865 1253 
7 1869 327 1282 1612 159 49 1976 
2 1876 287 
4 1877 309 184 1199 
5 1881 755 225 531 1777 
4 1884 909 1305 1991 
2 1885 772 
6 1886 1421 851 892 1910 83 
4 1891 1165 1554 856 
4 1894 1066 1423 1488 
3 1904 6 1432 
15 1907 34 195 1537 1888 1896 1018 526 281 1736 806 418 311 1694 532 
6 1916 1242 1996 1465 17 1113 
2 1918 1510 
5 1921 1473 1753 1404 220 
3 1922 473 89 
5 1929 1739 1738 12 1451 
2 1930 1198 
4 1932 1776 817 1529 
4 1939 388 1579 1385 
3 1943 1804 1281 
2 1944 274 
4 1947 1870 1257 1174 
5 1951 337 1424 972 1749 
2 1952 674 
3 1956 1854 1988 
4 1962 1177 308 33 
2 1966 1748 
3 1967 1019 1348 
3 1971 336 177 
2 1981 1380 
2 1992 1148 
2 1997 1264 
2 2000 469 

