431
35 1 1666 1153 426 1979 761 714 1730 329 1083 1386 1147 1201 577 448 642 1229 1431 1522 944 145 1233 1527 487 1742 794 699 1329 760 1963 1633 1349 224 167 844 
7 8 1533 1115 597 813 501 451 
13 9 719 1519 907 339 91 476 616 1944 321 1757 822 831 
4 15 274 1741 148 
2 16 1161 
2 22 1778 
7 23 662 973 1927 661 1858 1720 
2 30 1210 
3 37 493 1961 
2 43 1030 
2 44 48 
2 47 1760 
6 64 1680 1924 1203 752 312 
3 66 533 1024 
5 69 1173 1575 1403 434 
3 71 866 573 
2 80 237 
3 82 1170 428 
2 90 789 
9 95 621 1172 347 1146 1936 1698 580 678 
3 103 383 1010 
3 105 954 1049 
4 110 542 323 1639 
2 112 102 
2 123 1119 
2 129 836 
3 131 1985 1085 
2 137 1610 
2 149 253 
2 172 1647 
4 179 1780 1531 228 
6 180 1588 887 1352 1358 667 
2 182 606 
3 185 100 269 
6 187 976 775 1240 648 45 
4 189 1622 1037 294 
2 197 1013 
2 198 1063 
3 199 1847 1471 
3 202 139 1882 
2 203 557 
9 206 297 1764 677 485 186 250 1532 1299 
2 225 399 
2 227 745 
9 235 283 1089 1660 1564 507 1816 249 1490 
3 238 710 932 
4 241 164 1152 1496 
5 245 18 778 898 1491 
8 246 750 1888 1655 1589 850 549 156 
2 259 445 
8 263 1870 153 273 1968 397 756 936 
2 275 1425 
3 278 1047 1630 
4 284 983 136 1844 
4 289 929 1156 623 
3 290 181 1571 
3 291 538 1151 
2 299 1903 
4 301 1421 1694 1103 
2 303 1763 
2 306 1592 
2 309 599 
4 314 1704 1551 965 
2 317 1447 
3 318 1614 74 
4 319 63 913 825 
3 320 1406 1398 
4 326 591 855 252 
2 332 1316 
4 337 861 251 1928 
3 352 1812 1930 
2 354 300 
2 357 1621 
7 362 1946 1135 1315 171 1611 1394 
2 368 845 
8 369 1226 1247 1856 1546 28 1572 1649 
2 374 1540 
7 382 1612 1559 441 1825 49 995 
7 388 1972 737 1796 1148 340 439 
2 396 334 
2 402 1413 
2 407 170 
2 409 366 
3 415 1096 72 
3 416 1736 1254 
2 421 5 
6 422 1300 1683 635 978 732 
3 427 885 765 
3 431 1545 1842 
2 433 1957 
3 440 561 1114 
2 442 1377 
4 444 574 769 470 
2 459 25 
2 462 1417 
3 471 1351 510 
4 472 1504 1164 1077 
4 475 108 785 890 
2 486 609 
6 492 1644 455 113 1175 14 
2 494 1330 
7 498 456 1661 499 747 458 1494 
2 505 1501 
5 508 1174 1442 1334 132 
4 511 817 1855 1912 
3 515 1554 594 
3 516 1461 435 
9 522 29 977 1093 404 1134 370 1429 640 
2 523 622 
4 530 210 979 1709 
2 531 1908 
2 539 159 
4 540 1792 1339 1591 
2 548 42 
2 550 231 
2 558 1368 
2 560 1320 
2 562 1232 
3 564 1791 1686 
3 567 463 482 
2 579 783 
2 583 1074 
2 584 1286 
6 587 1626 1697 924 1123 1517 
2 595 860 
3 598 736 1758 
2 607 1143 
4 608 373 1701 1530 
2 612 423 
2 614 1711 
5 618 1814 537 1107 221 
4 619 1371 1643 461 
2 620 1283 
4 627 1144 24 222 
3 629 1863 157 
2 631 214 
2 634 1141 
2 639 1168 
2 646 1560 
2 653 739 
2 655 681 
6 664 1192 425 1675 766 670 
30 669 258 1584 1733 1086 1775 78 128 957 1437 1910 1689 81 790 1537 343 1457 1246 1380 117 585 414 1499 386 590 1340 35 335 959 726 
2 675 243 
2 682 1449 
3 686 994 173 
2 688 32 
4 691 931 593 868 
2 696 888 
2 697 1290 
3 700 644 826 
4 703 1654 1663 392 
5 707 205 970 838 1845 
3 708 286 376 
2 709 1221 
6 713 1685 191 1705 1080 1274 
3 727 1558 1905 
3 730 755 1219 
4 731 1055 911 1072 
4 734 1609 1136 596 
2 742 1739 
3 744 1798 1883 
3 751 1402 1452 
3 754 1408 891 
2 758 234 
4 763 1727 11 1593 
3 764 841 1360 
2 772 1955 
5 773 420 244 1595 1881 
3 776 39 1224 
3 784 568 281 
5 786 1142 1389 1967 257 
5 787 327 645 355 1958 
3 791 1199 195 
3 798 1652 1411 
2 802 478 
2 803 869 
3 810 1808 178 
2 820 1328 
4 832 927 625 1056 
4 835 512 528 114 
2 851 728 
2 857 1015 
3 858 833 242 
4 865 1137 84 864 
3 871 135 1953 
2 878 1601 
3 881 212 1120 
5 883 673 800 127 658 
2 895 438 
2 899 1509 
2 903 147 
6 906 51 819 1914 1171 807 
8 912 450 1751 1407 1487 1896 815 126 
9 915 115 1040 483 1441 367 1820 551 569 
2 916 468 
2 923 1132 
3 934 1949 1786 
5 935 1759 943 1981 262 
4 949 777 443 1149 
3 951 285 1636 
2 952 1548 
2 955 743 
3 958 430 1217 
6 961 1776 92 1392 946 993 
2 963 792 
3 964 88 1382 
5 974 853 896 1734 801 
5 991 378 668 385 1657 
6 997 1374 280 641 209 1418 
7 1000 1714 782 1995 796 908 643 
2 1001 7 
2 1002 480 
2 1007 1489 
3 1014 987 712 
2 1016 1185 
2 1020 1805 
4 1025 1817 984 839 
2 1031 497 
2 1038 1216 
2 1046 1438 
3 1057 672 948 
6 1058 1189 1087 144 1529 6 
2 1064 372 
4 1067 201 630 213 
3 1075 1208 953 
3 1090 1553 821 
2 1092 1094 
2 1099 1436 
4 1108 1818 982 740 
2 1109 1343 
6 1116 852 1236 701 1243 1569 
2 1122 724 
2 1124 921 
5 1131 1866 975 1620 1756 
2 1145 1987 
7 1155 1618 1983 1919 746 1333 1071 
4 1163 1462 371 1789 
2 1176 467 
2 1178 1048 
3 1180 545 437 
2 1182 1193 
2 1191 124 
2 1200 1414 
3 1204 945 968 
2 1206 333 
7 1207 67 344 1884 1682 919 1807 
2 1213 302 
2 1218 1628 
2 1220 380 
2 1230 401 
2 1231 1026 
2 1237 1774 
3 1244 1470 875 
2 1249 503 
2 1250 307 
8 1258 1779 690 134 809 1110 882 1500 
2 1263 1078 
2 1266 1838 
3 1267 879 193 
4 1271 1933 1126 1295 
5 1273 1508 1677 163 848 
3 1275 547 1234 
6 1281 1331 266 255 1699 1761 
2 1287 1082 
9 1292 1879 1521 358 1296 169 41 1479 4 
4 1293 1897 722 1894 
3 1294 1065 1993 
3 1302 1028 351 
2 1303 315 
3 1314 394 1547 
2 1318 1495 
3 1322 556 942 
5 1324 1259 799 27 1578 
2 1335 207 
2 1336 1179 
6 1342 324 1317 2000 920 46 
4 1344 496 652 1113 
2 1353 1130 
2 1355 717 
2 1359 360 
3 1363 685 956 
2 1364 823 
2 1370 1464 
2 1378 1035 
2 1379 1460 
4 1385 477 1022 364 
2 1399 447 
2 1401 1223 
4 1412 880 484 33 
2 1424 1679 
6 1426 1276 1369 1076 405 901 
9 1430 1710 1186 960 808 21 1366 111 13 
4 1434 1915 1194 1873 
4 1435 1045 1935 520 
2 1443 671 
2 1444 969 
2 1448 1690 
2 1454 660 
3 1459 502 454 
2 1467 1887 
3 1469 216 637 
2 1472 1356 
2 1473 654 
2 1480 1582 
11 1482 1365 85 219 1819 68 1106 1404 1341 1790 1853 
2 1483 971 
3 1485 1629 1209 
3 1492 928 1042 
5 1493 1782 589 680 676 
8 1498 489 610 1215 1892 166 1433 141 
3 1502 142 535 
2 1510 1931 
2 1513 1849 
2 1515 1117 
2 1526 449 
6 1528 554 1929 592 154 1543 
2 1538 989 
2 1539 988 
3 1541 1691 1477 
10 1544 1726 1053 972 1637 1309 98 1549 1795 1566 
2 1550 1857 
5 1555 390 338 1133 1111 
2 1556 600 
3 1557 196 293 
2 1567 829 
9 1568 985 1410 1009 1018 53 1938 1297 1794 
4 1580 900 176 1986 
2 1581 474 
2 1585 239 
2 1587 1982 
4 1596 521 38 506 
2 1600 578 
2 1606 1455 
5 1615 130 1662 1261 118 
2 1616 1150 
4 1617 1041 941 687 
2 1619 1901 
2 1623 188 
3 1624 702 1354 
2 1627 933 
2 1631 1005 
2 1632 1332 
3 1635 872 1692 
2 1641 543 
3 1645 1474 753 
4 1653 345 270 1717 
2 1658 1718 
2 1659 718 
4 1664 1251 1921 150 
6 1667 1255 1590 1440 1405 1253 
3 1670 400 395 
2 1671 1391 
3 1678 1446 1574 
2 1687 316 
2 1695 905 
4 1696 527 725 601 
4 1700 377 1891 248 
2 1702 490 
2 1716 1265 
6 1722 940 424 1793 140 1507 
2 1729 342 
6 1731 553 1323 1823 1834 350 
4 1732 1367 215 406 
2 1738 1753 
2 1749 1062 
4 1754 1304 1262 834 
3 1762 34 632 
3 1765 950 1877 
2 1767 119 
3 1769 1648 236 
3 1772 62 656 
3 1787 886 97 
4 1797 230 1202 265 
6 1799 1241 1084 519 194 628 
2 1801 464 
4 1803 1420 788 226 
3 1804 1154 1966 
2 1806 604 
2 1810 1743 
4 1815 1777 1481 120 
8 1821 617 99 827 1312 1091 720 854 
2 1826 1656 
2 1827 563 
2 1828 1747 
3 1829 1308 1707 
5 1833 947 1278 204 541 
2 1835 287 
2 1836 152 
2 1840 1177 
3 1841 453 1017 
2 1843 1939 
5 1852 469 1669 1984 1907 
2 1859 1784 
2 1860 1052 
2 1861 1465 
3 1864 359 1101 
6 1872 1832 1390 1027 36 1165 
2 1874 990 
3 1876 1975 1713 
2 1878 61 
4 1880 1837 1478 1668 
3 1890 1488 1245 
6 1893 1748 1451 1325 1486 1396 
3 1895 353 1081 
3 1898 1524 481 
2 1902 1252 
2 1904 375 
2 1916 552 
2 1917 735 
3 1920 716 143 
2 1922 757 
2 1923 1475 
2 1925 1248 
8 1941 1752 1646 647 101 1376 190 1004 
2 1943 546 
4 1947 1886 1862 1868 
2 1950 1640 
4 1951 271 1098 54 
3 1954 992 75 
3 1956 1395 1069 
3 1959 1811 1586 
2 1971 260 
2 1973 804 
9 1974 233 1900 1383 767 509 460 513 1980 
2 1976 87 
3 1990 184 408 
3 1992 843 967 
2 1994 1419 
2 1997 1978 
2 1998 1003 

