439
57 1 737 1207 752 1348 1884 79 190 65 1298 738 1225 1950 128 1973 1490 1538 1840 1002 137 384 475 486 662 1693 456 1839 472 817 1594 1893 1473 1210 1082 659 549 1026 932 694 50 1376 555 971 1379 1209 89 1273 1765 1261 1080 625 917 1238 244 70 1371 1507 
8 11 815 2000 1305 1014 1671 1899 831 
3 12 376 1609 
2 21 1252 
3 22 885 524 
2 26 87 
3 27 600 642 
3 30 1553 1195 
5 36 210 1736 203 223 
4 47 185 1995 123 
2 49 1787 
3 75 1873 1070 
2 76 1129 
3 77 1062 428 
4 82 972 1986 561 
2 85 731 
2 97 828 
5 103 1760 1959 862 182 
2 104 1446 
3 106 1047 288 
3 110 626 675 
2 111 678 
2 114 729 
2 126 359 
3 132 311 337 
3 134 855 1275 
3 138 1634 1635 
3 140 519 1835 
6 142 1895 656 423 956 966 
4 143 513 1679 207 
2 149 787 
6 150 375 3 880 603 1363 
3 151 1007 1241 
3 152 1460 1389 
2 159 495 
2 170 542 
2 173 1720 
6 175 1243 1425 1429 164 488 
3 184 951 459 
3 186 782 1510 
3 188 609 208 
4 196 1349 1010 1139 
2 197 1325 
4 198 1184 1126 391 
2 205 270 
5 212 1202 1235 227 558 
2 218 238 
5 219 668 1057 483 1006 
3 225 755 6 
3 228 1426 1496 
9 235 597 298 172 764 1542 1707 118 93 
5 237 1293 331 802 417 
2 247 249 
6 248 1361 1619 888 978 774 
2 251 1717 
4 260 1435 1487 913 
3 262 1180 1177 
4 264 1682 1713 62 
16 265 579 15 487 712 1198 38 58 671 937 770 1657 361 986 717 875 
6 266 1915 613 1350 1351 86 
2 278 61 
2 282 871 
6 290 1310 1094 608 1706 861 
4 291 688 160 604 
3 293 1585 1137 
2 297 623 
2 301 71 
3 302 1204 1771 
2 304 690 
2 305 1868 
3 306 1059 253 
2 307 1641 
2 314 222 
2 316 1724 
3 321 1005 1502 
2 324 1984 
4 339 1066 1264 14 
4 341 52 897 322 
4 343 823 709 1947 
3 344 1656 1484 
4 351 107 898 1669 
2 355 494 
2 370 686 
2 372 1637 
2 379 481 
4 380 1424 509 596 
2 390 1650 
2 392 765 
2 394 1774 
2 395 1508 
2 397 1058 
3 398 1347 813 
5 400 64 947 736 669 
2 402 796 
7 403 1938 647 1464 1439 327 889 
2 409 37 
7 425 553 1422 1383 1505 697 1404 
2 426 66 
9 431 801 1997 95 835 1096 870 163 541 
4 432 1191 1810 1935 
4 437 1878 78 1769 
2 445 1122 
2 446 1368 
3 461 1799 1409 
7 464 1636 365 469 413 1091 538 
2 474 169 
5 480 1967 1196 1352 145 
3 482 1443 109 
2 485 181 
2 489 1045 
5 492 499 1042 1276 348 
4 504 655 1233 663 
4 508 174 1566 1118 
2 511 1977 
2 517 122 
3 522 761 836 
3 525 357 1541 
2 532 1269 
5 534 790 131 438 378 
3 543 798 180 
2 547 874 
4 550 1212 860 1780 
4 551 88 505 1811 
2 559 179 
4 565 1761 756 1029 
5 566 313 1452 795 63 
7 567 1929 1224 1647 399 1790 562 
3 568 1053 989 
2 571 436 
3 573 1355 1133 
6 578 1111 1081 564 570 276 
2 585 749 
6 587 102 183 1546 1515 1445 
3 590 1883 299 
2 601 55 
2 612 1165 
3 616 1890 1186 
2 619 41 
4 638 1416 420 1427 
2 640 1001 
5 646 645 593 1829 4 
3 652 1146 527 
2 653 627 
2 654 1855 
2 658 484 
3 667 818 715 
2 680 323 
2 682 25 
3 683 514 825 
7 702 970 1608 1461 1163 1420 74 
5 705 443 1277 848 1279 
2 707 1021 
3 710 1688 1750 
3 713 873 254 
2 724 271 
5 728 368 1039 1616 1197 
2 732 700 
5 733 1926 537 1215 1930 
2 741 1887 
3 742 807 1512 
4 743 476 1667 759 
11 746 1819 279 416 133 1747 716 722 1431 1617 478 
2 750 1168 
3 751 383 1329 
6 754 837 1166 1382 273 68 
5 757 1584 909 1588 308 
5 768 239 1478 1727 294 
2 771 1898 
2 772 643 
3 773 19 1882 
2 777 677 
2 779 548 
3 788 876 635 
2 797 1413 
3 806 760 786 
2 808 20 
2 810 1794 
4 821 1345 955 953 
2 822 1590 
2 834 335 
5 839 1573 211 518 1792 
6 841 1856 685 1965 1989 1518 
3 842 32 1300 
2 845 829 
3 847 838 220 
7 850 1897 617 1462 641 800 1764 
2 856 954 
3 857 277 1796 
2 859 1339 
3 864 515 887 
3 867 1815 1563 
2 872 577 
5 877 1303 1999 1377 660 
2 879 1746 
3 883 1960 580 
2 884 1314 
3 891 404 1434 
3 892 1762 629 
4 899 42 1283 274 
5 900 1881 1056 607 1061 
2 903 928 
2 906 1520 
6 914 1982 1809 1823 366 342 
4 916 846 938 960 
2 924 1115 
7 936 920 1807 1600 849 644 100 
4 940 261 1157 620 
2 945 1852 
8 961 650 1842 1589 40 1281 1525 124 
2 963 1837 
3 967 29 769 
2 973 1954 
2 976 53 
3 985 1253 692 
2 1004 895 
4 1008 890 1803 8 
2 1015 721 
2 1016 234 
2 1018 1673 
2 1022 1648 
3 1031 462 636 
2 1034 557 
3 1050 1359 385 
2 1064 1557 
6 1069 393 1385 943 1153 1739 
4 1071 1046 1159 1024 
2 1072 803 
2 1073 1328 
4 1076 942 1453 1038 
4 1087 783 1170 1680 
4 1093 255 356 1665 
2 1095 1683 
2 1097 881 
3 1105 1846 865 
2 1112 634 
2 1116 820 
2 1119 1658 
2 1121 1801 
6 1128 332 1721 105 1120 412 
2 1134 1405 
2 1138 999 
5 1140 245 993 1456 33 
2 1141 258 
3 1143 1471 1174 
3 1145 1090 1358 
2 1147 975 
3 1150 350 1775 
5 1154 1726 1412 1421 1802 
3 1160 35 1217 
3 1162 1735 781 
3 1164 405 54 
4 1167 979 905 144 
3 1169 1554 202 
2 1176 661 
6 1179 968 292 1406 1494 1870 
5 1181 1032 935 1272 1411 
5 1182 121 1086 286 256 
3 1185 9 826 
2 1194 792 
5 1200 56 1945 1104 283 
2 1213 241 
7 1219 868 447 1614 1958 734 1291 
2 1223 387 
2 1226 1597 
2 1227 236 
3 1230 1044 195 
5 1231 90 624 1676 1054 
5 1234 289 946 330 1867 
3 1254 1756 1630 
2 1257 1847 
2 1262 1661 
2 1263 259 
3 1266 129 1438 
2 1267 1503 
5 1268 1654 1753 320 1728 
8 1282 1218 1832 1844 606 377 744 418 
2 1286 983 
3 1288 1077 457 
3 1306 639 453 
2 1321 1941 
3 1326 1296 319 
3 1327 318 830 
2 1338 1124 
3 1342 334 582 
2 1344 421 
2 1353 1391 
4 1357 1249 526 930 
2 1365 1527 
6 1366 1472 962 1956 1904 1768 
5 1375 1598 1875 300 991 
2 1380 869 
4 1381 695 99 665 
2 1386 1192 
4 1387 1550 1816 535 
3 1388 1003 1402 
4 1390 1313 952 57 
2 1395 1299 
2 1401 340 
4 1410 1469 1178 576 
2 1418 1101 
2 1419 1108 
3 1430 1049 1244 
2 1432 1732 
2 1441 396 
6 1442 349 673 328 454 1052 
2 1449 1731 
3 1450 406 338 
3 1458 1043 470 
2 1475 583 
2 1483 1229 
2 1485 1399 
4 1493 1501 429 957 
3 1495 1144 449 
2 1498 165 
3 1500 1455 162 
2 1509 546 
4 1513 1155 275 1246 
2 1516 703 
2 1523 1548 
2 1526 1849 
2 1528 1692 
2 1535 1415 
3 1536 622 310 
2 1539 1089 
4 1545 878 317 1012 
4 1547 401 1467 1892 
2 1551 1611 
2 1552 1320 
2 1555 1624 
2 1556 844 
2 1559 747 
4 1560 572 651 263 
2 1562 389 
2 1564 1825 
2 1565 1674 
7 1568 1302 371 147 1830 1317 1818 
2 1575 336 
2 1577 1903 
3 1578 1332 177 
2 1581 1318 
6 1583 1403 727 1440 1569 1748 
2 1591 1033 
3 1595 466 168 
2 1599 730 
3 1601 649 1697 
2 1602 153 
2 1605 516 
3 1610 1423 440 
3 1620 994 827 
2 1627 1961 
4 1628 1228 763 34 
2 1638 1322 
4 1639 1027 471 919 
2 1644 1341 
5 1651 154 73 977 13 
2 1652 767 
2 1653 1798 
3 1655 284 1454 
2 1662 493 
4 1666 1778 233 1910 
3 1686 287 1248 
5 1687 201 1744 1216 1817 
2 1689 130 
2 1701 762 
3 1705 345 1574 
6 1714 602 1017 1820 1030 1336 
2 1716 926 
5 1718 630 584 1934 346 
2 1725 805 
6 1734 1533 166 591 1972 59 
2 1737 843 
2 1742 1522 
6 1751 1859 708 701 911 1156 
2 1752 536 
2 1754 1964 
3 1755 503 1295 
4 1758 1814 199 1127 
2 1759 1476 
6 1763 959 193 1696 1463 1943 
2 1767 280 
6 1772 268 1294 1985 1488 610 
3 1773 1132 1587 
3 1776 230 1715 
2 1777 1691 
2 1781 1927 
2 1782 1642 
2 1784 1369 
2 1786 512 
2 1788 1308 
3 1789 1702 789 
2 1791 904 
2 1797 232 
3 1804 463 101 
3 1812 1640 997 
2 1813 858 
2 1828 1993 
6 1833 1988 1398 974 1625 45 
4 1836 60 333 388 
4 1838 720 1712 312 
4 1841 1576 1848 1491 
2 1843 18 
2 1845 1900 
3 1851 931 157 
2 1860 1113 
2 1866 434 
2 1872 758 
3 1874 1023 1805 
2 1880 382 
4 1886 1596 1280 1256 
4 1889 1193 1783 363 
6 1891 1028 1663 544 213 1316 
2 1894 896 
2 1902 1384 
2 1906 1414 
2 1908 1579 
4 1912 799 1125 725 
8 1913 1289 1743 439 923 929 1826 753 
2 1916 1448 
2 1921 1315 
3 1923 1130 1549 
2 1925 1876 
2 1932 161 
2 1936 1270 
2 1939 944 
4 1940 866 1618 352 
3 1944 1567 666 
2 1951 949 
3 1952 1991 285 
2 1968 72 
3 1969 410 1853 
3 1970 1700 1631 
5 1975 1037 696 592 1343 
2 1976 204 
4 1979 1672 1459 1259 
2 1981 1861 
4 1987 1000 1962 1265 
4 1992 1719 374 473 
2 1994 992 
5 1998 575 533 552 1152 

