489
19 1 1123 2 1273 4 1509 9 1761 18 1638 37 1082 75 1203 151 1148 303 1329 607 
15 6 1688 13 1633 27 1846 55 1431 111 1128 223 1470 447 1078 895 
13 15 1255 30 1197 61 1941 123 1906 247 1121 495 1767 991 
5 138 1923 277 1821 555 
5 203 1735 407 1160 815 
5 219 1406 439 1106 879 
5 226 1494 453 1345 907 
5 231 1583 463 1435 927 
5 251 1184 503 1029 1007 
5 254 1418 509 1785 1019 
3 271 1389 543 
3 321 1185 643 
3 336 1656 673 
3 370 1822 741 
3 374 1940 749 
3 382 1995 765 
3 411 1663 823 
3 426 1541 853 
3 482 1643 965 
8 1026 99 1437 199 1522 399 1209 799 
2 1027 808 
2 1031 1014 
4 1033 364 1591 729 
4 1034 420 1370 841 
4 1035 368 1626 737 
2 1036 580 
2 1038 832 
10 1039 48 1306 97 1545 195 1534 390 1186 781 
4 1040 469 1254 938 
2 1045 844 
4 1047 404 1279 809 
2 1048 796 
6 1049 214 1951 429 1413 859 
2 1052 642 
2 1054 542 
2 1056 740 
4 1057 416 1416 833 
4 1059 396 1904 793 
10 1063 36 1834 72 1957 145 1024 291 1105 583 
2 1064 716 
10 1065 40 1394 81 1062 163 1884 327 1251 655 
2 1066 534 
8 1067 71 1169 142 1636 285 1373 571 
2 1068 746 
2 1071 766 
2 1073 544 
6 1074 209 1079 419 1238 839 
4 1075 500 1666 1001 
2 1076 672 
2 1077 914 
4 1081 428 1634 857 
2 1083 886 
2 1085 822 
4 1087 342 1644 685 
8 1089 120 1955 240 1146 481 1139 963 
8 1091 80 1977 161 1410 323 1911 647 
2 1092 650 
2 1093 944 
2 1094 970 
2 1098 690 
2 1100 1008 
2 1102 830 
4 1104 294 1302 589 
2 1107 644 
4 1108 304 1694 609 
4 1109 262 1499 525 
2 1110 960 
6 1111 150 1274 301 1175 603 
4 1113 330 1379 661 
2 1116 530 
2 1117 758 
2 1119 952 
4 1120 290 1224 581 
4 1124 436 1398 873 
2 1125 896 
2 1126 818 
2 1129 780 
2 1132 804 
11 1137 21 43 1763 87 1058 175 1333 351 1391 703 
2 1140 922 
6 1143 140 1097 281 1552 563 
2 1147 868 
2 1150 524 
10 1152 54 1338 108 1804 217 1675 435 1491 871 
6 1153 252 1933 505 1642 1011 
4 1154 300 1918 601 
4 1156 472 1608 945 
2 1157 550 
4 1158 280 1979 561 
2 1162 902 
6 1163 241 1567 483 1248 967 
8 1165 115 1870 230 1032 461 1369 923 
6 1170 198 1030 397 1037 795 
2 1172 790 
8 1173 110 1959 221 1760 443 1086 887 
4 1174 308 1733 617 
2 1177 800 
2 1178 528 
4 1180 440 1521 881 
2 1181 990 
2 1182 820 
2 1187 874 
4 1188 346 1744 693 
2 1191 684 
6 1192 238 1659 477 1467 955 
10 1196 39 1801 79 1974 159 1399 319 1351 639 
2 1198 560 
2 1199 738 
4 1200 434 1044 869 
4 1201 324 1281 649 
2 1205 876 
2 1207 760 
4 1210 354 1669 709 
2 1211 910 
2 1213 920 
2 1218 662 
6 1220 154 1061 309 1819 619 
6 1221 234 1914 468 1867 937 
6 1225 156 1869 313 1363 627 
4 1226 400 1674 801 
2 1229 704 
6 1232 213 1609 427 1445 855 
4 1233 389 1537 779 
4 1240 378 1069 757 
8 1242 127 1122 255 1549 511 1444 1023 
4 1243 398 1903 797 
2 1245 994 
2 1246 852 
4 1247 344 1151 689 
2 1249 950 
2 1250 610 
4 1252 312 1141 625 
2 1253 676 
2 1256 858 
4 1257 452 1817 905 
2 1262 554 
10 1263 46 1866 93 1463 186 1286 373 1689 747 
4 1269 490 1325 981 
4 1270 298 1999 597 
6 1271 206 1621 413 1661 827 
2 1272 936 
2 1275 698 
2 1276 600 
2 1277 892 
16 1282 5 1480 11 1450 22 1526 45 1617 91 1740 183 1080 367 1641 735 
2 1283 964 
2 1287 692 
2 1288 734 
6 1291 200 1449 401 1025 803 
4 1292 380 1993 761 
8 1293 118 1696 237 1566 475 1724 951 
5 1294 191 383 1988 767 
6 1296 242 1179 485 1902 971 
2 1298 718 
4 1299 496 1222 993 
6 1301 244 1055 489 1237 979 
2 1305 762 
2 1308 546 
6 1309 181 1910 363 1244 727 
2 1311 604 
6 1312 130 1865 261 1303 523 
2 1313 1004 
2 1314 514 
10 1316 33 1228 66 1703 133 1380 267 1562 535 
4 1318 358 1138 717 
4 1320 293 1171 586 
2 1321 880 
12 1323 28 1934 56 1164 112 1890 225 1719 451 1507 903 
2 1324 1010 
2 1326 750 
2 1327 664 
8 1328 117 1607 235 1691 471 1848 943 
2 1330 634 
10 1331 44 1574 88 1792 177 1612 355 1144 711 
2 1332 784 
6 1334 220 1650 441 1532 883 
4 1336 256 1947 513 
2 1339 688 
4 1340 278 1041 557 
4 1343 352 1894 705 
2 1346 552 
4 1347 328 1950 657 
4 1350 466 1876 933 
4 1352 432 1649 865 
4 1355 484 1134 969 
2 1356 720 
4 1357 450 1631 901 
2 1361 590 
2 1362 866 
2 1364 538 
2 1365 826 
2 1366 904 
4 1367 486 1204 973 
6 1371 143 1901 287 1611 575 
18 1372 3 1142 7 1264 14 1722 29 1190 59 1758 119 1985 239 1794 479 1453 959 
8 1376 125 1926 250 1996 501 1422 1003 
4 1378 412 1972 825 
6 1381 144 1231 289 1830 579 
2 1382 998 
2 1383 602 
2 1385 986 
2 1386 962 
2 1387 668 
2 1390 584 
2 1392 618 
8 1393 104 1527 208 1227 417 1582 835 
2 1396 748 
4 1397 430 1448 861 
6 1400 135 1344 270 1459 541 
2 1403 562 
2 1404 520 
8 1407 101 1405 202 1215 405 1176 811 
2 1409 802 
4 1411 276 1484 553 
4 1412 288 1512 577 
4 1414 384 1823 769 
2 1424 860 
2 1428 854 
2 1430 786 
12 1432 17 1784 34 1908 68 1510 137 1112 275 1655 551 
8 1434 95 1525 190 1768 381 1780 763 
6 1436 232 1766 465 1307 931 
4 1439 392 1799 785 
2 1440 814 
8 1442 122 1886 245 1115 491 1419 983 
2 1446 658 
2 1447 934 
6 1451 158 1596 317 1916 635 
2 1454 908 
2 1455 564 
12 1456 31 1802 62 1739 124 1899 249 1530 499 1646 999 
10 1457 35 1981 70 1585 141 1401 283 1464 567 
6 1460 236 1678 473 1130 947 
2 1461 930 
4 1465 446 1060 893 
2 1466 606 
4 1468 314 1384 629 
10 1469 58 1971 116 1831 233 1193 467 1765 935 
2 1471 974 
4 1472 508 1874 1017 
8 1473 67 1118 134 1223 269 1787 539 
2 1475 884 
4 1476 268 1992 537 
9 1477 57 114 1619 229 1672 459 1849 919 
2 1478 932 
2 1481 940 
4 1483 318 1285 637 
12 1486 26 1791 53 1965 107 1492 215 1588 431 1990 863 
4 1489 474 1795 949 
2 1490 640 
2 1495 834 
4 1496 306 1319 613 
4 1497 341 1533 683 
6 1500 222 1284 445 1708 891 
4 1502 454 1095 909 
4 1504 302 1651 605 
2 1505 532 
4 1506 502 1749 1005 
4 1511 264 1640 529 
8 1514 90 1528 180 1429 361 1843 723 
4 1516 332 1426 665 
4 1517 258 1730 517 
7 1518 78 157 1072 315 1423 631 
2 1519 918 
4 1523 444 1265 889 
2 1524 900 
4 1529 438 1438 877 
6 1535 197 1859 395 1028 791 
4 1536 356 1671 713 
8 1538 92 1547 184 1261 369 1216 739 
2 1542 512 
8 1543 64 1212 129 1127 259 1217 519 
6 1544 136 1042 273 1949 547 
4 1546 286 1553 572 
2 1548 872 
2 1554 996 
2 1556 1000 
2 1558 1002 
4 1561 456 1230 913 
2 1568 686 
6 1569 248 1474 497 1637 995 
6 1570 172 1600 345 1359 691 
8 1571 74 1155 149 1260 299 1905 599 
4 1572 414 1892 829 
2 1573 980 
2 1575 646 
2 1576 926 
2 1577 946 
4 1578 510 1924 1021 
2 1579 966 
2 1580 1020 
14 1584 8 1623 16 1836 32 1515 65 1978 131 1639 263 1354 527 
6 1586 192 1513 385 1676 771 
2 1589 816 
2 1590 742 
8 1593 89 1601 179 1488 359 1654 719 
2 1594 942 
6 1595 185 1555 371 1214 743 
10 1598 63 1875 126 1856 253 1587 507 1986 1015 
4 1599 260 1194 521 
2 1602 636 
6 1603 187 1968 375 1479 751 
6 1604 176 1559 353 1433 707 
4 1605 376 1202 753 
6 1606 228 1520 457 1668 915 
2 1610 1012 
2 1613 982 
2 1615 928 
8 1616 84 1335 169 1747 339 1913 679 
8 1618 102 1851 204 1958 409 1550 819 
2 1620 730 
2 1622 1022 
8 1624 109 1043 218 1732 437 1408 875 
6 1625 146 1161 292 1487 585 
14 1628 10 1858 20 1278 41 1922 83 1425 167 1421 335 1297 671 
6 1629 224 1183 449 1099 899 
4 1630 350 1976 701 
6 1635 164 1402 329 1258 659 
2 1645 726 
4 1652 272 1235 545 
4 1653 366 1167 733 
2 1657 850 
6 1658 205 1114 410 1295 821 
6 1660 210 1557 421 1632 843 
2 1664 612 
2 1665 984 
2 1670 954 
2 1673 598 
4 1677 386 1648 772 
2 1679 708 
4 1680 326 1341 653 
4 1681 296 1168 593 
4 1682 448 1948 897 
4 1683 282 1236 565 
2 1684 722 
12 1685 24 1809 49 1268 98 1811 196 1452 393 1508 787 
2 1686 882 
4 1687 322 1498 645 
2 1690 736 
2 1692 638 
4 1693 422 1702 845 
6 1698 216 1266 433 1741 867 
2 1699 540 
6 1700 162 1395 325 1565 651 
6 1701 152 1051 305 1441 611 
2 1704 548 
2 1705 666 
2 1706 744 
2 1707 1018 
6 1711 178 1935 357 1909 715 
4 1713 478 1695 957 
2 1714 660 
2 1715 576 
2 1716 566 
2 1717 992 
4 1718 338 1790 677 
4 1720 362 1088 725 
2 1721 956 
2 1723 848 
6 1725 168 1879 337 1734 674 
12 1726 23 1458 47 1832 94 1070 189 1427 379 1776 759 
8 1727 106 1755 212 1614 425 1844 851 
4 1728 310 1872 621 
2 1729 888 
2 1731 632 
2 1736 702 
2 1737 978 
2 1738 890 
2 1742 774 
4 1743 504 1956 1009 
2 1745 648 
4 1746 492 1501 985 
2 1748 972 
6 1750 182 1709 365 1101 731 
4 1752 348 1443 697 
2 1753 764 
2 1754 752 
4 1756 462 1420 924 
2 1757 754 
6 1759 132 1564 265 1206 531 
2 1762 988 
12 1764 19 1267 38 1415 76 1349 153 1304 307 1627 615 
2 1770 912 
2 1771 846 
6 1772 148 1053 297 1317 595 
6 1773 174 1975 349 1315 699 
4 1775 394 1280 789 
4 1777 408 1377 817 
2 1778 608 
8 1779 82 1241 165 1133 331 1662 663 
2 1782 948 
2 1783 1006 
2 1786 694 
2 1788 536 
6 1789 160 1769 320 1837 641 
6 1793 246 1259 493 1375 987 
4 1796 460 1827 921 
8 1797 86 1090 173 1994 347 1149 695 
4 1798 488 1145 976 
2 1800 810 
2 1803 680 
2 1805 756 
8 1806 113 1166 227 1812 455 1937 911 
2 1807 878 
2 1808 728 
10 1810 60 1983 121 1503 243 1710 487 1342 975 
2 1813 862 
2 1814 700 
2 1815 806 
2 1816 558 
2 1818 592 
2 1820 596 
4 1824 316 1781 633 
2 1825 732 
2 1826 842 
2 1828 710 
2 1829 898 
2 1833 828 
2 1835 856 
2 1838 776 
4 1839 464 1954 929 
2 1840 578 
2 1841 620 
14 1842 12 1159 25 1540 51 1084 103 1932 207 1493 415 1712 831 
8 1845 77 1592 155 1939 311 1853 623 
2 1847 706 
2 1852 678 
2 1854 522 
2 1855 916 
2 1860 582 
6 1861 166 1353 333 1563 667 
2 1862 864 
2 1863 958 
2 1864 626 
4 1868 334 1597 669 
8 1871 73 1560 147 1368 295 2000 591 
10 1873 42 1358 85 1581 171 1290 343 1131 687 
2 1877 518 
4 1878 494 1348 989 
2 1880 670 
4 1881 498 1374 997 
4 1882 480 1482 961 
10 1883 50 1046 100 1096 201 1697 403 1337 807 
2 1885 556 
2 1888 840 
4 1889 284 1774 568 
6 1891 170 1136 340 1103 681 
8 1893 96 1647 193 1667 387 1195 775 
6 1895 194 1850 388 1485 777 
4 1896 424 1751 849 
4 1897 360 1050 721 
4 1898 458 1551 917 
4 1900 402 1310 805 
4 1907 470 1360 941 
4 1912 476 1462 953 
4 1917 266 1857 533 
6 1919 188 1289 377 1239 755 
4 1920 406 1915 813 
2 1921 894 
2 1925 838 
2 1927 570 
4 1928 418 1219 836 
10 1929 52 1189 105 1887 211 1135 423 1952 847 
2 1930 516 
2 1936 870 
2 1938 770 
6 1942 128 1388 257 1322 515 
4 1943 506 1539 1013 
2 1944 798 
4 1945 274 1531 549 
2 1946 614 
2 1953 526 
8 1960 69 1931 139 1234 279 1208 559 
2 1961 630 
2 1962 628 
2 1963 824 
2 1964 968 
4 1966 391 1300 782 
2 1967 652 
2 1969 812 
4 1970 442 1984 885 
2 1973 588 
2 1980 696 
2 1982 906 
2 1987 622 
2 1989 654 
2 1991 594 
4 1997 372 1417 745 
2 1998 714 

