491
19 1 1516 3 1657 7 1575 15 1867 30 1343 61 1698 123 1306 247 1287 495 1817 991 
7 70 1584 141 1770 283 1564 567 
7 82 1746 165 1480 331 1146 663 
7 108 1956 216 1199 433 1523 867 
5 135 1638 270 1973 541 
5 143 1890 287 1393 575 
5 153 1364 307 1513 615 
5 169 1932 339 1082 679 
5 171 1075 343 1026 687 
5 193 1185 387 1762 775 
5 205 1390 411 1295 823 
5 217 1105 435 1531 871 
3 296 1190 593 
3 316 1308 633 
3 362 1643 725 
3 379 1360 759 
3 400 1084 801 
3 402 1842 805 
3 420 1637 841 
3 445 1722 891 
3 474 1909 949 
3 486 1283 973 
3 497 1388 995 
2 1025 794 
4 1028 380 1182 761 
2 1029 676 
2 1030 712 
6 1031 133 1271 267 1438 535 
4 1032 458 1570 917 
4 1034 260 1213 521 
2 1035 720 
2 1036 552 
10 1037 47 1228 95 1047 191 1846 383 1353 767 
2 1040 982 
2 1041 518 
12 1044 27 1267 55 1741 110 1987 221 1822 443 1646 887 
2 1045 780 
4 1046 432 1154 865 
2 1048 870 
2 1049 610 
6 1050 189 1492 378 1883 757 
12 1051 16 1463 32 1642 65 1167 131 1412 263 1427 527 
2 1052 696 
2 1055 628 
4 1057 322 1150 645 
2 1058 714 
6 1061 202 1241 405 1230 811 
2 1062 958 
2 1063 578 
4 1065 338 1622 677 
2 1068 960 
4 1069 344 1117 689 
7 1070 64 129 1965 259 1039 519 
2 1073 864 
10 1076 52 1341 105 1791 211 1574 423 1072 847 
2 1077 920 
4 1081 288 1974 577 
4 1083 390 1655 781 
4 1086 271 1227 543 
2 1087 634 
4 1088 426 1767 853 
4 1094 264 1371 529 
4 1095 471 1231 942 
2 1099 910 
2 1100 768 
2 1102 760 
6 1106 181 1812 363 1319 727 
6 1110 235 1848 470 1695 941 
2 1111 622 
2 1113 526 
8 1115 80 1394 161 1978 323 1790 647 
4 1118 278 1254 557 
2 1120 986 
4 1121 350 1398 701 
8 1122 68 1784 136 1605 273 1396 547 
2 1123 536 
2 1124 1008 
2 1125 882 
2 1127 686 
6 1128 222 1303 444 1729 889 
6 1129 226 1276 453 1917 907 
2 1132 898 
2 1134 644 
2 1136 616 
2 1139 602 
2 1140 968 
14 1141 8 1200 17 1478 34 1378 69 1275 139 1348 279 1801 559 
8 1142 122 1861 245 1351 491 1220 983 
2 1144 574 
2 1145 814 
2 1147 752 
2 1151 702 
6 1152 174 1936 348 1962 697 
6 1153 196 1156 393 1533 787 
4 1155 374 1066 749 
14 1158 12 1043 24 1684 49 1130 99 1639 199 1345 399 1027 799 
2 1159 750 
4 1161 410 1743 821 
4 1162 436 1249 873 
2 1163 748 
4 1164 280 1053 561 
2 1168 682 
4 1169 412 1930 825 
2 1172 556 
4 1175 448 1884 897 
2 1176 866 
8 1177 106 1253 213 1526 427 1955 855 
4 1180 492 1647 985 
6 1183 251 1138 502 1938 1005 
2 1186 646 
2 1187 572 
4 1188 394 1854 789 
6 1194 186 1829 373 1941 747 
2 1196 538 
2 1201 936 
4 1202 392 1195 785 
4 1204 416 1508 833 
2 1207 654 
4 1208 478 1203 957 
2 1212 868 
4 1214 356 1672 713 
18 1215 2 1976 4 1540 9 1868 18 1400 37 1355 75 1473 151 1327 303 1921 607 
2 1216 638 
2 1217 608 
10 1221 42 1786 84 1660 168 1920 337 1160 675 
2 1223 564 
4 1224 308 1688 617 
4 1225 490 1671 981 
2 1229 822 
2 1232 724 
2 1233 906 
2 1234 884 
2 1236 924 
2 1237 916 
4 1238 268 1806 537 
6 1239 220 1843 441 1586 883 
8 1242 93 1807 187 1851 375 1289 751 
2 1252 558 
2 1256 618 
4 1257 326 1173 653 
10 1260 54 1756 109 1064 219 1774 439 1648 879 
2 1264 792 
2 1266 888 
2 1268 586 
2 1269 796 
2 1272 964 
12 1277 31 1059 63 1680 127 1497 255 1986 511 1166 1023 
4 1280 396 1561 793 
8 1282 104 1521 208 1131 417 1681 835 
2 1284 874 
2 1285 670 
8 1286 112 1091 224 1411 449 1835 899 
4 1291 384 1222 769 
4 1293 286 1527 573 
4 1296 466 1377 933 
2 1297 606 
4 1302 256 1309 512 
2 1304 738 
2 1307 928 
2 1310 876 
2 1312 880 
6 1315 210 1143 421 1299 843 
2 1316 782 
2 1317 860 
4 1318 325 1939 650 
2 1320 934 
2 1321 632 
12 1325 19 1627 39 1352 78 1850 157 1953 315 1313 631 
6 1326 206 1589 413 1871 827 
4 1328 376 1674 753 
2 1329 546 
6 1331 156 1335 313 1969 627 
6 1333 228 1658 457 1334 915 
2 1337 746 
4 1338 364 1731 729 
2 1339 590 
6 1342 166 1507 333 1085 667 
4 1344 382 1626 765 
2 1347 664 
2 1349 710 
2 1350 582 
2 1361 878 
2 1363 732 
6 1366 190 1971 381 1612 763 
4 1368 290 1669 580 
2 1373 754 
4 1374 464 1444 929 
2 1375 912 
4 1376 472 1599 945 
2 1379 824 
2 1380 852 
2 1381 568 
6 1382 194 1261 389 1571 779 
2 1383 830 
2 1385 972 
4 1387 368 1281 737 
4 1391 336 1479 673 
2 1392 560 
4 1395 422 1323 845 
14 1397 14 1889 28 1090 57 1840 115 1541 231 1255 463 1192 927 
4 1401 310 1246 621 
2 1407 930 
4 1409 494 1054 989 
2 1410 970 
10 1413 50 1863 101 1455 203 1332 407 1869 815 
2 1415 818 
6 1416 150 1171 301 1849 603 
2 1420 788 
4 1421 438 1133 877 
4 1422 346 1970 693 
4 1423 460 1402 921 
10 1426 41 1631 83 1529 167 1356 335 1290 671 
2 1428 680 
6 1429 155 1750 311 1468 623 
2 1430 576 
2 1431 786 
2 1432 734 
8 1435 76 1873 152 1456 305 1604 611 
4 1436 388 1616 777 
4 1437 360 1235 721 
8 1439 67 1852 134 1362 269 1197 539 
4 1440 408 1798 817 
2 1442 990 
2 1443 966 
2 1446 954 
2 1448 604 
4 1451 454 1904 909 
2 1453 652 
2 1457 1000 
6 1459 218 1752 437 1089 875 
2 1460 690 
2 1461 886 
2 1462 544 
8 1465 94 1354 188 1424 377 1538 755 
2 1466 756 
4 1467 498 1403 997 
12 1469 23 1096 46 1097 92 1434 185 1247 371 1458 743 
2 1471 600 
2 1476 624 
2 1481 766 
6 1483 252 1358 505 1624 1011 
4 1485 366 1957 733 
2 1486 1014 
2 1488 996 
2 1489 952 
4 1490 424 1913 849 
8 1491 72 1800 144 1683 289 1292 579 
2 1493 762 
2 1494 674 
4 1495 508 1206 1017 
4 1496 312 1298 625 
2 1498 614 
8 1499 117 1789 234 1258 469 1262 939 
4 1501 298 1663 597 
2 1504 730 
4 1509 258 1919 517 
4 1510 314 1441 629 
2 1511 778 
8 1512 74 1859 149 1520 299 1573 599 
4 1514 406 1369 813 
4 1522 468 1877 937 
4 1524 284 1885 569 
4 1525 292 1346 585 
2 1530 662 
2 1534 666 
4 1535 450 1802 900 
2 1536 890 
2 1537 834 
2 1542 816 
2 1543 534 
2 1545 896 
2 1546 1018 
10 1547 58 1804 116 1865 233 2000 467 1505 935 
2 1548 520 
2 1550 736 
8 1551 124 1357 249 1901 499 1641 999 
2 1554 914 
2 1555 588 
2 1556 908 
2 1558 772 
4 1559 386 1417 773 
6 1560 162 1464 324 1209 649 
10 1563 48 1210 97 1748 195 1270 391 1367 783 
4 1567 332 1565 665 
2 1568 700 
6 1569 230 1706 461 1899 923 
4 1572 482 1477 965 
2 1576 718 
2 1577 846 
2 1579 802 
6 1580 182 1263 365 1720 731 
2 1583 1012 
6 1585 178 1726 357 1506 715 
2 1587 530 
2 1588 570 
2 1590 636 
4 1592 349 1092 698 
2 1593 980 
2 1594 626 
2 1595 790 
4 1597 321 1211 642 
2 1598 844 
6 1600 137 1926 275 1405 551 
4 1601 266 1184 533 
6 1602 246 1472 493 1245 987 
4 1603 484 1450 969 
4 1606 476 1109 953 
6 1607 158 1024 317 1700 635 
4 1609 504 1452 1009 
2 1613 592 
4 1614 370 1847 741 
4 1615 510 1482 1021 
6 1618 237 1728 475 1445 951 
8 1619 121 1984 242 1699 485 1060 971 
10 1623 62 1630 125 1689 250 1838 501 1878 1003 
2 1625 918 
2 1628 938 
4 1629 276 1056 553 
2 1632 804 
6 1633 160 1895 320 1934 641 
4 1634 300 1243 601 
2 1635 988 
4 1636 419 1119 839 
2 1640 976 
14 1644 10 1620 21 1404 43 1820 87 1038 175 1305 351 1940 703 
2 1649 798 
6 1650 240 1860 481 1992 963 
4 1651 428 1103 857 
2 1652 594 
2 1653 800 
8 1654 118 1870 236 1782 473 1240 947 
10 1659 38 1701 77 1518 154 1989 309 1662 619 
4 1661 302 1219 605 
2 1664 858 
2 1665 956 
10 1666 60 1278 120 1193 241 1566 483 1071 967 
10 1667 56 1408 113 1300 227 1191 455 1294 911 
2 1670 872 
2 1673 978 
6 1675 198 1372 397 1419 795 
8 1676 111 1324 223 1855 446 1814 893 
2 1677 706 
2 1678 740 
4 1679 358 1399 717 
6 1685 148 1101 297 1823 595 
2 1687 1022 
2 1690 678 
2 1691 668 
6 1692 184 1454 369 1386 739 
4 1693 262 1126 525 
2 1694 826 
6 1696 176 1611 353 1137 707 
2 1697 940 
2 1702 688 
4 1703 352 1553 705 
4 1704 414 1406 829 
2 1705 974 
2 1707 708 
2 1708 902 
16 1709 5 1447 11 1148 22 1178 44 1135 89 1108 179 1433 359 1218 719 
6 1710 209 1749 418 1474 837 
2 1712 932 
2 1714 862 
4 1715 434 1891 869 
2 1717 994 
4 1718 274 1608 549 
4 1719 440 1425 881 
6 1721 214 1157 429 1107 859 
2 1724 528 
4 1725 340 1906 681 
2 1727 946 
2 1730 596 
2 1733 522 
2 1734 722 
8 1735 98 1815 197 1314 395 1990 791 
2 1736 1020 
2 1737 524 
2 1738 554 
2 1739 904 
6 1740 173 1033 347 1711 695 
4 1742 354 1794 709 
2 1744 922 
8 1745 90 1931 180 1723 361 1776 723 
4 1747 282 1042 565 
2 1751 726 
4 1753 506 1952 1013 
6 1755 130 1340 261 1886 523 
2 1757 944 
8 1758 114 1274 229 1837 459 1834 919 
2 1759 992 
2 1761 854 
8 1763 88 1686 177 1557 355 1582 711 
4 1765 328 1112 657 
4 1766 452 1949 905 
2 1768 784 
2 1771 640 
2 1772 806 
4 1773 318 1581 637 
6 1775 244 1174 489 1754 979 
2 1777 998 
6 1778 238 1093 477 1189 955 
2 1779 742 
2 1780 728 
8 1783 100 1116 201 1645 403 1449 807 
4 1785 503 1787 1007 
2 1793 550 
6 1795 212 1265 425 1769 851 
6 1796 248 1760 496 1365 993 
8 1797 96 1359 192 1828 385 1882 771 
2 1799 630 
2 1803 842 
8 1808 126 1079 253 1165 507 1915 1015 
12 1809 20 1805 40 1288 81 1839 163 1981 327 1792 655 
2 1810 648 
2 1811 828 
4 1818 442 1198 885 
2 1819 716 
4 1821 404 1945 808 
4 1824 342 1532 684 
2 1825 612 
6 1826 140 1872 281 1475 563 
2 1827 820 
4 1830 334 1279 669 
4 1831 330 1591 660 
2 1832 672 
4 1833 488 1933 977 
2 1836 856 
2 1841 832 
6 1845 128 1617 257 1104 515 
2 1853 540 
2 1856 984 
2 1857 776 
2 1858 598 
6 1862 138 1781 277 1250 555 
4 1864 398 1539 797 
10 1866 35 1578 71 1301 142 1322 285 1892 571 
2 1874 516 
8 1875 79 1844 159 1067 319 1621 639 
8 1876 86 1248 172 1078 345 1181 691 
6 1879 232 1259 465 1517 931 
4 1880 304 1384 609 
10 1888 45 1968 91 1487 183 1414 367 1519 735 
6 1894 145 1562 291 1764 583 
2 1896 774 
4 1897 372 1098 745 
6 1900 164 1330 329 1898 659 
6 1902 225 1816 451 1911 903 
4 1903 480 1716 961 
4 1908 294 1813 589 
6 1910 254 1788 509 1713 1019 
2 1912 694 
2 1914 962 
2 1916 850 
2 1918 840 
2 1922 770 
16 1923 6 1996 13 1149 26 1905 53 1470 107 1418 215 1732 431 1500 863 
2 1925 764 
2 1927 950 
2 1928 892 
10 1929 36 1596 73 1273 147 1336 295 1924 591 
4 1935 272 1893 545 
6 1937 243 1370 487 1515 975 
2 1942 584 
4 1943 456 1972 913 
2 1946 1002 
2 1947 926 
12 1948 29 1226 59 1205 119 1944 239 1656 479 1179 959 
2 1950 1004 
2 1954 812 
2 1958 810 
2 1959 704 
10 1960 33 1549 66 1544 132 1389 265 1503 531 
8 1961 102 1484 204 1610 409 1682 819 
11 1963 25 1170 51 103 1074 207 1552 415 1881 831 
6 1964 200 1080 401 1114 803 
2 1966 566 
2 1967 836 
2 1975 658 
4 1977 447 1244 894 
4 1979 430 1907 861 
8 1980 85 1502 170 1311 341 1528 683 
2 1982 848 
2 1983 1010 
4 1985 500 1668 1001 
4 1988 462 1997 925 
6 1991 146 1887 293 1951 587 
2 1993 1016 
2 1994 562 
2 1995 948 
4 1998 306 1251 613 
2 1999 514 

