495
18 1 1369 3 7 1627 14 1437 29 1645 58 1516 117 1532 235 1246 471 1232 943 
11 24 1231 49 1301 99 1446 199 1901 399 1191 799 
9 63 1738 127 1804 255 1932 511 1157 1023 
7 120 1314 241 1324 483 1899 967 
5 129 1608 259 1883 519 
5 137 1051 275 1784 551 
5 139 1263 279 1031 559 
5 147 1410 295 1704 591 
5 196 1380 393 1876 787 
5 209 1719 419 1034 839 
5 221 1461 443 1332 887 
3 266 1225 533 
3 274 1660 549 
3 298 1386 597 
3 326 1356 653 
3 336 1499 673 
3 361 1886 723 
3 397 1114 795 
3 415 1971 831 
3 424 1399 849 
3 426 1086 853 
3 458 1964 917 
3 491 1472 983 
3 504 1689 1009 
2 1026 1020 
4 1027 292 1098 585 
2 1028 602 
6 1029 180 1782 360 1881 721 
2 1035 852 
2 1037 518 
4 1041 488 1361 977 
2 1042 942 
2 1043 970 
4 1044 482 1425 965 
6 1045 133 1498 267 1686 535 
4 1046 400 1505 801 
2 1048 658 
2 1049 1018 
2 1052 1008 
2 1054 784 
2 1055 548 
2 1057 690 
2 1058 644 
2 1060 1000 
16 1063 6 1089 13 1269 27 1213 54 1818 109 1409 219 1684 439 1648 879 
2 1064 800 
2 1072 992 
2 1073 702 
6 1074 210 1198 421 1030 843 
4 1076 454 1716 909 
2 1078 906 
8 1080 116 1312 233 1740 467 1366 935 
4 1081 494 1478 989 
2 1082 640 
2 1084 940 
2 1085 840 
2 1087 864 
2 1090 890 
2 1091 846 
2 1093 728 
6 1096 150 1261 301 1224 603 
4 1097 316 1781 633 
2 1100 610 
2 1101 540 
4 1102 430 1865 861 
10 1103 34 1295 69 1454 138 1796 277 1040 555 
4 1105 436 1826 873 
2 1106 790 
2 1107 860 
2 1108 530 
6 1110 134 1584 268 1729 537 
2 1111 758 
2 1115 910 
4 1117 464 1664 929 
2 1118 630 
6 1120 158 1033 317 1652 635 
6 1121 188 1255 377 1244 755 
4 1122 270 1998 541 
2 1123 712 
14 1126 10 1852 20 1095 41 1226 83 1894 167 1723 335 1590 671 
2 1127 780 
2 1129 994 
2 1130 1010 
2 1131 866 
2 1133 884 
2 1134 586 
2 1135 778 
2 1137 696 
10 1139 40 1128 80 1563 161 1921 323 1453 647 
2 1140 734 
6 1142 252 1355 505 1830 1011 
6 1143 204 1036 409 1534 819 
2 1145 756 
2 1147 724 
10 1152 42 1348 84 1816 169 1601 339 1927 679 
2 1155 816 
2 1156 718 
2 1158 930 
4 1160 320 1699 641 
4 1161 444 1658 889 
2 1162 822 
6 1165 178 1175 357 1217 715 
8 1166 74 1280 148 1039 297 1264 595 
6 1168 190 1795 381 1412 763 
4 1170 358 1277 717 
2 1171 982 
6 1172 142 1502 285 1223 571 
4 1177 484 1254 969 
4 1178 506 1670 1013 
2 1179 720 
2 1182 808 
4 1183 440 1602 881 
2 1184 664 
2 1185 850 
2 1187 648 
2 1189 988 
4 1194 318 1598 637 
6 1196 195 1933 390 1746 781 
14 1197 12 1250 25 1195 51 1994 102 1685 205 1522 411 1761 823 
2 1200 1022 
2 1201 612 
2 1203 764 
6 1204 240 1621 481 1993 963 
2 1205 932 
8 1207 64 1833 128 1954 257 1890 515 
2 1208 620 
2 1209 576 
2 1210 862 
2 1212 824 
6 1214 230 1229 461 1942 923 
4 1219 286 1559 573 
2 1222 976 
2 1228 762 
4 1230 263 1202 526 
4 1233 496 1221 993 
4 1235 468 1079 937 
2 1240 618 
2 1241 746 
4 1242 474 1618 949 
2 1247 662 
2 1252 904 
4 1253 278 1518 557 
6 1257 156 1583 313 1550 627 
2 1258 828 
2 1259 654 
10 1268 46 1414 93 1649 187 1237 375 1362 751 
2 1270 638 
4 1272 386 1771 773 
2 1274 788 
2 1281 604 
4 1282 378 1582 757 
4 1286 462 1835 925 
2 1288 886 
2 1290 776 
10 1291 60 1323 121 1284 243 1687 487 1707 975 
4 1293 284 1622 569 
2 1298 558 
4 1303 314 1556 629 
2 1304 682 
8 1306 78 1520 157 1633 315 1856 631 
2 1308 934 
2 1310 514 
2 1313 974 
4 1315 472 1065 945 
6 1317 242 1950 485 1669 971 
4 1318 480 1847 961 
2 1319 588 
2 1320 832 
2 1321 922 
4 1326 466 1870 933 
2 1327 552 
2 1328 798 
2 1331 680 
2 1334 856 
2 1335 634 
2 1340 674 
2 1343 614 
2 1345 700 
2 1346 536 
8 1350 88 1441 177 1329 355 1538 711 
2 1352 678 
2 1353 836 
6 1357 200 1900 401 1325 803 
2 1359 972 
2 1363 608 
8 1364 126 1615 253 1991 507 1330 1015 
4 1365 391 1413 783 
2 1368 902 
2 1370 878 
2 1372 818 
4 1373 260 1181 521 
2 1374 598 
2 1377 740 
2 1378 562 
4 1379 486 1146 973 
2 1384 560 
6 1387 224 1637 449 1604 899 
2 1388 732 
4 1389 428 1911 857 
2 1390 624 
10 1391 59 1333 119 1149 239 1486 479 1192 959 
2 1393 574 
10 1394 32 1415 65 1336 130 1788 261 1279 523 
2 1396 848 
2 1397 820 
2 1400 512 
4 1402 280 1791 561 
8 1403 76 1375 153 1094 307 1884 615 
2 1406 666 
12 1411 23 1248 47 1239 94 1679 189 1487 379 1445 759 
6 1417 248 1625 497 1153 995 
2 1422 980 
14 1423 15 1159 31 1468 62 1484 125 1371 251 1869 503 1099 1007 
6 1427 207 1962 414 1234 829 
2 1428 880 
4 1429 408 1338 817 
2 1430 688 
2 1431 590 
4 1432 276 1265 553 
11 1433 18 37 1743 75 1800 151 1547 303 1360 607 
2 1438 804 
4 1439 376 1351 753 
4 1440 450 1879 901 
2 1442 554 
2 1444 542 
2 1447 706 
4 1448 302 1381 605 
4 1449 354 1463 709 
2 1452 566 
2 1455 556 
2 1456 516 
2 1458 792 
2 1459 844 
2 1462 650 
8 1464 112 1136 225 1138 451 1506 903 
2 1469 592 
4 1471 372 1757 745 
6 1473 131 1575 262 1256 525 
4 1474 374 1570 749 
2 1485 842 
8 1488 95 1959 191 1339 383 1947 767 
4 1489 356 1717 713 
4 1490 385 1266 770 
4 1491 310 1125 621 
2 1493 908 
8 1494 82 1515 165 1481 331 1734 663 
10 1495 57 1525 115 1190 231 1878 463 1405 927 
4 1496 470 1507 941 
4 1497 264 1450 529 
8 1503 90 1059 181 1383 363 1539 727 
2 1504 744 
2 1508 894 
2 1509 550 
2 1510 772 
2 1511 626 
4 1514 382 1897 765 
2 1517 900 
2 1521 916 
8 1523 101 1395 202 1659 405 1088 811 
6 1524 254 1630 509 1797 1019 
6 1527 213 1311 427 1815 855 
8 1528 118 1435 237 1342 475 1475 951 
4 1533 258 1285 517 
4 1535 300 1382 601 
4 1536 407 1769 815 
4 1537 350 1702 701 
4 1540 438 1083 877 
2 1541 532 
2 1542 716 
2 1543 978 
18 1544 2 1889 5 1344 11 1968 22 1817 44 1148 89 1341 179 1358 359 1112 719 
2 1546 714 
4 1549 500 1275 1001 
10 1554 38 1465 77 1398 155 1283 311 1632 623 
6 1555 174 1307 349 1408 699 
6 1557 171 1300 343 1294 687 
2 1558 958 
8 1561 122 1595 244 1812 489 1376 979 
4 1564 460 1944 921 
8 1565 86 1067 173 1926 347 1104 695 
6 1566 186 1062 373 1766 747 
2 1567 794 
8 1568 103 1526 206 1262 413 1854 827 
2 1569 768 
4 1571 306 1443 613 
2 1572 984 
12 1573 21 1898 43 1188 87 1647 175 1776 351 1316 703 
2 1576 956 
4 1577 456 1367 913 
4 1578 322 1848 645 
6 1579 182 1267 365 1545 731 
4 1580 362 1874 725 
4 1581 410 1480 821 
4 1585 290 1302 580 
4 1586 448 1671 897 
6 1587 184 1866 369 1124 739 
6 1588 192 1892 384 1512 769 
2 1589 810 
2 1591 834 
8 1593 66 1173 132 1916 265 1893 531 
7 1594 85 170 1092 341 1934 683 
16 1596 4 1842 9 1940 19 1199 39 1913 79 1347 159 1529 319 1519 639 
12 1597 26 1909 52 1966 105 1973 211 1952 423 1871 847 
4 1599 344 1803 689 
4 1600 370 1667 741 
4 1603 422 1997 845 
10 1607 48 1915 97 1460 194 1167 389 1151 779 
2 1609 704 
4 1610 476 1132 953 
6 1612 214 1762 429 1337 859 
4 1613 498 1765 997 
8 1617 114 1748 228 1887 457 1434 915 
8 1619 96 1038 193 1218 387 1047 775 
2 1623 628 
2 1624 582 
4 1629 330 1392 661 
2 1631 616 
2 1634 738 
2 1635 668 
2 1636 520 
2 1638 948 
2 1640 946 
2 1641 752 
2 1642 966 
8 1646 72 1834 145 1407 291 1289 583 
4 1650 346 1176 693 
2 1651 660 
8 1653 110 1562 220 1169 441 1969 883 
2 1654 692 
4 1655 402 1227 805 
2 1657 570 
2 1661 1014 
8 1662 71 1077 143 1553 287 1592 575 
2 1663 774 
6 1666 203 1783 406 1787 813 
6 1673 172 1840 345 1109 691 
2 1674 698 
2 1675 806 
2 1676 986 
2 1677 652 
2 1680 594 
4 1681 502 1841 1005 
6 1682 152 1728 305 1273 611 
2 1683 882 
2 1690 872 
2 1691 826 
4 1692 398 1967 797 
2 1693 636 
2 1695 926 
2 1696 572 
4 1697 352 1611 705 
2 1698 524 
2 1700 876 
4 1701 332 1732 665 
4 1703 416 1983 833 
2 1705 676 
2 1706 584 
2 1708 914 
4 1709 308 1560 617 
6 1711 217 1694 435 1882 871 
6 1714 245 1297 490 1150 981 
6 1715 236 1236 473 1426 947 
2 1720 722 
8 1721 124 1992 249 1501 499 1754 999 
4 1722 404 1186 809 
3 1725 342 685 
6 1726 226 1220 453 1626 907 
2 1730 838 
2 1731 928 
4 1733 388 1467 777 
4 1737 269 1154 538 
6 1739 160 1483 321 1780 643 
2 1741 646 
4 1742 442 1216 885 
6 1745 164 1832 329 1260 659 
4 1747 446 1628 893 
2 1749 918 
6 1750 144 1763 288 1163 577 
2 1751 1002 
2 1752 1016 
2 1753 766 
2 1755 742 
2 1756 962 
4 1758 380 1855 760 
6 1759 149 1548 299 1271 599 
2 1764 870 
2 1767 1012 
4 1768 296 1551 593 
2 1770 912 
6 1772 154 1643 309 1965 619 
2 1774 920 
4 1775 256 1736 513 
12 1777 30 1180 61 1116 123 1710 247 1296 495 1245 991 
8 1778 104 1823 208 1215 417 1141 835 
2 1785 888 
6 1789 246 1278 493 1713 987 
2 1792 754 
2 1793 544 
4 1798 328 1322 657 
2 1799 892 
2 1801 670 
4 1802 510 1760 1021 
4 1807 334 1069 669 
6 1808 222 1305 445 1174 891 
2 1809 938 
8 1811 108 1552 216 1735 433 1790 867 
4 1813 348 1639 697 
2 1814 952 
2 1819 996 
2 1820 564 
2 1821 708 
2 1822 998 
8 1824 81 1872 162 1404 325 1421 651 
2 1825 898 
2 1827 730 
4 1828 492 1238 985 
2 1831 858 
4 1836 418 1988 837 
6 1837 234 1500 469 1249 939 
2 1838 786 
12 1839 17 1276 35 1349 70 1616 141 1419 283 1829 567 
8 1843 98 1513 197 1070 395 1773 791 
2 1844 710 
2 1845 960 
2 1846 672 
2 1850 748 
10 1851 45 1779 91 1665 183 1457 367 1451 735 
4 1859 420 1066 841 
4 1860 340 1999 681 
4 1861 304 1299 609 
8 1863 68 1287 136 1053 272 1466 545 
4 1864 412 1032 825 
2 1867 812 
4 1868 508 1477 1017 
6 1875 198 1678 396 1574 793 
8 1877 92 1470 185 1056 371 1908 743 
4 1880 434 1113 869 
2 1885 802 
10 1888 36 1482 73 1794 146 1061 293 1644 587 
2 1891 632 
4 1895 282 1354 565 
4 1896 432 1923 865 
4 1902 478 1492 957 
14 1903 8 1385 16 1672 33 1119 67 1144 135 1025 271 1251 543 
2 1904 874 
6 1905 176 1862 353 1724 707 
2 1906 954 
4 1907 368 1805 737 
2 1910 1006 
2 1912 694 
6 1914 250 1606 501 1424 1003 
4 1917 294 1436 589 
9 1918 55 111 1531 223 1937 447 1476 895 
12 1920 28 1712 56 1605 113 1806 227 1075 455 1744 911 
2 1922 522 
2 1925 964 
2 1928 936 
2 1929 656 
4 1930 452 1718 905 
4 1931 366 1849 733 
2 1936 528 
6 1938 163 1024 327 1853 655 
6 1939 140 1668 281 1858 563 
6 1941 168 1206 337 1243 675 
4 1945 324 1935 649 
2 1946 950 
6 1948 218 1919 437 1924 875 
2 1949 600 
2 1951 1004 
6 1953 238 1786 477 1614 955 
4 1955 312 1050 625 
6 1956 229 1416 459 1620 919 
10 1957 50 1309 100 1418 201 1071 403 1656 807 
2 1958 642 
2 1960 726 
2 1961 896 
10 1963 53 1985 107 1982 215 1810 431 1164 863 
2 1970 606 
4 1972 338 1292 677 
6 1974 232 1873 465 1727 931 
6 1975 166 1857 333 1420 667 
4 1976 273 1193 546 
2 1977 686 
8 1978 106 1479 212 1401 425 1530 851 
2 1979 622 
2 1980 534 
2 1981 990 
2 1984 830 
2 1986 750 
4 1987 364 1068 729 
4 1989 392 1943 785 
2 1990 796 
4 1995 394 1211 789 
2 1996 924 
4 2000 289 1688 578 

